-- Install configuration: ""
-- Up-to-date: /home/eid/ws_gazebo/install/nixbot/share/nixbot/launch
-- Installing: /home/eid/ws_gazebo/install/nixbot/share/nixbot/launch/rviz.launch.py
-- Up-to-date: /home/eid/ws_gazebo/install/nixbot/share/nixbot/launch/gazebo_model.launch.py
-- Up-to-date: /home/eid/ws_gazebo/install/nixbot/share/nixbot/model
-- Up-to-date: /home/eid/ws_gazebo/install/nixbot/share/nixbot/model/robot.gazebo
-- Up-to-date: /home/eid/ws_gazebo/install/nixbot/share/nixbot/model/empty_world.world
-- Up-to-date: /home/eid/ws_gazebo/install/nixbot/share/nixbot/model/bot.urdf
-- Up-to-date: /home/eid/ws_gazebo/install/nixbot/share/nixbot/model/robot.urdf
-- Up-to-date: /home/eid/ws_gazebo/install/nixbot/share/nixbot/model/robot.xacro
-- Up-to-date: /home/eid/ws_gazebo/install/nixbot/share/ament_index/resource_index/package_run_dependencies/nixbot
-- Up-to-date: /home/eid/ws_gazebo/install/nixbot/share/ament_index/resource_index/parent_prefix_path/nixbot
-- Up-to-date: /home/eid/ws_gazebo/install/nixbot/share/nixbot/environment/ament_prefix_path.sh
-- Up-to-date: /home/eid/ws_gazebo/install/nixbot/share/nixbot/environment/ament_prefix_path.dsv
-- Up-to-date: /home/eid/ws_gazebo/install/nixbot/share/nixbot/environment/path.sh
-- Up-to-date: /home/eid/ws_gazebo/install/nixbot/share/nixbot/environment/path.dsv
-- Up-to-date: /home/eid/ws_gazebo/install/nixbot/share/nixbot/local_setup.bash
-- Up-to-date: /home/eid/ws_gazebo/install/nixbot/share/nixbot/local_setup.sh
-- Up-to-date: /home/eid/ws_gazebo/install/nixbot/share/nixbot/local_setup.zsh
-- Up-to-date: /home/eid/ws_gazebo/install/nixbot/share/nixbot/local_setup.dsv
-- Installing: /home/eid/ws_gazebo/install/nixbot/share/nixbot/package.dsv
-- Up-to-date: /home/eid/ws_gazebo/install/nixbot/share/ament_index/resource_index/packages/nixbot
-- Up-to-date: /home/eid/ws_gazebo/install/nixbot/share/nixbot/cmake/nixbotConfig.cmake
-- Up-to-date: /home/eid/ws_gazebo/install/nixbot/share/nixbot/cmake/nixbotConfig-version.cmake
-- Up-to-date: /home/eid/ws_gazebo/install/nixbot/share/nixbot/package.xml
