[0.215s] Invoking command in '/home/eid/ws_gazebo/src/build/nixbot': CMAKE_PREFIX_PATH=${CMAKE_PREFIX_PATH}:/home/eid/colcon_ws/install/move_robot:/opt/ros/humble /usr/bin/cmake /home/eid/ws_gazebo/src/nixbot -DCMAKE_INSTALL_PREFIX=/home/eid/ws_gazebo/src/install/nixbot
[0.228s] -- Found ament_cmake: 1.3.8 (/opt/ros/humble/share/ament_cmake/cmake)
[0.376s] -- Override CMake install command with custom implementation using symlinks instead of copying resources
[0.390s] -- Found ament_lint_auto: 0.12.10 (/opt/ros/humble/share/ament_lint_auto/cmake)
[0.505s] -- Added test 'cppcheck' to perform static code analysis on C / C++ code
[0.505s] -- Configured cppcheck include dirs: 
[0.505s] -- Configured cppcheck exclude dirs and/or files: 
[0.507s] -- Added test 'flake8' to check Python code syntax and style conventions
[0.511s] -- Added test 'lint_cmake' to check CMake code style
[0.513s] -- Added test 'pep257' to check Python code against some of the docstring style conventions in PEP 257
[0.526s] -- Added test 'uncrustify' to check C / C++ code style
[0.526s] -- Configured uncrustify additional arguments: 
[0.528s] -- Added test 'xmllint' to check XML markup files
[0.529s] -- Configuring done
[0.537s] -- Generating done
[0.538s] -- Build files have been written to: /home/eid/ws_gazebo/src/build/nixbot
[0.542s] Invoked command in '/home/eid/ws_gazebo/src/build/nixbot' returned '0': CMAKE_PREFIX_PATH=${CMAKE_PREFIX_PATH}:/home/eid/colcon_ws/install/move_robot:/opt/ros/humble /usr/bin/cmake /home/eid/ws_gazebo/src/nixbot -DCMAKE_INSTALL_PREFIX=/home/eid/ws_gazebo/src/install/nixbot
[0.545s] Invoking command in '/home/eid/ws_gazebo/src/build/nixbot': CMAKE_PREFIX_PATH=${CMAKE_PREFIX_PATH}:/home/eid/colcon_ws/install/move_robot:/opt/ros/humble /usr/bin/cmake --build /home/eid/ws_gazebo/src/build/nixbot -- -j8 -l8
[0.591s] Invoked command in '/home/eid/ws_gazebo/src/build/nixbot' returned '0': CMAKE_PREFIX_PATH=${CMAKE_PREFIX_PATH}:/home/eid/colcon_ws/install/move_robot:/opt/ros/humble /usr/bin/cmake --build /home/eid/ws_gazebo/src/build/nixbot -- -j8 -l8
[0.633s] Invoking command in '/home/eid/ws_gazebo/src/build/nixbot': CMAKE_PREFIX_PATH=${CMAKE_PREFIX_PATH}:/home/eid/colcon_ws/install/move_robot:/opt/ros/humble /usr/bin/cmake --install /home/eid/ws_gazebo/src/build/nixbot
[0.641s] -- Install configuration: ""
[0.641s] -- Execute custom install script
[0.642s] -- Up-to-date symlink: /home/eid/ws_gazebo/src/install/nixbot/share/nixbot//launch/display.launch.py
[0.642s] -- Up-to-date symlink: /home/eid/ws_gazebo/src/install/nixbot/share/nixbot//launch/frames_2024-03-03_21.54.33.gv
[0.642s] -- Up-to-date symlink: /home/eid/ws_gazebo/src/install/nixbot/share/nixbot//launch/frames_2024-03-03_21.54.33.pdf
[0.643s] -- Up-to-date symlink: /home/eid/ws_gazebo/src/install/nixbot/share/nixbot//launch/frames_2024-03-03_21.55.09.gv
[0.643s] -- Up-to-date symlink: /home/eid/ws_gazebo/src/install/nixbot/share/nixbot//launch/frames_2024-03-03_21.55.09.pdf
[0.643s] -- Up-to-date symlink: /home/eid/ws_gazebo/src/install/nixbot/share/nixbot//launch/gazebo_model.launch.py
[0.643s] -- Up-to-date symlink: /home/eid/ws_gazebo/src/install/nixbot/share/nixbot//launch/localization_launch.py
[0.643s] -- Up-to-date symlink: /home/eid/ws_gazebo/src/install/nixbot/share/nixbot//launch/mapping.launch.py
[0.643s] -- Up-to-date symlink: /home/eid/ws_gazebo/src/install/nixbot/share/nixbot//launch/navigation2_launch.py
[0.644s] -- Up-to-date symlink: /home/eid/ws_gazebo/src/install/nixbot/share/nixbot//launch/rviz.launch.py
[0.644s] -- Up-to-date symlink: /home/eid/ws_gazebo/src/install/nixbot/share/nixbot//launch/world.launch
[0.644s] -- Up-to-date symlink: /home/eid/ws_gazebo/src/install/nixbot/share/nixbot//model/control.xacro
[0.644s] -- Up-to-date symlink: /home/eid/ws_gazebo/src/install/nixbot/share/nixbot//model/rob.urdf
[0.645s] -- Up-to-date symlink: /home/eid/ws_gazebo/src/install/nixbot/share/nixbot//rviz/config.rviz
[0.645s] -- Up-to-date symlink: /home/eid/ws_gazebo/src/install/nixbot/share/ament_index/resource_index/package_run_dependencies/nixbot
[0.645s] -- Up-to-date symlink: /home/eid/ws_gazebo/src/install/nixbot/share/ament_index/resource_index/parent_prefix_path/nixbot
[0.646s] -- Up-to-date symlink: /home/eid/ws_gazebo/src/install/nixbot/share/nixbot/environment/ament_prefix_path.sh
[0.646s] -- Up-to-date symlink: /home/eid/ws_gazebo/src/install/nixbot/share/nixbot/environment/ament_prefix_path.dsv
[0.646s] -- Up-to-date symlink: /home/eid/ws_gazebo/src/install/nixbot/share/nixbot/environment/path.sh
[0.647s] -- Up-to-date symlink: /home/eid/ws_gazebo/src/install/nixbot/share/nixbot/environment/path.dsv
[0.647s] -- Up-to-date symlink: /home/eid/ws_gazebo/src/install/nixbot/share/nixbot/local_setup.bash
[0.647s] -- Up-to-date symlink: /home/eid/ws_gazebo/src/install/nixbot/share/nixbot/local_setup.sh
[0.647s] -- Up-to-date symlink: /home/eid/ws_gazebo/src/install/nixbot/share/nixbot/local_setup.zsh
[0.648s] -- Up-to-date symlink: /home/eid/ws_gazebo/src/install/nixbot/share/nixbot/local_setup.dsv
[0.648s] -- Symlinking: /home/eid/ws_gazebo/src/install/nixbot/share/nixbot/package.dsv
[0.661s] -- Up-to-date symlink: /home/eid/ws_gazebo/src/install/nixbot/share/ament_index/resource_index/packages/nixbot
[0.662s] -- Up-to-date symlink: /home/eid/ws_gazebo/src/install/nixbot/share/nixbot/cmake/nixbotConfig.cmake
[0.663s] -- Up-to-date symlink: /home/eid/ws_gazebo/src/install/nixbot/share/nixbot/cmake/nixbotConfig-version.cmake
[0.668s] -- Up-to-date symlink: /home/eid/ws_gazebo/src/install/nixbot/share/nixbot/package.xml
[0.675s] Invoked command in '/home/eid/ws_gazebo/src/build/nixbot' returned '0': CMAKE_PREFIX_PATH=${CMAKE_PREFIX_PATH}:/home/eid/colcon_ws/install/move_robot:/opt/ros/humble /usr/bin/cmake --install /home/eid/ws_gazebo/src/build/nixbot
