[0.979s] DEBUG:colcon:Command line arguments: ['/usr/bin/colcon', 'build']
[0.979s] DEBUG:colcon:Parsed command line arguments: Namespace(log_base=None, log_level=None, verb_name='build', build_base='build', install_base='install', merge_install=False, symlink_install=False, test_result_base=None, continue_on_error=False, executor='parallel', parallel_workers=8, event_handlers=None, ignore_user_meta=False, metas=['./colcon.meta'], base_paths=['.'], packages_ignore=None, packages_ignore_regex=None, paths=None, packages_up_to=None, packages_up_to_regex=None, packages_above=None, packages_above_and_dependencies=None, packages_above_depth=None, packages_select_by_dep=None, packages_skip_by_dep=None, packages_skip_up_to=None, packages_select_build_failed=False, packages_skip_build_finished=False, packages_select_test_failures=False, packages_skip_test_passed=False, packages_select=None, packages_skip=None, packages_select_regex=None, packages_skip_regex=None, packages_start=None, packages_end=None, allow_overriding=[], cmake_args=None, cmake_target=None, cmake_target_skip_unavailable=False, cmake_clean_cache=False, cmake_clean_first=False, cmake_force_configure=False, ament_cmake_args=None, catkin_cmake_args=None, catkin_skip_building_tests=False, verb_parser=<colcon_defaults.argument_parser.defaults.DefaultArgumentsDecorator object at 0x7f5c21951ed0>, verb_extension=<colcon_core.verb.build.BuildVerb object at 0x7f5c21f97970>, main=<bound method BuildVerb.main of <colcon_core.verb.build.BuildVerb object at 0x7f5c21f97970>>)
[1.024s] Level 1:colcon.colcon_core.package_discovery:discover_packages(colcon_meta) check parameters
[1.025s] Level 1:colcon.colcon_core.package_discovery:discover_packages(recursive) check parameters
[1.025s] Level 1:colcon.colcon_core.package_discovery:discover_packages(ignore) check parameters
[1.025s] Level 1:colcon.colcon_core.package_discovery:discover_packages(path) check parameters
[1.025s] Level 1:colcon.colcon_core.package_discovery:discover_packages(colcon_meta) discover
[1.025s] Level 1:colcon.colcon_core.package_discovery:discover_packages(recursive) discover
[1.025s] INFO:colcon.colcon_core.package_discovery:Crawling recursively for packages in '/home/eid/ws_gazebo/src'
[1.025s] Level 1:colcon.colcon_core.package_identification:_identify(.) by extensions ['ignore', 'ignore_ament_install']
[1.025s] Level 1:colcon.colcon_core.package_identification:_identify(.) by extension 'ignore'
[1.025s] Level 1:colcon.colcon_core.package_identification:_identify(.) by extension 'ignore_ament_install'
[1.025s] Level 1:colcon.colcon_core.package_identification:_identify(.) by extensions ['colcon_pkg']
[1.025s] Level 1:colcon.colcon_core.package_identification:_identify(.) by extension 'colcon_pkg'
[1.025s] Level 1:colcon.colcon_core.package_identification:_identify(.) by extensions ['colcon_meta']
[1.025s] Level 1:colcon.colcon_core.package_identification:_identify(.) by extension 'colcon_meta'
[1.025s] Level 1:colcon.colcon_core.package_identification:_identify(.) by extensions ['ros']
[1.025s] Level 1:colcon.colcon_core.package_identification:_identify(.) by extension 'ros'
[1.039s] Level 1:colcon.colcon_core.package_identification:_identify(.) by extensions ['cmake', 'python']
[1.039s] Level 1:colcon.colcon_core.package_identification:_identify(.) by extension 'cmake'
[1.039s] Level 1:colcon.colcon_core.package_identification:_identify(.) by extension 'python'
[1.039s] Level 1:colcon.colcon_core.package_identification:_identify(.) by extensions ['python_setup_py']
[1.039s] Level 1:colcon.colcon_core.package_identification:_identify(.) by extension 'python_setup_py'
[1.039s] Level 1:colcon.colcon_core.package_identification:_identify(build) by extensions ['ignore', 'ignore_ament_install']
[1.039s] Level 1:colcon.colcon_core.package_identification:_identify(build) by extension 'ignore'
[1.039s] Level 1:colcon.colcon_core.package_identification:_identify(build) ignored
[1.039s] Level 1:colcon.colcon_core.package_identification:_identify(diffdrive_arduino) by extensions ['ignore', 'ignore_ament_install']
[1.039s] Level 1:colcon.colcon_core.package_identification:_identify(diffdrive_arduino) by extension 'ignore'
[1.039s] Level 1:colcon.colcon_core.package_identification:_identify(diffdrive_arduino) by extension 'ignore_ament_install'
[1.040s] Level 1:colcon.colcon_core.package_identification:_identify(diffdrive_arduino) by extensions ['colcon_pkg']
[1.040s] Level 1:colcon.colcon_core.package_identification:_identify(diffdrive_arduino) by extension 'colcon_pkg'
[1.040s] Level 1:colcon.colcon_core.package_identification:_identify(diffdrive_arduino) by extensions ['colcon_meta']
[1.040s] Level 1:colcon.colcon_core.package_identification:_identify(diffdrive_arduino) by extension 'colcon_meta'
[1.040s] Level 1:colcon.colcon_core.package_identification:_identify(diffdrive_arduino) by extensions ['ros']
[1.040s] Level 1:colcon.colcon_core.package_identification:_identify(diffdrive_arduino) by extension 'ros'
[1.042s] DEBUG:colcon.colcon_core.package_identification:Package 'diffdrive_arduino' with type 'ros.ament_cmake' and name 'diffdrive_arduino'
[1.043s] Level 1:colcon.colcon_core.package_identification:_identify(install) by extensions ['ignore', 'ignore_ament_install']
[1.043s] Level 1:colcon.colcon_core.package_identification:_identify(install) by extension 'ignore'
[1.043s] Level 1:colcon.colcon_core.package_identification:_identify(install) ignored
[1.043s] Level 1:colcon.colcon_core.package_identification:_identify(log) by extensions ['ignore', 'ignore_ament_install']
[1.043s] Level 1:colcon.colcon_core.package_identification:_identify(log) by extension 'ignore'
[1.043s] Level 1:colcon.colcon_core.package_identification:_identify(log) ignored
[1.043s] Level 1:colcon.colcon_core.package_identification:_identify(my_first_pkg) by extensions ['ignore', 'ignore_ament_install']
[1.043s] Level 1:colcon.colcon_core.package_identification:_identify(my_first_pkg) by extension 'ignore'
[1.043s] Level 1:colcon.colcon_core.package_identification:_identify(my_first_pkg) by extension 'ignore_ament_install'
[1.043s] Level 1:colcon.colcon_core.package_identification:_identify(my_first_pkg) by extensions ['colcon_pkg']
[1.043s] Level 1:colcon.colcon_core.package_identification:_identify(my_first_pkg) by extension 'colcon_pkg'
[1.043s] Level 1:colcon.colcon_core.package_identification:_identify(my_first_pkg) by extensions ['colcon_meta']
[1.043s] Level 1:colcon.colcon_core.package_identification:_identify(my_first_pkg) by extension 'colcon_meta'
[1.043s] Level 1:colcon.colcon_core.package_identification:_identify(my_first_pkg) by extensions ['ros']
[1.043s] Level 1:colcon.colcon_core.package_identification:_identify(my_first_pkg) by extension 'ros'
[1.044s] DEBUG:colcon.colcon_core.package_identification:Package 'my_first_pkg' with type 'ros.ament_cmake' and name 'my_first_pkg'
[1.044s] Level 1:colcon.colcon_core.package_identification:_identify(nixbot) by extensions ['ignore', 'ignore_ament_install']
[1.044s] Level 1:colcon.colcon_core.package_identification:_identify(nixbot) by extension 'ignore'
[1.044s] Level 1:colcon.colcon_core.package_identification:_identify(nixbot) by extension 'ignore_ament_install'
[1.044s] Level 1:colcon.colcon_core.package_identification:_identify(nixbot) by extensions ['colcon_pkg']
[1.044s] Level 1:colcon.colcon_core.package_identification:_identify(nixbot) by extension 'colcon_pkg'
[1.044s] Level 1:colcon.colcon_core.package_identification:_identify(nixbot) by extensions ['colcon_meta']
[1.044s] Level 1:colcon.colcon_core.package_identification:_identify(nixbot) by extension 'colcon_meta'
[1.044s] Level 1:colcon.colcon_core.package_identification:_identify(nixbot) by extensions ['ros']
[1.044s] Level 1:colcon.colcon_core.package_identification:_identify(nixbot) by extension 'ros'
[1.045s] DEBUG:colcon.colcon_core.package_identification:Package 'nixbot' with type 'ros.ament_cmake' and name 'nixbot'
[1.045s] Level 1:colcon.colcon_core.package_identification:_identify(serial) by extensions ['ignore', 'ignore_ament_install']
[1.045s] Level 1:colcon.colcon_core.package_identification:_identify(serial) by extension 'ignore'
[1.045s] Level 1:colcon.colcon_core.package_identification:_identify(serial) by extension 'ignore_ament_install'
[1.045s] Level 1:colcon.colcon_core.package_identification:_identify(serial) by extensions ['colcon_pkg']
[1.045s] Level 1:colcon.colcon_core.package_identification:_identify(serial) by extension 'colcon_pkg'
[1.045s] Level 1:colcon.colcon_core.package_identification:_identify(serial) by extensions ['colcon_meta']
[1.045s] Level 1:colcon.colcon_core.package_identification:_identify(serial) by extension 'colcon_meta'
[1.045s] Level 1:colcon.colcon_core.package_identification:_identify(serial) by extensions ['ros']
[1.045s] Level 1:colcon.colcon_core.package_identification:_identify(serial) by extension 'ros'
[1.045s] DEBUG:colcon.colcon_core.package_identification:Package 'serial' with type 'ros.ament_cmake' and name 'serial'
[1.046s] Level 1:colcon.colcon_core.package_identification:_identify(serial_motor_demo) by extensions ['ignore', 'ignore_ament_install']
[1.046s] Level 1:colcon.colcon_core.package_identification:_identify(serial_motor_demo) by extension 'ignore'
[1.046s] Level 1:colcon.colcon_core.package_identification:_identify(serial_motor_demo) by extension 'ignore_ament_install'
[1.046s] Level 1:colcon.colcon_core.package_identification:_identify(serial_motor_demo) by extensions ['colcon_pkg']
[1.046s] Level 1:colcon.colcon_core.package_identification:_identify(serial_motor_demo) by extension 'colcon_pkg'
[1.046s] Level 1:colcon.colcon_core.package_identification:_identify(serial_motor_demo) by extensions ['colcon_meta']
[1.046s] Level 1:colcon.colcon_core.package_identification:_identify(serial_motor_demo) by extension 'colcon_meta'
[1.046s] Level 1:colcon.colcon_core.package_identification:_identify(serial_motor_demo) by extensions ['ros']
[1.046s] Level 1:colcon.colcon_core.package_identification:_identify(serial_motor_demo) by extension 'ros'
[1.046s] Level 1:colcon.colcon_core.package_identification:_identify(serial_motor_demo) by extensions ['cmake', 'python']
[1.046s] Level 1:colcon.colcon_core.package_identification:_identify(serial_motor_demo) by extension 'cmake'
[1.046s] Level 1:colcon.colcon_core.package_identification:_identify(serial_motor_demo) by extension 'python'
[1.046s] Level 1:colcon.colcon_core.package_identification:_identify(serial_motor_demo) by extensions ['python_setup_py']
[1.046s] Level 1:colcon.colcon_core.package_identification:_identify(serial_motor_demo) by extension 'python_setup_py'
[1.046s] Level 1:colcon.colcon_core.package_identification:_identify(serial_motor_demo/serial_motor_demo) by extensions ['ignore', 'ignore_ament_install']
[1.046s] Level 1:colcon.colcon_core.package_identification:_identify(serial_motor_demo/serial_motor_demo) by extension 'ignore'
[1.046s] Level 1:colcon.colcon_core.package_identification:_identify(serial_motor_demo/serial_motor_demo) by extension 'ignore_ament_install'
[1.046s] Level 1:colcon.colcon_core.package_identification:_identify(serial_motor_demo/serial_motor_demo) by extensions ['colcon_pkg']
[1.046s] Level 1:colcon.colcon_core.package_identification:_identify(serial_motor_demo/serial_motor_demo) by extension 'colcon_pkg'
[1.046s] Level 1:colcon.colcon_core.package_identification:_identify(serial_motor_demo/serial_motor_demo) by extensions ['colcon_meta']
[1.046s] Level 1:colcon.colcon_core.package_identification:_identify(serial_motor_demo/serial_motor_demo) by extension 'colcon_meta'
[1.046s] Level 1:colcon.colcon_core.package_identification:_identify(serial_motor_demo/serial_motor_demo) by extensions ['ros']
[1.046s] Level 1:colcon.colcon_core.package_identification:_identify(serial_motor_demo/serial_motor_demo) by extension 'ros'
[1.047s] DEBUG:colcon.colcon_core.package_identification:Package 'serial_motor_demo/serial_motor_demo' with type 'ros.ament_python' and name 'serial_motor_demo'
[1.047s] Level 1:colcon.colcon_core.package_identification:_identify(serial_motor_demo/serial_motor_demo_msgs) by extensions ['ignore', 'ignore_ament_install']
[1.047s] Level 1:colcon.colcon_core.package_identification:_identify(serial_motor_demo/serial_motor_demo_msgs) by extension 'ignore'
[1.047s] Level 1:colcon.colcon_core.package_identification:_identify(serial_motor_demo/serial_motor_demo_msgs) by extension 'ignore_ament_install'
[1.047s] Level 1:colcon.colcon_core.package_identification:_identify(serial_motor_demo/serial_motor_demo_msgs) by extensions ['colcon_pkg']
[1.047s] Level 1:colcon.colcon_core.package_identification:_identify(serial_motor_demo/serial_motor_demo_msgs) by extension 'colcon_pkg'
[1.047s] Level 1:colcon.colcon_core.package_identification:_identify(serial_motor_demo/serial_motor_demo_msgs) by extensions ['colcon_meta']
[1.047s] Level 1:colcon.colcon_core.package_identification:_identify(serial_motor_demo/serial_motor_demo_msgs) by extension 'colcon_meta'
[1.047s] Level 1:colcon.colcon_core.package_identification:_identify(serial_motor_demo/serial_motor_demo_msgs) by extensions ['ros']
[1.047s] Level 1:colcon.colcon_core.package_identification:_identify(serial_motor_demo/serial_motor_demo_msgs) by extension 'ros'
[1.048s] DEBUG:colcon.colcon_core.package_identification:Package 'serial_motor_demo/serial_motor_demo_msgs' with type 'ros.ament_cmake' and name 'serial_motor_demo_msgs'
[1.048s] Level 1:colcon.colcon_core.package_discovery:discover_packages(recursive) using defaults
[1.048s] Level 1:colcon.colcon_core.package_discovery:discover_packages(ignore) discover
[1.048s] Level 1:colcon.colcon_core.package_discovery:discover_packages(ignore) using defaults
[1.048s] Level 1:colcon.colcon_core.package_discovery:discover_packages(path) discover
[1.048s] Level 1:colcon.colcon_core.package_discovery:discover_packages(path) using defaults
[1.138s] Level 1:colcon.colcon_core.package_discovery:discover_packages(prefix_path) check parameters
[1.138s] Level 1:colcon.colcon_core.package_discovery:discover_packages(prefix_path) discover
[1.153s] WARNING:colcon.colcon_core.prefix_path.colcon:The path '/home/eid/colcon_ws/install' in the environment variable COLCON_PREFIX_PATH doesn't exist
[1.154s] WARNING:colcon.colcon_ros.prefix_path.ament:The path '/home/eid/colcon_ws/install/move_robot' in the environment variable AMENT_PREFIX_PATH doesn't exist
[1.154s] WARNING:colcon.colcon_ros.prefix_path.ament:The path '/home/eid/colcon_ws/install/reach_wall_action' in the environment variable AMENT_PREFIX_PATH doesn't exist
[1.154s] WARNING:colcon.colcon_ros.prefix_path.ament:The path '/home/eid/colcon_ws/install/my_own_package' in the environment variable AMENT_PREFIX_PATH doesn't exist
[1.154s] WARNING:colcon.colcon_ros.prefix_path.catkin:The path '/home/eid/colcon_ws/install/reach_wall_action' in the environment variable CMAKE_PREFIX_PATH doesn't exist
[1.154s] WARNING:colcon.colcon_ros.prefix_path.catkin:The path '/home/eid/colcon_ws/install/my_own_package' in the environment variable CMAKE_PREFIX_PATH doesn't exist
[1.169s] DEBUG:colcon.colcon_installed_package_information.package_discovery:Found 6 installed packages in /home/eid/ws_gazebo/src/install
[1.184s] DEBUG:colcon.colcon_installed_package_information.package_discovery:Found 7 installed packages in /home/eid/ws_gazebo/install
[1.200s] DEBUG:colcon.colcon_installed_package_information.package_discovery:Found 379 installed packages in /opt/ros/humble
[1.210s] Level 1:colcon.colcon_core.package_discovery:discover_packages(prefix_path) using defaults
[1.311s] Level 5:colcon.colcon_core.verb:set package 'diffdrive_arduino' build argument 'cmake_args' from command line to 'None'
[1.312s] Level 5:colcon.colcon_core.verb:set package 'diffdrive_arduino' build argument 'cmake_target' from command line to 'None'
[1.312s] Level 5:colcon.colcon_core.verb:set package 'diffdrive_arduino' build argument 'cmake_target_skip_unavailable' from command line to 'False'
[1.312s] Level 5:colcon.colcon_core.verb:set package 'diffdrive_arduino' build argument 'cmake_clean_cache' from command line to 'False'
[1.312s] Level 5:colcon.colcon_core.verb:set package 'diffdrive_arduino' build argument 'cmake_clean_first' from command line to 'False'
[1.312s] Level 5:colcon.colcon_core.verb:set package 'diffdrive_arduino' build argument 'cmake_force_configure' from command line to 'False'
[1.312s] Level 5:colcon.colcon_core.verb:set package 'diffdrive_arduino' build argument 'ament_cmake_args' from command line to 'None'
[1.312s] Level 5:colcon.colcon_core.verb:set package 'diffdrive_arduino' build argument 'catkin_cmake_args' from command line to 'None'
[1.312s] Level 5:colcon.colcon_core.verb:set package 'diffdrive_arduino' build argument 'catkin_skip_building_tests' from command line to 'False'
[1.312s] DEBUG:colcon.colcon_core.verb:Building package 'diffdrive_arduino' with the following arguments: {'ament_cmake_args': None, 'build_base': '/home/eid/ws_gazebo/src/build/diffdrive_arduino', 'catkin_cmake_args': None, 'catkin_skip_building_tests': False, 'cmake_args': None, 'cmake_clean_cache': False, 'cmake_clean_first': False, 'cmake_force_configure': False, 'cmake_target': None, 'cmake_target_skip_unavailable': False, 'install_base': '/home/eid/ws_gazebo/src/install/diffdrive_arduino', 'merge_install': False, 'path': '/home/eid/ws_gazebo/src/diffdrive_arduino', 'symlink_install': False, 'test_result_base': None}
[1.326s] Level 5:colcon.colcon_core.verb:set package 'my_first_pkg' build argument 'cmake_args' from command line to 'None'
[1.326s] Level 5:colcon.colcon_core.verb:set package 'my_first_pkg' build argument 'cmake_target' from command line to 'None'
[1.326s] Level 5:colcon.colcon_core.verb:set package 'my_first_pkg' build argument 'cmake_target_skip_unavailable' from command line to 'False'
[1.326s] Level 5:colcon.colcon_core.verb:set package 'my_first_pkg' build argument 'cmake_clean_cache' from command line to 'False'
[1.326s] Level 5:colcon.colcon_core.verb:set package 'my_first_pkg' build argument 'cmake_clean_first' from command line to 'False'
[1.326s] Level 5:colcon.colcon_core.verb:set package 'my_first_pkg' build argument 'cmake_force_configure' from command line to 'False'
[1.327s] Level 5:colcon.colcon_core.verb:set package 'my_first_pkg' build argument 'ament_cmake_args' from command line to 'None'
[1.327s] Level 5:colcon.colcon_core.verb:set package 'my_first_pkg' build argument 'catkin_cmake_args' from command line to 'None'
[1.327s] Level 5:colcon.colcon_core.verb:set package 'my_first_pkg' build argument 'catkin_skip_building_tests' from command line to 'False'
[1.327s] DEBUG:colcon.colcon_core.verb:Building package 'my_first_pkg' with the following arguments: {'ament_cmake_args': None, 'build_base': '/home/eid/ws_gazebo/src/build/my_first_pkg', 'catkin_cmake_args': None, 'catkin_skip_building_tests': False, 'cmake_args': None, 'cmake_clean_cache': False, 'cmake_clean_first': False, 'cmake_force_configure': False, 'cmake_target': None, 'cmake_target_skip_unavailable': False, 'install_base': '/home/eid/ws_gazebo/src/install/my_first_pkg', 'merge_install': False, 'path': '/home/eid/ws_gazebo/src/my_first_pkg', 'symlink_install': False, 'test_result_base': None}
[1.341s] Level 5:colcon.colcon_core.verb:set package 'nixbot' build argument 'cmake_args' from command line to 'None'
[1.341s] Level 5:colcon.colcon_core.verb:set package 'nixbot' build argument 'cmake_target' from command line to 'None'
[1.341s] Level 5:colcon.colcon_core.verb:set package 'nixbot' build argument 'cmake_target_skip_unavailable' from command line to 'False'
[1.341s] Level 5:colcon.colcon_core.verb:set package 'nixbot' build argument 'cmake_clean_cache' from command line to 'False'
[1.341s] Level 5:colcon.colcon_core.verb:set package 'nixbot' build argument 'cmake_clean_first' from command line to 'False'
[1.341s] Level 5:colcon.colcon_core.verb:set package 'nixbot' build argument 'cmake_force_configure' from command line to 'False'
[1.341s] Level 5:colcon.colcon_core.verb:set package 'nixbot' build argument 'ament_cmake_args' from command line to 'None'
[1.341s] Level 5:colcon.colcon_core.verb:set package 'nixbot' build argument 'catkin_cmake_args' from command line to 'None'
[1.341s] Level 5:colcon.colcon_core.verb:set package 'nixbot' build argument 'catkin_skip_building_tests' from command line to 'False'
[1.341s] DEBUG:colcon.colcon_core.verb:Building package 'nixbot' with the following arguments: {'ament_cmake_args': None, 'build_base': '/home/eid/ws_gazebo/src/build/nixbot', 'catkin_cmake_args': None, 'catkin_skip_building_tests': False, 'cmake_args': None, 'cmake_clean_cache': False, 'cmake_clean_first': False, 'cmake_force_configure': False, 'cmake_target': None, 'cmake_target_skip_unavailable': False, 'install_base': '/home/eid/ws_gazebo/src/install/nixbot', 'merge_install': False, 'path': '/home/eid/ws_gazebo/src/nixbot', 'symlink_install': False, 'test_result_base': None}
[1.355s] Level 5:colcon.colcon_core.verb:set package 'serial' build argument 'cmake_args' from command line to 'None'
[1.355s] Level 5:colcon.colcon_core.verb:set package 'serial' build argument 'cmake_target' from command line to 'None'
[1.355s] Level 5:colcon.colcon_core.verb:set package 'serial' build argument 'cmake_target_skip_unavailable' from command line to 'False'
[1.355s] Level 5:colcon.colcon_core.verb:set package 'serial' build argument 'cmake_clean_cache' from command line to 'False'
[1.355s] Level 5:colcon.colcon_core.verb:set package 'serial' build argument 'cmake_clean_first' from command line to 'False'
[1.355s] Level 5:colcon.colcon_core.verb:set package 'serial' build argument 'cmake_force_configure' from command line to 'False'
[1.355s] Level 5:colcon.colcon_core.verb:set package 'serial' build argument 'ament_cmake_args' from command line to 'None'
[1.356s] Level 5:colcon.colcon_core.verb:set package 'serial' build argument 'catkin_cmake_args' from command line to 'None'
[1.356s] Level 5:colcon.colcon_core.verb:set package 'serial' build argument 'catkin_skip_building_tests' from command line to 'False'
[1.356s] DEBUG:colcon.colcon_core.verb:Building package 'serial' with the following arguments: {'ament_cmake_args': None, 'build_base': '/home/eid/ws_gazebo/src/build/serial', 'catkin_cmake_args': None, 'catkin_skip_building_tests': False, 'cmake_args': None, 'cmake_clean_cache': False, 'cmake_clean_first': False, 'cmake_force_configure': False, 'cmake_target': None, 'cmake_target_skip_unavailable': False, 'install_base': '/home/eid/ws_gazebo/src/install/serial', 'merge_install': False, 'path': '/home/eid/ws_gazebo/src/serial', 'symlink_install': False, 'test_result_base': None}
[1.370s] Level 5:colcon.colcon_core.verb:set package 'serial_motor_demo_msgs' build argument 'cmake_args' from command line to 'None'
[1.370s] Level 5:colcon.colcon_core.verb:set package 'serial_motor_demo_msgs' build argument 'cmake_target' from command line to 'None'
[1.370s] Level 5:colcon.colcon_core.verb:set package 'serial_motor_demo_msgs' build argument 'cmake_target_skip_unavailable' from command line to 'False'
[1.370s] Level 5:colcon.colcon_core.verb:set package 'serial_motor_demo_msgs' build argument 'cmake_clean_cache' from command line to 'False'
[1.370s] Level 5:colcon.colcon_core.verb:set package 'serial_motor_demo_msgs' build argument 'cmake_clean_first' from command line to 'False'
[1.370s] Level 5:colcon.colcon_core.verb:set package 'serial_motor_demo_msgs' build argument 'cmake_force_configure' from command line to 'False'
[1.370s] Level 5:colcon.colcon_core.verb:set package 'serial_motor_demo_msgs' build argument 'ament_cmake_args' from command line to 'None'
[1.370s] Level 5:colcon.colcon_core.verb:set package 'serial_motor_demo_msgs' build argument 'catkin_cmake_args' from command line to 'None'
[1.370s] Level 5:colcon.colcon_core.verb:set package 'serial_motor_demo_msgs' build argument 'catkin_skip_building_tests' from command line to 'False'
[1.370s] DEBUG:colcon.colcon_core.verb:Building package 'serial_motor_demo_msgs' with the following arguments: {'ament_cmake_args': None, 'build_base': '/home/eid/ws_gazebo/src/build/serial_motor_demo_msgs', 'catkin_cmake_args': None, 'catkin_skip_building_tests': False, 'cmake_args': None, 'cmake_clean_cache': False, 'cmake_clean_first': False, 'cmake_force_configure': False, 'cmake_target': None, 'cmake_target_skip_unavailable': False, 'install_base': '/home/eid/ws_gazebo/src/install/serial_motor_demo_msgs', 'merge_install': False, 'path': '/home/eid/ws_gazebo/src/serial_motor_demo/serial_motor_demo_msgs', 'symlink_install': False, 'test_result_base': None}
[1.384s] Level 5:colcon.colcon_core.verb:set package 'serial_motor_demo' build argument 'cmake_args' from command line to 'None'
[1.384s] Level 5:colcon.colcon_core.verb:set package 'serial_motor_demo' build argument 'cmake_target' from command line to 'None'
[1.384s] Level 5:colcon.colcon_core.verb:set package 'serial_motor_demo' build argument 'cmake_target_skip_unavailable' from command line to 'False'
[1.384s] Level 5:colcon.colcon_core.verb:set package 'serial_motor_demo' build argument 'cmake_clean_cache' from command line to 'False'
[1.384s] Level 5:colcon.colcon_core.verb:set package 'serial_motor_demo' build argument 'cmake_clean_first' from command line to 'False'
[1.384s] Level 5:colcon.colcon_core.verb:set package 'serial_motor_demo' build argument 'cmake_force_configure' from command line to 'False'
[1.384s] Level 5:colcon.colcon_core.verb:set package 'serial_motor_demo' build argument 'ament_cmake_args' from command line to 'None'
[1.384s] Level 5:colcon.colcon_core.verb:set package 'serial_motor_demo' build argument 'catkin_cmake_args' from command line to 'None'
[1.384s] Level 5:colcon.colcon_core.verb:set package 'serial_motor_demo' build argument 'catkin_skip_building_tests' from command line to 'False'
[1.384s] DEBUG:colcon.colcon_core.verb:Building package 'serial_motor_demo' with the following arguments: {'ament_cmake_args': None, 'build_base': '/home/eid/ws_gazebo/src/build/serial_motor_demo', 'catkin_cmake_args': None, 'catkin_skip_building_tests': False, 'cmake_args': None, 'cmake_clean_cache': False, 'cmake_clean_first': False, 'cmake_force_configure': False, 'cmake_target': None, 'cmake_target_skip_unavailable': False, 'install_base': '/home/eid/ws_gazebo/src/install/serial_motor_demo', 'merge_install': False, 'path': '/home/eid/ws_gazebo/src/serial_motor_demo/serial_motor_demo', 'symlink_install': False, 'test_result_base': None}
[1.398s] INFO:colcon.colcon_core.executor:Executing jobs using 'parallel' executor
[1.413s] DEBUG:colcon.colcon_parallel_executor.executor.parallel:run_until_complete
[1.413s] INFO:colcon.colcon_ros.task.ament_cmake.build:Building ROS package in '/home/eid/ws_gazebo/src/serial_motor_demo/serial_motor_demo_msgs' with build type 'ament_cmake'
[1.414s] INFO:colcon.colcon_cmake.task.cmake.build:Building CMake package in '/home/eid/ws_gazebo/src/serial_motor_demo/serial_motor_demo_msgs'
[1.430s] INFO:colcon.colcon_core.plugin_system:Skipping extension 'colcon_core.shell.bat': Not used on non-Windows systems
[1.430s] INFO:colcon.colcon_core.shell:Skip shell extension 'powershell' for command environment: Not usable outside of PowerShell
[1.430s] DEBUG:colcon.colcon_core.shell:Skip shell extension 'dsv' for command environment
[1.491s] INFO:colcon.colcon_ros.task.ament_cmake.build:Building ROS package in '/home/eid/ws_gazebo/src/diffdrive_arduino' with build type 'ament_cmake'
[1.491s] INFO:colcon.colcon_cmake.task.cmake.build:Building CMake package in '/home/eid/ws_gazebo/src/diffdrive_arduino'
[1.507s] INFO:colcon.colcon_core.shell:Skip shell extension 'powershell' for command environment: Not usable outside of PowerShell
[1.507s] DEBUG:colcon.colcon_core.shell:Skip shell extension 'dsv' for command environment
[1.570s] INFO:colcon.colcon_ros.task.ament_cmake.build:Building ROS package in '/home/eid/ws_gazebo/src/my_first_pkg' with build type 'ament_cmake'
[1.570s] INFO:colcon.colcon_cmake.task.cmake.build:Building CMake package in '/home/eid/ws_gazebo/src/my_first_pkg'
[1.585s] INFO:colcon.colcon_core.shell:Skip shell extension 'powershell' for command environment: Not usable outside of PowerShell
[1.585s] DEBUG:colcon.colcon_core.shell:Skip shell extension 'dsv' for command environment
[1.650s] INFO:colcon.colcon_ros.task.ament_cmake.build:Building ROS package in '/home/eid/ws_gazebo/src/nixbot' with build type 'ament_cmake'
[1.650s] INFO:colcon.colcon_cmake.task.cmake.build:Building CMake package in '/home/eid/ws_gazebo/src/nixbot'
[1.665s] INFO:colcon.colcon_core.shell:Skip shell extension 'powershell' for command environment: Not usable outside of PowerShell
[1.665s] DEBUG:colcon.colcon_core.shell:Skip shell extension 'dsv' for command environment
[1.728s] INFO:colcon.colcon_ros.task.ament_cmake.build:Building ROS package in '/home/eid/ws_gazebo/src/serial' with build type 'ament_cmake'
[1.728s] INFO:colcon.colcon_cmake.task.cmake.build:Building CMake package in '/home/eid/ws_gazebo/src/serial'
[1.743s] INFO:colcon.colcon_core.shell:Skip shell extension 'powershell' for command environment: Not usable outside of PowerShell
[1.743s] DEBUG:colcon.colcon_core.shell:Skip shell extension 'dsv' for command environment
[1.812s] DEBUG:colcon.colcon_core.event_handler.log_command:Invoking command in '/home/eid/ws_gazebo/src/build/serial_motor_demo_msgs': CMAKE_PREFIX_PATH=${CMAKE_PREFIX_PATH}:/home/eid/ws_gazebo/src/install/serial_motor_demo:/home/eid/ws_gazebo/install/serial_motor_demo:/home/eid/ws_gazebo/install/my_first_pkg:/home/eid/colcon_ws/install/move_robot:/opt/ros/humble /usr/bin/cmake --build /home/eid/ws_gazebo/src/build/serial_motor_demo_msgs -- -j8 -l8
[1.815s] DEBUG:colcon.colcon_core.event_handler.log_command:Invoking command in '/home/eid/ws_gazebo/src/build/diffdrive_arduino': CMAKE_PREFIX_PATH=${CMAKE_PREFIX_PATH}:/home/eid/ws_gazebo/src/install/serial_motor_demo:/home/eid/ws_gazebo/install/serial_motor_demo:/home/eid/ws_gazebo/install/my_first_pkg:/home/eid/colcon_ws/install/move_robot:/opt/ros/humble /usr/bin/cmake --build /home/eid/ws_gazebo/src/build/diffdrive_arduino -- -j8 -l8
[1.818s] DEBUG:colcon.colcon_core.event_handler.log_command:Invoking command in '/home/eid/ws_gazebo/src/build/my_first_pkg': CMAKE_PREFIX_PATH=${CMAKE_PREFIX_PATH}:/home/eid/ws_gazebo/src/install/serial_motor_demo:/home/eid/ws_gazebo/install/serial_motor_demo:/home/eid/ws_gazebo/install/my_first_pkg:/home/eid/colcon_ws/install/move_robot:/opt/ros/humble /usr/bin/cmake --build /home/eid/ws_gazebo/src/build/my_first_pkg -- -j8 -l8
[1.822s] DEBUG:colcon.colcon_core.event_handler.log_command:Invoking command in '/home/eid/ws_gazebo/src/build/nixbot': CMAKE_PREFIX_PATH=${CMAKE_PREFIX_PATH}:/home/eid/ws_gazebo/src/install/serial_motor_demo:/home/eid/ws_gazebo/install/serial_motor_demo:/home/eid/ws_gazebo/install/my_first_pkg:/home/eid/colcon_ws/install/move_robot:/opt/ros/humble /usr/bin/cmake --build /home/eid/ws_gazebo/src/build/nixbot -- -j8 -l8
[1.827s] DEBUG:colcon.colcon_core.event_handler.log_command:Invoking command in '/home/eid/ws_gazebo/src/build/serial': CMAKE_PREFIX_PATH=${CMAKE_PREFIX_PATH}:/home/eid/ws_gazebo/src/install/serial_motor_demo:/home/eid/ws_gazebo/install/serial_motor_demo:/home/eid/ws_gazebo/install/my_first_pkg:/home/eid/colcon_ws/install/move_robot:/opt/ros/humble /usr/bin/cmake --build /home/eid/ws_gazebo/src/build/serial -- -j8 -l8
[1.868s] DEBUG:colcon.colcon_core.event_handler.log_command:Invoked command in '/home/eid/ws_gazebo/src/build/nixbot' returned '0': CMAKE_PREFIX_PATH=${CMAKE_PREFIX_PATH}:/home/eid/ws_gazebo/src/install/serial_motor_demo:/home/eid/ws_gazebo/install/serial_motor_demo:/home/eid/ws_gazebo/install/my_first_pkg:/home/eid/colcon_ws/install/move_robot:/opt/ros/humble /usr/bin/cmake --build /home/eid/ws_gazebo/src/build/nixbot -- -j8 -l8
[1.900s] DEBUG:colcon.colcon_core.event_handler.log_command:Invoked command in '/home/eid/ws_gazebo/src/build/my_first_pkg' returned '0': CMAKE_PREFIX_PATH=${CMAKE_PREFIX_PATH}:/home/eid/ws_gazebo/src/install/serial_motor_demo:/home/eid/ws_gazebo/install/serial_motor_demo:/home/eid/ws_gazebo/install/my_first_pkg:/home/eid/colcon_ws/install/move_robot:/opt/ros/humble /usr/bin/cmake --build /home/eid/ws_gazebo/src/build/my_first_pkg -- -j8 -l8
[1.922s] DEBUG:colcon.colcon_core.event_handler.log_command:Invoking command in '/home/eid/ws_gazebo/src/build/nixbot': CMAKE_PREFIX_PATH=${CMAKE_PREFIX_PATH}:/home/eid/ws_gazebo/src/install/serial_motor_demo:/home/eid/ws_gazebo/install/serial_motor_demo:/home/eid/ws_gazebo/install/my_first_pkg:/home/eid/colcon_ws/install/move_robot:/opt/ros/humble /usr/bin/cmake --install /home/eid/ws_gazebo/src/build/nixbot
[1.929s] DEBUG:colcon.colcon_core.event_handler.log_command:Invoked command in '/home/eid/ws_gazebo/src/build/diffdrive_arduino' returned '0': CMAKE_PREFIX_PATH=${CMAKE_PREFIX_PATH}:/home/eid/ws_gazebo/src/install/serial_motor_demo:/home/eid/ws_gazebo/install/serial_motor_demo:/home/eid/ws_gazebo/install/my_first_pkg:/home/eid/colcon_ws/install/move_robot:/opt/ros/humble /usr/bin/cmake --build /home/eid/ws_gazebo/src/build/diffdrive_arduino -- -j8 -l8
[1.956s] DEBUG:colcon.colcon_core.event_handler.log_command:Invoking command in '/home/eid/ws_gazebo/src/build/my_first_pkg': CMAKE_PREFIX_PATH=${CMAKE_PREFIX_PATH}:/home/eid/ws_gazebo/src/install/serial_motor_demo:/home/eid/ws_gazebo/install/serial_motor_demo:/home/eid/ws_gazebo/install/my_first_pkg:/home/eid/colcon_ws/install/move_robot:/opt/ros/humble /usr/bin/cmake --install /home/eid/ws_gazebo/src/build/my_first_pkg
[1.970s] Level 1:colcon.colcon_core.environment:create_environment_scripts_only(nixbot)
[1.971s] DEBUG:colcon.colcon_core.event_handler.log_command:Invoked command in '/home/eid/ws_gazebo/src/build/nixbot' returned '0': CMAKE_PREFIX_PATH=${CMAKE_PREFIX_PATH}:/home/eid/ws_gazebo/src/install/serial_motor_demo:/home/eid/ws_gazebo/install/serial_motor_demo:/home/eid/ws_gazebo/install/my_first_pkg:/home/eid/colcon_ws/install/move_robot:/opt/ros/humble /usr/bin/cmake --install /home/eid/ws_gazebo/src/build/nixbot
[1.998s] Level 1:colcon.colcon_core.environment:checking '/home/eid/ws_gazebo/src/install/nixbot' for CMake module files
[1.998s] Level 1:colcon.colcon_core.environment:checking '/home/eid/ws_gazebo/src/install/nixbot' for CMake config files
[1.999s] Level 1:colcon.colcon_core.shell:create_environment_hook('nixbot', 'cmake_prefix_path')
[2.016s] INFO:colcon.colcon_core.shell:Creating environment hook '/home/eid/ws_gazebo/src/install/nixbot/share/nixbot/hook/cmake_prefix_path.ps1'
[2.017s] INFO:colcon.colcon_core.shell:Creating environment descriptor '/home/eid/ws_gazebo/src/install/nixbot/share/nixbot/hook/cmake_prefix_path.dsv'
[2.018s] INFO:colcon.colcon_core.shell:Creating environment hook '/home/eid/ws_gazebo/src/install/nixbot/share/nixbot/hook/cmake_prefix_path.sh'
[2.018s] Level 1:colcon.colcon_core.environment:checking '/home/eid/ws_gazebo/src/install/nixbot/bin'
[2.019s] Level 1:colcon.colcon_core.environment:checking '/home/eid/ws_gazebo/src/install/nixbot/lib/pkgconfig/nixbot.pc'
[2.019s] Level 1:colcon.colcon_core.environment:checking '/home/eid/ws_gazebo/src/install/nixbot/lib/python3.10/site-packages'
[2.019s] Level 1:colcon.colcon_core.environment:checking '/home/eid/ws_gazebo/src/install/nixbot/bin'
[2.036s] INFO:colcon.colcon_core.shell:Creating package script '/home/eid/ws_gazebo/src/install/nixbot/share/nixbot/package.ps1'
[2.037s] INFO:colcon.colcon_core.shell:Creating package descriptor '/home/eid/ws_gazebo/src/install/nixbot/share/nixbot/package.dsv'
[2.038s] INFO:colcon.colcon_core.shell:Creating package script '/home/eid/ws_gazebo/src/install/nixbot/share/nixbot/package.sh'
[2.039s] INFO:colcon.colcon_core.shell:Creating package script '/home/eid/ws_gazebo/src/install/nixbot/share/nixbot/package.bash'
[2.040s] INFO:colcon.colcon_core.shell:Creating package script '/home/eid/ws_gazebo/src/install/nixbot/share/nixbot/package.zsh'
[2.041s] Level 1:colcon.colcon_core.environment:create_file_with_runtime_dependencies(/home/eid/ws_gazebo/src/install/nixbot/share/colcon-core/packages/nixbot)
[2.044s] DEBUG:colcon.colcon_core.event_handler.log_command:Invoked command in '/home/eid/ws_gazebo/src/build/serial' returned '0': CMAKE_PREFIX_PATH=${CMAKE_PREFIX_PATH}:/home/eid/ws_gazebo/src/install/serial_motor_demo:/home/eid/ws_gazebo/install/serial_motor_demo:/home/eid/ws_gazebo/install/my_first_pkg:/home/eid/colcon_ws/install/move_robot:/opt/ros/humble /usr/bin/cmake --build /home/eid/ws_gazebo/src/build/serial -- -j8 -l8
[2.049s] DEBUG:colcon.colcon_core.event_handler.log_command:Invoking command in '/home/eid/ws_gazebo/src/build/diffdrive_arduino': CMAKE_PREFIX_PATH=${CMAKE_PREFIX_PATH}:/home/eid/ws_gazebo/src/install/serial_motor_demo:/home/eid/ws_gazebo/install/serial_motor_demo:/home/eid/ws_gazebo/install/my_first_pkg:/home/eid/colcon_ws/install/move_robot:/opt/ros/humble /usr/bin/cmake --install /home/eid/ws_gazebo/src/build/diffdrive_arduino
[2.051s] Level 1:colcon.colcon_core.environment:create_environment_scripts_only(my_first_pkg)
[2.053s] DEBUG:colcon.colcon_core.event_handler.log_command:Invoked command in '/home/eid/ws_gazebo/src/build/my_first_pkg' returned '0': CMAKE_PREFIX_PATH=${CMAKE_PREFIX_PATH}:/home/eid/ws_gazebo/src/install/serial_motor_demo:/home/eid/ws_gazebo/install/serial_motor_demo:/home/eid/ws_gazebo/install/my_first_pkg:/home/eid/colcon_ws/install/move_robot:/opt/ros/humble /usr/bin/cmake --install /home/eid/ws_gazebo/src/build/my_first_pkg
[2.074s] Level 1:colcon.colcon_core.environment:checking '/home/eid/ws_gazebo/src/install/my_first_pkg' for CMake module files
[2.074s] Level 1:colcon.colcon_core.environment:checking '/home/eid/ws_gazebo/src/install/my_first_pkg' for CMake config files
[2.074s] Level 1:colcon.colcon_core.shell:create_environment_hook('my_first_pkg', 'cmake_prefix_path')
[2.091s] INFO:colcon.colcon_core.shell:Creating environment hook '/home/eid/ws_gazebo/src/install/my_first_pkg/share/my_first_pkg/hook/cmake_prefix_path.ps1'
[2.091s] INFO:colcon.colcon_core.shell:Creating environment descriptor '/home/eid/ws_gazebo/src/install/my_first_pkg/share/my_first_pkg/hook/cmake_prefix_path.dsv'
[2.091s] INFO:colcon.colcon_core.shell:Creating environment hook '/home/eid/ws_gazebo/src/install/my_first_pkg/share/my_first_pkg/hook/cmake_prefix_path.sh'
[2.092s] Level 1:colcon.colcon_core.environment:checking '/home/eid/ws_gazebo/src/install/my_first_pkg/lib'
[2.092s] Level 1:colcon.colcon_core.environment:checking '/home/eid/ws_gazebo/src/install/my_first_pkg/bin'
[2.092s] Level 1:colcon.colcon_core.environment:checking '/home/eid/ws_gazebo/src/install/my_first_pkg/lib/pkgconfig/my_first_pkg.pc'
[2.092s] Level 1:colcon.colcon_core.environment:checking '/home/eid/ws_gazebo/src/install/my_first_pkg/lib/python3.10/site-packages'
[2.092s] Level 1:colcon.colcon_core.environment:checking '/home/eid/ws_gazebo/src/install/my_first_pkg/bin'
[2.107s] INFO:colcon.colcon_core.shell:Creating package script '/home/eid/ws_gazebo/src/install/my_first_pkg/share/my_first_pkg/package.ps1'
[2.108s] INFO:colcon.colcon_core.shell:Creating package descriptor '/home/eid/ws_gazebo/src/install/my_first_pkg/share/my_first_pkg/package.dsv'
[2.108s] INFO:colcon.colcon_core.shell:Creating package script '/home/eid/ws_gazebo/src/install/my_first_pkg/share/my_first_pkg/package.sh'
[2.108s] INFO:colcon.colcon_core.shell:Creating package script '/home/eid/ws_gazebo/src/install/my_first_pkg/share/my_first_pkg/package.bash'
[2.109s] INFO:colcon.colcon_core.shell:Creating package script '/home/eid/ws_gazebo/src/install/my_first_pkg/share/my_first_pkg/package.zsh'
[2.109s] Level 1:colcon.colcon_core.environment:create_file_with_runtime_dependencies(/home/eid/ws_gazebo/src/install/my_first_pkg/share/colcon-core/packages/my_first_pkg)
[2.133s] Level 1:colcon.colcon_core.environment:create_environment_scripts_only(nixbot)
[2.149s] Level 1:colcon.colcon_core.environment:checking '/home/eid/ws_gazebo/src/install/nixbot' for CMake module files
[2.149s] Level 1:colcon.colcon_core.environment:checking '/home/eid/ws_gazebo/src/install/nixbot' for CMake config files
[2.149s] Level 1:colcon.colcon_core.shell:create_environment_hook('nixbot', 'cmake_prefix_path')
[2.164s] INFO:colcon.colcon_core.shell:Creating environment hook '/home/eid/ws_gazebo/src/install/nixbot/share/nixbot/hook/cmake_prefix_path.ps1'
[2.164s] INFO:colcon.colcon_core.shell:Creating environment descriptor '/home/eid/ws_gazebo/src/install/nixbot/share/nixbot/hook/cmake_prefix_path.dsv'
[2.165s] INFO:colcon.colcon_core.shell:Creating environment hook '/home/eid/ws_gazebo/src/install/nixbot/share/nixbot/hook/cmake_prefix_path.sh'
[2.165s] Level 1:colcon.colcon_core.environment:checking '/home/eid/ws_gazebo/src/install/nixbot/bin'
[2.165s] Level 1:colcon.colcon_core.environment:checking '/home/eid/ws_gazebo/src/install/nixbot/lib/pkgconfig/nixbot.pc'
[2.165s] Level 1:colcon.colcon_core.environment:checking '/home/eid/ws_gazebo/src/install/nixbot/lib/python3.10/site-packages'
[2.166s] Level 1:colcon.colcon_core.environment:checking '/home/eid/ws_gazebo/src/install/nixbot/bin'
[2.180s] INFO:colcon.colcon_core.shell:Creating package script '/home/eid/ws_gazebo/src/install/nixbot/share/nixbot/package.ps1'
[2.181s] INFO:colcon.colcon_core.shell:Creating package descriptor '/home/eid/ws_gazebo/src/install/nixbot/share/nixbot/package.dsv'
[2.181s] INFO:colcon.colcon_core.shell:Creating package script '/home/eid/ws_gazebo/src/install/nixbot/share/nixbot/package.sh'
[2.182s] INFO:colcon.colcon_core.shell:Creating package script '/home/eid/ws_gazebo/src/install/nixbot/share/nixbot/package.bash'
[2.182s] INFO:colcon.colcon_core.shell:Creating package script '/home/eid/ws_gazebo/src/install/nixbot/share/nixbot/package.zsh'
[2.182s] Level 1:colcon.colcon_core.environment:create_file_with_runtime_dependencies(/home/eid/ws_gazebo/src/install/nixbot/share/colcon-core/packages/nixbot)
[2.185s] Level 1:colcon.colcon_core.environment:create_environment_scripts_only(diffdrive_arduino)
[2.186s] DEBUG:colcon.colcon_core.event_handler.log_command:Invoking command in '/home/eid/ws_gazebo/src/build/serial': CMAKE_PREFIX_PATH=${CMAKE_PREFIX_PATH}:/home/eid/ws_gazebo/src/install/serial_motor_demo:/home/eid/ws_gazebo/install/serial_motor_demo:/home/eid/ws_gazebo/install/my_first_pkg:/home/eid/colcon_ws/install/move_robot:/opt/ros/humble /usr/bin/cmake --install /home/eid/ws_gazebo/src/build/serial
[2.186s] DEBUG:colcon.colcon_core.event_handler.log_command:Invoked command in '/home/eid/ws_gazebo/src/build/diffdrive_arduino' returned '0': CMAKE_PREFIX_PATH=${CMAKE_PREFIX_PATH}:/home/eid/ws_gazebo/src/install/serial_motor_demo:/home/eid/ws_gazebo/install/serial_motor_demo:/home/eid/ws_gazebo/install/my_first_pkg:/home/eid/colcon_ws/install/move_robot:/opt/ros/humble /usr/bin/cmake --install /home/eid/ws_gazebo/src/build/diffdrive_arduino
[2.209s] Level 1:colcon.colcon_core.environment:checking '/home/eid/ws_gazebo/src/install/diffdrive_arduino' for CMake module files
[2.210s] Level 1:colcon.colcon_core.environment:checking '/home/eid/ws_gazebo/src/install/diffdrive_arduino' for CMake config files
[2.210s] Level 1:colcon.colcon_core.shell:create_environment_hook('diffdrive_arduino', 'cmake_prefix_path')
[2.228s] INFO:colcon.colcon_core.shell:Creating environment hook '/home/eid/ws_gazebo/src/install/diffdrive_arduino/share/diffdrive_arduino/hook/cmake_prefix_path.ps1'
[2.229s] INFO:colcon.colcon_core.shell:Creating environment descriptor '/home/eid/ws_gazebo/src/install/diffdrive_arduino/share/diffdrive_arduino/hook/cmake_prefix_path.dsv'
[2.229s] INFO:colcon.colcon_core.shell:Creating environment hook '/home/eid/ws_gazebo/src/install/diffdrive_arduino/share/diffdrive_arduino/hook/cmake_prefix_path.sh'
[2.229s] Level 1:colcon.colcon_core.environment:checking '/home/eid/ws_gazebo/src/install/diffdrive_arduino/lib'
[2.230s] Level 1:colcon.colcon_core.shell:create_environment_hook('diffdrive_arduino', 'ld_library_path_lib')
[2.250s] INFO:colcon.colcon_core.shell:Creating environment hook '/home/eid/ws_gazebo/src/install/diffdrive_arduino/share/diffdrive_arduino/hook/ld_library_path_lib.ps1'
[2.250s] INFO:colcon.colcon_core.shell:Creating environment descriptor '/home/eid/ws_gazebo/src/install/diffdrive_arduino/share/diffdrive_arduino/hook/ld_library_path_lib.dsv'
[2.251s] INFO:colcon.colcon_core.shell:Creating environment hook '/home/eid/ws_gazebo/src/install/diffdrive_arduino/share/diffdrive_arduino/hook/ld_library_path_lib.sh'
[2.251s] Level 1:colcon.colcon_core.environment:checking '/home/eid/ws_gazebo/src/install/diffdrive_arduino/bin'
[2.251s] Level 1:colcon.colcon_core.environment:checking '/home/eid/ws_gazebo/src/install/diffdrive_arduino/lib/pkgconfig/diffdrive_arduino.pc'
[2.251s] Level 1:colcon.colcon_core.environment:checking '/home/eid/ws_gazebo/src/install/diffdrive_arduino/lib/python3.10/site-packages'
[2.252s] Level 1:colcon.colcon_core.environment:checking '/home/eid/ws_gazebo/src/install/diffdrive_arduino/bin'
[2.271s] INFO:colcon.colcon_core.shell:Creating package script '/home/eid/ws_gazebo/src/install/diffdrive_arduino/share/diffdrive_arduino/package.ps1'
[2.272s] INFO:colcon.colcon_core.shell:Creating package descriptor '/home/eid/ws_gazebo/src/install/diffdrive_arduino/share/diffdrive_arduino/package.dsv'
[2.272s] INFO:colcon.colcon_core.shell:Creating package script '/home/eid/ws_gazebo/src/install/diffdrive_arduino/share/diffdrive_arduino/package.sh'
[2.273s] INFO:colcon.colcon_core.shell:Creating package script '/home/eid/ws_gazebo/src/install/diffdrive_arduino/share/diffdrive_arduino/package.bash'
[2.273s] INFO:colcon.colcon_core.shell:Creating package script '/home/eid/ws_gazebo/src/install/diffdrive_arduino/share/diffdrive_arduino/package.zsh'
[2.274s] Level 1:colcon.colcon_core.environment:create_file_with_runtime_dependencies(/home/eid/ws_gazebo/src/install/diffdrive_arduino/share/colcon-core/packages/diffdrive_arduino)
[2.292s] Level 1:colcon.colcon_core.environment:create_environment_scripts_only(my_first_pkg)
[2.309s] Level 1:colcon.colcon_core.environment:checking '/home/eid/ws_gazebo/src/install/my_first_pkg' for CMake module files
[2.309s] Level 1:colcon.colcon_core.environment:checking '/home/eid/ws_gazebo/src/install/my_first_pkg' for CMake config files
[2.310s] Level 1:colcon.colcon_core.shell:create_environment_hook('my_first_pkg', 'cmake_prefix_path')
[2.337s] INFO:colcon.colcon_core.shell:Creating environment hook '/home/eid/ws_gazebo/src/install/my_first_pkg/share/my_first_pkg/hook/cmake_prefix_path.ps1'
[2.338s] INFO:colcon.colcon_core.shell:Creating environment descriptor '/home/eid/ws_gazebo/src/install/my_first_pkg/share/my_first_pkg/hook/cmake_prefix_path.dsv'
[2.338s] INFO:colcon.colcon_core.shell:Creating environment hook '/home/eid/ws_gazebo/src/install/my_first_pkg/share/my_first_pkg/hook/cmake_prefix_path.sh'
[2.338s] Level 1:colcon.colcon_core.environment:checking '/home/eid/ws_gazebo/src/install/my_first_pkg/lib'
[2.338s] Level 1:colcon.colcon_core.environment:checking '/home/eid/ws_gazebo/src/install/my_first_pkg/bin'
[2.339s] Level 1:colcon.colcon_core.environment:checking '/home/eid/ws_gazebo/src/install/my_first_pkg/lib/pkgconfig/my_first_pkg.pc'
[2.339s] Level 1:colcon.colcon_core.environment:checking '/home/eid/ws_gazebo/src/install/my_first_pkg/lib/python3.10/site-packages'
[2.339s] Level 1:colcon.colcon_core.environment:checking '/home/eid/ws_gazebo/src/install/my_first_pkg/bin'
[2.356s] INFO:colcon.colcon_core.shell:Creating package script '/home/eid/ws_gazebo/src/install/my_first_pkg/share/my_first_pkg/package.ps1'
[2.356s] INFO:colcon.colcon_core.shell:Creating package descriptor '/home/eid/ws_gazebo/src/install/my_first_pkg/share/my_first_pkg/package.dsv'
[2.357s] INFO:colcon.colcon_core.shell:Creating package script '/home/eid/ws_gazebo/src/install/my_first_pkg/share/my_first_pkg/package.sh'
[2.357s] INFO:colcon.colcon_core.shell:Creating package script '/home/eid/ws_gazebo/src/install/my_first_pkg/share/my_first_pkg/package.bash'
[2.357s] INFO:colcon.colcon_core.shell:Creating package script '/home/eid/ws_gazebo/src/install/my_first_pkg/share/my_first_pkg/package.zsh'
[2.358s] Level 1:colcon.colcon_core.environment:create_file_with_runtime_dependencies(/home/eid/ws_gazebo/src/install/my_first_pkg/share/colcon-core/packages/my_first_pkg)
[2.358s] Level 1:colcon.colcon_core.environment:create_environment_scripts_only(serial)
[2.359s] DEBUG:colcon.colcon_core.event_handler.log_command:Invoked command in '/home/eid/ws_gazebo/src/build/serial' returned '0': CMAKE_PREFIX_PATH=${CMAKE_PREFIX_PATH}:/home/eid/ws_gazebo/src/install/serial_motor_demo:/home/eid/ws_gazebo/install/serial_motor_demo:/home/eid/ws_gazebo/install/my_first_pkg:/home/eid/colcon_ws/install/move_robot:/opt/ros/humble /usr/bin/cmake --install /home/eid/ws_gazebo/src/build/serial
[2.374s] Level 1:colcon.colcon_core.environment:checking '/home/eid/ws_gazebo/src/install/serial' for CMake module files
[2.375s] Level 1:colcon.colcon_core.environment:checking '/home/eid/ws_gazebo/src/install/serial' for CMake config files
[2.375s] Level 1:colcon.colcon_core.shell:create_environment_hook('serial', 'cmake_prefix_path')
[2.390s] INFO:colcon.colcon_core.shell:Creating environment hook '/home/eid/ws_gazebo/src/install/serial/share/serial/hook/cmake_prefix_path.ps1'
[2.391s] INFO:colcon.colcon_core.shell:Creating environment descriptor '/home/eid/ws_gazebo/src/install/serial/share/serial/hook/cmake_prefix_path.dsv'
[2.391s] INFO:colcon.colcon_core.shell:Creating environment hook '/home/eid/ws_gazebo/src/install/serial/share/serial/hook/cmake_prefix_path.sh'
[2.391s] Level 1:colcon.colcon_core.environment:checking '/home/eid/ws_gazebo/src/install/serial/lib'
[2.391s] Level 1:colcon.colcon_core.environment:checking '/home/eid/ws_gazebo/src/install/serial/bin'
[2.391s] Level 1:colcon.colcon_core.environment:checking '/home/eid/ws_gazebo/src/install/serial/lib/pkgconfig/serial.pc'
[2.392s] Level 1:colcon.colcon_core.environment:checking '/home/eid/ws_gazebo/src/install/serial/lib/python3.10/site-packages'
[2.392s] Level 1:colcon.colcon_core.environment:checking '/home/eid/ws_gazebo/src/install/serial/bin'
[2.407s] INFO:colcon.colcon_core.shell:Creating package script '/home/eid/ws_gazebo/src/install/serial/share/serial/package.ps1'
[2.407s] INFO:colcon.colcon_core.shell:Creating package descriptor '/home/eid/ws_gazebo/src/install/serial/share/serial/package.dsv'
[2.407s] INFO:colcon.colcon_core.shell:Creating package script '/home/eid/ws_gazebo/src/install/serial/share/serial/package.sh'
[2.408s] INFO:colcon.colcon_core.shell:Creating package script '/home/eid/ws_gazebo/src/install/serial/share/serial/package.bash'
[2.408s] INFO:colcon.colcon_core.shell:Creating package script '/home/eid/ws_gazebo/src/install/serial/share/serial/package.zsh'
[2.408s] Level 1:colcon.colcon_core.environment:create_file_with_runtime_dependencies(/home/eid/ws_gazebo/src/install/serial/share/colcon-core/packages/serial)
[2.409s] DEBUG:colcon.colcon_core.event_handler.log_command:Invoked command in '/home/eid/ws_gazebo/src/build/serial_motor_demo_msgs' returned '0': CMAKE_PREFIX_PATH=${CMAKE_PREFIX_PATH}:/home/eid/ws_gazebo/src/install/serial_motor_demo:/home/eid/ws_gazebo/install/serial_motor_demo:/home/eid/ws_gazebo/install/my_first_pkg:/home/eid/colcon_ws/install/move_robot:/opt/ros/humble /usr/bin/cmake --build /home/eid/ws_gazebo/src/build/serial_motor_demo_msgs -- -j8 -l8
[2.427s] Level 1:colcon.colcon_core.environment:create_environment_scripts_only(diffdrive_arduino)
[2.444s] Level 1:colcon.colcon_core.environment:checking '/home/eid/ws_gazebo/src/install/diffdrive_arduino' for CMake module files
[2.444s] Level 1:colcon.colcon_core.environment:checking '/home/eid/ws_gazebo/src/install/diffdrive_arduino' for CMake config files
[2.445s] Level 1:colcon.colcon_core.shell:create_environment_hook('diffdrive_arduino', 'cmake_prefix_path')
[2.463s] INFO:colcon.colcon_core.shell:Creating environment hook '/home/eid/ws_gazebo/src/install/diffdrive_arduino/share/diffdrive_arduino/hook/cmake_prefix_path.ps1'
[2.464s] INFO:colcon.colcon_core.shell:Creating environment descriptor '/home/eid/ws_gazebo/src/install/diffdrive_arduino/share/diffdrive_arduino/hook/cmake_prefix_path.dsv'
[2.464s] INFO:colcon.colcon_core.shell:Creating environment hook '/home/eid/ws_gazebo/src/install/diffdrive_arduino/share/diffdrive_arduino/hook/cmake_prefix_path.sh'
[2.465s] Level 1:colcon.colcon_core.environment:checking '/home/eid/ws_gazebo/src/install/diffdrive_arduino/lib'
[2.465s] Level 1:colcon.colcon_core.shell:create_environment_hook('diffdrive_arduino', 'ld_library_path_lib')
[2.482s] INFO:colcon.colcon_core.shell:Creating environment hook '/home/eid/ws_gazebo/src/install/diffdrive_arduino/share/diffdrive_arduino/hook/ld_library_path_lib.ps1'
[2.482s] INFO:colcon.colcon_core.shell:Creating environment descriptor '/home/eid/ws_gazebo/src/install/diffdrive_arduino/share/diffdrive_arduino/hook/ld_library_path_lib.dsv'
[2.482s] INFO:colcon.colcon_core.shell:Creating environment hook '/home/eid/ws_gazebo/src/install/diffdrive_arduino/share/diffdrive_arduino/hook/ld_library_path_lib.sh'
[2.483s] Level 1:colcon.colcon_core.environment:checking '/home/eid/ws_gazebo/src/install/diffdrive_arduino/bin'
[2.483s] Level 1:colcon.colcon_core.environment:checking '/home/eid/ws_gazebo/src/install/diffdrive_arduino/lib/pkgconfig/diffdrive_arduino.pc'
[2.483s] Level 1:colcon.colcon_core.environment:checking '/home/eid/ws_gazebo/src/install/diffdrive_arduino/lib/python3.10/site-packages'
[2.483s] Level 1:colcon.colcon_core.environment:checking '/home/eid/ws_gazebo/src/install/diffdrive_arduino/bin'
[2.499s] INFO:colcon.colcon_core.shell:Creating package script '/home/eid/ws_gazebo/src/install/diffdrive_arduino/share/diffdrive_arduino/package.ps1'
[2.500s] INFO:colcon.colcon_core.shell:Creating package descriptor '/home/eid/ws_gazebo/src/install/diffdrive_arduino/share/diffdrive_arduino/package.dsv'
[2.500s] INFO:colcon.colcon_core.shell:Creating package script '/home/eid/ws_gazebo/src/install/diffdrive_arduino/share/diffdrive_arduino/package.sh'
[2.501s] INFO:colcon.colcon_core.shell:Creating package script '/home/eid/ws_gazebo/src/install/diffdrive_arduino/share/diffdrive_arduino/package.bash'
[2.501s] INFO:colcon.colcon_core.shell:Creating package script '/home/eid/ws_gazebo/src/install/diffdrive_arduino/share/diffdrive_arduino/package.zsh'
[2.501s] Level 1:colcon.colcon_core.environment:create_file_with_runtime_dependencies(/home/eid/ws_gazebo/src/install/diffdrive_arduino/share/colcon-core/packages/diffdrive_arduino)
[2.520s] Level 1:colcon.colcon_core.environment:create_environment_scripts_only(serial)
[2.536s] Level 1:colcon.colcon_core.environment:checking '/home/eid/ws_gazebo/src/install/serial' for CMake module files
[2.536s] Level 1:colcon.colcon_core.environment:checking '/home/eid/ws_gazebo/src/install/serial' for CMake config files
[2.536s] Level 1:colcon.colcon_core.shell:create_environment_hook('serial', 'cmake_prefix_path')
[2.552s] INFO:colcon.colcon_core.shell:Creating environment hook '/home/eid/ws_gazebo/src/install/serial/share/serial/hook/cmake_prefix_path.ps1'
[2.552s] INFO:colcon.colcon_core.shell:Creating environment descriptor '/home/eid/ws_gazebo/src/install/serial/share/serial/hook/cmake_prefix_path.dsv'
[2.552s] INFO:colcon.colcon_core.shell:Creating environment hook '/home/eid/ws_gazebo/src/install/serial/share/serial/hook/cmake_prefix_path.sh'
[2.553s] Level 1:colcon.colcon_core.environment:checking '/home/eid/ws_gazebo/src/install/serial/lib'
[2.553s] Level 1:colcon.colcon_core.environment:checking '/home/eid/ws_gazebo/src/install/serial/bin'
[2.553s] Level 1:colcon.colcon_core.environment:checking '/home/eid/ws_gazebo/src/install/serial/lib/pkgconfig/serial.pc'
[2.553s] Level 1:colcon.colcon_core.environment:checking '/home/eid/ws_gazebo/src/install/serial/lib/python3.10/site-packages'
[2.553s] Level 1:colcon.colcon_core.environment:checking '/home/eid/ws_gazebo/src/install/serial/bin'
[2.568s] INFO:colcon.colcon_core.shell:Creating package script '/home/eid/ws_gazebo/src/install/serial/share/serial/package.ps1'
[2.568s] INFO:colcon.colcon_core.shell:Creating package descriptor '/home/eid/ws_gazebo/src/install/serial/share/serial/package.dsv'
[2.569s] INFO:colcon.colcon_core.shell:Creating package script '/home/eid/ws_gazebo/src/install/serial/share/serial/package.sh'
[2.569s] INFO:colcon.colcon_core.shell:Creating package script '/home/eid/ws_gazebo/src/install/serial/share/serial/package.bash'
[2.569s] INFO:colcon.colcon_core.shell:Creating package script '/home/eid/ws_gazebo/src/install/serial/share/serial/package.zsh'
[2.570s] Level 1:colcon.colcon_core.environment:create_file_with_runtime_dependencies(/home/eid/ws_gazebo/src/install/serial/share/colcon-core/packages/serial)
[2.572s] DEBUG:colcon.colcon_core.event_handler.log_command:Invoking command in '/home/eid/ws_gazebo/src/build/serial_motor_demo_msgs': CMAKE_PREFIX_PATH=${CMAKE_PREFIX_PATH}:/home/eid/ws_gazebo/src/install/serial_motor_demo:/home/eid/ws_gazebo/install/serial_motor_demo:/home/eid/ws_gazebo/install/my_first_pkg:/home/eid/colcon_ws/install/move_robot:/opt/ros/humble /usr/bin/cmake --install /home/eid/ws_gazebo/src/build/serial_motor_demo_msgs
[2.643s] Level 1:colcon.colcon_core.environment:create_environment_scripts_only(serial_motor_demo_msgs)
[2.644s] DEBUG:colcon.colcon_core.event_handler.log_command:Invoked command in '/home/eid/ws_gazebo/src/build/serial_motor_demo_msgs' returned '0': CMAKE_PREFIX_PATH=${CMAKE_PREFIX_PATH}:/home/eid/ws_gazebo/src/install/serial_motor_demo:/home/eid/ws_gazebo/install/serial_motor_demo:/home/eid/ws_gazebo/install/my_first_pkg:/home/eid/colcon_ws/install/move_robot:/opt/ros/humble /usr/bin/cmake --install /home/eid/ws_gazebo/src/build/serial_motor_demo_msgs
[2.660s] Level 1:colcon.colcon_core.environment:checking '/home/eid/ws_gazebo/src/install/serial_motor_demo_msgs' for CMake module files
[2.660s] Level 1:colcon.colcon_core.environment:checking '/home/eid/ws_gazebo/src/install/serial_motor_demo_msgs' for CMake config files
[2.661s] Level 1:colcon.colcon_core.shell:create_environment_hook('serial_motor_demo_msgs', 'cmake_prefix_path')
[2.676s] INFO:colcon.colcon_core.shell:Creating environment hook '/home/eid/ws_gazebo/src/install/serial_motor_demo_msgs/share/serial_motor_demo_msgs/hook/cmake_prefix_path.ps1'
[2.677s] INFO:colcon.colcon_core.shell:Creating environment descriptor '/home/eid/ws_gazebo/src/install/serial_motor_demo_msgs/share/serial_motor_demo_msgs/hook/cmake_prefix_path.dsv'
[2.677s] INFO:colcon.colcon_core.shell:Creating environment hook '/home/eid/ws_gazebo/src/install/serial_motor_demo_msgs/share/serial_motor_demo_msgs/hook/cmake_prefix_path.sh'
[2.677s] Level 1:colcon.colcon_core.environment:checking '/home/eid/ws_gazebo/src/install/serial_motor_demo_msgs/lib'
[2.678s] Level 1:colcon.colcon_core.shell:create_environment_hook('serial_motor_demo_msgs', 'ld_library_path_lib')
[2.692s] INFO:colcon.colcon_core.shell:Creating environment hook '/home/eid/ws_gazebo/src/install/serial_motor_demo_msgs/share/serial_motor_demo_msgs/hook/ld_library_path_lib.ps1'
[2.692s] INFO:colcon.colcon_core.shell:Creating environment descriptor '/home/eid/ws_gazebo/src/install/serial_motor_demo_msgs/share/serial_motor_demo_msgs/hook/ld_library_path_lib.dsv'
[2.692s] INFO:colcon.colcon_core.shell:Creating environment hook '/home/eid/ws_gazebo/src/install/serial_motor_demo_msgs/share/serial_motor_demo_msgs/hook/ld_library_path_lib.sh'
[2.693s] Level 1:colcon.colcon_core.environment:checking '/home/eid/ws_gazebo/src/install/serial_motor_demo_msgs/bin'
[2.693s] Level 1:colcon.colcon_core.environment:checking '/home/eid/ws_gazebo/src/install/serial_motor_demo_msgs/lib/pkgconfig/serial_motor_demo_msgs.pc'
[2.693s] Level 1:colcon.colcon_core.environment:checking '/home/eid/ws_gazebo/src/install/serial_motor_demo_msgs/lib/python3.10/site-packages'
[2.693s] Level 1:colcon.colcon_core.environment:checking '/home/eid/ws_gazebo/src/install/serial_motor_demo_msgs/bin'
[2.708s] INFO:colcon.colcon_core.shell:Creating package script '/home/eid/ws_gazebo/src/install/serial_motor_demo_msgs/share/serial_motor_demo_msgs/package.ps1'
[2.708s] INFO:colcon.colcon_core.shell:Creating package descriptor '/home/eid/ws_gazebo/src/install/serial_motor_demo_msgs/share/serial_motor_demo_msgs/package.dsv'
[2.708s] INFO:colcon.colcon_core.shell:Creating package script '/home/eid/ws_gazebo/src/install/serial_motor_demo_msgs/share/serial_motor_demo_msgs/package.sh'
[2.709s] INFO:colcon.colcon_core.shell:Creating package script '/home/eid/ws_gazebo/src/install/serial_motor_demo_msgs/share/serial_motor_demo_msgs/package.bash'
[2.709s] INFO:colcon.colcon_core.shell:Creating package script '/home/eid/ws_gazebo/src/install/serial_motor_demo_msgs/share/serial_motor_demo_msgs/package.zsh'
[2.709s] Level 1:colcon.colcon_core.environment:create_file_with_runtime_dependencies(/home/eid/ws_gazebo/src/install/serial_motor_demo_msgs/share/colcon-core/packages/serial_motor_demo_msgs)
[2.825s] Level 1:colcon.colcon_core.environment:create_environment_scripts_only(serial_motor_demo_msgs)
[2.840s] Level 1:colcon.colcon_core.environment:checking '/home/eid/ws_gazebo/src/install/serial_motor_demo_msgs' for CMake module files
[2.840s] Level 1:colcon.colcon_core.environment:checking '/home/eid/ws_gazebo/src/install/serial_motor_demo_msgs' for CMake config files
[2.841s] Level 1:colcon.colcon_core.shell:create_environment_hook('serial_motor_demo_msgs', 'cmake_prefix_path')
[2.857s] INFO:colcon.colcon_core.shell:Creating environment hook '/home/eid/ws_gazebo/src/install/serial_motor_demo_msgs/share/serial_motor_demo_msgs/hook/cmake_prefix_path.ps1'
[2.857s] INFO:colcon.colcon_core.shell:Creating environment descriptor '/home/eid/ws_gazebo/src/install/serial_motor_demo_msgs/share/serial_motor_demo_msgs/hook/cmake_prefix_path.dsv'
[2.857s] INFO:colcon.colcon_core.shell:Creating environment hook '/home/eid/ws_gazebo/src/install/serial_motor_demo_msgs/share/serial_motor_demo_msgs/hook/cmake_prefix_path.sh'
[2.858s] Level 1:colcon.colcon_core.environment:checking '/home/eid/ws_gazebo/src/install/serial_motor_demo_msgs/lib'
[2.858s] Level 1:colcon.colcon_core.shell:create_environment_hook('serial_motor_demo_msgs', 'ld_library_path_lib')
[2.873s] INFO:colcon.colcon_core.shell:Creating environment hook '/home/eid/ws_gazebo/src/install/serial_motor_demo_msgs/share/serial_motor_demo_msgs/hook/ld_library_path_lib.ps1'
[2.873s] INFO:colcon.colcon_core.shell:Creating environment descriptor '/home/eid/ws_gazebo/src/install/serial_motor_demo_msgs/share/serial_motor_demo_msgs/hook/ld_library_path_lib.dsv'
[2.873s] INFO:colcon.colcon_core.shell:Creating environment hook '/home/eid/ws_gazebo/src/install/serial_motor_demo_msgs/share/serial_motor_demo_msgs/hook/ld_library_path_lib.sh'
[2.874s] Level 1:colcon.colcon_core.environment:checking '/home/eid/ws_gazebo/src/install/serial_motor_demo_msgs/bin'
[2.874s] Level 1:colcon.colcon_core.environment:checking '/home/eid/ws_gazebo/src/install/serial_motor_demo_msgs/lib/pkgconfig/serial_motor_demo_msgs.pc'
[2.874s] Level 1:colcon.colcon_core.environment:checking '/home/eid/ws_gazebo/src/install/serial_motor_demo_msgs/lib/python3.10/site-packages'
[2.874s] Level 1:colcon.colcon_core.environment:checking '/home/eid/ws_gazebo/src/install/serial_motor_demo_msgs/bin'
[2.889s] INFO:colcon.colcon_core.shell:Creating package script '/home/eid/ws_gazebo/src/install/serial_motor_demo_msgs/share/serial_motor_demo_msgs/package.ps1'
[2.889s] INFO:colcon.colcon_core.shell:Creating package descriptor '/home/eid/ws_gazebo/src/install/serial_motor_demo_msgs/share/serial_motor_demo_msgs/package.dsv'
[2.890s] INFO:colcon.colcon_core.shell:Creating package script '/home/eid/ws_gazebo/src/install/serial_motor_demo_msgs/share/serial_motor_demo_msgs/package.sh'
[2.890s] INFO:colcon.colcon_core.shell:Creating package script '/home/eid/ws_gazebo/src/install/serial_motor_demo_msgs/share/serial_motor_demo_msgs/package.bash'
[2.890s] INFO:colcon.colcon_core.shell:Creating package script '/home/eid/ws_gazebo/src/install/serial_motor_demo_msgs/share/serial_motor_demo_msgs/package.zsh'
[2.891s] Level 1:colcon.colcon_core.environment:create_file_with_runtime_dependencies(/home/eid/ws_gazebo/src/install/serial_motor_demo_msgs/share/colcon-core/packages/serial_motor_demo_msgs)
[2.891s] INFO:colcon.colcon_ros.task.ament_python.build:Building ROS package in '/home/eid/ws_gazebo/src/serial_motor_demo/serial_motor_demo' with build type 'ament_python'
[2.891s] Level 1:colcon.colcon_core.shell:create_environment_hook('serial_motor_demo', 'ament_prefix_path')
[2.908s] INFO:colcon.colcon_core.shell:Creating environment hook '/home/eid/ws_gazebo/src/install/serial_motor_demo/share/serial_motor_demo/hook/ament_prefix_path.ps1'
[2.908s] INFO:colcon.colcon_core.shell:Creating environment descriptor '/home/eid/ws_gazebo/src/install/serial_motor_demo/share/serial_motor_demo/hook/ament_prefix_path.dsv'
[2.909s] INFO:colcon.colcon_core.shell:Creating environment hook '/home/eid/ws_gazebo/src/install/serial_motor_demo/share/serial_motor_demo/hook/ament_prefix_path.sh'
[2.925s] INFO:colcon.colcon_core.shell:Skip shell extension 'powershell' for command environment: Not usable outside of PowerShell
[2.926s] DEBUG:colcon.colcon_core.shell:Skip shell extension 'dsv' for command environment
[3.236s] INFO:colcon.colcon_core.task.python.build:Building Python package in '/home/eid/ws_gazebo/src/serial_motor_demo/serial_motor_demo'
[3.252s] INFO:colcon.colcon_core.shell:Skip shell extension 'powershell' for command environment: Not usable outside of PowerShell
[3.252s] DEBUG:colcon.colcon_core.shell:Skip shell extension 'dsv' for command environment
[3.651s] DEBUG:colcon.colcon_core.event_handler.log_command:Invoking command in '/home/eid/ws_gazebo/src/serial_motor_demo/serial_motor_demo': PYTHONPATH=/home/eid/ws_gazebo/src/build/serial_motor_demo/prefix_override:/home/eid/ws_gazebo/src/install/serial_motor_demo/lib/python3.10/site-packages:${PYTHONPATH} /usr/bin/python3 setup.py egg_info --egg-base ../../build/serial_motor_demo build --build-base /home/eid/ws_gazebo/src/build/serial_motor_demo/build install --record /home/eid/ws_gazebo/src/build/serial_motor_demo/install.log --install-scripts $base/lib/serial_motor_demo --single-version-externally-managed
[3.928s] DEBUG:colcon.colcon_core.event_handler.log_command:Invoked command in '/home/eid/ws_gazebo/src/serial_motor_demo/serial_motor_demo' returned '0': PYTHONPATH=/home/eid/ws_gazebo/src/build/serial_motor_demo/prefix_override:/home/eid/ws_gazebo/src/install/serial_motor_demo/lib/python3.10/site-packages:${PYTHONPATH} /usr/bin/python3 setup.py egg_info --egg-base ../../build/serial_motor_demo build --build-base /home/eid/ws_gazebo/src/build/serial_motor_demo/build install --record /home/eid/ws_gazebo/src/build/serial_motor_demo/install.log --install-scripts $base/lib/serial_motor_demo --single-version-externally-managed
[3.945s] Level 1:colcon.colcon_core.environment:checking '/home/eid/ws_gazebo/src/install/serial_motor_demo' for CMake module files
[3.945s] Level 1:colcon.colcon_core.environment:checking '/home/eid/ws_gazebo/src/install/serial_motor_demo' for CMake config files
[3.946s] Level 1:colcon.colcon_core.environment:checking '/home/eid/ws_gazebo/src/install/serial_motor_demo/lib'
[3.946s] Level 1:colcon.colcon_core.environment:checking '/home/eid/ws_gazebo/src/install/serial_motor_demo/bin'
[3.946s] Level 1:colcon.colcon_core.environment:checking '/home/eid/ws_gazebo/src/install/serial_motor_demo/lib/pkgconfig/serial_motor_demo.pc'
[3.946s] Level 1:colcon.colcon_core.environment:checking '/home/eid/ws_gazebo/src/install/serial_motor_demo/lib/python3.10/site-packages'
[3.946s] Level 1:colcon.colcon_core.shell:create_environment_hook('serial_motor_demo', 'pythonpath')
[3.963s] INFO:colcon.colcon_core.shell:Creating environment hook '/home/eid/ws_gazebo/src/install/serial_motor_demo/share/serial_motor_demo/hook/pythonpath.ps1'
[3.963s] INFO:colcon.colcon_core.shell:Creating environment descriptor '/home/eid/ws_gazebo/src/install/serial_motor_demo/share/serial_motor_demo/hook/pythonpath.dsv'
[3.964s] INFO:colcon.colcon_core.shell:Creating environment hook '/home/eid/ws_gazebo/src/install/serial_motor_demo/share/serial_motor_demo/hook/pythonpath.sh'
[3.964s] Level 1:colcon.colcon_core.environment:checking '/home/eid/ws_gazebo/src/install/serial_motor_demo/bin'
[3.964s] Level 1:colcon.colcon_core.environment:create_environment_scripts_only(serial_motor_demo)
[3.980s] INFO:colcon.colcon_core.shell:Creating package script '/home/eid/ws_gazebo/src/install/serial_motor_demo/share/serial_motor_demo/package.ps1'
[3.980s] INFO:colcon.colcon_core.shell:Creating package descriptor '/home/eid/ws_gazebo/src/install/serial_motor_demo/share/serial_motor_demo/package.dsv'
[3.981s] INFO:colcon.colcon_core.shell:Creating package script '/home/eid/ws_gazebo/src/install/serial_motor_demo/share/serial_motor_demo/package.sh'
[3.981s] INFO:colcon.colcon_core.shell:Creating package script '/home/eid/ws_gazebo/src/install/serial_motor_demo/share/serial_motor_demo/package.bash'
[3.981s] INFO:colcon.colcon_core.shell:Creating package script '/home/eid/ws_gazebo/src/install/serial_motor_demo/share/serial_motor_demo/package.zsh'
[3.982s] Level 1:colcon.colcon_core.environment:create_file_with_runtime_dependencies(/home/eid/ws_gazebo/src/install/serial_motor_demo/share/colcon-core/packages/serial_motor_demo)
[3.982s] DEBUG:colcon.colcon_parallel_executor.executor.parallel:closing loop
[3.982s] DEBUG:colcon.colcon_parallel_executor.executor.parallel:loop closed
[3.982s] DEBUG:colcon.colcon_parallel_executor.executor.parallel:run_until_complete finished with '0'
[3.982s] DEBUG:colcon.colcon_core.event_reactor:joining thread
[4.006s] INFO:colcon.colcon_core.plugin_system:Skipping extension 'colcon_notification.desktop_notification.terminal_notifier': Not used on non-Darwin systems
[4.006s] INFO:colcon.colcon_core.plugin_system:Skipping extension 'colcon_notification.desktop_notification.win32': Not used on non-Windows systems
[4.006s] INFO:colcon.colcon_notification.desktop_notification:Sending desktop notification using 'notify2'
[4.016s] DEBUG:colcon.colcon_core.event_reactor:joined thread
[4.034s] INFO:colcon.colcon_core.shell:Creating prefix script '/home/eid/ws_gazebo/src/install/local_setup.ps1'
[4.035s] INFO:colcon.colcon_core.shell:Creating prefix util module '/home/eid/ws_gazebo/src/install/_local_setup_util_ps1.py'
[4.036s] INFO:colcon.colcon_core.shell:Creating prefix chain script '/home/eid/ws_gazebo/src/install/setup.ps1'
[4.054s] INFO:colcon.colcon_core.shell:Creating prefix script '/home/eid/ws_gazebo/src/install/local_setup.sh'
[4.054s] INFO:colcon.colcon_core.shell:Creating prefix util module '/home/eid/ws_gazebo/src/install/_local_setup_util_sh.py'
[4.055s] INFO:colcon.colcon_core.shell:Creating prefix chain script '/home/eid/ws_gazebo/src/install/setup.sh'
[4.073s] INFO:colcon.colcon_core.shell:Creating prefix script '/home/eid/ws_gazebo/src/install/local_setup.bash'
[4.073s] INFO:colcon.colcon_core.shell:Creating prefix chain script '/home/eid/ws_gazebo/src/install/setup.bash'
[4.092s] INFO:colcon.colcon_core.shell:Creating prefix script '/home/eid/ws_gazebo/src/install/local_setup.zsh'
[4.092s] INFO:colcon.colcon_core.shell:Creating prefix chain script '/home/eid/ws_gazebo/src/install/setup.zsh'
