[0.200s] Invoking command in '/home/eid/ws_gazebo/build/my_first_pkg': CMAKE_PREFIX_PATH=${CMAKE_PREFIX_PATH}:/home/eid/colcon_ws/install/move_robot:/opt/ros/humble /usr/bin/cmake /home/eid/ws_gazebo/src/my_first_pkg -DCMAKE_INSTALL_PREFIX=/home/eid/ws_gazebo/install/my_first_pkg
[0.211s] -- Found ament_cmake: 1.3.8 (/opt/ros/humble/share/ament_cmake/cmake)
[0.350s] -- Override CMake install command with custom implementation using symlinks instead of copying resources
[0.358s] -- Found ament_lint_auto: 0.12.10 (/opt/ros/humble/share/ament_lint_auto/cmake)
[0.441s] -- Added test 'copyright' to check source files copyright and LICENSE
[0.444s] -- Added test 'cppcheck' to perform static code analysis on C / C++ code
[0.444s] -- Configured cppcheck include dirs: $<BUILD_INTERFACE:/home/eid/ws_gazebo/src/my_first_pkg/include>
[0.444s] -- Configured cppcheck exclude dirs and/or files: 
[0.447s] -- Added test 'cpplint' to check C / C++ code against the Google style
[0.447s] -- Configured cpplint exclude dirs and/or files: 
[0.448s] -- Added test 'flake8' to check Python code syntax and style conventions
[0.449s] -- Added test 'lint_cmake' to check CMake code style
[0.450s] -- Added test 'pep257' to check Python code against some of the docstring style conventions in PEP 257
[0.453s] -- Added test 'uncrustify' to check C / C++ code style
[0.453s] -- Configured uncrustify additional arguments: 
[0.454s] -- Added test 'xmllint' to check XML markup files
[0.455s] -- Configuring done
[0.459s] -- Generating done
[0.460s] -- Build files have been written to: /home/eid/ws_gazebo/build/my_first_pkg
[0.463s] Invoked command in '/home/eid/ws_gazebo/build/my_first_pkg' returned '0': CMAKE_PREFIX_PATH=${CMAKE_PREFIX_PATH}:/home/eid/colcon_ws/install/move_robot:/opt/ros/humble /usr/bin/cmake /home/eid/ws_gazebo/src/my_first_pkg -DCMAKE_INSTALL_PREFIX=/home/eid/ws_gazebo/install/my_first_pkg
[0.467s] Invoking command in '/home/eid/ws_gazebo/build/my_first_pkg': CMAKE_PREFIX_PATH=${CMAKE_PREFIX_PATH}:/home/eid/colcon_ws/install/move_robot:/opt/ros/humble /usr/bin/cmake --build /home/eid/ws_gazebo/build/my_first_pkg -- -j8 -l8
[0.503s] [35m[1mConsolidate compiler generated dependencies of target my_node[0m
[0.514s] [100%] Built target my_node
[0.526s] Invoked command in '/home/eid/ws_gazebo/build/my_first_pkg' returned '0': CMAKE_PREFIX_PATH=${CMAKE_PREFIX_PATH}:/home/eid/colcon_ws/install/move_robot:/opt/ros/humble /usr/bin/cmake --build /home/eid/ws_gazebo/build/my_first_pkg -- -j8 -l8
[0.555s] Invoking command in '/home/eid/ws_gazebo/build/my_first_pkg': CMAKE_PREFIX_PATH=${CMAKE_PREFIX_PATH}:/home/eid/colcon_ws/install/move_robot:/opt/ros/humble /usr/bin/cmake --install /home/eid/ws_gazebo/build/my_first_pkg
[0.562s] -- Install configuration: ""
[0.563s] -- Execute custom install script
[0.563s] -- Up-to-date symlink: /home/eid/ws_gazebo/install/my_first_pkg/lib/my_first_pkg/my_node
[0.564s] -- Up-to-date symlink: /home/eid/ws_gazebo/install/my_first_pkg/share/my_first_pkg//launch/display.launch.py
[0.564s] -- Up-to-date symlink: /home/eid/ws_gazebo/install/my_first_pkg/share/my_first_pkg//launch/gazebo.launch.py
[0.565s] -- Up-to-date symlink: /home/eid/ws_gazebo/install/my_first_pkg/share/my_first_pkg//urdf/my_robot.urdf
[0.565s] -- Up-to-date symlink: /home/eid/ws_gazebo/install/my_first_pkg/share/my_first_pkg//rviz/config.rviz
[0.565s] -- Up-to-date symlink: /home/eid/ws_gazebo/install/my_first_pkg/share/ament_index/resource_index/package_run_dependencies/my_first_pkg
[0.566s] -- Up-to-date symlink: /home/eid/ws_gazebo/install/my_first_pkg/share/ament_index/resource_index/parent_prefix_path/my_first_pkg
[0.567s] -- Up-to-date symlink: /home/eid/ws_gazebo/install/my_first_pkg/share/my_first_pkg/environment/ament_prefix_path.sh
[0.568s] -- Up-to-date symlink: /home/eid/ws_gazebo/install/my_first_pkg/share/my_first_pkg/environment/ament_prefix_path.dsv
[0.569s] -- Up-to-date symlink: /home/eid/ws_gazebo/install/my_first_pkg/share/my_first_pkg/environment/path.sh
[0.569s] -- Up-to-date symlink: /home/eid/ws_gazebo/install/my_first_pkg/share/my_first_pkg/environment/path.dsv
[0.570s] -- Up-to-date symlink: /home/eid/ws_gazebo/install/my_first_pkg/share/my_first_pkg/local_setup.bash
[0.570s] -- Up-to-date symlink: /home/eid/ws_gazebo/install/my_first_pkg/share/my_first_pkg/local_setup.sh
[0.570s] -- Up-to-date symlink: /home/eid/ws_gazebo/install/my_first_pkg/share/my_first_pkg/local_setup.zsh
[0.571s] -- Up-to-date symlink: /home/eid/ws_gazebo/install/my_first_pkg/share/my_first_pkg/local_setup.dsv
[0.571s] -- Symlinking: /home/eid/ws_gazebo/install/my_first_pkg/share/my_first_pkg/package.dsv
[0.580s] -- Up-to-date symlink: /home/eid/ws_gazebo/install/my_first_pkg/share/ament_index/resource_index/packages/my_first_pkg
[0.580s] -- Up-to-date symlink: /home/eid/ws_gazebo/install/my_first_pkg/share/my_first_pkg/cmake/my_first_pkgConfig.cmake
[0.581s] -- Up-to-date symlink: /home/eid/ws_gazebo/install/my_first_pkg/share/my_first_pkg/cmake/my_first_pkgConfig-version.cmake
[0.581s] -- Up-to-date symlink: /home/eid/ws_gazebo/install/my_first_pkg/share/my_first_pkg/package.xml
[0.659s] Invoked command in '/home/eid/ws_gazebo/build/my_first_pkg' returned '0': CMAKE_PREFIX_PATH=${CMAKE_PREFIX_PATH}:/home/eid/colcon_ws/install/move_robot:/opt/ros/humble /usr/bin/cmake --install /home/eid/ws_gazebo/build/my_first_pkg
