[0.934s] DEBUG:colcon:Command line arguments: ['/usr/bin/colcon', 'build']
[0.934s] DEBUG:colcon:Parsed command line arguments: Namespace(log_base=None, log_level=None, verb_name='build', build_base='build', install_base='install', merge_install=False, symlink_install=False, test_result_base=None, continue_on_error=False, executor='parallel', parallel_workers=8, event_handlers=None, ignore_user_meta=False, metas=['./colcon.meta'], base_paths=['.'], packages_ignore=None, packages_ignore_regex=None, paths=None, packages_up_to=None, packages_up_to_regex=None, packages_above=None, packages_above_and_dependencies=None, packages_above_depth=None, packages_select_by_dep=None, packages_skip_by_dep=None, packages_skip_up_to=None, packages_select_build_failed=False, packages_skip_build_finished=False, packages_select_test_failures=False, packages_skip_test_passed=False, packages_select=None, packages_skip=None, packages_select_regex=None, packages_skip_regex=None, packages_start=None, packages_end=None, allow_overriding=[], cmake_args=None, cmake_target=None, cmake_target_skip_unavailable=False, cmake_clean_cache=False, cmake_clean_first=False, cmake_force_configure=False, ament_cmake_args=None, catkin_cmake_args=None, catkin_skip_building_tests=False, verb_parser=<colcon_defaults.argument_parser.defaults.DefaultArgumentsDecorator object at 0x7f1ae6b0df60>, verb_extension=<colcon_core.verb.build.BuildVerb object at 0x7f1ae7cdbaf0>, main=<bound method BuildVerb.main of <colcon_core.verb.build.BuildVerb object at 0x7f1ae7cdbaf0>>)
[0.977s] Level 1:colcon.colcon_core.package_discovery:discover_packages(colcon_meta) check parameters
[0.977s] Level 1:colcon.colcon_core.package_discovery:discover_packages(recursive) check parameters
[0.978s] Level 1:colcon.colcon_core.package_discovery:discover_packages(ignore) check parameters
[0.978s] Level 1:colcon.colcon_core.package_discovery:discover_packages(path) check parameters
[0.978s] Level 1:colcon.colcon_core.package_discovery:discover_packages(colcon_meta) discover
[0.978s] Level 1:colcon.colcon_core.package_discovery:discover_packages(recursive) discover
[0.978s] INFO:colcon.colcon_core.package_discovery:Crawling recursively for packages in '/home/eid/ws_gazebo'
[0.978s] Level 1:colcon.colcon_core.package_identification:_identify(.) by extensions ['ignore', 'ignore_ament_install']
[0.978s] Level 1:colcon.colcon_core.package_identification:_identify(.) by extension 'ignore'
[0.978s] Level 1:colcon.colcon_core.package_identification:_identify(.) by extension 'ignore_ament_install'
[0.978s] Level 1:colcon.colcon_core.package_identification:_identify(.) by extensions ['colcon_pkg']
[0.978s] Level 1:colcon.colcon_core.package_identification:_identify(.) by extension 'colcon_pkg'
[0.978s] Level 1:colcon.colcon_core.package_identification:_identify(.) by extensions ['colcon_meta']
[0.978s] Level 1:colcon.colcon_core.package_identification:_identify(.) by extension 'colcon_meta'
[0.978s] Level 1:colcon.colcon_core.package_identification:_identify(.) by extensions ['ros']
[0.978s] Level 1:colcon.colcon_core.package_identification:_identify(.) by extension 'ros'
[0.992s] Level 1:colcon.colcon_core.package_identification:_identify(.) by extensions ['cmake', 'python']
[0.992s] Level 1:colcon.colcon_core.package_identification:_identify(.) by extension 'cmake'
[0.992s] Level 1:colcon.colcon_core.package_identification:_identify(.) by extension 'python'
[0.992s] Level 1:colcon.colcon_core.package_identification:_identify(.) by extensions ['python_setup_py']
[0.992s] Level 1:colcon.colcon_core.package_identification:_identify(.) by extension 'python_setup_py'
[0.992s] Level 1:colcon.colcon_core.package_identification:_identify(build) by extensions ['ignore', 'ignore_ament_install']
[0.992s] Level 1:colcon.colcon_core.package_identification:_identify(build) by extension 'ignore'
[0.993s] Level 1:colcon.colcon_core.package_identification:_identify(build) ignored
[0.993s] Level 1:colcon.colcon_core.package_identification:_identify(install) by extensions ['ignore', 'ignore_ament_install']
[0.993s] Level 1:colcon.colcon_core.package_identification:_identify(install) by extension 'ignore'
[0.993s] Level 1:colcon.colcon_core.package_identification:_identify(install) ignored
[0.993s] Level 1:colcon.colcon_core.package_identification:_identify(log) by extensions ['ignore', 'ignore_ament_install']
[0.993s] Level 1:colcon.colcon_core.package_identification:_identify(log) by extension 'ignore'
[0.993s] Level 1:colcon.colcon_core.package_identification:_identify(log) ignored
[0.993s] Level 1:colcon.colcon_core.package_identification:_identify(src) by extensions ['ignore', 'ignore_ament_install']
[0.993s] Level 1:colcon.colcon_core.package_identification:_identify(src) by extension 'ignore'
[0.993s] Level 1:colcon.colcon_core.package_identification:_identify(src) by extension 'ignore_ament_install'
[0.993s] Level 1:colcon.colcon_core.package_identification:_identify(src) by extensions ['colcon_pkg']
[0.993s] Level 1:colcon.colcon_core.package_identification:_identify(src) by extension 'colcon_pkg'
[0.993s] Level 1:colcon.colcon_core.package_identification:_identify(src) by extensions ['colcon_meta']
[0.993s] Level 1:colcon.colcon_core.package_identification:_identify(src) by extension 'colcon_meta'
[0.993s] Level 1:colcon.colcon_core.package_identification:_identify(src) by extensions ['ros']
[0.993s] Level 1:colcon.colcon_core.package_identification:_identify(src) by extension 'ros'
[0.993s] Level 1:colcon.colcon_core.package_identification:_identify(src) by extensions ['cmake', 'python']
[0.994s] Level 1:colcon.colcon_core.package_identification:_identify(src) by extension 'cmake'
[0.994s] Level 1:colcon.colcon_core.package_identification:_identify(src) by extension 'python'
[0.994s] Level 1:colcon.colcon_core.package_identification:_identify(src) by extensions ['python_setup_py']
[0.994s] Level 1:colcon.colcon_core.package_identification:_identify(src) by extension 'python_setup_py'
[0.994s] Level 1:colcon.colcon_core.package_identification:_identify(src/my_first_pkg) by extensions ['ignore', 'ignore_ament_install']
[0.994s] Level 1:colcon.colcon_core.package_identification:_identify(src/my_first_pkg) by extension 'ignore'
[0.994s] Level 1:colcon.colcon_core.package_identification:_identify(src/my_first_pkg) by extension 'ignore_ament_install'
[0.994s] Level 1:colcon.colcon_core.package_identification:_identify(src/my_first_pkg) by extensions ['colcon_pkg']
[0.994s] Level 1:colcon.colcon_core.package_identification:_identify(src/my_first_pkg) by extension 'colcon_pkg'
[0.994s] Level 1:colcon.colcon_core.package_identification:_identify(src/my_first_pkg) by extensions ['colcon_meta']
[0.994s] Level 1:colcon.colcon_core.package_identification:_identify(src/my_first_pkg) by extension 'colcon_meta'
[0.994s] Level 1:colcon.colcon_core.package_identification:_identify(src/my_first_pkg) by extensions ['ros']
[0.994s] Level 1:colcon.colcon_core.package_identification:_identify(src/my_first_pkg) by extension 'ros'
[0.996s] DEBUG:colcon.colcon_core.package_identification:Package 'src/my_first_pkg' with type 'ros.ament_cmake' and name 'my_first_pkg'
[0.996s] Level 1:colcon.colcon_core.package_identification:_identify(src/nixbot) by extensions ['ignore', 'ignore_ament_install']
[0.997s] Level 1:colcon.colcon_core.package_identification:_identify(src/nixbot) by extension 'ignore'
[0.997s] Level 1:colcon.colcon_core.package_identification:_identify(src/nixbot) by extension 'ignore_ament_install'
[0.997s] Level 1:colcon.colcon_core.package_identification:_identify(src/nixbot) by extensions ['colcon_pkg']
[0.997s] Level 1:colcon.colcon_core.package_identification:_identify(src/nixbot) by extension 'colcon_pkg'
[0.997s] Level 1:colcon.colcon_core.package_identification:_identify(src/nixbot) by extensions ['colcon_meta']
[0.997s] Level 1:colcon.colcon_core.package_identification:_identify(src/nixbot) by extension 'colcon_meta'
[0.997s] Level 1:colcon.colcon_core.package_identification:_identify(src/nixbot) by extensions ['ros']
[0.997s] Level 1:colcon.colcon_core.package_identification:_identify(src/nixbot) by extension 'ros'
[0.997s] DEBUG:colcon.colcon_core.package_identification:Package 'src/nixbot' with type 'ros.ament_cmake' and name 'nixbot'
[0.997s] Level 1:colcon.colcon_core.package_discovery:discover_packages(recursive) using defaults
[0.997s] Level 1:colcon.colcon_core.package_discovery:discover_packages(ignore) discover
[0.997s] Level 1:colcon.colcon_core.package_discovery:discover_packages(ignore) using defaults
[0.997s] Level 1:colcon.colcon_core.package_discovery:discover_packages(path) discover
[0.997s] Level 1:colcon.colcon_core.package_discovery:discover_packages(path) using defaults
[1.080s] Level 1:colcon.colcon_core.package_discovery:discover_packages(prefix_path) check parameters
[1.080s] Level 1:colcon.colcon_core.package_discovery:discover_packages(prefix_path) discover
[1.127s] DEBUG:colcon.colcon_installed_package_information.package_discovery:Found 3 installed packages in /home/eid/ws_gazebo/install
[1.142s] DEBUG:colcon.colcon_installed_package_information.package_discovery:Found 3 installed packages in /home/eid/colcon_ws/install
[1.157s] DEBUG:colcon.colcon_installed_package_information.package_discovery:Found 340 installed packages in /opt/ros/humble
[1.159s] Level 1:colcon.colcon_core.package_discovery:discover_packages(prefix_path) using defaults
[1.257s] Level 5:colcon.colcon_core.verb:set package 'my_first_pkg' build argument 'cmake_args' from command line to 'None'
[1.257s] Level 5:colcon.colcon_core.verb:set package 'my_first_pkg' build argument 'cmake_target' from command line to 'None'
[1.257s] Level 5:colcon.colcon_core.verb:set package 'my_first_pkg' build argument 'cmake_target_skip_unavailable' from command line to 'False'
[1.257s] Level 5:colcon.colcon_core.verb:set package 'my_first_pkg' build argument 'cmake_clean_cache' from command line to 'False'
[1.257s] Level 5:colcon.colcon_core.verb:set package 'my_first_pkg' build argument 'cmake_clean_first' from command line to 'False'
[1.257s] Level 5:colcon.colcon_core.verb:set package 'my_first_pkg' build argument 'cmake_force_configure' from command line to 'False'
[1.257s] Level 5:colcon.colcon_core.verb:set package 'my_first_pkg' build argument 'ament_cmake_args' from command line to 'None'
[1.257s] Level 5:colcon.colcon_core.verb:set package 'my_first_pkg' build argument 'catkin_cmake_args' from command line to 'None'
[1.257s] Level 5:colcon.colcon_core.verb:set package 'my_first_pkg' build argument 'catkin_skip_building_tests' from command line to 'False'
[1.257s] DEBUG:colcon.colcon_core.verb:Building package 'my_first_pkg' with the following arguments: {'ament_cmake_args': None, 'build_base': '/home/eid/ws_gazebo/build/my_first_pkg', 'catkin_cmake_args': None, 'catkin_skip_building_tests': False, 'cmake_args': None, 'cmake_clean_cache': False, 'cmake_clean_first': False, 'cmake_force_configure': False, 'cmake_target': None, 'cmake_target_skip_unavailable': False, 'install_base': '/home/eid/ws_gazebo/install/my_first_pkg', 'merge_install': False, 'path': '/home/eid/ws_gazebo/src/my_first_pkg', 'symlink_install': False, 'test_result_base': None}
[1.272s] Level 5:colcon.colcon_core.verb:set package 'nixbot' build argument 'cmake_args' from command line to 'None'
[1.272s] Level 5:colcon.colcon_core.verb:set package 'nixbot' build argument 'cmake_target' from command line to 'None'
[1.272s] Level 5:colcon.colcon_core.verb:set package 'nixbot' build argument 'cmake_target_skip_unavailable' from command line to 'False'
[1.272s] Level 5:colcon.colcon_core.verb:set package 'nixbot' build argument 'cmake_clean_cache' from command line to 'False'
[1.272s] Level 5:colcon.colcon_core.verb:set package 'nixbot' build argument 'cmake_clean_first' from command line to 'False'
[1.272s] Level 5:colcon.colcon_core.verb:set package 'nixbot' build argument 'cmake_force_configure' from command line to 'False'
[1.272s] Level 5:colcon.colcon_core.verb:set package 'nixbot' build argument 'ament_cmake_args' from command line to 'None'
[1.272s] Level 5:colcon.colcon_core.verb:set package 'nixbot' build argument 'catkin_cmake_args' from command line to 'None'
[1.272s] Level 5:colcon.colcon_core.verb:set package 'nixbot' build argument 'catkin_skip_building_tests' from command line to 'False'
[1.273s] DEBUG:colcon.colcon_core.verb:Building package 'nixbot' with the following arguments: {'ament_cmake_args': None, 'build_base': '/home/eid/ws_gazebo/build/nixbot', 'catkin_cmake_args': None, 'catkin_skip_building_tests': False, 'cmake_args': None, 'cmake_clean_cache': False, 'cmake_clean_first': False, 'cmake_force_configure': False, 'cmake_target': None, 'cmake_target_skip_unavailable': False, 'install_base': '/home/eid/ws_gazebo/install/nixbot', 'merge_install': False, 'path': '/home/eid/ws_gazebo/src/nixbot', 'symlink_install': False, 'test_result_base': None}
[1.289s] INFO:colcon.colcon_core.executor:Executing jobs using 'parallel' executor
[1.304s] DEBUG:colcon.colcon_parallel_executor.executor.parallel:run_until_complete
[1.304s] INFO:colcon.colcon_ros.task.ament_cmake.build:Building ROS package in '/home/eid/ws_gazebo/src/my_first_pkg' with build type 'ament_cmake'
[1.304s] INFO:colcon.colcon_cmake.task.cmake.build:Building CMake package in '/home/eid/ws_gazebo/src/my_first_pkg'
[1.321s] INFO:colcon.colcon_core.plugin_system:Skipping extension 'colcon_core.shell.bat': Not used on non-Windows systems
[1.321s] INFO:colcon.colcon_core.shell:Skip shell extension 'powershell' for command environment: Not usable outside of PowerShell
[1.321s] DEBUG:colcon.colcon_core.shell:Skip shell extension 'dsv' for command environment
[1.383s] INFO:colcon.colcon_ros.task.ament_cmake.build:Building ROS package in '/home/eid/ws_gazebo/src/nixbot' with build type 'ament_cmake'
[1.383s] INFO:colcon.colcon_cmake.task.cmake.build:Building CMake package in '/home/eid/ws_gazebo/src/nixbot'
[1.397s] INFO:colcon.colcon_core.shell:Skip shell extension 'powershell' for command environment: Not usable outside of PowerShell
[1.398s] DEBUG:colcon.colcon_core.shell:Skip shell extension 'dsv' for command environment
[1.466s] DEBUG:colcon.colcon_core.event_handler.log_command:Invoking command in '/home/eid/ws_gazebo/build/my_first_pkg': CMAKE_PREFIX_PATH=${CMAKE_PREFIX_PATH}:/home/eid/colcon_ws/install/move_robot:/opt/ros/humble /usr/bin/cmake --build /home/eid/ws_gazebo/build/my_first_pkg -- -j8 -l8
[1.470s] DEBUG:colcon.colcon_core.event_handler.log_command:Invoking command in '/home/eid/ws_gazebo/build/nixbot': CMAKE_PREFIX_PATH=${CMAKE_PREFIX_PATH}:/home/eid/colcon_ws/install/move_robot:/opt/ros/humble /usr/bin/cmake --build /home/eid/ws_gazebo/build/nixbot -- -j8 -l8
[1.501s] DEBUG:colcon.colcon_core.event_handler.log_command:Invoked command in '/home/eid/ws_gazebo/build/nixbot' returned '0': CMAKE_PREFIX_PATH=${CMAKE_PREFIX_PATH}:/home/eid/colcon_ws/install/move_robot:/opt/ros/humble /usr/bin/cmake --build /home/eid/ws_gazebo/build/nixbot -- -j8 -l8
[1.519s] DEBUG:colcon.colcon_core.event_handler.log_command:Invoked command in '/home/eid/ws_gazebo/build/my_first_pkg' returned '0': CMAKE_PREFIX_PATH=${CMAKE_PREFIX_PATH}:/home/eid/colcon_ws/install/move_robot:/opt/ros/humble /usr/bin/cmake --build /home/eid/ws_gazebo/build/my_first_pkg -- -j8 -l8
[1.530s] DEBUG:colcon.colcon_core.event_handler.log_command:Invoking command in '/home/eid/ws_gazebo/build/nixbot': CMAKE_PREFIX_PATH=${CMAKE_PREFIX_PATH}:/home/eid/colcon_ws/install/move_robot:/opt/ros/humble /usr/bin/cmake --install /home/eid/ws_gazebo/build/nixbot
[1.544s] DEBUG:colcon.colcon_core.event_handler.log_command:Invoking command in '/home/eid/ws_gazebo/build/my_first_pkg': CMAKE_PREFIX_PATH=${CMAKE_PREFIX_PATH}:/home/eid/colcon_ws/install/move_robot:/opt/ros/humble /usr/bin/cmake --install /home/eid/ws_gazebo/build/my_first_pkg
[1.551s] Level 1:colcon.colcon_core.environment:create_environment_scripts_only(nixbot)
[1.552s] DEBUG:colcon.colcon_core.event_handler.log_command:Invoked command in '/home/eid/ws_gazebo/build/nixbot' returned '0': CMAKE_PREFIX_PATH=${CMAKE_PREFIX_PATH}:/home/eid/colcon_ws/install/move_robot:/opt/ros/humble /usr/bin/cmake --install /home/eid/ws_gazebo/build/nixbot
[1.575s] Level 1:colcon.colcon_core.environment:checking '/home/eid/ws_gazebo/install/nixbot' for CMake module files
[1.575s] Level 1:colcon.colcon_core.environment:checking '/home/eid/ws_gazebo/install/nixbot' for CMake config files
[1.576s] Level 1:colcon.colcon_core.shell:create_environment_hook('nixbot', 'cmake_prefix_path')
[1.602s] INFO:colcon.colcon_core.shell:Creating environment hook '/home/eid/ws_gazebo/install/nixbot/share/nixbot/hook/cmake_prefix_path.ps1'
[1.603s] INFO:colcon.colcon_core.shell:Creating environment descriptor '/home/eid/ws_gazebo/install/nixbot/share/nixbot/hook/cmake_prefix_path.dsv'
[1.603s] INFO:colcon.colcon_core.shell:Creating environment hook '/home/eid/ws_gazebo/install/nixbot/share/nixbot/hook/cmake_prefix_path.sh'
[1.604s] Level 1:colcon.colcon_core.environment:checking '/home/eid/ws_gazebo/install/nixbot/bin'
[1.604s] Level 1:colcon.colcon_core.environment:checking '/home/eid/ws_gazebo/install/nixbot/lib/pkgconfig/nixbot.pc'
[1.604s] Level 1:colcon.colcon_core.environment:checking '/home/eid/ws_gazebo/install/nixbot/lib/python3.10/site-packages'
[1.605s] Level 1:colcon.colcon_core.environment:checking '/home/eid/ws_gazebo/install/nixbot/bin'
[1.621s] INFO:colcon.colcon_core.shell:Creating package script '/home/eid/ws_gazebo/install/nixbot/share/nixbot/package.ps1'
[1.622s] INFO:colcon.colcon_core.shell:Creating package descriptor '/home/eid/ws_gazebo/install/nixbot/share/nixbot/package.dsv'
[1.622s] INFO:colcon.colcon_core.shell:Creating package script '/home/eid/ws_gazebo/install/nixbot/share/nixbot/package.sh'
[1.623s] INFO:colcon.colcon_core.shell:Creating package script '/home/eid/ws_gazebo/install/nixbot/share/nixbot/package.bash'
[1.623s] INFO:colcon.colcon_core.shell:Creating package script '/home/eid/ws_gazebo/install/nixbot/share/nixbot/package.zsh'
[1.624s] Level 1:colcon.colcon_core.environment:create_file_with_runtime_dependencies(/home/eid/ws_gazebo/install/nixbot/share/colcon-core/packages/nixbot)
[1.625s] Level 1:colcon.colcon_core.environment:create_environment_scripts_only(my_first_pkg)
[1.626s] DEBUG:colcon.colcon_core.event_handler.log_command:Invoked command in '/home/eid/ws_gazebo/build/my_first_pkg' returned '0': CMAKE_PREFIX_PATH=${CMAKE_PREFIX_PATH}:/home/eid/colcon_ws/install/move_robot:/opt/ros/humble /usr/bin/cmake --install /home/eid/ws_gazebo/build/my_first_pkg
[1.642s] Level 1:colcon.colcon_core.environment:checking '/home/eid/ws_gazebo/install/my_first_pkg' for CMake module files
[1.642s] Level 1:colcon.colcon_core.environment:checking '/home/eid/ws_gazebo/install/my_first_pkg' for CMake config files
[1.642s] Level 1:colcon.colcon_core.shell:create_environment_hook('my_first_pkg', 'cmake_prefix_path')
[1.657s] INFO:colcon.colcon_core.shell:Creating environment hook '/home/eid/ws_gazebo/install/my_first_pkg/share/my_first_pkg/hook/cmake_prefix_path.ps1'
[1.657s] INFO:colcon.colcon_core.shell:Creating environment descriptor '/home/eid/ws_gazebo/install/my_first_pkg/share/my_first_pkg/hook/cmake_prefix_path.dsv'
[1.658s] INFO:colcon.colcon_core.shell:Creating environment hook '/home/eid/ws_gazebo/install/my_first_pkg/share/my_first_pkg/hook/cmake_prefix_path.sh'
[1.658s] Level 1:colcon.colcon_core.environment:checking '/home/eid/ws_gazebo/install/my_first_pkg/lib'
[1.658s] Level 1:colcon.colcon_core.environment:checking '/home/eid/ws_gazebo/install/my_first_pkg/bin'
[1.658s] Level 1:colcon.colcon_core.environment:checking '/home/eid/ws_gazebo/install/my_first_pkg/lib/pkgconfig/my_first_pkg.pc'
[1.659s] Level 1:colcon.colcon_core.environment:checking '/home/eid/ws_gazebo/install/my_first_pkg/lib/python3.10/site-packages'
[1.659s] Level 1:colcon.colcon_core.environment:checking '/home/eid/ws_gazebo/install/my_first_pkg/bin'
[1.673s] INFO:colcon.colcon_core.shell:Creating package script '/home/eid/ws_gazebo/install/my_first_pkg/share/my_first_pkg/package.ps1'
[1.673s] INFO:colcon.colcon_core.shell:Creating package descriptor '/home/eid/ws_gazebo/install/my_first_pkg/share/my_first_pkg/package.dsv'
[1.674s] INFO:colcon.colcon_core.shell:Creating package script '/home/eid/ws_gazebo/install/my_first_pkg/share/my_first_pkg/package.sh'
[1.674s] INFO:colcon.colcon_core.shell:Creating package script '/home/eid/ws_gazebo/install/my_first_pkg/share/my_first_pkg/package.bash'
[1.674s] INFO:colcon.colcon_core.shell:Creating package script '/home/eid/ws_gazebo/install/my_first_pkg/share/my_first_pkg/package.zsh'
[1.674s] Level 1:colcon.colcon_core.environment:create_file_with_runtime_dependencies(/home/eid/ws_gazebo/install/my_first_pkg/share/colcon-core/packages/my_first_pkg)
[1.696s] Level 1:colcon.colcon_core.environment:create_environment_scripts_only(nixbot)
[1.714s] Level 1:colcon.colcon_core.environment:checking '/home/eid/ws_gazebo/install/nixbot' for CMake module files
[1.715s] Level 1:colcon.colcon_core.environment:checking '/home/eid/ws_gazebo/install/nixbot' for CMake config files
[1.715s] Level 1:colcon.colcon_core.shell:create_environment_hook('nixbot', 'cmake_prefix_path')
[1.729s] INFO:colcon.colcon_core.shell:Creating environment hook '/home/eid/ws_gazebo/install/nixbot/share/nixbot/hook/cmake_prefix_path.ps1'
[1.730s] INFO:colcon.colcon_core.shell:Creating environment descriptor '/home/eid/ws_gazebo/install/nixbot/share/nixbot/hook/cmake_prefix_path.dsv'
[1.730s] INFO:colcon.colcon_core.shell:Creating environment hook '/home/eid/ws_gazebo/install/nixbot/share/nixbot/hook/cmake_prefix_path.sh'
[1.730s] Level 1:colcon.colcon_core.environment:checking '/home/eid/ws_gazebo/install/nixbot/bin'
[1.731s] Level 1:colcon.colcon_core.environment:checking '/home/eid/ws_gazebo/install/nixbot/lib/pkgconfig/nixbot.pc'
[1.731s] Level 1:colcon.colcon_core.environment:checking '/home/eid/ws_gazebo/install/nixbot/lib/python3.10/site-packages'
[1.731s] Level 1:colcon.colcon_core.environment:checking '/home/eid/ws_gazebo/install/nixbot/bin'
[1.745s] INFO:colcon.colcon_core.shell:Creating package script '/home/eid/ws_gazebo/install/nixbot/share/nixbot/package.ps1'
[1.746s] INFO:colcon.colcon_core.shell:Creating package descriptor '/home/eid/ws_gazebo/install/nixbot/share/nixbot/package.dsv'
[1.746s] INFO:colcon.colcon_core.shell:Creating package script '/home/eid/ws_gazebo/install/nixbot/share/nixbot/package.sh'
[1.746s] INFO:colcon.colcon_core.shell:Creating package script '/home/eid/ws_gazebo/install/nixbot/share/nixbot/package.bash'
[1.747s] INFO:colcon.colcon_core.shell:Creating package script '/home/eid/ws_gazebo/install/nixbot/share/nixbot/package.zsh'
[1.747s] Level 1:colcon.colcon_core.environment:create_file_with_runtime_dependencies(/home/eid/ws_gazebo/install/nixbot/share/colcon-core/packages/nixbot)
[1.765s] Level 1:colcon.colcon_core.environment:create_environment_scripts_only(my_first_pkg)
[1.779s] Level 1:colcon.colcon_core.environment:checking '/home/eid/ws_gazebo/install/my_first_pkg' for CMake module files
[1.779s] Level 1:colcon.colcon_core.environment:checking '/home/eid/ws_gazebo/install/my_first_pkg' for CMake config files
[1.780s] Level 1:colcon.colcon_core.shell:create_environment_hook('my_first_pkg', 'cmake_prefix_path')
[1.794s] INFO:colcon.colcon_core.shell:Creating environment hook '/home/eid/ws_gazebo/install/my_first_pkg/share/my_first_pkg/hook/cmake_prefix_path.ps1'
[1.794s] INFO:colcon.colcon_core.shell:Creating environment descriptor '/home/eid/ws_gazebo/install/my_first_pkg/share/my_first_pkg/hook/cmake_prefix_path.dsv'
[1.795s] INFO:colcon.colcon_core.shell:Creating environment hook '/home/eid/ws_gazebo/install/my_first_pkg/share/my_first_pkg/hook/cmake_prefix_path.sh'
[1.795s] Level 1:colcon.colcon_core.environment:checking '/home/eid/ws_gazebo/install/my_first_pkg/lib'
[1.795s] Level 1:colcon.colcon_core.environment:checking '/home/eid/ws_gazebo/install/my_first_pkg/bin'
[1.795s] Level 1:colcon.colcon_core.environment:checking '/home/eid/ws_gazebo/install/my_first_pkg/lib/pkgconfig/my_first_pkg.pc'
[1.795s] Level 1:colcon.colcon_core.environment:checking '/home/eid/ws_gazebo/install/my_first_pkg/lib/python3.10/site-packages'
[1.795s] Level 1:colcon.colcon_core.environment:checking '/home/eid/ws_gazebo/install/my_first_pkg/bin'
[1.810s] INFO:colcon.colcon_core.shell:Creating package script '/home/eid/ws_gazebo/install/my_first_pkg/share/my_first_pkg/package.ps1'
[1.810s] INFO:colcon.colcon_core.shell:Creating package descriptor '/home/eid/ws_gazebo/install/my_first_pkg/share/my_first_pkg/package.dsv'
[1.811s] INFO:colcon.colcon_core.shell:Creating package script '/home/eid/ws_gazebo/install/my_first_pkg/share/my_first_pkg/package.sh'
[1.811s] INFO:colcon.colcon_core.shell:Creating package script '/home/eid/ws_gazebo/install/my_first_pkg/share/my_first_pkg/package.bash'
[1.811s] INFO:colcon.colcon_core.shell:Creating package script '/home/eid/ws_gazebo/install/my_first_pkg/share/my_first_pkg/package.zsh'
[1.812s] Level 1:colcon.colcon_core.environment:create_file_with_runtime_dependencies(/home/eid/ws_gazebo/install/my_first_pkg/share/colcon-core/packages/my_first_pkg)
[1.812s] DEBUG:colcon.colcon_parallel_executor.executor.parallel:closing loop
[1.812s] DEBUG:colcon.colcon_parallel_executor.executor.parallel:loop closed
[1.812s] DEBUG:colcon.colcon_parallel_executor.executor.parallel:run_until_complete finished with '0'
[1.812s] DEBUG:colcon.colcon_core.event_reactor:joining thread
[1.833s] INFO:colcon.colcon_core.plugin_system:Skipping extension 'colcon_notification.desktop_notification.terminal_notifier': Not used on non-Darwin systems
[1.833s] INFO:colcon.colcon_core.plugin_system:Skipping extension 'colcon_notification.desktop_notification.win32': Not used on non-Windows systems
[1.833s] INFO:colcon.colcon_notification.desktop_notification:Sending desktop notification using 'notify2'
[1.843s] DEBUG:colcon.colcon_core.event_reactor:joined thread
[1.859s] INFO:colcon.colcon_core.shell:Creating prefix script '/home/eid/ws_gazebo/install/local_setup.ps1'
[1.859s] INFO:colcon.colcon_core.shell:Creating prefix util module '/home/eid/ws_gazebo/install/_local_setup_util_ps1.py'
[1.861s] INFO:colcon.colcon_core.shell:Creating prefix chain script '/home/eid/ws_gazebo/install/setup.ps1'
[1.877s] INFO:colcon.colcon_core.shell:Creating prefix script '/home/eid/ws_gazebo/install/local_setup.sh'
[1.877s] INFO:colcon.colcon_core.shell:Creating prefix util module '/home/eid/ws_gazebo/install/_local_setup_util_sh.py'
[1.877s] INFO:colcon.colcon_core.shell:Creating prefix chain script '/home/eid/ws_gazebo/install/setup.sh'
[1.893s] INFO:colcon.colcon_core.shell:Creating prefix script '/home/eid/ws_gazebo/install/local_setup.bash'
[1.893s] INFO:colcon.colcon_core.shell:Creating prefix chain script '/home/eid/ws_gazebo/install/setup.bash'
[1.909s] INFO:colcon.colcon_core.shell:Creating prefix script '/home/eid/ws_gazebo/install/local_setup.zsh'
[1.909s] INFO:colcon.colcon_core.shell:Creating prefix chain script '/home/eid/ws_gazebo/install/setup.zsh'
