[0.499s] Invoking command in '/home/eid/ws_gazebo/src/build/diffdrive_arduino': CMAKE_PREFIX_PATH=${CMAKE_PREFIX_PATH}:/home/eid/colcon_ws/install/move_robot:/opt/ros/humble /usr/bin/cmake /home/eid/ws_gazebo/src/diffdrive_arduino -DAMENT_CMAKE_SYMLINK_INSTALL=1 -DCMAKE_INSTALL_PREFIX=/home/eid/ws_gazebo/src/install/diffdrive_arduino
[0.643s] -- The CXX compiler identification is GNU 11.4.0
[0.658s] -- Detecting CXX compiler ABI info
[0.780s] -- Detecting CXX compiler ABI info - done
[0.798s] -- Check for working CXX compiler: /usr/bin/c++ - skipped
[0.799s] -- Detecting CXX compile features
[0.800s] -- Detecting CXX compile features - done
[0.805s] -- Found ament_cmake: 1.3.8 (/opt/ros/humble/share/ament_cmake/cmake)
[1.017s] -- Found Python3: /usr/bin/python3 (found version "3.10.12") found components: Interpreter 
[1.124s] -- Override CMake install command with custom implementation using symlinks instead of copying resources
[1.184s] [31mCMake Error at CMakeLists.txt:19 (find_package):
[1.184s]   By not providing "Findhardware_interface.cmake" in CMAKE_MODULE_PATH this
[1.184s]   project has asked CMake to find a package configuration file provided by
[1.184s]   "hardware_interface", but CMake did not find one.
[1.184s] 
[1.184s]   Could not find a package configuration file provided by
[1.184s]   "hardware_interface" with any of the following names:
[1.184s] 
[1.184s]     hardware_interfaceConfig.cmake
[1.185s]     hardware_interface-config.cmake
[1.185s] 
[1.185s]   Add the installation prefix of "hardware_interface" to CMAKE_PREFIX_PATH or
[1.185s]   set "hardware_interface_DIR" to a directory containing one of the above
[1.185s]   files.  If "hardware_interface" provides a separate development package or
[1.185s]   SDK, be sure it has been installed.
[1.185s] 
[1.185s] [0m
[1.185s] -- Configuring incomplete, errors occurred!
[1.185s] See also "/home/eid/ws_gazebo/src/build/diffdrive_arduino/CMakeFiles/CMakeOutput.log".
[1.190s] Invoked command in '/home/eid/ws_gazebo/src/build/diffdrive_arduino' returned '1': CMAKE_PREFIX_PATH=${CMAKE_PREFIX_PATH}:/home/eid/colcon_ws/install/move_robot:/opt/ros/humble /usr/bin/cmake /home/eid/ws_gazebo/src/diffdrive_arduino -DAMENT_CMAKE_SYMLINK_INSTALL=1 -DCMAKE_INSTALL_PREFIX=/home/eid/ws_gazebo/src/install/diffdrive_arduino
