[0.104s] Invoking command in '/home/eid/ws_gazebo/build/serial': CMAKE_PREFIX_PATH=${CMAKE_PREFIX_PATH}:/home/eid/ws_gazebo/src/install/serial_motor_demo:/home/eid/ws_gazebo/install/serial_motor_demo:/home/eid/ws_gazebo/install/my_first_pkg:/home/eid/colcon_ws/install/move_robot:/opt/ros/humble /usr/bin/cmake --build /home/eid/ws_gazebo/build/serial -- -j8 -l8
[0.171s] [ 14%] Built target gtest
[0.172s] [ 42%] Built target serial
[0.176s] [ 57%] Built target gtest_main
[0.210s] [ 71%] Built target serial_example
[0.211s] [ 85%] Built target serial-test-timer
[0.221s] [100%] Built target serial-test
[0.234s] Invoked command in '/home/eid/ws_gazebo/build/serial' returned '0': CMAKE_PREFIX_PATH=${CMAKE_PREFIX_PATH}:/home/eid/ws_gazebo/src/install/serial_motor_demo:/home/eid/ws_gazebo/install/serial_motor_demo:/home/eid/ws_gazebo/install/my_first_pkg:/home/eid/colcon_ws/install/move_robot:/opt/ros/humble /usr/bin/cmake --build /home/eid/ws_gazebo/build/serial -- -j8 -l8
[0.316s] Invoking command in '/home/eid/ws_gazebo/build/serial': CMAKE_PREFIX_PATH=${CMAKE_PREFIX_PATH}:/home/eid/ws_gazebo/src/install/serial_motor_demo:/home/eid/ws_gazebo/install/serial_motor_demo:/home/eid/ws_gazebo/install/my_first_pkg:/home/eid/colcon_ws/install/move_robot:/opt/ros/humble /usr/bin/cmake --install /home/eid/ws_gazebo/build/serial
[0.324s] -- Install configuration: ""
[0.325s] -- Execute custom install script
[0.326s] -- Up-to-date symlink: /home/eid/ws_gazebo/install/serial/lib/libserial.a
[0.326s] -- Up-to-date symlink: /home/eid/ws_gazebo/install/serial/include/serial/serial.h
[0.326s] -- Up-to-date symlink: /home/eid/ws_gazebo/install/serial/include/serial/v8stdint.h
[0.327s] -- Up-to-date symlink: /home/eid/ws_gazebo/install/serial/share/serial/environment/library_path.sh
[0.327s] -- Up-to-date symlink: /home/eid/ws_gazebo/install/serial/share/serial/environment/library_path.dsv
[0.327s] -- Up-to-date symlink: /home/eid/ws_gazebo/install/serial/share/ament_index/resource_index/package_run_dependencies/serial
[0.328s] -- Up-to-date symlink: /home/eid/ws_gazebo/install/serial/share/ament_index/resource_index/parent_prefix_path/serial
[0.328s] -- Up-to-date symlink: /home/eid/ws_gazebo/install/serial/share/serial/environment/ament_prefix_path.sh
[0.328s] -- Up-to-date symlink: /home/eid/ws_gazebo/install/serial/share/serial/environment/ament_prefix_path.dsv
[0.328s] -- Up-to-date symlink: /home/eid/ws_gazebo/install/serial/share/serial/environment/path.sh
[0.329s] -- Up-to-date symlink: /home/eid/ws_gazebo/install/serial/share/serial/environment/path.dsv
[0.329s] -- Up-to-date symlink: /home/eid/ws_gazebo/install/serial/share/serial/local_setup.bash
[0.329s] -- Up-to-date symlink: /home/eid/ws_gazebo/install/serial/share/serial/local_setup.sh
[0.330s] -- Up-to-date symlink: /home/eid/ws_gazebo/install/serial/share/serial/local_setup.zsh
[0.330s] -- Up-to-date symlink: /home/eid/ws_gazebo/install/serial/share/serial/local_setup.dsv
[0.330s] -- Symlinking: /home/eid/ws_gazebo/install/serial/share/serial/package.dsv
[0.339s] -- Up-to-date symlink: /home/eid/ws_gazebo/install/serial/share/ament_index/resource_index/packages/serial
[0.340s] -- Up-to-date symlink: /home/eid/ws_gazebo/install/serial/share/serial/cmake/ament_cmake_export_include_directories-extras.cmake
[0.340s] -- Up-to-date symlink: /home/eid/ws_gazebo/install/serial/share/serial/cmake/ament_cmake_export_libraries-extras.cmake
[0.340s] -- Up-to-date symlink: /home/eid/ws_gazebo/install/serial/share/serial/cmake/serialConfig.cmake
[0.341s] -- Up-to-date symlink: /home/eid/ws_gazebo/install/serial/share/serial/cmake/serialConfig-version.cmake
[0.341s] -- Up-to-date symlink: /home/eid/ws_gazebo/install/serial/share/serial/package.xml
