[0.096s] Invoking command in '/home/eid/ws_gazebo/src/build/nixbot': CMAKE_PREFIX_PATH=${CMAKE_PREFIX_PATH}:/home/eid/colcon_ws/install/move_robot:/opt/ros/humble /usr/bin/cmake /home/eid/ws_gazebo/src/nixbot -DAMENT_CMAKE_SYMLINK_INSTALL=1 -DCMAKE_INSTALL_PREFIX=/home/eid/ws_gazebo/src/install/nixbot
[0.162s] -- The C compiler identification is GNU 11.4.0
[0.246s] -- The CXX compiler identification is GNU 11.4.0
[0.253s] -- Detecting C compiler ABI info
[0.328s] -- Detecting C compiler ABI info - done
[0.337s] -- Check for working C compiler: /usr/bin/cc - skipped
[0.337s] -- Detecting C compile features
[0.338s] -- Detecting C compile features - done
[0.342s] -- Detecting CXX compiler ABI info
[0.434s] -- Detecting CXX compiler ABI info - done
[0.444s] -- Check for working CXX compiler: /usr/bin/c++ - skipped
[0.444s] -- Detecting CXX compile features
[0.445s] -- Detecting CXX compile features - done
[0.448s] -- Found ament_cmake: 1.3.8 (/opt/ros/humble/share/ament_cmake/cmake)
[0.652s] -- Found Python3: /usr/bin/python3 (found version "3.10.12") found components: Interpreter 
[0.751s] -- Override CMake install command with custom implementation using symlinks instead of copying resources
[0.792s] -- Found ament_lint_auto: 0.12.10 (/opt/ros/humble/share/ament_lint_auto/cmake)
[0.944s] -- Added test 'cppcheck' to perform static code analysis on C / C++ code
[0.945s] -- Configured cppcheck include dirs: 
[0.945s] -- Configured cppcheck exclude dirs and/or files: 
[0.950s] -- Added test 'flake8' to check Python code syntax and style conventions
[0.957s] -- Added test 'lint_cmake' to check CMake code style
[0.961s] -- Added test 'pep257' to check Python code against some of the docstring style conventions in PEP 257
[0.991s] -- Added test 'uncrustify' to check C / C++ code style
[0.991s] -- Configured uncrustify additional arguments: 
[0.995s] -- Added test 'xmllint' to check XML markup files
[0.997s] -- Configuring done
[1.000s] -- Generating done
[1.001s] -- Build files have been written to: /home/eid/ws_gazebo/src/build/nixbot
[1.007s] Invoked command in '/home/eid/ws_gazebo/src/build/nixbot' returned '0': CMAKE_PREFIX_PATH=${CMAKE_PREFIX_PATH}:/home/eid/colcon_ws/install/move_robot:/opt/ros/humble /usr/bin/cmake /home/eid/ws_gazebo/src/nixbot -DAMENT_CMAKE_SYMLINK_INSTALL=1 -DCMAKE_INSTALL_PREFIX=/home/eid/ws_gazebo/src/install/nixbot
[1.009s] Invoking command in '/home/eid/ws_gazebo/src/build/nixbot': CMAKE_PREFIX_PATH=${CMAKE_PREFIX_PATH}:/home/eid/colcon_ws/install/move_robot:/opt/ros/humble /usr/bin/cmake --build /home/eid/ws_gazebo/src/build/nixbot -- -j8 -l8
[1.045s] Invoked command in '/home/eid/ws_gazebo/src/build/nixbot' returned '0': CMAKE_PREFIX_PATH=${CMAKE_PREFIX_PATH}:/home/eid/colcon_ws/install/move_robot:/opt/ros/humble /usr/bin/cmake --build /home/eid/ws_gazebo/src/build/nixbot -- -j8 -l8
[1.077s] Invoking command in '/home/eid/ws_gazebo/src/build/nixbot': CMAKE_PREFIX_PATH=${CMAKE_PREFIX_PATH}:/home/eid/colcon_ws/install/move_robot:/opt/ros/humble /usr/bin/cmake --install /home/eid/ws_gazebo/src/build/nixbot
[1.086s] -- Install configuration: ""
[1.087s] -- Execute custom install script
[1.087s] -- Symlinking: /home/eid/ws_gazebo/src/install/nixbot/share/nixbot//launch/display.launch.py
[1.097s] -- Symlinking: /home/eid/ws_gazebo/src/install/nixbot/share/nixbot//launch/frames_2024-03-03_21.54.33.gv
[1.108s] -- Symlinking: /home/eid/ws_gazebo/src/install/nixbot/share/nixbot//launch/frames_2024-03-03_21.54.33.pdf
[1.117s] -- Symlinking: /home/eid/ws_gazebo/src/install/nixbot/share/nixbot//launch/frames_2024-03-03_21.55.09.gv
[1.124s] -- Symlinking: /home/eid/ws_gazebo/src/install/nixbot/share/nixbot//launch/frames_2024-03-03_21.55.09.pdf
[1.133s] -- Symlinking: /home/eid/ws_gazebo/src/install/nixbot/share/nixbot//launch/gazebo_model.launch.py
[1.141s] -- Symlinking: /home/eid/ws_gazebo/src/install/nixbot/share/nixbot//launch/localization_launch.py
[1.152s] -- Symlinking: /home/eid/ws_gazebo/src/install/nixbot/share/nixbot//launch/mapping.launch.py
[1.162s] -- Symlinking: /home/eid/ws_gazebo/src/install/nixbot/share/nixbot//launch/navigation2_launch.py
[1.171s] -- Symlinking: /home/eid/ws_gazebo/src/install/nixbot/share/nixbot//launch/rviz.launch.py
[1.180s] -- Symlinking: /home/eid/ws_gazebo/src/install/nixbot/share/nixbot//launch/world.launch
[1.191s] -- Symlinking: /home/eid/ws_gazebo/src/install/nixbot/share/nixbot//model/control.xacro
[1.201s] -- Symlinking: /home/eid/ws_gazebo/src/install/nixbot/share/nixbot//model/rob.urdf
[1.210s] -- Symlinking: /home/eid/ws_gazebo/src/install/nixbot/share/nixbot//rviz/config.rviz
[1.219s] -- Symlinking: /home/eid/ws_gazebo/src/install/nixbot/share/ament_index/resource_index/package_run_dependencies/nixbot
[1.228s] -- Symlinking: /home/eid/ws_gazebo/src/install/nixbot/share/ament_index/resource_index/parent_prefix_path/nixbot
[1.236s] -- Symlinking: /home/eid/ws_gazebo/src/install/nixbot/share/nixbot/environment/ament_prefix_path.sh
[1.245s] -- Symlinking: /home/eid/ws_gazebo/src/install/nixbot/share/nixbot/environment/ament_prefix_path.dsv
[1.254s] -- Symlinking: /home/eid/ws_gazebo/src/install/nixbot/share/nixbot/environment/path.sh
[1.263s] -- Symlinking: /home/eid/ws_gazebo/src/install/nixbot/share/nixbot/environment/path.dsv
[1.272s] -- Symlinking: /home/eid/ws_gazebo/src/install/nixbot/share/nixbot/local_setup.bash
[1.282s] -- Symlinking: /home/eid/ws_gazebo/src/install/nixbot/share/nixbot/local_setup.sh
[1.294s] -- Symlinking: /home/eid/ws_gazebo/src/install/nixbot/share/nixbot/local_setup.zsh
[1.306s] -- Symlinking: /home/eid/ws_gazebo/src/install/nixbot/share/nixbot/local_setup.dsv
[1.318s] -- Symlinking: /home/eid/ws_gazebo/src/install/nixbot/share/nixbot/package.dsv
[1.329s] -- Symlinking: /home/eid/ws_gazebo/src/install/nixbot/share/ament_index/resource_index/packages/nixbot
[1.339s] -- Symlinking: /home/eid/ws_gazebo/src/install/nixbot/share/nixbot/cmake/nixbotConfig.cmake
[1.350s] -- Symlinking: /home/eid/ws_gazebo/src/install/nixbot/share/nixbot/cmake/nixbotConfig-version.cmake
[1.361s] -- Symlinking: /home/eid/ws_gazebo/src/install/nixbot/share/nixbot/package.xml
[1.455s] Invoked command in '/home/eid/ws_gazebo/src/build/nixbot' returned '0': CMAKE_PREFIX_PATH=${CMAKE_PREFIX_PATH}:/home/eid/colcon_ws/install/move_robot:/opt/ros/humble /usr/bin/cmake --install /home/eid/ws_gazebo/src/build/nixbot
