[0.990s] DEBUG:colcon:Command line arguments: ['/usr/bin/colcon', 'build']
[0.990s] DEBUG:colcon:Parsed command line arguments: Namespace(log_base=None, log_level=None, verb_name='build', build_base='build', install_base='install', merge_install=False, symlink_install=False, test_result_base=None, continue_on_error=False, executor='parallel', parallel_workers=8, event_handlers=None, ignore_user_meta=False, metas=['./colcon.meta'], base_paths=['.'], packages_ignore=None, packages_ignore_regex=None, paths=None, packages_up_to=None, packages_up_to_regex=None, packages_above=None, packages_above_and_dependencies=None, packages_above_depth=None, packages_select_by_dep=None, packages_skip_by_dep=None, packages_skip_up_to=None, packages_select_build_failed=False, packages_skip_build_finished=False, packages_select_test_failures=False, packages_skip_test_passed=False, packages_select=None, packages_skip=None, packages_select_regex=None, packages_skip_regex=None, packages_start=None, packages_end=None, allow_overriding=[], cmake_args=None, cmake_target=None, cmake_target_skip_unavailable=False, cmake_clean_cache=False, cmake_clean_first=False, cmake_force_configure=False, ament_cmake_args=None, catkin_cmake_args=None, catkin_skip_building_tests=False, verb_parser=<colcon_defaults.argument_parser.defaults.DefaultArgumentsDecorator object at 0x7ff74359cc40>, verb_extension=<colcon_core.verb.build.BuildVerb object at 0x7ff7438873d0>, main=<bound method BuildVerb.main of <colcon_core.verb.build.BuildVerb object at 0x7ff7438873d0>>)
[1.035s] Level 1:colcon.colcon_core.package_discovery:discover_packages(colcon_meta) check parameters
[1.035s] Level 1:colcon.colcon_core.package_discovery:discover_packages(recursive) check parameters
[1.035s] Level 1:colcon.colcon_core.package_discovery:discover_packages(ignore) check parameters
[1.036s] Level 1:colcon.colcon_core.package_discovery:discover_packages(path) check parameters
[1.036s] Level 1:colcon.colcon_core.package_discovery:discover_packages(colcon_meta) discover
[1.036s] Level 1:colcon.colcon_core.package_discovery:discover_packages(recursive) discover
[1.036s] INFO:colcon.colcon_core.package_discovery:Crawling recursively for packages in '/home/eid/ws_gazebo'
[1.036s] Level 1:colcon.colcon_core.package_identification:_identify(.) by extensions ['ignore', 'ignore_ament_install']
[1.036s] Level 1:colcon.colcon_core.package_identification:_identify(.) by extension 'ignore'
[1.036s] Level 1:colcon.colcon_core.package_identification:_identify(.) by extension 'ignore_ament_install'
[1.036s] Level 1:colcon.colcon_core.package_identification:_identify(.) by extensions ['colcon_pkg']
[1.036s] Level 1:colcon.colcon_core.package_identification:_identify(.) by extension 'colcon_pkg'
[1.036s] Level 1:colcon.colcon_core.package_identification:_identify(.) by extensions ['colcon_meta']
[1.036s] Level 1:colcon.colcon_core.package_identification:_identify(.) by extension 'colcon_meta'
[1.036s] Level 1:colcon.colcon_core.package_identification:_identify(.) by extensions ['ros']
[1.036s] Level 1:colcon.colcon_core.package_identification:_identify(.) by extension 'ros'
[1.051s] Level 1:colcon.colcon_core.package_identification:_identify(.) by extensions ['cmake', 'python']
[1.051s] Level 1:colcon.colcon_core.package_identification:_identify(.) by extension 'cmake'
[1.051s] Level 1:colcon.colcon_core.package_identification:_identify(.) by extension 'python'
[1.051s] Level 1:colcon.colcon_core.package_identification:_identify(.) by extensions ['python_setup_py']
[1.051s] Level 1:colcon.colcon_core.package_identification:_identify(.) by extension 'python_setup_py'
[1.051s] Level 1:colcon.colcon_core.package_identification:_identify(build) by extensions ['ignore', 'ignore_ament_install']
[1.051s] Level 1:colcon.colcon_core.package_identification:_identify(build) by extension 'ignore'
[1.051s] Level 1:colcon.colcon_core.package_identification:_identify(build) ignored
[1.052s] Level 1:colcon.colcon_core.package_identification:_identify(install) by extensions ['ignore', 'ignore_ament_install']
[1.052s] Level 1:colcon.colcon_core.package_identification:_identify(install) by extension 'ignore'
[1.052s] Level 1:colcon.colcon_core.package_identification:_identify(install) ignored
[1.052s] Level 1:colcon.colcon_core.package_identification:_identify(log) by extensions ['ignore', 'ignore_ament_install']
[1.052s] Level 1:colcon.colcon_core.package_identification:_identify(log) by extension 'ignore'
[1.052s] Level 1:colcon.colcon_core.package_identification:_identify(log) ignored
[1.052s] Level 1:colcon.colcon_core.package_identification:_identify(src) by extensions ['ignore', 'ignore_ament_install']
[1.052s] Level 1:colcon.colcon_core.package_identification:_identify(src) by extension 'ignore'
[1.052s] Level 1:colcon.colcon_core.package_identification:_identify(src) by extension 'ignore_ament_install'
[1.052s] Level 1:colcon.colcon_core.package_identification:_identify(src) by extensions ['colcon_pkg']
[1.052s] Level 1:colcon.colcon_core.package_identification:_identify(src) by extension 'colcon_pkg'
[1.052s] Level 1:colcon.colcon_core.package_identification:_identify(src) by extensions ['colcon_meta']
[1.052s] Level 1:colcon.colcon_core.package_identification:_identify(src) by extension 'colcon_meta'
[1.052s] Level 1:colcon.colcon_core.package_identification:_identify(src) by extensions ['ros']
[1.052s] Level 1:colcon.colcon_core.package_identification:_identify(src) by extension 'ros'
[1.052s] Level 1:colcon.colcon_core.package_identification:_identify(src) by extensions ['cmake', 'python']
[1.052s] Level 1:colcon.colcon_core.package_identification:_identify(src) by extension 'cmake'
[1.053s] Level 1:colcon.colcon_core.package_identification:_identify(src) by extension 'python'
[1.053s] Level 1:colcon.colcon_core.package_identification:_identify(src) by extensions ['python_setup_py']
[1.053s] Level 1:colcon.colcon_core.package_identification:_identify(src) by extension 'python_setup_py'
[1.053s] Level 1:colcon.colcon_core.package_identification:_identify(src/build) by extensions ['ignore', 'ignore_ament_install']
[1.053s] Level 1:colcon.colcon_core.package_identification:_identify(src/build) by extension 'ignore'
[1.053s] Level 1:colcon.colcon_core.package_identification:_identify(src/build) ignored
[1.053s] Level 1:colcon.colcon_core.package_identification:_identify(src/diffdrive_arduino) by extensions ['ignore', 'ignore_ament_install']
[1.053s] Level 1:colcon.colcon_core.package_identification:_identify(src/diffdrive_arduino) by extension 'ignore'
[1.053s] Level 1:colcon.colcon_core.package_identification:_identify(src/diffdrive_arduino) by extension 'ignore_ament_install'
[1.053s] Level 1:colcon.colcon_core.package_identification:_identify(src/diffdrive_arduino) by extensions ['colcon_pkg']
[1.053s] Level 1:colcon.colcon_core.package_identification:_identify(src/diffdrive_arduino) by extension 'colcon_pkg'
[1.053s] Level 1:colcon.colcon_core.package_identification:_identify(src/diffdrive_arduino) by extensions ['colcon_meta']
[1.053s] Level 1:colcon.colcon_core.package_identification:_identify(src/diffdrive_arduino) by extension 'colcon_meta'
[1.053s] Level 1:colcon.colcon_core.package_identification:_identify(src/diffdrive_arduino) by extensions ['ros']
[1.053s] Level 1:colcon.colcon_core.package_identification:_identify(src/diffdrive_arduino) by extension 'ros'
[1.056s] DEBUG:colcon.colcon_core.package_identification:Package 'src/diffdrive_arduino' with type 'ros.ament_cmake' and name 'diffdrive_arduino'
[1.056s] Level 1:colcon.colcon_core.package_identification:_identify(src/install) by extensions ['ignore', 'ignore_ament_install']
[1.056s] Level 1:colcon.colcon_core.package_identification:_identify(src/install) by extension 'ignore'
[1.056s] Level 1:colcon.colcon_core.package_identification:_identify(src/install) ignored
[1.056s] Level 1:colcon.colcon_core.package_identification:_identify(src/log) by extensions ['ignore', 'ignore_ament_install']
[1.057s] Level 1:colcon.colcon_core.package_identification:_identify(src/log) by extension 'ignore'
[1.057s] Level 1:colcon.colcon_core.package_identification:_identify(src/log) ignored
[1.057s] Level 1:colcon.colcon_core.package_identification:_identify(src/my_first_pkg) by extensions ['ignore', 'ignore_ament_install']
[1.057s] Level 1:colcon.colcon_core.package_identification:_identify(src/my_first_pkg) by extension 'ignore'
[1.057s] Level 1:colcon.colcon_core.package_identification:_identify(src/my_first_pkg) by extension 'ignore_ament_install'
[1.057s] Level 1:colcon.colcon_core.package_identification:_identify(src/my_first_pkg) by extensions ['colcon_pkg']
[1.057s] Level 1:colcon.colcon_core.package_identification:_identify(src/my_first_pkg) by extension 'colcon_pkg'
[1.057s] Level 1:colcon.colcon_core.package_identification:_identify(src/my_first_pkg) by extensions ['colcon_meta']
[1.057s] Level 1:colcon.colcon_core.package_identification:_identify(src/my_first_pkg) by extension 'colcon_meta'
[1.057s] Level 1:colcon.colcon_core.package_identification:_identify(src/my_first_pkg) by extensions ['ros']
[1.057s] Level 1:colcon.colcon_core.package_identification:_identify(src/my_first_pkg) by extension 'ros'
[1.057s] DEBUG:colcon.colcon_core.package_identification:Package 'src/my_first_pkg' with type 'ros.ament_cmake' and name 'my_first_pkg'
[1.057s] Level 1:colcon.colcon_core.package_identification:_identify(src/nixbot) by extensions ['ignore', 'ignore_ament_install']
[1.058s] Level 1:colcon.colcon_core.package_identification:_identify(src/nixbot) by extension 'ignore'
[1.058s] Level 1:colcon.colcon_core.package_identification:_identify(src/nixbot) by extension 'ignore_ament_install'
[1.058s] Level 1:colcon.colcon_core.package_identification:_identify(src/nixbot) by extensions ['colcon_pkg']
[1.058s] Level 1:colcon.colcon_core.package_identification:_identify(src/nixbot) by extension 'colcon_pkg'
[1.058s] Level 1:colcon.colcon_core.package_identification:_identify(src/nixbot) by extensions ['colcon_meta']
[1.058s] Level 1:colcon.colcon_core.package_identification:_identify(src/nixbot) by extension 'colcon_meta'
[1.058s] Level 1:colcon.colcon_core.package_identification:_identify(src/nixbot) by extensions ['ros']
[1.058s] Level 1:colcon.colcon_core.package_identification:_identify(src/nixbot) by extension 'ros'
[1.058s] DEBUG:colcon.colcon_core.package_identification:Package 'src/nixbot' with type 'ros.ament_cmake' and name 'nixbot'
[1.058s] Level 1:colcon.colcon_core.package_identification:_identify(src/serial) by extensions ['ignore', 'ignore_ament_install']
[1.058s] Level 1:colcon.colcon_core.package_identification:_identify(src/serial) by extension 'ignore'
[1.058s] Level 1:colcon.colcon_core.package_identification:_identify(src/serial) by extension 'ignore_ament_install'
[1.058s] Level 1:colcon.colcon_core.package_identification:_identify(src/serial) by extensions ['colcon_pkg']
[1.059s] Level 1:colcon.colcon_core.package_identification:_identify(src/serial) by extension 'colcon_pkg'
[1.059s] Level 1:colcon.colcon_core.package_identification:_identify(src/serial) by extensions ['colcon_meta']
[1.059s] Level 1:colcon.colcon_core.package_identification:_identify(src/serial) by extension 'colcon_meta'
[1.059s] Level 1:colcon.colcon_core.package_identification:_identify(src/serial) by extensions ['ros']
[1.059s] Level 1:colcon.colcon_core.package_identification:_identify(src/serial) by extension 'ros'
[1.059s] DEBUG:colcon.colcon_core.package_identification:Package 'src/serial' with type 'ros.ament_cmake' and name 'serial'
[1.059s] Level 1:colcon.colcon_core.package_identification:_identify(src/serial_motor_demo) by extensions ['ignore', 'ignore_ament_install']
[1.059s] Level 1:colcon.colcon_core.package_identification:_identify(src/serial_motor_demo) by extension 'ignore'
[1.059s] Level 1:colcon.colcon_core.package_identification:_identify(src/serial_motor_demo) by extension 'ignore_ament_install'
[1.059s] Level 1:colcon.colcon_core.package_identification:_identify(src/serial_motor_demo) by extensions ['colcon_pkg']
[1.059s] Level 1:colcon.colcon_core.package_identification:_identify(src/serial_motor_demo) by extension 'colcon_pkg'
[1.059s] Level 1:colcon.colcon_core.package_identification:_identify(src/serial_motor_demo) by extensions ['colcon_meta']
[1.059s] Level 1:colcon.colcon_core.package_identification:_identify(src/serial_motor_demo) by extension 'colcon_meta'
[1.060s] Level 1:colcon.colcon_core.package_identification:_identify(src/serial_motor_demo) by extensions ['ros']
[1.060s] Level 1:colcon.colcon_core.package_identification:_identify(src/serial_motor_demo) by extension 'ros'
[1.060s] Level 1:colcon.colcon_core.package_identification:_identify(src/serial_motor_demo) by extensions ['cmake', 'python']
[1.060s] Level 1:colcon.colcon_core.package_identification:_identify(src/serial_motor_demo) by extension 'cmake'
[1.060s] Level 1:colcon.colcon_core.package_identification:_identify(src/serial_motor_demo) by extension 'python'
[1.060s] Level 1:colcon.colcon_core.package_identification:_identify(src/serial_motor_demo) by extensions ['python_setup_py']
[1.060s] Level 1:colcon.colcon_core.package_identification:_identify(src/serial_motor_demo) by extension 'python_setup_py'
[1.060s] Level 1:colcon.colcon_core.package_identification:_identify(src/serial_motor_demo/serial_motor_demo) by extensions ['ignore', 'ignore_ament_install']
[1.060s] Level 1:colcon.colcon_core.package_identification:_identify(src/serial_motor_demo/serial_motor_demo) by extension 'ignore'
[1.060s] Level 1:colcon.colcon_core.package_identification:_identify(src/serial_motor_demo/serial_motor_demo) by extension 'ignore_ament_install'
[1.060s] Level 1:colcon.colcon_core.package_identification:_identify(src/serial_motor_demo/serial_motor_demo) by extensions ['colcon_pkg']
[1.060s] Level 1:colcon.colcon_core.package_identification:_identify(src/serial_motor_demo/serial_motor_demo) by extension 'colcon_pkg'
[1.060s] Level 1:colcon.colcon_core.package_identification:_identify(src/serial_motor_demo/serial_motor_demo) by extensions ['colcon_meta']
[1.060s] Level 1:colcon.colcon_core.package_identification:_identify(src/serial_motor_demo/serial_motor_demo) by extension 'colcon_meta'
[1.060s] Level 1:colcon.colcon_core.package_identification:_identify(src/serial_motor_demo/serial_motor_demo) by extensions ['ros']
[1.060s] Level 1:colcon.colcon_core.package_identification:_identify(src/serial_motor_demo/serial_motor_demo) by extension 'ros'
[1.061s] DEBUG:colcon.colcon_core.package_identification:Package 'src/serial_motor_demo/serial_motor_demo' with type 'ros.ament_python' and name 'serial_motor_demo'
[1.061s] Level 1:colcon.colcon_core.package_identification:_identify(src/serial_motor_demo/serial_motor_demo_msgs) by extensions ['ignore', 'ignore_ament_install']
[1.061s] Level 1:colcon.colcon_core.package_identification:_identify(src/serial_motor_demo/serial_motor_demo_msgs) by extension 'ignore'
[1.061s] Level 1:colcon.colcon_core.package_identification:_identify(src/serial_motor_demo/serial_motor_demo_msgs) by extension 'ignore_ament_install'
[1.061s] Level 1:colcon.colcon_core.package_identification:_identify(src/serial_motor_demo/serial_motor_demo_msgs) by extensions ['colcon_pkg']
[1.061s] Level 1:colcon.colcon_core.package_identification:_identify(src/serial_motor_demo/serial_motor_demo_msgs) by extension 'colcon_pkg'
[1.061s] Level 1:colcon.colcon_core.package_identification:_identify(src/serial_motor_demo/serial_motor_demo_msgs) by extensions ['colcon_meta']
[1.061s] Level 1:colcon.colcon_core.package_identification:_identify(src/serial_motor_demo/serial_motor_demo_msgs) by extension 'colcon_meta'
[1.061s] Level 1:colcon.colcon_core.package_identification:_identify(src/serial_motor_demo/serial_motor_demo_msgs) by extensions ['ros']
[1.061s] Level 1:colcon.colcon_core.package_identification:_identify(src/serial_motor_demo/serial_motor_demo_msgs) by extension 'ros'
[1.062s] DEBUG:colcon.colcon_core.package_identification:Package 'src/serial_motor_demo/serial_motor_demo_msgs' with type 'ros.ament_cmake' and name 'serial_motor_demo_msgs'
[1.062s] Level 1:colcon.colcon_core.package_discovery:discover_packages(recursive) using defaults
[1.062s] Level 1:colcon.colcon_core.package_discovery:discover_packages(ignore) discover
[1.062s] Level 1:colcon.colcon_core.package_discovery:discover_packages(ignore) using defaults
[1.062s] Level 1:colcon.colcon_core.package_discovery:discover_packages(path) discover
[1.062s] Level 1:colcon.colcon_core.package_discovery:discover_packages(path) using defaults
[1.151s] Level 1:colcon.colcon_core.package_discovery:discover_packages(prefix_path) check parameters
[1.151s] Level 1:colcon.colcon_core.package_discovery:discover_packages(prefix_path) discover
[1.181s] DEBUG:colcon.colcon_installed_package_information.package_discovery:Found 7 installed packages in /home/eid/ws_gazebo/install
[1.196s] DEBUG:colcon.colcon_installed_package_information.package_discovery:Found 3 installed packages in /home/eid/colcon_ws/install
[1.212s] DEBUG:colcon.colcon_installed_package_information.package_discovery:Found 343 installed packages in /opt/ros/humble
[1.213s] Level 1:colcon.colcon_core.package_discovery:discover_packages(prefix_path) using defaults
[1.310s] Level 5:colcon.colcon_core.verb:set package 'diffdrive_arduino' build argument 'cmake_args' from command line to 'None'
[1.310s] Level 5:colcon.colcon_core.verb:set package 'diffdrive_arduino' build argument 'cmake_target' from command line to 'None'
[1.310s] Level 5:colcon.colcon_core.verb:set package 'diffdrive_arduino' build argument 'cmake_target_skip_unavailable' from command line to 'False'
[1.310s] Level 5:colcon.colcon_core.verb:set package 'diffdrive_arduino' build argument 'cmake_clean_cache' from command line to 'False'
[1.310s] Level 5:colcon.colcon_core.verb:set package 'diffdrive_arduino' build argument 'cmake_clean_first' from command line to 'False'
[1.310s] Level 5:colcon.colcon_core.verb:set package 'diffdrive_arduino' build argument 'cmake_force_configure' from command line to 'False'
[1.310s] Level 5:colcon.colcon_core.verb:set package 'diffdrive_arduino' build argument 'ament_cmake_args' from command line to 'None'
[1.310s] Level 5:colcon.colcon_core.verb:set package 'diffdrive_arduino' build argument 'catkin_cmake_args' from command line to 'None'
[1.310s] Level 5:colcon.colcon_core.verb:set package 'diffdrive_arduino' build argument 'catkin_skip_building_tests' from command line to 'False'
[1.310s] DEBUG:colcon.colcon_core.verb:Building package 'diffdrive_arduino' with the following arguments: {'ament_cmake_args': None, 'build_base': '/home/eid/ws_gazebo/build/diffdrive_arduino', 'catkin_cmake_args': None, 'catkin_skip_building_tests': False, 'cmake_args': None, 'cmake_clean_cache': False, 'cmake_clean_first': False, 'cmake_force_configure': False, 'cmake_target': None, 'cmake_target_skip_unavailable': False, 'install_base': '/home/eid/ws_gazebo/install/diffdrive_arduino', 'merge_install': False, 'path': '/home/eid/ws_gazebo/src/diffdrive_arduino', 'symlink_install': False, 'test_result_base': None}
[1.324s] Level 5:colcon.colcon_core.verb:set package 'my_first_pkg' build argument 'cmake_args' from command line to 'None'
[1.324s] Level 5:colcon.colcon_core.verb:set package 'my_first_pkg' build argument 'cmake_target' from command line to 'None'
[1.324s] Level 5:colcon.colcon_core.verb:set package 'my_first_pkg' build argument 'cmake_target_skip_unavailable' from command line to 'False'
[1.324s] Level 5:colcon.colcon_core.verb:set package 'my_first_pkg' build argument 'cmake_clean_cache' from command line to 'False'
[1.324s] Level 5:colcon.colcon_core.verb:set package 'my_first_pkg' build argument 'cmake_clean_first' from command line to 'False'
[1.324s] Level 5:colcon.colcon_core.verb:set package 'my_first_pkg' build argument 'cmake_force_configure' from command line to 'False'
[1.325s] Level 5:colcon.colcon_core.verb:set package 'my_first_pkg' build argument 'ament_cmake_args' from command line to 'None'
[1.325s] Level 5:colcon.colcon_core.verb:set package 'my_first_pkg' build argument 'catkin_cmake_args' from command line to 'None'
[1.325s] Level 5:colcon.colcon_core.verb:set package 'my_first_pkg' build argument 'catkin_skip_building_tests' from command line to 'False'
[1.325s] DEBUG:colcon.colcon_core.verb:Building package 'my_first_pkg' with the following arguments: {'ament_cmake_args': None, 'build_base': '/home/eid/ws_gazebo/build/my_first_pkg', 'catkin_cmake_args': None, 'catkin_skip_building_tests': False, 'cmake_args': None, 'cmake_clean_cache': False, 'cmake_clean_first': False, 'cmake_force_configure': False, 'cmake_target': None, 'cmake_target_skip_unavailable': False, 'install_base': '/home/eid/ws_gazebo/install/my_first_pkg', 'merge_install': False, 'path': '/home/eid/ws_gazebo/src/my_first_pkg', 'symlink_install': False, 'test_result_base': None}
[1.339s] Level 5:colcon.colcon_core.verb:set package 'nixbot' build argument 'cmake_args' from command line to 'None'
[1.339s] Level 5:colcon.colcon_core.verb:set package 'nixbot' build argument 'cmake_target' from command line to 'None'
[1.339s] Level 5:colcon.colcon_core.verb:set package 'nixbot' build argument 'cmake_target_skip_unavailable' from command line to 'False'
[1.339s] Level 5:colcon.colcon_core.verb:set package 'nixbot' build argument 'cmake_clean_cache' from command line to 'False'
[1.339s] Level 5:colcon.colcon_core.verb:set package 'nixbot' build argument 'cmake_clean_first' from command line to 'False'
[1.339s] Level 5:colcon.colcon_core.verb:set package 'nixbot' build argument 'cmake_force_configure' from command line to 'False'
[1.339s] Level 5:colcon.colcon_core.verb:set package 'nixbot' build argument 'ament_cmake_args' from command line to 'None'
[1.339s] Level 5:colcon.colcon_core.verb:set package 'nixbot' build argument 'catkin_cmake_args' from command line to 'None'
[1.339s] Level 5:colcon.colcon_core.verb:set package 'nixbot' build argument 'catkin_skip_building_tests' from command line to 'False'
[1.339s] DEBUG:colcon.colcon_core.verb:Building package 'nixbot' with the following arguments: {'ament_cmake_args': None, 'build_base': '/home/eid/ws_gazebo/build/nixbot', 'catkin_cmake_args': None, 'catkin_skip_building_tests': False, 'cmake_args': None, 'cmake_clean_cache': False, 'cmake_clean_first': False, 'cmake_force_configure': False, 'cmake_target': None, 'cmake_target_skip_unavailable': False, 'install_base': '/home/eid/ws_gazebo/install/nixbot', 'merge_install': False, 'path': '/home/eid/ws_gazebo/src/nixbot', 'symlink_install': False, 'test_result_base': None}
[1.353s] Level 5:colcon.colcon_core.verb:set package 'serial' build argument 'cmake_args' from command line to 'None'
[1.353s] Level 5:colcon.colcon_core.verb:set package 'serial' build argument 'cmake_target' from command line to 'None'
[1.353s] Level 5:colcon.colcon_core.verb:set package 'serial' build argument 'cmake_target_skip_unavailable' from command line to 'False'
[1.353s] Level 5:colcon.colcon_core.verb:set package 'serial' build argument 'cmake_clean_cache' from command line to 'False'
[1.353s] Level 5:colcon.colcon_core.verb:set package 'serial' build argument 'cmake_clean_first' from command line to 'False'
[1.353s] Level 5:colcon.colcon_core.verb:set package 'serial' build argument 'cmake_force_configure' from command line to 'False'
[1.353s] Level 5:colcon.colcon_core.verb:set package 'serial' build argument 'ament_cmake_args' from command line to 'None'
[1.353s] Level 5:colcon.colcon_core.verb:set package 'serial' build argument 'catkin_cmake_args' from command line to 'None'
[1.353s] Level 5:colcon.colcon_core.verb:set package 'serial' build argument 'catkin_skip_building_tests' from command line to 'False'
[1.353s] DEBUG:colcon.colcon_core.verb:Building package 'serial' with the following arguments: {'ament_cmake_args': None, 'build_base': '/home/eid/ws_gazebo/build/serial', 'catkin_cmake_args': None, 'catkin_skip_building_tests': False, 'cmake_args': None, 'cmake_clean_cache': False, 'cmake_clean_first': False, 'cmake_force_configure': False, 'cmake_target': None, 'cmake_target_skip_unavailable': False, 'install_base': '/home/eid/ws_gazebo/install/serial', 'merge_install': False, 'path': '/home/eid/ws_gazebo/src/serial', 'symlink_install': False, 'test_result_base': None}
[1.368s] Level 5:colcon.colcon_core.verb:set package 'serial_motor_demo_msgs' build argument 'cmake_args' from command line to 'None'
[1.368s] Level 5:colcon.colcon_core.verb:set package 'serial_motor_demo_msgs' build argument 'cmake_target' from command line to 'None'
[1.368s] Level 5:colcon.colcon_core.verb:set package 'serial_motor_demo_msgs' build argument 'cmake_target_skip_unavailable' from command line to 'False'
[1.368s] Level 5:colcon.colcon_core.verb:set package 'serial_motor_demo_msgs' build argument 'cmake_clean_cache' from command line to 'False'
[1.368s] Level 5:colcon.colcon_core.verb:set package 'serial_motor_demo_msgs' build argument 'cmake_clean_first' from command line to 'False'
[1.368s] Level 5:colcon.colcon_core.verb:set package 'serial_motor_demo_msgs' build argument 'cmake_force_configure' from command line to 'False'
[1.368s] Level 5:colcon.colcon_core.verb:set package 'serial_motor_demo_msgs' build argument 'ament_cmake_args' from command line to 'None'
[1.368s] Level 5:colcon.colcon_core.verb:set package 'serial_motor_demo_msgs' build argument 'catkin_cmake_args' from command line to 'None'
[1.368s] Level 5:colcon.colcon_core.verb:set package 'serial_motor_demo_msgs' build argument 'catkin_skip_building_tests' from command line to 'False'
[1.369s] DEBUG:colcon.colcon_core.verb:Building package 'serial_motor_demo_msgs' with the following arguments: {'ament_cmake_args': None, 'build_base': '/home/eid/ws_gazebo/build/serial_motor_demo_msgs', 'catkin_cmake_args': None, 'catkin_skip_building_tests': False, 'cmake_args': None, 'cmake_clean_cache': False, 'cmake_clean_first': False, 'cmake_force_configure': False, 'cmake_target': None, 'cmake_target_skip_unavailable': False, 'install_base': '/home/eid/ws_gazebo/install/serial_motor_demo_msgs', 'merge_install': False, 'path': '/home/eid/ws_gazebo/src/serial_motor_demo/serial_motor_demo_msgs', 'symlink_install': False, 'test_result_base': None}
[1.394s] Level 5:colcon.colcon_core.verb:set package 'serial_motor_demo' build argument 'cmake_args' from command line to 'None'
[1.394s] Level 5:colcon.colcon_core.verb:set package 'serial_motor_demo' build argument 'cmake_target' from command line to 'None'
[1.394s] Level 5:colcon.colcon_core.verb:set package 'serial_motor_demo' build argument 'cmake_target_skip_unavailable' from command line to 'False'
[1.394s] Level 5:colcon.colcon_core.verb:set package 'serial_motor_demo' build argument 'cmake_clean_cache' from command line to 'False'
[1.394s] Level 5:colcon.colcon_core.verb:set package 'serial_motor_demo' build argument 'cmake_clean_first' from command line to 'False'
[1.394s] Level 5:colcon.colcon_core.verb:set package 'serial_motor_demo' build argument 'cmake_force_configure' from command line to 'False'
[1.394s] Level 5:colcon.colcon_core.verb:set package 'serial_motor_demo' build argument 'ament_cmake_args' from command line to 'None'
[1.394s] Level 5:colcon.colcon_core.verb:set package 'serial_motor_demo' build argument 'catkin_cmake_args' from command line to 'None'
[1.394s] Level 5:colcon.colcon_core.verb:set package 'serial_motor_demo' build argument 'catkin_skip_building_tests' from command line to 'False'
[1.394s] DEBUG:colcon.colcon_core.verb:Building package 'serial_motor_demo' with the following arguments: {'ament_cmake_args': None, 'build_base': '/home/eid/ws_gazebo/build/serial_motor_demo', 'catkin_cmake_args': None, 'catkin_skip_building_tests': False, 'cmake_args': None, 'cmake_clean_cache': False, 'cmake_clean_first': False, 'cmake_force_configure': False, 'cmake_target': None, 'cmake_target_skip_unavailable': False, 'install_base': '/home/eid/ws_gazebo/install/serial_motor_demo', 'merge_install': False, 'path': '/home/eid/ws_gazebo/src/serial_motor_demo/serial_motor_demo', 'symlink_install': False, 'test_result_base': None}
[1.411s] INFO:colcon.colcon_core.executor:Executing jobs using 'parallel' executor
[1.426s] DEBUG:colcon.colcon_parallel_executor.executor.parallel:run_until_complete
[1.427s] INFO:colcon.colcon_ros.task.ament_cmake.build:Building ROS package in '/home/eid/ws_gazebo/src/serial_motor_demo/serial_motor_demo_msgs' with build type 'ament_cmake'
[1.427s] INFO:colcon.colcon_cmake.task.cmake.build:Building CMake package in '/home/eid/ws_gazebo/src/serial_motor_demo/serial_motor_demo_msgs'
[1.445s] INFO:colcon.colcon_core.plugin_system:Skipping extension 'colcon_core.shell.bat': Not used on non-Windows systems
[1.445s] INFO:colcon.colcon_core.shell:Skip shell extension 'powershell' for command environment: Not usable outside of PowerShell
[1.445s] DEBUG:colcon.colcon_core.shell:Skip shell extension 'dsv' for command environment
[1.506s] INFO:colcon.colcon_ros.task.ament_cmake.build:Building ROS package in '/home/eid/ws_gazebo/src/diffdrive_arduino' with build type 'ament_cmake'
[1.506s] INFO:colcon.colcon_cmake.task.cmake.build:Building CMake package in '/home/eid/ws_gazebo/src/diffdrive_arduino'
[1.521s] INFO:colcon.colcon_core.shell:Skip shell extension 'powershell' for command environment: Not usable outside of PowerShell
[1.521s] DEBUG:colcon.colcon_core.shell:Skip shell extension 'dsv' for command environment
[1.583s] INFO:colcon.colcon_ros.task.ament_cmake.build:Building ROS package in '/home/eid/ws_gazebo/src/my_first_pkg' with build type 'ament_cmake'
[1.584s] INFO:colcon.colcon_cmake.task.cmake.build:Building CMake package in '/home/eid/ws_gazebo/src/my_first_pkg'
[1.599s] INFO:colcon.colcon_core.shell:Skip shell extension 'powershell' for command environment: Not usable outside of PowerShell
[1.599s] DEBUG:colcon.colcon_core.shell:Skip shell extension 'dsv' for command environment
[1.660s] INFO:colcon.colcon_ros.task.ament_cmake.build:Building ROS package in '/home/eid/ws_gazebo/src/nixbot' with build type 'ament_cmake'
[1.661s] INFO:colcon.colcon_cmake.task.cmake.build:Building CMake package in '/home/eid/ws_gazebo/src/nixbot'
[1.675s] INFO:colcon.colcon_core.shell:Skip shell extension 'powershell' for command environment: Not usable outside of PowerShell
[1.675s] DEBUG:colcon.colcon_core.shell:Skip shell extension 'dsv' for command environment
[1.736s] INFO:colcon.colcon_ros.task.ament_cmake.build:Building ROS package in '/home/eid/ws_gazebo/src/serial' with build type 'ament_cmake'
[1.736s] INFO:colcon.colcon_cmake.task.cmake.build:Building CMake package in '/home/eid/ws_gazebo/src/serial'
[1.752s] INFO:colcon.colcon_core.shell:Skip shell extension 'powershell' for command environment: Not usable outside of PowerShell
[1.752s] DEBUG:colcon.colcon_core.shell:Skip shell extension 'dsv' for command environment
[1.820s] DEBUG:colcon.colcon_core.event_handler.log_command:Invoking command in '/home/eid/ws_gazebo/build/serial_motor_demo_msgs': CMAKE_PREFIX_PATH=${CMAKE_PREFIX_PATH}:/home/eid/ws_gazebo/install/serial_motor_demo:/home/eid/colcon_ws/install/move_robot:/opt/ros/humble /usr/bin/cmake --build /home/eid/ws_gazebo/build/serial_motor_demo_msgs -- -j8 -l8
[1.824s] DEBUG:colcon.colcon_core.event_handler.log_command:Invoking command in '/home/eid/ws_gazebo/build/diffdrive_arduino': CMAKE_PREFIX_PATH=${CMAKE_PREFIX_PATH}:/home/eid/ws_gazebo/install/serial_motor_demo:/home/eid/colcon_ws/install/move_robot:/opt/ros/humble /usr/bin/cmake --build /home/eid/ws_gazebo/build/diffdrive_arduino -- -j8 -l8
[1.826s] DEBUG:colcon.colcon_core.event_handler.log_command:Invoking command in '/home/eid/ws_gazebo/build/my_first_pkg': CMAKE_PREFIX_PATH=${CMAKE_PREFIX_PATH}:/home/eid/ws_gazebo/install/serial_motor_demo:/home/eid/colcon_ws/install/move_robot:/opt/ros/humble /usr/bin/cmake --build /home/eid/ws_gazebo/build/my_first_pkg -- -j8 -l8
[1.831s] DEBUG:colcon.colcon_core.event_handler.log_command:Invoking command in '/home/eid/ws_gazebo/build/nixbot': CMAKE_PREFIX_PATH=${CMAKE_PREFIX_PATH}:/home/eid/ws_gazebo/install/serial_motor_demo:/home/eid/colcon_ws/install/move_robot:/opt/ros/humble /usr/bin/cmake --build /home/eid/ws_gazebo/build/nixbot -- -j8 -l8
[1.837s] DEBUG:colcon.colcon_core.event_handler.log_command:Invoking command in '/home/eid/ws_gazebo/build/serial': CMAKE_PREFIX_PATH=${CMAKE_PREFIX_PATH}:/home/eid/ws_gazebo/install/serial_motor_demo:/home/eid/colcon_ws/install/move_robot:/opt/ros/humble /usr/bin/cmake --build /home/eid/ws_gazebo/build/serial -- -j8 -l8
[1.873s] DEBUG:colcon.colcon_core.event_handler.log_command:Invoked command in '/home/eid/ws_gazebo/build/nixbot' returned '0': CMAKE_PREFIX_PATH=${CMAKE_PREFIX_PATH}:/home/eid/ws_gazebo/install/serial_motor_demo:/home/eid/colcon_ws/install/move_robot:/opt/ros/humble /usr/bin/cmake --build /home/eid/ws_gazebo/build/nixbot -- -j8 -l8
[1.900s] DEBUG:colcon.colcon_core.event_handler.log_command:Invoked command in '/home/eid/ws_gazebo/build/my_first_pkg' returned '0': CMAKE_PREFIX_PATH=${CMAKE_PREFIX_PATH}:/home/eid/ws_gazebo/install/serial_motor_demo:/home/eid/colcon_ws/install/move_robot:/opt/ros/humble /usr/bin/cmake --build /home/eid/ws_gazebo/build/my_first_pkg -- -j8 -l8
[1.925s] DEBUG:colcon.colcon_core.event_handler.log_command:Invoked command in '/home/eid/ws_gazebo/build/diffdrive_arduino' returned '0': CMAKE_PREFIX_PATH=${CMAKE_PREFIX_PATH}:/home/eid/ws_gazebo/install/serial_motor_demo:/home/eid/colcon_ws/install/move_robot:/opt/ros/humble /usr/bin/cmake --build /home/eid/ws_gazebo/build/diffdrive_arduino -- -j8 -l8
[1.948s] DEBUG:colcon.colcon_core.event_handler.log_command:Invoking command in '/home/eid/ws_gazebo/build/nixbot': CMAKE_PREFIX_PATH=${CMAKE_PREFIX_PATH}:/home/eid/ws_gazebo/install/serial_motor_demo:/home/eid/colcon_ws/install/move_robot:/opt/ros/humble /usr/bin/cmake --install /home/eid/ws_gazebo/build/nixbot
[1.955s] DEBUG:colcon.colcon_core.event_handler.log_command:Invoking command in '/home/eid/ws_gazebo/build/my_first_pkg': CMAKE_PREFIX_PATH=${CMAKE_PREFIX_PATH}:/home/eid/ws_gazebo/install/serial_motor_demo:/home/eid/colcon_ws/install/move_robot:/opt/ros/humble /usr/bin/cmake --install /home/eid/ws_gazebo/build/my_first_pkg
[1.975s] DEBUG:colcon.colcon_core.event_handler.log_command:Invoked command in '/home/eid/ws_gazebo/build/serial' returned '0': CMAKE_PREFIX_PATH=${CMAKE_PREFIX_PATH}:/home/eid/ws_gazebo/install/serial_motor_demo:/home/eid/colcon_ws/install/move_robot:/opt/ros/humble /usr/bin/cmake --build /home/eid/ws_gazebo/build/serial -- -j8 -l8
[1.980s] Level 1:colcon.colcon_core.environment:create_environment_scripts_only(nixbot)
[1.981s] DEBUG:colcon.colcon_core.event_handler.log_command:Invoked command in '/home/eid/ws_gazebo/build/nixbot' returned '0': CMAKE_PREFIX_PATH=${CMAKE_PREFIX_PATH}:/home/eid/ws_gazebo/install/serial_motor_demo:/home/eid/colcon_ws/install/move_robot:/opt/ros/humble /usr/bin/cmake --install /home/eid/ws_gazebo/build/nixbot
[2.001s] Level 1:colcon.colcon_core.environment:checking '/home/eid/ws_gazebo/install/nixbot' for CMake module files
[2.001s] Level 1:colcon.colcon_core.environment:checking '/home/eid/ws_gazebo/install/nixbot' for CMake config files
[2.002s] Level 1:colcon.colcon_core.shell:create_environment_hook('nixbot', 'cmake_prefix_path')
[2.017s] INFO:colcon.colcon_core.shell:Creating environment hook '/home/eid/ws_gazebo/install/nixbot/share/nixbot/hook/cmake_prefix_path.ps1'
[2.018s] INFO:colcon.colcon_core.shell:Creating environment descriptor '/home/eid/ws_gazebo/install/nixbot/share/nixbot/hook/cmake_prefix_path.dsv'
[2.019s] INFO:colcon.colcon_core.shell:Creating environment hook '/home/eid/ws_gazebo/install/nixbot/share/nixbot/hook/cmake_prefix_path.sh'
[2.020s] Level 1:colcon.colcon_core.environment:checking '/home/eid/ws_gazebo/install/nixbot/bin'
[2.020s] Level 1:colcon.colcon_core.environment:checking '/home/eid/ws_gazebo/install/nixbot/lib/pkgconfig/nixbot.pc'
[2.020s] Level 1:colcon.colcon_core.environment:checking '/home/eid/ws_gazebo/install/nixbot/lib/python3.10/site-packages'
[2.021s] Level 1:colcon.colcon_core.environment:checking '/home/eid/ws_gazebo/install/nixbot/bin'
[2.040s] INFO:colcon.colcon_core.shell:Creating package script '/home/eid/ws_gazebo/install/nixbot/share/nixbot/package.ps1'
[2.041s] INFO:colcon.colcon_core.shell:Creating package descriptor '/home/eid/ws_gazebo/install/nixbot/share/nixbot/package.dsv'
[2.041s] INFO:colcon.colcon_core.shell:Creating package script '/home/eid/ws_gazebo/install/nixbot/share/nixbot/package.sh'
[2.042s] INFO:colcon.colcon_core.shell:Creating package script '/home/eid/ws_gazebo/install/nixbot/share/nixbot/package.bash'
[2.043s] INFO:colcon.colcon_core.shell:Creating package script '/home/eid/ws_gazebo/install/nixbot/share/nixbot/package.zsh'
[2.043s] Level 1:colcon.colcon_core.environment:create_file_with_runtime_dependencies(/home/eid/ws_gazebo/install/nixbot/share/colcon-core/packages/nixbot)
[2.047s] DEBUG:colcon.colcon_core.event_handler.log_command:Invoking command in '/home/eid/ws_gazebo/build/diffdrive_arduino': CMAKE_PREFIX_PATH=${CMAKE_PREFIX_PATH}:/home/eid/ws_gazebo/install/serial_motor_demo:/home/eid/colcon_ws/install/move_robot:/opt/ros/humble /usr/bin/cmake --install /home/eid/ws_gazebo/build/diffdrive_arduino
[2.050s] DEBUG:colcon.colcon_core.event_handler.log_command:Invoking command in '/home/eid/ws_gazebo/build/serial': CMAKE_PREFIX_PATH=${CMAKE_PREFIX_PATH}:/home/eid/ws_gazebo/install/serial_motor_demo:/home/eid/colcon_ws/install/move_robot:/opt/ros/humble /usr/bin/cmake --install /home/eid/ws_gazebo/build/serial
[2.053s] Level 1:colcon.colcon_core.environment:create_environment_scripts_only(my_first_pkg)
[2.054s] DEBUG:colcon.colcon_core.event_handler.log_command:Invoked command in '/home/eid/ws_gazebo/build/my_first_pkg' returned '0': CMAKE_PREFIX_PATH=${CMAKE_PREFIX_PATH}:/home/eid/ws_gazebo/install/serial_motor_demo:/home/eid/colcon_ws/install/move_robot:/opt/ros/humble /usr/bin/cmake --install /home/eid/ws_gazebo/build/my_first_pkg
[2.106s] Level 1:colcon.colcon_core.environment:checking '/home/eid/ws_gazebo/install/my_first_pkg' for CMake module files
[2.107s] Level 1:colcon.colcon_core.environment:checking '/home/eid/ws_gazebo/install/my_first_pkg' for CMake config files
[2.108s] Level 1:colcon.colcon_core.shell:create_environment_hook('my_first_pkg', 'cmake_prefix_path')
[2.141s] INFO:colcon.colcon_core.shell:Creating environment hook '/home/eid/ws_gazebo/install/my_first_pkg/share/my_first_pkg/hook/cmake_prefix_path.ps1'
[2.141s] INFO:colcon.colcon_core.shell:Creating environment descriptor '/home/eid/ws_gazebo/install/my_first_pkg/share/my_first_pkg/hook/cmake_prefix_path.dsv'
[2.142s] INFO:colcon.colcon_core.shell:Creating environment hook '/home/eid/ws_gazebo/install/my_first_pkg/share/my_first_pkg/hook/cmake_prefix_path.sh'
[2.143s] Level 1:colcon.colcon_core.environment:checking '/home/eid/ws_gazebo/install/my_first_pkg/lib'
[2.143s] Level 1:colcon.colcon_core.environment:checking '/home/eid/ws_gazebo/install/my_first_pkg/bin'
[2.143s] Level 1:colcon.colcon_core.environment:checking '/home/eid/ws_gazebo/install/my_first_pkg/lib/pkgconfig/my_first_pkg.pc'
[2.144s] Level 1:colcon.colcon_core.environment:checking '/home/eid/ws_gazebo/install/my_first_pkg/lib/python3.10/site-packages'
[2.144s] Level 1:colcon.colcon_core.environment:checking '/home/eid/ws_gazebo/install/my_first_pkg/bin'
[2.179s] INFO:colcon.colcon_core.shell:Creating package script '/home/eid/ws_gazebo/install/my_first_pkg/share/my_first_pkg/package.ps1'
[2.180s] INFO:colcon.colcon_core.shell:Creating package descriptor '/home/eid/ws_gazebo/install/my_first_pkg/share/my_first_pkg/package.dsv'
[2.180s] INFO:colcon.colcon_core.shell:Creating package script '/home/eid/ws_gazebo/install/my_first_pkg/share/my_first_pkg/package.sh'
[2.181s] INFO:colcon.colcon_core.shell:Creating package script '/home/eid/ws_gazebo/install/my_first_pkg/share/my_first_pkg/package.bash'
[2.181s] INFO:colcon.colcon_core.shell:Creating package script '/home/eid/ws_gazebo/install/my_first_pkg/share/my_first_pkg/package.zsh'
[2.182s] Level 1:colcon.colcon_core.environment:create_file_with_runtime_dependencies(/home/eid/ws_gazebo/install/my_first_pkg/share/colcon-core/packages/my_first_pkg)
[2.231s] Level 1:colcon.colcon_core.environment:create_environment_scripts_only(nixbot)
[2.267s] Level 1:colcon.colcon_core.environment:checking '/home/eid/ws_gazebo/install/nixbot' for CMake module files
[2.268s] Level 1:colcon.colcon_core.environment:checking '/home/eid/ws_gazebo/install/nixbot' for CMake config files
[2.268s] Level 1:colcon.colcon_core.shell:create_environment_hook('nixbot', 'cmake_prefix_path')
[2.300s] INFO:colcon.colcon_core.shell:Creating environment hook '/home/eid/ws_gazebo/install/nixbot/share/nixbot/hook/cmake_prefix_path.ps1'
[2.301s] INFO:colcon.colcon_core.shell:Creating environment descriptor '/home/eid/ws_gazebo/install/nixbot/share/nixbot/hook/cmake_prefix_path.dsv'
[2.302s] INFO:colcon.colcon_core.shell:Creating environment hook '/home/eid/ws_gazebo/install/nixbot/share/nixbot/hook/cmake_prefix_path.sh'
[2.303s] Level 1:colcon.colcon_core.environment:checking '/home/eid/ws_gazebo/install/nixbot/bin'
[2.303s] Level 1:colcon.colcon_core.environment:checking '/home/eid/ws_gazebo/install/nixbot/lib/pkgconfig/nixbot.pc'
[2.303s] Level 1:colcon.colcon_core.environment:checking '/home/eid/ws_gazebo/install/nixbot/lib/python3.10/site-packages'
[2.304s] Level 1:colcon.colcon_core.environment:checking '/home/eid/ws_gazebo/install/nixbot/bin'
[2.337s] INFO:colcon.colcon_core.shell:Creating package script '/home/eid/ws_gazebo/install/nixbot/share/nixbot/package.ps1'
[2.338s] INFO:colcon.colcon_core.shell:Creating package descriptor '/home/eid/ws_gazebo/install/nixbot/share/nixbot/package.dsv'
[2.338s] INFO:colcon.colcon_core.shell:Creating package script '/home/eid/ws_gazebo/install/nixbot/share/nixbot/package.sh'
[2.339s] INFO:colcon.colcon_core.shell:Creating package script '/home/eid/ws_gazebo/install/nixbot/share/nixbot/package.bash'
[2.340s] INFO:colcon.colcon_core.shell:Creating package script '/home/eid/ws_gazebo/install/nixbot/share/nixbot/package.zsh'
[2.341s] Level 1:colcon.colcon_core.environment:create_file_with_runtime_dependencies(/home/eid/ws_gazebo/install/nixbot/share/colcon-core/packages/nixbot)
[2.342s] Level 1:colcon.colcon_core.environment:create_environment_scripts_only(serial)
[2.344s] DEBUG:colcon.colcon_core.event_handler.log_command:Invoked command in '/home/eid/ws_gazebo/build/serial' returned '0': CMAKE_PREFIX_PATH=${CMAKE_PREFIX_PATH}:/home/eid/ws_gazebo/install/serial_motor_demo:/home/eid/colcon_ws/install/move_robot:/opt/ros/humble /usr/bin/cmake --install /home/eid/ws_gazebo/build/serial
[2.379s] Level 1:colcon.colcon_core.environment:checking '/home/eid/ws_gazebo/install/serial' for CMake module files
[2.380s] Level 1:colcon.colcon_core.environment:checking '/home/eid/ws_gazebo/install/serial' for CMake config files
[2.380s] Level 1:colcon.colcon_core.shell:create_environment_hook('serial', 'cmake_prefix_path')
[2.416s] INFO:colcon.colcon_core.shell:Creating environment hook '/home/eid/ws_gazebo/install/serial/share/serial/hook/cmake_prefix_path.ps1'
[2.417s] INFO:colcon.colcon_core.shell:Creating environment descriptor '/home/eid/ws_gazebo/install/serial/share/serial/hook/cmake_prefix_path.dsv'
[2.417s] INFO:colcon.colcon_core.shell:Creating environment hook '/home/eid/ws_gazebo/install/serial/share/serial/hook/cmake_prefix_path.sh'
[2.418s] Level 1:colcon.colcon_core.environment:checking '/home/eid/ws_gazebo/install/serial/lib'
[2.419s] Level 1:colcon.colcon_core.environment:checking '/home/eid/ws_gazebo/install/serial/bin'
[2.419s] Level 1:colcon.colcon_core.environment:checking '/home/eid/ws_gazebo/install/serial/lib/pkgconfig/serial.pc'
[2.419s] Level 1:colcon.colcon_core.environment:checking '/home/eid/ws_gazebo/install/serial/lib/python3.10/site-packages'
[2.420s] Level 1:colcon.colcon_core.environment:checking '/home/eid/ws_gazebo/install/serial/bin'
[2.455s] INFO:colcon.colcon_core.shell:Creating package script '/home/eid/ws_gazebo/install/serial/share/serial/package.ps1'
[2.456s] INFO:colcon.colcon_core.shell:Creating package descriptor '/home/eid/ws_gazebo/install/serial/share/serial/package.dsv'
[2.456s] INFO:colcon.colcon_core.shell:Creating package script '/home/eid/ws_gazebo/install/serial/share/serial/package.sh'
[2.457s] INFO:colcon.colcon_core.shell:Creating package script '/home/eid/ws_gazebo/install/serial/share/serial/package.bash'
[2.458s] INFO:colcon.colcon_core.shell:Creating package script '/home/eid/ws_gazebo/install/serial/share/serial/package.zsh'
[2.459s] Level 1:colcon.colcon_core.environment:create_file_with_runtime_dependencies(/home/eid/ws_gazebo/install/serial/share/colcon-core/packages/serial)
[2.461s] Level 1:colcon.colcon_core.environment:create_environment_scripts_only(diffdrive_arduino)
[2.462s] DEBUG:colcon.colcon_core.event_handler.log_command:Invoked command in '/home/eid/ws_gazebo/build/diffdrive_arduino' returned '0': CMAKE_PREFIX_PATH=${CMAKE_PREFIX_PATH}:/home/eid/ws_gazebo/install/serial_motor_demo:/home/eid/colcon_ws/install/move_robot:/opt/ros/humble /usr/bin/cmake --install /home/eid/ws_gazebo/build/diffdrive_arduino
[2.497s] Level 1:colcon.colcon_core.environment:checking '/home/eid/ws_gazebo/install/diffdrive_arduino' for CMake module files
[2.498s] Level 1:colcon.colcon_core.environment:checking '/home/eid/ws_gazebo/install/diffdrive_arduino' for CMake config files
[2.498s] Level 1:colcon.colcon_core.shell:create_environment_hook('diffdrive_arduino', 'cmake_prefix_path')
[2.530s] INFO:colcon.colcon_core.shell:Creating environment hook '/home/eid/ws_gazebo/install/diffdrive_arduino/share/diffdrive_arduino/hook/cmake_prefix_path.ps1'
[2.531s] INFO:colcon.colcon_core.shell:Creating environment descriptor '/home/eid/ws_gazebo/install/diffdrive_arduino/share/diffdrive_arduino/hook/cmake_prefix_path.dsv'
[2.532s] INFO:colcon.colcon_core.shell:Creating environment hook '/home/eid/ws_gazebo/install/diffdrive_arduino/share/diffdrive_arduino/hook/cmake_prefix_path.sh'
[2.532s] Level 1:colcon.colcon_core.environment:checking '/home/eid/ws_gazebo/install/diffdrive_arduino/lib'
[2.533s] Level 1:colcon.colcon_core.shell:create_environment_hook('diffdrive_arduino', 'ld_library_path_lib')
[2.566s] INFO:colcon.colcon_core.shell:Creating environment hook '/home/eid/ws_gazebo/install/diffdrive_arduino/share/diffdrive_arduino/hook/ld_library_path_lib.ps1'
[2.567s] INFO:colcon.colcon_core.shell:Creating environment descriptor '/home/eid/ws_gazebo/install/diffdrive_arduino/share/diffdrive_arduino/hook/ld_library_path_lib.dsv'
[2.567s] INFO:colcon.colcon_core.shell:Creating environment hook '/home/eid/ws_gazebo/install/diffdrive_arduino/share/diffdrive_arduino/hook/ld_library_path_lib.sh'
[2.568s] Level 1:colcon.colcon_core.environment:checking '/home/eid/ws_gazebo/install/diffdrive_arduino/bin'
[2.568s] Level 1:colcon.colcon_core.environment:checking '/home/eid/ws_gazebo/install/diffdrive_arduino/lib/pkgconfig/diffdrive_arduino.pc'
[2.568s] Level 1:colcon.colcon_core.environment:checking '/home/eid/ws_gazebo/install/diffdrive_arduino/lib/python3.10/site-packages'
[2.569s] Level 1:colcon.colcon_core.environment:checking '/home/eid/ws_gazebo/install/diffdrive_arduino/bin'
[2.601s] INFO:colcon.colcon_core.shell:Creating package script '/home/eid/ws_gazebo/install/diffdrive_arduino/share/diffdrive_arduino/package.ps1'
[2.602s] INFO:colcon.colcon_core.shell:Creating package descriptor '/home/eid/ws_gazebo/install/diffdrive_arduino/share/diffdrive_arduino/package.dsv'
[2.602s] INFO:colcon.colcon_core.shell:Creating package script '/home/eid/ws_gazebo/install/diffdrive_arduino/share/diffdrive_arduino/package.sh'
[2.603s] INFO:colcon.colcon_core.shell:Creating package script '/home/eid/ws_gazebo/install/diffdrive_arduino/share/diffdrive_arduino/package.bash'
[2.604s] INFO:colcon.colcon_core.shell:Creating package script '/home/eid/ws_gazebo/install/diffdrive_arduino/share/diffdrive_arduino/package.zsh'
[2.604s] Level 1:colcon.colcon_core.environment:create_file_with_runtime_dependencies(/home/eid/ws_gazebo/install/diffdrive_arduino/share/colcon-core/packages/diffdrive_arduino)
[2.641s] Level 1:colcon.colcon_core.environment:create_environment_scripts_only(my_first_pkg)
[2.673s] Level 1:colcon.colcon_core.environment:checking '/home/eid/ws_gazebo/install/my_first_pkg' for CMake module files
[2.674s] Level 1:colcon.colcon_core.environment:checking '/home/eid/ws_gazebo/install/my_first_pkg' for CMake config files
[2.675s] Level 1:colcon.colcon_core.shell:create_environment_hook('my_first_pkg', 'cmake_prefix_path')
[2.707s] INFO:colcon.colcon_core.shell:Creating environment hook '/home/eid/ws_gazebo/install/my_first_pkg/share/my_first_pkg/hook/cmake_prefix_path.ps1'
[2.707s] INFO:colcon.colcon_core.shell:Creating environment descriptor '/home/eid/ws_gazebo/install/my_first_pkg/share/my_first_pkg/hook/cmake_prefix_path.dsv'
[2.708s] INFO:colcon.colcon_core.shell:Creating environment hook '/home/eid/ws_gazebo/install/my_first_pkg/share/my_first_pkg/hook/cmake_prefix_path.sh'
[2.709s] Level 1:colcon.colcon_core.environment:checking '/home/eid/ws_gazebo/install/my_first_pkg/lib'
[2.709s] Level 1:colcon.colcon_core.environment:checking '/home/eid/ws_gazebo/install/my_first_pkg/bin'
[2.709s] Level 1:colcon.colcon_core.environment:checking '/home/eid/ws_gazebo/install/my_first_pkg/lib/pkgconfig/my_first_pkg.pc'
[2.710s] Level 1:colcon.colcon_core.environment:checking '/home/eid/ws_gazebo/install/my_first_pkg/lib/python3.10/site-packages'
[2.710s] Level 1:colcon.colcon_core.environment:checking '/home/eid/ws_gazebo/install/my_first_pkg/bin'
[2.744s] INFO:colcon.colcon_core.shell:Creating package script '/home/eid/ws_gazebo/install/my_first_pkg/share/my_first_pkg/package.ps1'
[2.745s] INFO:colcon.colcon_core.shell:Creating package descriptor '/home/eid/ws_gazebo/install/my_first_pkg/share/my_first_pkg/package.dsv'
[2.746s] INFO:colcon.colcon_core.shell:Creating package script '/home/eid/ws_gazebo/install/my_first_pkg/share/my_first_pkg/package.sh'
[2.746s] INFO:colcon.colcon_core.shell:Creating package script '/home/eid/ws_gazebo/install/my_first_pkg/share/my_first_pkg/package.bash'
[2.747s] INFO:colcon.colcon_core.shell:Creating package script '/home/eid/ws_gazebo/install/my_first_pkg/share/my_first_pkg/package.zsh'
[2.748s] Level 1:colcon.colcon_core.environment:create_file_with_runtime_dependencies(/home/eid/ws_gazebo/install/my_first_pkg/share/colcon-core/packages/my_first_pkg)
[2.752s] DEBUG:colcon.colcon_core.event_handler.log_command:Invoked command in '/home/eid/ws_gazebo/build/serial_motor_demo_msgs' returned '0': CMAKE_PREFIX_PATH=${CMAKE_PREFIX_PATH}:/home/eid/ws_gazebo/install/serial_motor_demo:/home/eid/colcon_ws/install/move_robot:/opt/ros/humble /usr/bin/cmake --build /home/eid/ws_gazebo/build/serial_motor_demo_msgs -- -j8 -l8
[2.788s] Level 1:colcon.colcon_core.environment:create_environment_scripts_only(serial)
[2.823s] Level 1:colcon.colcon_core.environment:checking '/home/eid/ws_gazebo/install/serial' for CMake module files
[2.824s] Level 1:colcon.colcon_core.environment:checking '/home/eid/ws_gazebo/install/serial' for CMake config files
[2.825s] Level 1:colcon.colcon_core.shell:create_environment_hook('serial', 'cmake_prefix_path')
[2.859s] INFO:colcon.colcon_core.shell:Creating environment hook '/home/eid/ws_gazebo/install/serial/share/serial/hook/cmake_prefix_path.ps1'
[2.860s] INFO:colcon.colcon_core.shell:Creating environment descriptor '/home/eid/ws_gazebo/install/serial/share/serial/hook/cmake_prefix_path.dsv'
[2.860s] INFO:colcon.colcon_core.shell:Creating environment hook '/home/eid/ws_gazebo/install/serial/share/serial/hook/cmake_prefix_path.sh'
[2.861s] Level 1:colcon.colcon_core.environment:checking '/home/eid/ws_gazebo/install/serial/lib'
[2.861s] Level 1:colcon.colcon_core.environment:checking '/home/eid/ws_gazebo/install/serial/bin'
[2.862s] Level 1:colcon.colcon_core.environment:checking '/home/eid/ws_gazebo/install/serial/lib/pkgconfig/serial.pc'
[2.862s] Level 1:colcon.colcon_core.environment:checking '/home/eid/ws_gazebo/install/serial/lib/python3.10/site-packages'
[2.862s] Level 1:colcon.colcon_core.environment:checking '/home/eid/ws_gazebo/install/serial/bin'
[2.896s] INFO:colcon.colcon_core.shell:Creating package script '/home/eid/ws_gazebo/install/serial/share/serial/package.ps1'
[2.897s] INFO:colcon.colcon_core.shell:Creating package descriptor '/home/eid/ws_gazebo/install/serial/share/serial/package.dsv'
[2.898s] INFO:colcon.colcon_core.shell:Creating package script '/home/eid/ws_gazebo/install/serial/share/serial/package.sh'
[2.898s] INFO:colcon.colcon_core.shell:Creating package script '/home/eid/ws_gazebo/install/serial/share/serial/package.bash'
[2.899s] INFO:colcon.colcon_core.shell:Creating package script '/home/eid/ws_gazebo/install/serial/share/serial/package.zsh'
[2.900s] Level 1:colcon.colcon_core.environment:create_file_with_runtime_dependencies(/home/eid/ws_gazebo/install/serial/share/colcon-core/packages/serial)
[2.935s] Level 1:colcon.colcon_core.environment:create_environment_scripts_only(diffdrive_arduino)
[2.970s] Level 1:colcon.colcon_core.environment:checking '/home/eid/ws_gazebo/install/diffdrive_arduino' for CMake module files
[2.971s] Level 1:colcon.colcon_core.environment:checking '/home/eid/ws_gazebo/install/diffdrive_arduino' for CMake config files
[2.971s] Level 1:colcon.colcon_core.shell:create_environment_hook('diffdrive_arduino', 'cmake_prefix_path')
[3.004s] INFO:colcon.colcon_core.shell:Creating environment hook '/home/eid/ws_gazebo/install/diffdrive_arduino/share/diffdrive_arduino/hook/cmake_prefix_path.ps1'
[3.004s] INFO:colcon.colcon_core.shell:Creating environment descriptor '/home/eid/ws_gazebo/install/diffdrive_arduino/share/diffdrive_arduino/hook/cmake_prefix_path.dsv'
[3.005s] INFO:colcon.colcon_core.shell:Creating environment hook '/home/eid/ws_gazebo/install/diffdrive_arduino/share/diffdrive_arduino/hook/cmake_prefix_path.sh'
[3.006s] Level 1:colcon.colcon_core.environment:checking '/home/eid/ws_gazebo/install/diffdrive_arduino/lib'
[3.006s] Level 1:colcon.colcon_core.shell:create_environment_hook('diffdrive_arduino', 'ld_library_path_lib')
[3.038s] INFO:colcon.colcon_core.shell:Creating environment hook '/home/eid/ws_gazebo/install/diffdrive_arduino/share/diffdrive_arduino/hook/ld_library_path_lib.ps1'
[3.039s] INFO:colcon.colcon_core.shell:Creating environment descriptor '/home/eid/ws_gazebo/install/diffdrive_arduino/share/diffdrive_arduino/hook/ld_library_path_lib.dsv'
[3.039s] INFO:colcon.colcon_core.shell:Creating environment hook '/home/eid/ws_gazebo/install/diffdrive_arduino/share/diffdrive_arduino/hook/ld_library_path_lib.sh'
[3.040s] Level 1:colcon.colcon_core.environment:checking '/home/eid/ws_gazebo/install/diffdrive_arduino/bin'
[3.040s] Level 1:colcon.colcon_core.environment:checking '/home/eid/ws_gazebo/install/diffdrive_arduino/lib/pkgconfig/diffdrive_arduino.pc'
[3.041s] Level 1:colcon.colcon_core.environment:checking '/home/eid/ws_gazebo/install/diffdrive_arduino/lib/python3.10/site-packages'
[3.041s] Level 1:colcon.colcon_core.environment:checking '/home/eid/ws_gazebo/install/diffdrive_arduino/bin'
[3.073s] INFO:colcon.colcon_core.shell:Creating package script '/home/eid/ws_gazebo/install/diffdrive_arduino/share/diffdrive_arduino/package.ps1'
[3.074s] INFO:colcon.colcon_core.shell:Creating package descriptor '/home/eid/ws_gazebo/install/diffdrive_arduino/share/diffdrive_arduino/package.dsv'
[3.075s] INFO:colcon.colcon_core.shell:Creating package script '/home/eid/ws_gazebo/install/diffdrive_arduino/share/diffdrive_arduino/package.sh'
[3.075s] INFO:colcon.colcon_core.shell:Creating package script '/home/eid/ws_gazebo/install/diffdrive_arduino/share/diffdrive_arduino/package.bash'
[3.076s] INFO:colcon.colcon_core.shell:Creating package script '/home/eid/ws_gazebo/install/diffdrive_arduino/share/diffdrive_arduino/package.zsh'
[3.077s] Level 1:colcon.colcon_core.environment:create_file_with_runtime_dependencies(/home/eid/ws_gazebo/install/diffdrive_arduino/share/colcon-core/packages/diffdrive_arduino)
[3.082s] DEBUG:colcon.colcon_core.event_handler.log_command:Invoking command in '/home/eid/ws_gazebo/build/serial_motor_demo_msgs': CMAKE_PREFIX_PATH=${CMAKE_PREFIX_PATH}:/home/eid/ws_gazebo/install/serial_motor_demo:/home/eid/colcon_ws/install/move_robot:/opt/ros/humble /usr/bin/cmake --install /home/eid/ws_gazebo/build/serial_motor_demo_msgs
[3.192s] Level 1:colcon.colcon_core.environment:create_environment_scripts_only(serial_motor_demo_msgs)
[3.193s] DEBUG:colcon.colcon_core.event_handler.log_command:Invoked command in '/home/eid/ws_gazebo/build/serial_motor_demo_msgs' returned '0': CMAKE_PREFIX_PATH=${CMAKE_PREFIX_PATH}:/home/eid/ws_gazebo/install/serial_motor_demo:/home/eid/colcon_ws/install/move_robot:/opt/ros/humble /usr/bin/cmake --install /home/eid/ws_gazebo/build/serial_motor_demo_msgs
[3.224s] Level 1:colcon.colcon_core.environment:checking '/home/eid/ws_gazebo/install/serial_motor_demo_msgs' for CMake module files
[3.225s] Level 1:colcon.colcon_core.environment:checking '/home/eid/ws_gazebo/install/serial_motor_demo_msgs' for CMake config files
[3.227s] Level 1:colcon.colcon_core.shell:create_environment_hook('serial_motor_demo_msgs', 'cmake_prefix_path')
[3.260s] INFO:colcon.colcon_core.shell:Creating environment hook '/home/eid/ws_gazebo/install/serial_motor_demo_msgs/share/serial_motor_demo_msgs/hook/cmake_prefix_path.ps1'
[3.261s] INFO:colcon.colcon_core.shell:Creating environment descriptor '/home/eid/ws_gazebo/install/serial_motor_demo_msgs/share/serial_motor_demo_msgs/hook/cmake_prefix_path.dsv'
[3.261s] INFO:colcon.colcon_core.shell:Creating environment hook '/home/eid/ws_gazebo/install/serial_motor_demo_msgs/share/serial_motor_demo_msgs/hook/cmake_prefix_path.sh'
[3.262s] Level 1:colcon.colcon_core.environment:checking '/home/eid/ws_gazebo/install/serial_motor_demo_msgs/lib'
[3.263s] Level 1:colcon.colcon_core.shell:create_environment_hook('serial_motor_demo_msgs', 'ld_library_path_lib')
[3.294s] INFO:colcon.colcon_core.shell:Creating environment hook '/home/eid/ws_gazebo/install/serial_motor_demo_msgs/share/serial_motor_demo_msgs/hook/ld_library_path_lib.ps1'
[3.295s] INFO:colcon.colcon_core.shell:Creating environment descriptor '/home/eid/ws_gazebo/install/serial_motor_demo_msgs/share/serial_motor_demo_msgs/hook/ld_library_path_lib.dsv'
[3.296s] INFO:colcon.colcon_core.shell:Creating environment hook '/home/eid/ws_gazebo/install/serial_motor_demo_msgs/share/serial_motor_demo_msgs/hook/ld_library_path_lib.sh'
[3.296s] Level 1:colcon.colcon_core.environment:checking '/home/eid/ws_gazebo/install/serial_motor_demo_msgs/bin'
[3.296s] Level 1:colcon.colcon_core.environment:checking '/home/eid/ws_gazebo/install/serial_motor_demo_msgs/lib/pkgconfig/serial_motor_demo_msgs.pc'
[3.297s] Level 1:colcon.colcon_core.environment:checking '/home/eid/ws_gazebo/install/serial_motor_demo_msgs/lib/python3.10/site-packages'
[3.297s] Level 1:colcon.colcon_core.environment:checking '/home/eid/ws_gazebo/install/serial_motor_demo_msgs/bin'
[3.329s] INFO:colcon.colcon_core.shell:Creating package script '/home/eid/ws_gazebo/install/serial_motor_demo_msgs/share/serial_motor_demo_msgs/package.ps1'
[3.330s] INFO:colcon.colcon_core.shell:Creating package descriptor '/home/eid/ws_gazebo/install/serial_motor_demo_msgs/share/serial_motor_demo_msgs/package.dsv'
[3.331s] INFO:colcon.colcon_core.shell:Creating package script '/home/eid/ws_gazebo/install/serial_motor_demo_msgs/share/serial_motor_demo_msgs/package.sh'
[3.331s] INFO:colcon.colcon_core.shell:Creating package script '/home/eid/ws_gazebo/install/serial_motor_demo_msgs/share/serial_motor_demo_msgs/package.bash'
[3.332s] INFO:colcon.colcon_core.shell:Creating package script '/home/eid/ws_gazebo/install/serial_motor_demo_msgs/share/serial_motor_demo_msgs/package.zsh'
[3.332s] Level 1:colcon.colcon_core.environment:create_file_with_runtime_dependencies(/home/eid/ws_gazebo/install/serial_motor_demo_msgs/share/colcon-core/packages/serial_motor_demo_msgs)
[3.563s] Level 1:colcon.colcon_core.environment:create_environment_scripts_only(serial_motor_demo_msgs)
[3.595s] Level 1:colcon.colcon_core.environment:checking '/home/eid/ws_gazebo/install/serial_motor_demo_msgs' for CMake module files
[3.597s] Level 1:colcon.colcon_core.environment:checking '/home/eid/ws_gazebo/install/serial_motor_demo_msgs' for CMake config files
[3.598s] Level 1:colcon.colcon_core.shell:create_environment_hook('serial_motor_demo_msgs', 'cmake_prefix_path')
[3.629s] INFO:colcon.colcon_core.shell:Creating environment hook '/home/eid/ws_gazebo/install/serial_motor_demo_msgs/share/serial_motor_demo_msgs/hook/cmake_prefix_path.ps1'
[3.630s] INFO:colcon.colcon_core.shell:Creating environment descriptor '/home/eid/ws_gazebo/install/serial_motor_demo_msgs/share/serial_motor_demo_msgs/hook/cmake_prefix_path.dsv'
[3.630s] INFO:colcon.colcon_core.shell:Creating environment hook '/home/eid/ws_gazebo/install/serial_motor_demo_msgs/share/serial_motor_demo_msgs/hook/cmake_prefix_path.sh'
[3.631s] Level 1:colcon.colcon_core.environment:checking '/home/eid/ws_gazebo/install/serial_motor_demo_msgs/lib'
[3.632s] Level 1:colcon.colcon_core.shell:create_environment_hook('serial_motor_demo_msgs', 'ld_library_path_lib')
[3.664s] INFO:colcon.colcon_core.shell:Creating environment hook '/home/eid/ws_gazebo/install/serial_motor_demo_msgs/share/serial_motor_demo_msgs/hook/ld_library_path_lib.ps1'
[3.665s] INFO:colcon.colcon_core.shell:Creating environment descriptor '/home/eid/ws_gazebo/install/serial_motor_demo_msgs/share/serial_motor_demo_msgs/hook/ld_library_path_lib.dsv'
[3.665s] INFO:colcon.colcon_core.shell:Creating environment hook '/home/eid/ws_gazebo/install/serial_motor_demo_msgs/share/serial_motor_demo_msgs/hook/ld_library_path_lib.sh'
[3.666s] Level 1:colcon.colcon_core.environment:checking '/home/eid/ws_gazebo/install/serial_motor_demo_msgs/bin'
[3.666s] Level 1:colcon.colcon_core.environment:checking '/home/eid/ws_gazebo/install/serial_motor_demo_msgs/lib/pkgconfig/serial_motor_demo_msgs.pc'
[3.667s] Level 1:colcon.colcon_core.environment:checking '/home/eid/ws_gazebo/install/serial_motor_demo_msgs/lib/python3.10/site-packages'
[3.667s] Level 1:colcon.colcon_core.environment:checking '/home/eid/ws_gazebo/install/serial_motor_demo_msgs/bin'
[3.699s] INFO:colcon.colcon_core.shell:Creating package script '/home/eid/ws_gazebo/install/serial_motor_demo_msgs/share/serial_motor_demo_msgs/package.ps1'
[3.700s] INFO:colcon.colcon_core.shell:Creating package descriptor '/home/eid/ws_gazebo/install/serial_motor_demo_msgs/share/serial_motor_demo_msgs/package.dsv'
[3.701s] INFO:colcon.colcon_core.shell:Creating package script '/home/eid/ws_gazebo/install/serial_motor_demo_msgs/share/serial_motor_demo_msgs/package.sh'
[3.702s] INFO:colcon.colcon_core.shell:Creating package script '/home/eid/ws_gazebo/install/serial_motor_demo_msgs/share/serial_motor_demo_msgs/package.bash'
[3.702s] INFO:colcon.colcon_core.shell:Creating package script '/home/eid/ws_gazebo/install/serial_motor_demo_msgs/share/serial_motor_demo_msgs/package.zsh'
[3.703s] Level 1:colcon.colcon_core.environment:create_file_with_runtime_dependencies(/home/eid/ws_gazebo/install/serial_motor_demo_msgs/share/colcon-core/packages/serial_motor_demo_msgs)
[3.703s] INFO:colcon.colcon_ros.task.ament_python.build:Building ROS package in '/home/eid/ws_gazebo/src/serial_motor_demo/serial_motor_demo' with build type 'ament_python'
[3.704s] Level 1:colcon.colcon_core.shell:create_environment_hook('serial_motor_demo', 'ament_prefix_path')
[3.739s] INFO:colcon.colcon_core.shell:Creating environment hook '/home/eid/ws_gazebo/install/serial_motor_demo/share/serial_motor_demo/hook/ament_prefix_path.ps1'
[3.740s] INFO:colcon.colcon_core.shell:Creating environment descriptor '/home/eid/ws_gazebo/install/serial_motor_demo/share/serial_motor_demo/hook/ament_prefix_path.dsv'
[3.741s] INFO:colcon.colcon_core.shell:Creating environment hook '/home/eid/ws_gazebo/install/serial_motor_demo/share/serial_motor_demo/hook/ament_prefix_path.sh'
[3.772s] INFO:colcon.colcon_core.shell:Skip shell extension 'powershell' for command environment: Not usable outside of PowerShell
[3.772s] DEBUG:colcon.colcon_core.shell:Skip shell extension 'dsv' for command environment
[4.319s] INFO:colcon.colcon_core.task.python.build:Building Python package in '/home/eid/ws_gazebo/src/serial_motor_demo/serial_motor_demo'
[4.336s] INFO:colcon.colcon_core.shell:Skip shell extension 'powershell' for command environment: Not usable outside of PowerShell
[4.336s] DEBUG:colcon.colcon_core.shell:Skip shell extension 'dsv' for command environment
[4.723s] DEBUG:colcon.colcon_core.event_handler.log_command:Invoking command in '/home/eid/ws_gazebo/src/serial_motor_demo/serial_motor_demo': PYTHONPATH=/home/eid/ws_gazebo/build/serial_motor_demo/prefix_override:/home/eid/ws_gazebo/install/serial_motor_demo/lib/python3.10/site-packages:${PYTHONPATH} /usr/bin/python3 setup.py egg_info --egg-base ../../../build/serial_motor_demo build --build-base /home/eid/ws_gazebo/build/serial_motor_demo/build install --record /home/eid/ws_gazebo/build/serial_motor_demo/install.log --install-scripts $base/lib/serial_motor_demo --single-version-externally-managed
[5.004s] DEBUG:colcon.colcon_core.event_handler.log_command:Invoked command in '/home/eid/ws_gazebo/src/serial_motor_demo/serial_motor_demo' returned '0': PYTHONPATH=/home/eid/ws_gazebo/build/serial_motor_demo/prefix_override:/home/eid/ws_gazebo/install/serial_motor_demo/lib/python3.10/site-packages:${PYTHONPATH} /usr/bin/python3 setup.py egg_info --egg-base ../../../build/serial_motor_demo build --build-base /home/eid/ws_gazebo/build/serial_motor_demo/build install --record /home/eid/ws_gazebo/build/serial_motor_demo/install.log --install-scripts $base/lib/serial_motor_demo --single-version-externally-managed
[5.021s] Level 1:colcon.colcon_core.environment:checking '/home/eid/ws_gazebo/install/serial_motor_demo' for CMake module files
[5.021s] Level 1:colcon.colcon_core.environment:checking '/home/eid/ws_gazebo/install/serial_motor_demo' for CMake config files
[5.022s] Level 1:colcon.colcon_core.environment:checking '/home/eid/ws_gazebo/install/serial_motor_demo/lib'
[5.022s] Level 1:colcon.colcon_core.environment:checking '/home/eid/ws_gazebo/install/serial_motor_demo/bin'
[5.022s] Level 1:colcon.colcon_core.environment:checking '/home/eid/ws_gazebo/install/serial_motor_demo/lib/pkgconfig/serial_motor_demo.pc'
[5.022s] Level 1:colcon.colcon_core.environment:checking '/home/eid/ws_gazebo/install/serial_motor_demo/lib/python3.10/site-packages'
[5.022s] Level 1:colcon.colcon_core.shell:create_environment_hook('serial_motor_demo', 'pythonpath')
[5.037s] INFO:colcon.colcon_core.shell:Creating environment hook '/home/eid/ws_gazebo/install/serial_motor_demo/share/serial_motor_demo/hook/pythonpath.ps1'
[5.038s] INFO:colcon.colcon_core.shell:Creating environment descriptor '/home/eid/ws_gazebo/install/serial_motor_demo/share/serial_motor_demo/hook/pythonpath.dsv'
[5.038s] INFO:colcon.colcon_core.shell:Creating environment hook '/home/eid/ws_gazebo/install/serial_motor_demo/share/serial_motor_demo/hook/pythonpath.sh'
[5.039s] Level 1:colcon.colcon_core.environment:checking '/home/eid/ws_gazebo/install/serial_motor_demo/bin'
[5.039s] Level 1:colcon.colcon_core.environment:create_environment_scripts_only(serial_motor_demo)
[5.053s] INFO:colcon.colcon_core.shell:Creating package script '/home/eid/ws_gazebo/install/serial_motor_demo/share/serial_motor_demo/package.ps1'
[5.054s] INFO:colcon.colcon_core.shell:Creating package descriptor '/home/eid/ws_gazebo/install/serial_motor_demo/share/serial_motor_demo/package.dsv'
[5.054s] INFO:colcon.colcon_core.shell:Creating package script '/home/eid/ws_gazebo/install/serial_motor_demo/share/serial_motor_demo/package.sh'
[5.055s] INFO:colcon.colcon_core.shell:Creating package script '/home/eid/ws_gazebo/install/serial_motor_demo/share/serial_motor_demo/package.bash'
[5.055s] INFO:colcon.colcon_core.shell:Creating package script '/home/eid/ws_gazebo/install/serial_motor_demo/share/serial_motor_demo/package.zsh'
[5.055s] Level 1:colcon.colcon_core.environment:create_file_with_runtime_dependencies(/home/eid/ws_gazebo/install/serial_motor_demo/share/colcon-core/packages/serial_motor_demo)
[5.055s] DEBUG:colcon.colcon_parallel_executor.executor.parallel:closing loop
[5.056s] DEBUG:colcon.colcon_parallel_executor.executor.parallel:loop closed
[5.056s] DEBUG:colcon.colcon_parallel_executor.executor.parallel:run_until_complete finished with '0'
[5.056s] DEBUG:colcon.colcon_core.event_reactor:joining thread
[5.079s] INFO:colcon.colcon_core.plugin_system:Skipping extension 'colcon_notification.desktop_notification.terminal_notifier': Not used on non-Darwin systems
[5.079s] INFO:colcon.colcon_core.plugin_system:Skipping extension 'colcon_notification.desktop_notification.win32': Not used on non-Windows systems
[5.079s] INFO:colcon.colcon_notification.desktop_notification:Sending desktop notification using 'notify2'
[5.089s] DEBUG:colcon.colcon_core.event_reactor:joined thread
[5.105s] INFO:colcon.colcon_core.shell:Creating prefix script '/home/eid/ws_gazebo/install/local_setup.ps1'
[5.106s] INFO:colcon.colcon_core.shell:Creating prefix util module '/home/eid/ws_gazebo/install/_local_setup_util_ps1.py'
[5.107s] INFO:colcon.colcon_core.shell:Creating prefix chain script '/home/eid/ws_gazebo/install/setup.ps1'
[5.123s] INFO:colcon.colcon_core.shell:Creating prefix script '/home/eid/ws_gazebo/install/local_setup.sh'
[5.124s] INFO:colcon.colcon_core.shell:Creating prefix util module '/home/eid/ws_gazebo/install/_local_setup_util_sh.py'
[5.124s] INFO:colcon.colcon_core.shell:Creating prefix chain script '/home/eid/ws_gazebo/install/setup.sh'
[5.141s] INFO:colcon.colcon_core.shell:Creating prefix script '/home/eid/ws_gazebo/install/local_setup.bash'
[5.141s] INFO:colcon.colcon_core.shell:Creating prefix chain script '/home/eid/ws_gazebo/install/setup.bash'
[5.157s] INFO:colcon.colcon_core.shell:Creating prefix script '/home/eid/ws_gazebo/install/local_setup.zsh'
[5.158s] INFO:colcon.colcon_core.shell:Creating prefix chain script '/home/eid/ws_gazebo/install/setup.zsh'
