[0.422s] Invoking command in '/home/eid/ws_gazebo/src/build/serial_motor_demo_msgs': CMAKE_PREFIX_PATH=${CMAKE_PREFIX_PATH}:/home/eid/ws_gazebo/src/install/serial_motor_demo:/home/eid/ws_gazebo/install/serial_motor_demo:/home/eid/ws_gazebo/install/my_first_pkg:/home/eid/colcon_ws/install/move_robot:/opt/ros/humble /usr/bin/cmake --build /home/eid/ws_gazebo/src/build/serial_motor_demo_msgs -- -j8 -l8
[0.484s] [  4%] Built target serial_motor_demo_msgs__cpp
[0.485s] [ 12%] Built target serial_motor_demo_msgs__rosidl_generator_c
[0.494s] [ 12%] Built target ament_cmake_python_symlink_serial_motor_demo_msgs
[0.536s] [ 23%] Built target serial_motor_demo_msgs__rosidl_typesupport_fastrtps_cpp
[0.536s] [ 34%] Built target serial_motor_demo_msgs__rosidl_typesupport_fastrtps_c
[0.538s] [ 44%] Built target serial_motor_demo_msgs__rosidl_typesupport_cpp
[0.543s] [ 55%] Built target serial_motor_demo_msgs__rosidl_typesupport_introspection_c
[0.544s] [ 65%] Built target serial_motor_demo_msgs__rosidl_typesupport_introspection_cpp
[0.554s] [ 76%] Built target serial_motor_demo_msgs__rosidl_typesupport_c
[0.586s] [ 76%] Built target serial_motor_demo_msgs
[0.612s] [ 78%] Built target serial_motor_demo_msgs__py
[0.637s] [ 87%] Built target serial_motor_demo_msgs__rosidl_generator_py
[0.660s] [ 95%] Built target serial_motor_demo_msgs__rosidl_typesupport_introspection_c__pyext
[0.661s] [ 93%] Built target serial_motor_demo_msgs__rosidl_typesupport_c__pyext
[0.666s] [100%] Built target serial_motor_demo_msgs__rosidl_typesupport_fastrtps_c__pyext
[0.856s] running egg_info
[0.857s] writing serial_motor_demo_msgs.egg-info/PKG-INFO
[0.857s] writing dependency_links to serial_motor_demo_msgs.egg-info/dependency_links.txt
[0.858s] writing top-level names to serial_motor_demo_msgs.egg-info/top_level.txt
[0.862s] reading manifest file 'serial_motor_demo_msgs.egg-info/SOURCES.txt'
[0.862s] writing manifest file 'serial_motor_demo_msgs.egg-info/SOURCES.txt'
[0.888s] [100%] Built target ament_cmake_python_build_serial_motor_demo_msgs_egg
[1.140s] Invoked command in '/home/eid/ws_gazebo/src/build/serial_motor_demo_msgs' returned '0': CMAKE_PREFIX_PATH=${CMAKE_PREFIX_PATH}:/home/eid/ws_gazebo/src/install/serial_motor_demo:/home/eid/ws_gazebo/install/serial_motor_demo:/home/eid/ws_gazebo/install/my_first_pkg:/home/eid/colcon_ws/install/move_robot:/opt/ros/humble /usr/bin/cmake --build /home/eid/ws_gazebo/src/build/serial_motor_demo_msgs -- -j8 -l8
[1.251s] Invoking command in '/home/eid/ws_gazebo/src/build/serial_motor_demo_msgs': CMAKE_PREFIX_PATH=${CMAKE_PREFIX_PATH}:/home/eid/ws_gazebo/src/install/serial_motor_demo:/home/eid/ws_gazebo/install/serial_motor_demo:/home/eid/ws_gazebo/install/my_first_pkg:/home/eid/colcon_ws/install/move_robot:/opt/ros/humble /usr/bin/cmake --install /home/eid/ws_gazebo/src/build/serial_motor_demo_msgs
[1.258s] -- Install configuration: ""
[1.259s] -- Execute custom install script
[1.259s] -- Up-to-date symlink: /home/eid/ws_gazebo/src/install/serial_motor_demo_msgs/share/ament_index/resource_index/rosidl_interfaces/serial_motor_demo_msgs
[1.260s] -- Up-to-date symlink: /home/eid/ws_gazebo/src/install/serial_motor_demo_msgs/include/serial_motor_demo_msgs/serial_motor_demo_msgs/msg/detail/encoder_vals__functions.h
[1.260s] -- Up-to-date symlink: /home/eid/ws_gazebo/src/install/serial_motor_demo_msgs/include/serial_motor_demo_msgs/serial_motor_demo_msgs/msg/detail/encoder_vals__struct.h
[1.260s] -- Up-to-date symlink: /home/eid/ws_gazebo/src/install/serial_motor_demo_msgs/include/serial_motor_demo_msgs/serial_motor_demo_msgs/msg/detail/encoder_vals__type_support.h
[1.260s] -- Up-to-date symlink: /home/eid/ws_gazebo/src/install/serial_motor_demo_msgs/include/serial_motor_demo_msgs/serial_motor_demo_msgs/msg/detail/motor_command__functions.h
[1.260s] -- Up-to-date symlink: /home/eid/ws_gazebo/src/install/serial_motor_demo_msgs/include/serial_motor_demo_msgs/serial_motor_demo_msgs/msg/detail/motor_command__struct.h
[1.260s] -- Up-to-date symlink: /home/eid/ws_gazebo/src/install/serial_motor_demo_msgs/include/serial_motor_demo_msgs/serial_motor_demo_msgs/msg/detail/motor_command__type_support.h
[1.260s] -- Up-to-date symlink: /home/eid/ws_gazebo/src/install/serial_motor_demo_msgs/include/serial_motor_demo_msgs/serial_motor_demo_msgs/msg/detail/motor_vels__functions.h
[1.261s] -- Up-to-date symlink: /home/eid/ws_gazebo/src/install/serial_motor_demo_msgs/include/serial_motor_demo_msgs/serial_motor_demo_msgs/msg/detail/motor_vels__struct.h
[1.261s] -- Up-to-date symlink: /home/eid/ws_gazebo/src/install/serial_motor_demo_msgs/include/serial_motor_demo_msgs/serial_motor_demo_msgs/msg/detail/motor_vels__type_support.h
[1.261s] -- Up-to-date symlink: /home/eid/ws_gazebo/src/install/serial_motor_demo_msgs/include/serial_motor_demo_msgs/serial_motor_demo_msgs/msg/encoder_vals.h
[1.261s] -- Up-to-date symlink: /home/eid/ws_gazebo/src/install/serial_motor_demo_msgs/include/serial_motor_demo_msgs/serial_motor_demo_msgs/msg/motor_command.h
[1.261s] -- Up-to-date symlink: /home/eid/ws_gazebo/src/install/serial_motor_demo_msgs/include/serial_motor_demo_msgs/serial_motor_demo_msgs/msg/motor_vels.h
[1.261s] -- Up-to-date symlink: /home/eid/ws_gazebo/src/install/serial_motor_demo_msgs/include/serial_motor_demo_msgs/serial_motor_demo_msgs/msg/rosidl_generator_c__visibility_control.h
[1.261s] -- Up-to-date symlink: /home/eid/ws_gazebo/src/install/serial_motor_demo_msgs/share/serial_motor_demo_msgs/environment/library_path.sh
[1.261s] -- Up-to-date symlink: /home/eid/ws_gazebo/src/install/serial_motor_demo_msgs/share/serial_motor_demo_msgs/environment/library_path.dsv
[1.262s] -- Up-to-date symlink: /home/eid/ws_gazebo/src/install/serial_motor_demo_msgs/include/serial_motor_demo_msgs/serial_motor_demo_msgs/msg/detail/encoder_vals__rosidl_typesupport_fastrtps_c.h
[1.262s] -- Up-to-date symlink: /home/eid/ws_gazebo/src/install/serial_motor_demo_msgs/include/serial_motor_demo_msgs/serial_motor_demo_msgs/msg/detail/motor_command__rosidl_typesupport_fastrtps_c.h
[1.262s] -- Up-to-date symlink: /home/eid/ws_gazebo/src/install/serial_motor_demo_msgs/include/serial_motor_demo_msgs/serial_motor_demo_msgs/msg/detail/motor_vels__rosidl_typesupport_fastrtps_c.h
[1.262s] -- Up-to-date symlink: /home/eid/ws_gazebo/src/install/serial_motor_demo_msgs/include/serial_motor_demo_msgs/serial_motor_demo_msgs/msg/rosidl_typesupport_fastrtps_c__visibility_control.h
[1.263s] -- Up-to-date symlink: /home/eid/ws_gazebo/src/install/serial_motor_demo_msgs/include/serial_motor_demo_msgs/serial_motor_demo_msgs/msg/detail/encoder_vals__rosidl_typesupport_introspection_c.h
[1.263s] -- Up-to-date symlink: /home/eid/ws_gazebo/src/install/serial_motor_demo_msgs/include/serial_motor_demo_msgs/serial_motor_demo_msgs/msg/detail/motor_command__rosidl_typesupport_introspection_c.h
[1.263s] -- Up-to-date symlink: /home/eid/ws_gazebo/src/install/serial_motor_demo_msgs/include/serial_motor_demo_msgs/serial_motor_demo_msgs/msg/detail/motor_vels__rosidl_typesupport_introspection_c.h
[1.263s] -- Up-to-date symlink: /home/eid/ws_gazebo/src/install/serial_motor_demo_msgs/include/serial_motor_demo_msgs/serial_motor_demo_msgs/msg/rosidl_typesupport_introspection_c__visibility_control.h
[1.263s] -- Up-to-date symlink: /home/eid/ws_gazebo/src/install/serial_motor_demo_msgs/include/serial_motor_demo_msgs/serial_motor_demo_msgs/msg/detail/encoder_vals__builder.hpp
[1.264s] -- Up-to-date symlink: /home/eid/ws_gazebo/src/install/serial_motor_demo_msgs/include/serial_motor_demo_msgs/serial_motor_demo_msgs/msg/detail/encoder_vals__struct.hpp
[1.264s] -- Up-to-date symlink: /home/eid/ws_gazebo/src/install/serial_motor_demo_msgs/include/serial_motor_demo_msgs/serial_motor_demo_msgs/msg/detail/encoder_vals__traits.hpp
[1.264s] -- Up-to-date symlink: /home/eid/ws_gazebo/src/install/serial_motor_demo_msgs/include/serial_motor_demo_msgs/serial_motor_demo_msgs/msg/detail/motor_command__builder.hpp
[1.264s] -- Up-to-date symlink: /home/eid/ws_gazebo/src/install/serial_motor_demo_msgs/include/serial_motor_demo_msgs/serial_motor_demo_msgs/msg/detail/motor_command__struct.hpp
[1.264s] -- Up-to-date symlink: /home/eid/ws_gazebo/src/install/serial_motor_demo_msgs/include/serial_motor_demo_msgs/serial_motor_demo_msgs/msg/detail/motor_command__traits.hpp
[1.264s] -- Up-to-date symlink: /home/eid/ws_gazebo/src/install/serial_motor_demo_msgs/include/serial_motor_demo_msgs/serial_motor_demo_msgs/msg/detail/motor_vels__builder.hpp
[1.264s] -- Up-to-date symlink: /home/eid/ws_gazebo/src/install/serial_motor_demo_msgs/include/serial_motor_demo_msgs/serial_motor_demo_msgs/msg/detail/motor_vels__struct.hpp
[1.264s] -- Up-to-date symlink: /home/eid/ws_gazebo/src/install/serial_motor_demo_msgs/include/serial_motor_demo_msgs/serial_motor_demo_msgs/msg/detail/motor_vels__traits.hpp
[1.265s] -- Up-to-date symlink: /home/eid/ws_gazebo/src/install/serial_motor_demo_msgs/include/serial_motor_demo_msgs/serial_motor_demo_msgs/msg/encoder_vals.hpp
[1.265s] -- Up-to-date symlink: /home/eid/ws_gazebo/src/install/serial_motor_demo_msgs/include/serial_motor_demo_msgs/serial_motor_demo_msgs/msg/motor_command.hpp
[1.265s] -- Up-to-date symlink: /home/eid/ws_gazebo/src/install/serial_motor_demo_msgs/include/serial_motor_demo_msgs/serial_motor_demo_msgs/msg/motor_vels.hpp
[1.265s] -- Up-to-date symlink: /home/eid/ws_gazebo/src/install/serial_motor_demo_msgs/include/serial_motor_demo_msgs/serial_motor_demo_msgs/msg/detail/encoder_vals__rosidl_typesupport_fastrtps_cpp.hpp
[1.265s] -- Up-to-date symlink: /home/eid/ws_gazebo/src/install/serial_motor_demo_msgs/include/serial_motor_demo_msgs/serial_motor_demo_msgs/msg/detail/motor_command__rosidl_typesupport_fastrtps_cpp.hpp
[1.266s] -- Up-to-date symlink: /home/eid/ws_gazebo/src/install/serial_motor_demo_msgs/include/serial_motor_demo_msgs/serial_motor_demo_msgs/msg/detail/motor_vels__rosidl_typesupport_fastrtps_cpp.hpp
[1.266s] -- Up-to-date symlink: /home/eid/ws_gazebo/src/install/serial_motor_demo_msgs/include/serial_motor_demo_msgs/serial_motor_demo_msgs/msg/rosidl_typesupport_fastrtps_cpp__visibility_control.h
[1.266s] -- Up-to-date symlink: /home/eid/ws_gazebo/src/install/serial_motor_demo_msgs/include/serial_motor_demo_msgs/serial_motor_demo_msgs/msg/detail/encoder_vals__rosidl_typesupport_introspection_cpp.hpp
[1.266s] -- Up-to-date symlink: /home/eid/ws_gazebo/src/install/serial_motor_demo_msgs/include/serial_motor_demo_msgs/serial_motor_demo_msgs/msg/detail/motor_command__rosidl_typesupport_introspection_cpp.hpp
[1.266s] -- Up-to-date symlink: /home/eid/ws_gazebo/src/install/serial_motor_demo_msgs/include/serial_motor_demo_msgs/serial_motor_demo_msgs/msg/detail/motor_vels__rosidl_typesupport_introspection_cpp.hpp
[1.267s] -- Up-to-date symlink: /home/eid/ws_gazebo/src/install/serial_motor_demo_msgs/share/serial_motor_demo_msgs/environment/pythonpath.sh
[1.267s] -- Up-to-date symlink: /home/eid/ws_gazebo/src/install/serial_motor_demo_msgs/share/serial_motor_demo_msgs/environment/pythonpath.dsv
[1.267s] -- Up-to-date symlink: /home/eid/ws_gazebo/src/install/serial_motor_demo_msgs/local/lib/python3.10/dist-packages/serial_motor_demo_msgs-0.0.0-py3.10.egg-info/PKG-INFO
[1.268s] -- Up-to-date symlink: /home/eid/ws_gazebo/src/install/serial_motor_demo_msgs/local/lib/python3.10/dist-packages/serial_motor_demo_msgs-0.0.0-py3.10.egg-info/SOURCES.txt
[1.268s] -- Up-to-date symlink: /home/eid/ws_gazebo/src/install/serial_motor_demo_msgs/local/lib/python3.10/dist-packages/serial_motor_demo_msgs-0.0.0-py3.10.egg-info/dependency_links.txt
[1.268s] -- Up-to-date symlink: /home/eid/ws_gazebo/src/install/serial_motor_demo_msgs/local/lib/python3.10/dist-packages/serial_motor_demo_msgs-0.0.0-py3.10.egg-info/top_level.txt
[1.268s] -- Up-to-date symlink: /home/eid/ws_gazebo/src/install/serial_motor_demo_msgs/local/lib/python3.10/dist-packages/serial_motor_demo_msgs/__init__.py
[1.268s] -- Up-to-date symlink: /home/eid/ws_gazebo/src/install/serial_motor_demo_msgs/local/lib/python3.10/dist-packages/serial_motor_demo_msgs/_serial_motor_demo_msgs_s.ep.rosidl_typesupport_c.c
[1.269s] -- Up-to-date symlink: /home/eid/ws_gazebo/src/install/serial_motor_demo_msgs/local/lib/python3.10/dist-packages/serial_motor_demo_msgs/_serial_motor_demo_msgs_s.ep.rosidl_typesupport_fastrtps_c.c
[1.269s] -- Up-to-date symlink: /home/eid/ws_gazebo/src/install/serial_motor_demo_msgs/local/lib/python3.10/dist-packages/serial_motor_demo_msgs/_serial_motor_demo_msgs_s.ep.rosidl_typesupport_introspection_c.c
[1.269s] -- Up-to-date symlink: /home/eid/ws_gazebo/src/install/serial_motor_demo_msgs/local/lib/python3.10/dist-packages/serial_motor_demo_msgs/libserial_motor_demo_msgs__rosidl_generator_py.so
[1.269s] -- Up-to-date symlink: /home/eid/ws_gazebo/src/install/serial_motor_demo_msgs/local/lib/python3.10/dist-packages/serial_motor_demo_msgs/msg/__init__.py
[1.269s] -- Up-to-date symlink: /home/eid/ws_gazebo/src/install/serial_motor_demo_msgs/local/lib/python3.10/dist-packages/serial_motor_demo_msgs/msg/_encoder_vals.py
[1.269s] -- Up-to-date symlink: /home/eid/ws_gazebo/src/install/serial_motor_demo_msgs/local/lib/python3.10/dist-packages/serial_motor_demo_msgs/msg/_encoder_vals_s.c
[1.269s] -- Up-to-date symlink: /home/eid/ws_gazebo/src/install/serial_motor_demo_msgs/local/lib/python3.10/dist-packages/serial_motor_demo_msgs/msg/_motor_command.py
[1.270s] -- Up-to-date symlink: /home/eid/ws_gazebo/src/install/serial_motor_demo_msgs/local/lib/python3.10/dist-packages/serial_motor_demo_msgs/msg/_motor_command_s.c
[1.270s] -- Up-to-date symlink: /home/eid/ws_gazebo/src/install/serial_motor_demo_msgs/local/lib/python3.10/dist-packages/serial_motor_demo_msgs/msg/_motor_vels.py
[1.270s] -- Up-to-date symlink: /home/eid/ws_gazebo/src/install/serial_motor_demo_msgs/local/lib/python3.10/dist-packages/serial_motor_demo_msgs/msg/_motor_vels_s.c
[1.270s] -- Up-to-date symlink: /home/eid/ws_gazebo/src/install/serial_motor_demo_msgs/local/lib/python3.10/dist-packages/serial_motor_demo_msgs/serial_motor_demo_msgs_s__rosidl_typesupport_c.cpython-310-x86_64-linux-gnu.so
[1.270s] -- Up-to-date symlink: /home/eid/ws_gazebo/src/install/serial_motor_demo_msgs/local/lib/python3.10/dist-packages/serial_motor_demo_msgs/serial_motor_demo_msgs_s__rosidl_typesupport_fastrtps_c.cpython-310-x86_64-linux-gnu.so
[1.270s] -- Up-to-date symlink: /home/eid/ws_gazebo/src/install/serial_motor_demo_msgs/local/lib/python3.10/dist-packages/serial_motor_demo_msgs/serial_motor_demo_msgs_s__rosidl_typesupport_introspection_c.cpython-310-x86_64-linux-gnu.so
[1.271s] -- Up-to-date symlink: /home/eid/ws_gazebo/src/install/serial_motor_demo_msgs/local/lib/python3.10/dist-packages/serial_motor_demo_msgs/serial_motor_demo_msgs_s__rosidl_typesupport_fastrtps_c.cpython-310-x86_64-linux-gnu.so
[1.271s] -- Up-to-date symlink: /home/eid/ws_gazebo/src/install/serial_motor_demo_msgs/local/lib/python3.10/dist-packages/serial_motor_demo_msgs/serial_motor_demo_msgs_s__rosidl_typesupport_introspection_c.cpython-310-x86_64-linux-gnu.so
[1.272s] -- Up-to-date symlink: /home/eid/ws_gazebo/src/install/serial_motor_demo_msgs/local/lib/python3.10/dist-packages/serial_motor_demo_msgs/serial_motor_demo_msgs_s__rosidl_typesupport_c.cpython-310-x86_64-linux-gnu.so
[1.272s] -- Up-to-date symlink: /home/eid/ws_gazebo/src/install/serial_motor_demo_msgs/share/serial_motor_demo_msgs/msg/MotorCommand.idl
[1.272s] -- Up-to-date symlink: /home/eid/ws_gazebo/src/install/serial_motor_demo_msgs/share/serial_motor_demo_msgs/msg/MotorVels.idl
[1.272s] -- Up-to-date symlink: /home/eid/ws_gazebo/src/install/serial_motor_demo_msgs/share/serial_motor_demo_msgs/msg/EncoderVals.idl
[1.272s] -- Up-to-date symlink: /home/eid/ws_gazebo/src/install/serial_motor_demo_msgs/share/serial_motor_demo_msgs/msg/MotorCommand.msg
[1.273s] -- Up-to-date symlink: /home/eid/ws_gazebo/src/install/serial_motor_demo_msgs/share/serial_motor_demo_msgs/msg/MotorVels.msg
[1.273s] -- Up-to-date symlink: /home/eid/ws_gazebo/src/install/serial_motor_demo_msgs/share/serial_motor_demo_msgs/msg/EncoderVals.msg
[1.273s] -- Up-to-date symlink: /home/eid/ws_gazebo/src/install/serial_motor_demo_msgs/share/ament_index/resource_index/package_run_dependencies/serial_motor_demo_msgs
[1.273s] -- Up-to-date symlink: /home/eid/ws_gazebo/src/install/serial_motor_demo_msgs/share/ament_index/resource_index/parent_prefix_path/serial_motor_demo_msgs
[1.273s] -- Up-to-date symlink: /home/eid/ws_gazebo/src/install/serial_motor_demo_msgs/share/serial_motor_demo_msgs/environment/ament_prefix_path.sh
[1.274s] -- Up-to-date symlink: /home/eid/ws_gazebo/src/install/serial_motor_demo_msgs/share/serial_motor_demo_msgs/environment/ament_prefix_path.dsv
[1.274s] -- Up-to-date symlink: /home/eid/ws_gazebo/src/install/serial_motor_demo_msgs/share/serial_motor_demo_msgs/environment/path.sh
[1.274s] -- Up-to-date symlink: /home/eid/ws_gazebo/src/install/serial_motor_demo_msgs/share/serial_motor_demo_msgs/environment/path.dsv
[1.274s] -- Up-to-date symlink: /home/eid/ws_gazebo/src/install/serial_motor_demo_msgs/share/serial_motor_demo_msgs/local_setup.bash
[1.275s] -- Up-to-date symlink: /home/eid/ws_gazebo/src/install/serial_motor_demo_msgs/share/serial_motor_demo_msgs/local_setup.sh
[1.275s] -- Up-to-date symlink: /home/eid/ws_gazebo/src/install/serial_motor_demo_msgs/share/serial_motor_demo_msgs/local_setup.zsh
[1.275s] -- Up-to-date symlink: /home/eid/ws_gazebo/src/install/serial_motor_demo_msgs/share/serial_motor_demo_msgs/local_setup.dsv
[1.275s] -- Symlinking: /home/eid/ws_gazebo/src/install/serial_motor_demo_msgs/share/serial_motor_demo_msgs/package.dsv
[1.285s] -- Up-to-date symlink: /home/eid/ws_gazebo/src/install/serial_motor_demo_msgs/share/ament_index/resource_index/packages/serial_motor_demo_msgs
[1.285s] -- Up-to-date symlink: /home/eid/ws_gazebo/src/install/serial_motor_demo_msgs/share/serial_motor_demo_msgs/cmake/rosidl_cmake-extras.cmake
[1.285s] -- Up-to-date symlink: /home/eid/ws_gazebo/src/install/serial_motor_demo_msgs/share/serial_motor_demo_msgs/cmake/ament_cmake_export_include_directories-extras.cmake
[1.285s] -- Up-to-date symlink: /home/eid/ws_gazebo/src/install/serial_motor_demo_msgs/share/serial_motor_demo_msgs/cmake/ament_cmake_export_libraries-extras.cmake
[1.285s] -- Up-to-date symlink: /home/eid/ws_gazebo/src/install/serial_motor_demo_msgs/share/serial_motor_demo_msgs/cmake/ament_cmake_export_targets-extras.cmake
[1.285s] -- Up-to-date symlink: /home/eid/ws_gazebo/src/install/serial_motor_demo_msgs/share/serial_motor_demo_msgs/cmake/rosidl_cmake_export_typesupport_targets-extras.cmake
[1.286s] -- Up-to-date symlink: /home/eid/ws_gazebo/src/install/serial_motor_demo_msgs/share/serial_motor_demo_msgs/cmake/ament_cmake_export_dependencies-extras.cmake
[1.286s] -- Up-to-date symlink: /home/eid/ws_gazebo/src/install/serial_motor_demo_msgs/share/serial_motor_demo_msgs/cmake/rosidl_cmake_export_typesupport_libraries-extras.cmake
[1.286s] -- Up-to-date symlink: /home/eid/ws_gazebo/src/install/serial_motor_demo_msgs/share/serial_motor_demo_msgs/cmake/serial_motor_demo_msgsConfig.cmake
[1.286s] -- Up-to-date symlink: /home/eid/ws_gazebo/src/install/serial_motor_demo_msgs/share/serial_motor_demo_msgs/cmake/serial_motor_demo_msgsConfig-version.cmake
[1.286s] -- Up-to-date symlink: /home/eid/ws_gazebo/src/install/serial_motor_demo_msgs/share/serial_motor_demo_msgs/package.xml
[1.287s] -- Up-to-date: /home/eid/ws_gazebo/src/install/serial_motor_demo_msgs/lib/libserial_motor_demo_msgs__rosidl_generator_c.so
[1.287s] -- Up-to-date: /home/eid/ws_gazebo/src/install/serial_motor_demo_msgs/lib/libserial_motor_demo_msgs__rosidl_typesupport_fastrtps_c.so
[1.288s] -- Up-to-date: /home/eid/ws_gazebo/src/install/serial_motor_demo_msgs/lib/libserial_motor_demo_msgs__rosidl_typesupport_introspection_c.so
[1.288s] -- Up-to-date: /home/eid/ws_gazebo/src/install/serial_motor_demo_msgs/lib/libserial_motor_demo_msgs__rosidl_typesupport_c.so
[1.288s] -- Up-to-date: /home/eid/ws_gazebo/src/install/serial_motor_demo_msgs/lib/libserial_motor_demo_msgs__rosidl_typesupport_fastrtps_cpp.so
[1.289s] -- Up-to-date: /home/eid/ws_gazebo/src/install/serial_motor_demo_msgs/lib/libserial_motor_demo_msgs__rosidl_typesupport_introspection_cpp.so
[1.289s] -- Up-to-date: /home/eid/ws_gazebo/src/install/serial_motor_demo_msgs/lib/libserial_motor_demo_msgs__rosidl_typesupport_cpp.so
[1.322s] Listing '/home/eid/ws_gazebo/src/install/serial_motor_demo_msgs/local/lib/python3.10/dist-packages/serial_motor_demo_msgs'...
[1.322s] Listing '/home/eid/ws_gazebo/src/install/serial_motor_demo_msgs/local/lib/python3.10/dist-packages/serial_motor_demo_msgs/msg'...
[1.326s] -- Up-to-date: /home/eid/ws_gazebo/src/install/serial_motor_demo_msgs/lib/libserial_motor_demo_msgs__rosidl_generator_py.so
[1.327s] -- Up-to-date: /home/eid/ws_gazebo/src/install/serial_motor_demo_msgs/share/serial_motor_demo_msgs/cmake/export_serial_motor_demo_msgs__rosidl_generator_cExport.cmake
[1.327s] -- Up-to-date: /home/eid/ws_gazebo/src/install/serial_motor_demo_msgs/share/serial_motor_demo_msgs/cmake/export_serial_motor_demo_msgs__rosidl_generator_cExport-noconfig.cmake
[1.327s] -- Up-to-date: /home/eid/ws_gazebo/src/install/serial_motor_demo_msgs/share/serial_motor_demo_msgs/cmake/export_serial_motor_demo_msgs__rosidl_typesupport_fastrtps_cExport.cmake
[1.327s] -- Up-to-date: /home/eid/ws_gazebo/src/install/serial_motor_demo_msgs/share/serial_motor_demo_msgs/cmake/export_serial_motor_demo_msgs__rosidl_typesupport_fastrtps_cExport-noconfig.cmake
[1.327s] -- Up-to-date: /home/eid/ws_gazebo/src/install/serial_motor_demo_msgs/share/serial_motor_demo_msgs/cmake/serial_motor_demo_msgs__rosidl_typesupport_introspection_cExport.cmake
[1.327s] -- Up-to-date: /home/eid/ws_gazebo/src/install/serial_motor_demo_msgs/share/serial_motor_demo_msgs/cmake/serial_motor_demo_msgs__rosidl_typesupport_introspection_cExport-noconfig.cmake
[1.327s] -- Up-to-date: /home/eid/ws_gazebo/src/install/serial_motor_demo_msgs/share/serial_motor_demo_msgs/cmake/serial_motor_demo_msgs__rosidl_typesupport_cExport.cmake
[1.327s] -- Up-to-date: /home/eid/ws_gazebo/src/install/serial_motor_demo_msgs/share/serial_motor_demo_msgs/cmake/serial_motor_demo_msgs__rosidl_typesupport_cExport-noconfig.cmake
[1.327s] -- Up-to-date: /home/eid/ws_gazebo/src/install/serial_motor_demo_msgs/share/serial_motor_demo_msgs/cmake/export_serial_motor_demo_msgs__rosidl_generator_cppExport.cmake
[1.327s] -- Up-to-date: /home/eid/ws_gazebo/src/install/serial_motor_demo_msgs/share/serial_motor_demo_msgs/cmake/export_serial_motor_demo_msgs__rosidl_typesupport_fastrtps_cppExport.cmake
[1.328s] -- Up-to-date: /home/eid/ws_gazebo/src/install/serial_motor_demo_msgs/share/serial_motor_demo_msgs/cmake/export_serial_motor_demo_msgs__rosidl_typesupport_fastrtps_cppExport-noconfig.cmake
[1.328s] -- Up-to-date: /home/eid/ws_gazebo/src/install/serial_motor_demo_msgs/share/serial_motor_demo_msgs/cmake/serial_motor_demo_msgs__rosidl_typesupport_introspection_cppExport.cmake
[1.328s] -- Up-to-date: /home/eid/ws_gazebo/src/install/serial_motor_demo_msgs/share/serial_motor_demo_msgs/cmake/serial_motor_demo_msgs__rosidl_typesupport_introspection_cppExport-noconfig.cmake
[1.328s] -- Up-to-date: /home/eid/ws_gazebo/src/install/serial_motor_demo_msgs/share/serial_motor_demo_msgs/cmake/serial_motor_demo_msgs__rosidl_typesupport_cppExport.cmake
[1.328s] -- Up-to-date: /home/eid/ws_gazebo/src/install/serial_motor_demo_msgs/share/serial_motor_demo_msgs/cmake/serial_motor_demo_msgs__rosidl_typesupport_cppExport-noconfig.cmake
[1.328s] -- Up-to-date: /home/eid/ws_gazebo/src/install/serial_motor_demo_msgs/share/serial_motor_demo_msgs/cmake/export_serial_motor_demo_msgs__rosidl_generator_pyExport.cmake
[1.328s] -- Up-to-date: /home/eid/ws_gazebo/src/install/serial_motor_demo_msgs/share/serial_motor_demo_msgs/cmake/export_serial_motor_demo_msgs__rosidl_generator_pyExport-noconfig.cmake
[1.331s] Invoked command in '/home/eid/ws_gazebo/src/build/serial_motor_demo_msgs' returned '0': CMAKE_PREFIX_PATH=${CMAKE_PREFIX_PATH}:/home/eid/ws_gazebo/src/install/serial_motor_demo:/home/eid/ws_gazebo/install/serial_motor_demo:/home/eid/ws_gazebo/install/my_first_pkg:/home/eid/colcon_ws/install/move_robot:/opt/ros/humble /usr/bin/cmake --install /home/eid/ws_gazebo/src/build/serial_motor_demo_msgs
