[0.074s] Invoking command in '/home/eid/ws_gazebo/build/nixbot': CMAKE_PREFIX_PATH=${CMAKE_PREFIX_PATH}:/home/eid/colcon_ws/install/move_robot:/opt/ros/humble /usr/bin/cmake --build /home/eid/ws_gazebo/build/nixbot -- -j8 -l8
[0.109s] Invoked command in '/home/eid/ws_gazebo/build/nixbot' returned '0': CMAKE_PREFIX_PATH=${CMAKE_PREFIX_PATH}:/home/eid/colcon_ws/install/move_robot:/opt/ros/humble /usr/bin/cmake --build /home/eid/ws_gazebo/build/nixbot -- -j8 -l8
[0.142s] Invoking command in '/home/eid/ws_gazebo/build/nixbot': CMAKE_PREFIX_PATH=${CMAKE_PREFIX_PATH}:/home/eid/colcon_ws/install/move_robot:/opt/ros/humble /usr/bin/cmake --install /home/eid/ws_gazebo/build/nixbot
[0.153s] -- Install configuration: ""
[0.153s] -- Up-to-date: /home/eid/ws_gazebo/install/nixbot/share/nixbot//launch
[0.153s] -- Up-to-date: /home/eid/ws_gazebo/install/nixbot/share/nixbot//launch/gazebo_model.launch.py
[0.154s] -- Up-to-date: /home/eid/ws_gazebo/install/nixbot/share/nixbot//launch/display.launch.py
[0.154s] -- Up-to-date: /home/eid/ws_gazebo/install/nixbot/share/nixbot//model
[0.154s] -- Up-to-date: /home/eid/ws_gazebo/install/nixbot/share/nixbot//model/rob.urdf
[0.154s] -- Up-to-date: /home/eid/ws_gazebo/install/nixbot/share/nixbot//rviz
[0.154s] -- Up-to-date: /home/eid/ws_gazebo/install/nixbot/share/nixbot//rviz/config.rviz
[0.154s] -- Up-to-date: /home/eid/ws_gazebo/install/nixbot/share/ament_index/resource_index/package_run_dependencies/nixbot
[0.154s] -- Up-to-date: /home/eid/ws_gazebo/install/nixbot/share/ament_index/resource_index/parent_prefix_path/nixbot
[0.154s] -- Up-to-date: /home/eid/ws_gazebo/install/nixbot/share/nixbot/environment/ament_prefix_path.sh
[0.154s] -- Up-to-date: /home/eid/ws_gazebo/install/nixbot/share/nixbot/environment/ament_prefix_path.dsv
[0.154s] -- Up-to-date: /home/eid/ws_gazebo/install/nixbot/share/nixbot/environment/path.sh
[0.154s] -- Up-to-date: /home/eid/ws_gazebo/install/nixbot/share/nixbot/environment/path.dsv
[0.154s] -- Up-to-date: /home/eid/ws_gazebo/install/nixbot/share/nixbot/local_setup.bash
[0.154s] -- Up-to-date: /home/eid/ws_gazebo/install/nixbot/share/nixbot/local_setup.sh
[0.155s] -- Up-to-date: /home/eid/ws_gazebo/install/nixbot/share/nixbot/local_setup.zsh
[0.155s] -- Up-to-date: /home/eid/ws_gazebo/install/nixbot/share/nixbot/local_setup.dsv
[0.155s] -- Installing: /home/eid/ws_gazebo/install/nixbot/share/nixbot/package.dsv
[0.155s] -- Up-to-date: /home/eid/ws_gazebo/install/nixbot/share/ament_index/resource_index/packages/nixbot
[0.155s] -- Up-to-date: /home/eid/ws_gazebo/install/nixbot/share/nixbot/cmake/nixbotConfig.cmake
[0.155s] -- Up-to-date: /home/eid/ws_gazebo/install/nixbot/share/nixbot/cmake/nixbotConfig-version.cmake
[0.155s] -- Up-to-date: /home/eid/ws_gazebo/install/nixbot/share/nixbot/package.xml
[0.158s] Invoked command in '/home/eid/ws_gazebo/build/nixbot' returned '0': CMAKE_PREFIX_PATH=${CMAKE_PREFIX_PATH}:/home/eid/colcon_ws/install/move_robot:/opt/ros/humble /usr/bin/cmake --install /home/eid/ws_gazebo/build/nixbot
