[0.891s] Invoking command in '/home/eid/ws_gazebo/build/diffdrive_arduino': CMAKE_PREFIX_PATH=${CMAKE_PREFIX_PATH}:/home/eid/colcon_ws/install/move_robot:/opt/ros/humble /usr/bin/cmake /home/eid/ws_gazebo/src/diffdrive_arduino -DCMAKE_INSTALL_PREFIX=/home/eid/ws_gazebo/install/diffdrive_arduino
[1.070s] -- The CXX compiler identification is GNU 11.4.0
[1.096s] -- Detecting CXX compiler ABI info
[1.283s] -- Detecting CXX compiler ABI info - done
[1.317s] -- Check for working CXX compiler: /usr/bin/c++ - skipped
[1.318s] -- Detecting CXX compile features
[1.318s] -- Detecting CXX compile features - done
[1.336s] -- Found ament_cmake: 1.3.8 (/opt/ros/humble/share/ament_cmake/cmake)
[1.726s] -- Found Python3: /usr/bin/python3 (found version "3.10.12") found components: Interpreter 
[1.940s] -- Found hardware_interface: 2.39.1 (/opt/ros/humble/share/hardware_interface/cmake)
[2.053s] -- Found rosidl_generator_c: 3.1.5 (/opt/ros/humble/share/rosidl_generator_c/cmake)
[2.067s] -- Found rosidl_adapter: 3.1.5 (/opt/ros/humble/share/rosidl_adapter/cmake)
[2.089s] -- Found rosidl_generator_cpp: 3.1.5 (/opt/ros/humble/share/rosidl_generator_cpp/cmake)
[2.127s] -- Using all available rosidl_typesupport_c: rosidl_typesupport_fastrtps_c;rosidl_typesupport_introspection_c
[2.180s] -- Using all available rosidl_typesupport_cpp: rosidl_typesupport_fastrtps_cpp;rosidl_typesupport_introspection_cpp
[3.931s] -- Found rmw_implementation_cmake: 6.1.1 (/opt/ros/humble/share/rmw_implementation_cmake/cmake)
[3.938s] -- Found rmw_fastrtps_cpp: 6.2.6 (/opt/ros/humble/share/rmw_fastrtps_cpp/cmake)
[4.047s] -- Found TinyXML2 via Config file: TinyXML2_DIR-NOTFOUND
[4.115s] -- Found OpenSSL: /usr/lib/x86_64-linux-gnu/libcrypto.so (found version "3.0.2")  
[4.120s] -- Found TinyXML2 via Config file: TinyXML2_DIR-NOTFOUND
[4.165s] -- Found FastRTPS: /opt/ros/humble/include  
[4.184s] -- Found TinyXML2 via Config file: TinyXML2_DIR-NOTFOUND
[4.196s] -- Found TinyXML2 via Config file: TinyXML2_DIR-NOTFOUND
[4.209s] -- Using RMW implementation 'rmw_fastrtps_cpp' as default
[4.243s] -- Looking for C++ include pthread.h
[4.395s] -- Looking for C++ include pthread.h - found
[4.395s] -- Performing Test CMAKE_HAVE_LIBC_PTHREAD
[4.583s] -- Performing Test CMAKE_HAVE_LIBC_PTHREAD - Success
[4.586s] -- Found Threads: TRUE  
[5.324s] -- Found ament_cmake_gtest: 1.3.8 (/opt/ros/humble/share/ament_cmake_gtest/cmake)
[5.569s] -- Configuring done
[5.690s] -- Generating done
[5.696s] -- Build files have been written to: /home/eid/ws_gazebo/build/diffdrive_arduino
[5.727s] Invoked command in '/home/eid/ws_gazebo/build/diffdrive_arduino' returned '0': CMAKE_PREFIX_PATH=${CMAKE_PREFIX_PATH}:/home/eid/colcon_ws/install/move_robot:/opt/ros/humble /usr/bin/cmake /home/eid/ws_gazebo/src/diffdrive_arduino -DCMAKE_INSTALL_PREFIX=/home/eid/ws_gazebo/install/diffdrive_arduino
[5.728s] Invoking command in '/home/eid/ws_gazebo/build/diffdrive_arduino': CMAKE_PREFIX_PATH=${CMAKE_PREFIX_PATH}:/home/eid/colcon_ws/install/move_robot:/opt/ros/humble /usr/bin/cmake --build /home/eid/ws_gazebo/build/diffdrive_arduino -- -j8 -l8
[5.900s] [ 50%] [32mBuilding CXX object CMakeFiles/diffdrive_arduino.dir/hardware/diffbot_system.cpp.o[0m
[15.865s] [100%] [32m[1mLinking CXX shared library libdiffdrive_arduino.so[0m
[16.228s] [100%] Built target diffdrive_arduino
[16.248s] Invoked command in '/home/eid/ws_gazebo/build/diffdrive_arduino' returned '0': CMAKE_PREFIX_PATH=${CMAKE_PREFIX_PATH}:/home/eid/colcon_ws/install/move_robot:/opt/ros/humble /usr/bin/cmake --build /home/eid/ws_gazebo/build/diffdrive_arduino -- -j8 -l8
[16.300s] Invoking command in '/home/eid/ws_gazebo/build/diffdrive_arduino': CMAKE_PREFIX_PATH=${CMAKE_PREFIX_PATH}:/home/eid/colcon_ws/install/move_robot:/opt/ros/humble /usr/bin/cmake --install /home/eid/ws_gazebo/build/diffdrive_arduino
[16.315s] -- Install configuration: ""
[16.315s] -- Installing: /home/eid/ws_gazebo/install/diffdrive_arduino/share/diffdrive_arduino/diffdrive_arduino.xml
[16.316s] -- Installing: /home/eid/ws_gazebo/install/diffdrive_arduino/include/diffdrive_arduino
[16.316s] -- Installing: /home/eid/ws_gazebo/install/diffdrive_arduino/include/diffdrive_arduino/diffdrive_arduino
[16.316s] -- Installing: /home/eid/ws_gazebo/install/diffdrive_arduino/include/diffdrive_arduino/diffdrive_arduino/visibility_control.h
[16.317s] -- Installing: /home/eid/ws_gazebo/install/diffdrive_arduino/include/diffdrive_arduino/diffdrive_arduino/diffbot_system.hpp
[16.317s] -- Installing: /home/eid/ws_gazebo/install/diffdrive_arduino/include/diffdrive_arduino/diffdrive_arduino/arduino_comms.hpp
[16.317s] -- Installing: /home/eid/ws_gazebo/install/diffdrive_arduino/include/diffdrive_arduino/diffdrive_arduino/wheel.hpp
[16.318s] -- Installing: /home/eid/ws_gazebo/install/diffdrive_arduino/share/diffdrive_arduino/launch
[16.318s] -- Installing: /home/eid/ws_gazebo/install/diffdrive_arduino/share/diffdrive_arduino/launch/view_robot.launch.py
[16.318s] -- Installing: /home/eid/ws_gazebo/install/diffdrive_arduino/share/diffdrive_arduino/ros2_control
[16.318s] -- Installing: /home/eid/ws_gazebo/install/diffdrive_arduino/share/diffdrive_arduino/ros2_control/diffbot.ros2_control.xacro
[16.319s] -- Installing: /home/eid/ws_gazebo/install/diffdrive_arduino/share/diffdrive_arduino/urdf
[16.319s] -- Installing: /home/eid/ws_gazebo/install/diffdrive_arduino/share/diffdrive_arduino/urdf/diffbot.urdf.xacro
[16.319s] -- Installing: /home/eid/ws_gazebo/install/diffdrive_arduino/share/diffdrive_arduino/urdf/diffbot_description.urdf.xacro
[16.319s] -- Installing: /home/eid/ws_gazebo/install/diffdrive_arduino/share/diffdrive_arduino/urdf/diffbot.materials.xacro
[16.320s] -- Installing: /home/eid/ws_gazebo/install/diffdrive_arduino/share/diffdrive_arduino/rviz
[16.320s] -- Installing: /home/eid/ws_gazebo/install/diffdrive_arduino/share/diffdrive_arduino/rviz/diffbot_view.rviz
[16.321s] -- Installing: /home/eid/ws_gazebo/install/diffdrive_arduino/share/diffdrive_arduino/rviz/diffbot.rviz
[16.321s] -- Up-to-date: /home/eid/ws_gazebo/install/diffdrive_arduino/share/diffdrive_arduino/launch
[16.322s] -- Installing: /home/eid/ws_gazebo/install/diffdrive_arduino/share/diffdrive_arduino/launch/diffbot.launch.py
[16.322s] -- Installing: /home/eid/ws_gazebo/install/diffdrive_arduino/share/diffdrive_arduino/config
[16.323s] -- Installing: /home/eid/ws_gazebo/install/diffdrive_arduino/share/diffdrive_arduino/config/diffbot_controllers.yaml
[16.323s] -- Installing: /home/eid/ws_gazebo/install/diffdrive_arduino/lib/libdiffdrive_arduino.so
[16.324s] -- Set runtime path of "/home/eid/ws_gazebo/install/diffdrive_arduino/lib/libdiffdrive_arduino.so" to ""
[16.324s] -- Installing: /home/eid/ws_gazebo/install/diffdrive_arduino/share/diffdrive_arduino/environment/library_path.sh
[16.324s] -- Installing: /home/eid/ws_gazebo/install/diffdrive_arduino/share/diffdrive_arduino/environment/library_path.dsv
[16.325s] -- Installing: /home/eid/ws_gazebo/install/diffdrive_arduino/share/ament_index/resource_index/package_run_dependencies/diffdrive_arduino
[16.325s] -- Installing: /home/eid/ws_gazebo/install/diffdrive_arduino/share/ament_index/resource_index/parent_prefix_path/diffdrive_arduino
[16.325s] -- Installing: /home/eid/ws_gazebo/install/diffdrive_arduino/share/diffdrive_arduino/environment/ament_prefix_path.sh
[16.325s] -- Installing: /home/eid/ws_gazebo/install/diffdrive_arduino/share/diffdrive_arduino/environment/ament_prefix_path.dsv
[16.326s] -- Installing: /home/eid/ws_gazebo/install/diffdrive_arduino/share/diffdrive_arduino/environment/path.sh
[16.326s] -- Installing: /home/eid/ws_gazebo/install/diffdrive_arduino/share/diffdrive_arduino/environment/path.dsv
[16.326s] -- Installing: /home/eid/ws_gazebo/install/diffdrive_arduino/share/diffdrive_arduino/local_setup.bash
[16.326s] -- Installing: /home/eid/ws_gazebo/install/diffdrive_arduino/share/diffdrive_arduino/local_setup.sh
[16.327s] -- Installing: /home/eid/ws_gazebo/install/diffdrive_arduino/share/diffdrive_arduino/local_setup.zsh
[16.327s] -- Installing: /home/eid/ws_gazebo/install/diffdrive_arduino/share/diffdrive_arduino/local_setup.dsv
[16.327s] -- Installing: /home/eid/ws_gazebo/install/diffdrive_arduino/share/diffdrive_arduino/package.dsv
[16.328s] -- Installing: /home/eid/ws_gazebo/install/diffdrive_arduino/share/ament_index/resource_index/packages/diffdrive_arduino
[16.328s] -- Installing: /home/eid/ws_gazebo/install/diffdrive_arduino/share/ament_index/resource_index/hardware_interface__pluginlib__plugin/diffdrive_arduino
[16.329s] -- Installing: /home/eid/ws_gazebo/install/diffdrive_arduino/share/diffdrive_arduino/cmake/export_diffdrive_arduinoExport.cmake
[16.329s] -- Installing: /home/eid/ws_gazebo/install/diffdrive_arduino/share/diffdrive_arduino/cmake/export_diffdrive_arduinoExport-noconfig.cmake
[16.329s] -- Installing: /home/eid/ws_gazebo/install/diffdrive_arduino/share/diffdrive_arduino/cmake/ament_cmake_export_targets-extras.cmake
[16.330s] -- Installing: /home/eid/ws_gazebo/install/diffdrive_arduino/share/diffdrive_arduino/cmake/ament_cmake_export_dependencies-extras.cmake
[16.330s] -- Installing: /home/eid/ws_gazebo/install/diffdrive_arduino/share/diffdrive_arduino/cmake/diffdrive_arduinoConfig.cmake
[16.331s] -- Installing: /home/eid/ws_gazebo/install/diffdrive_arduino/share/diffdrive_arduino/cmake/diffdrive_arduinoConfig-version.cmake
[16.331s] -- Installing: /home/eid/ws_gazebo/install/diffdrive_arduino/share/diffdrive_arduino/package.xml
[16.335s] Invoked command in '/home/eid/ws_gazebo/build/diffdrive_arduino' returned '0': CMAKE_PREFIX_PATH=${CMAKE_PREFIX_PATH}:/home/eid/colcon_ws/install/move_robot:/opt/ros/humble /usr/bin/cmake --install /home/eid/ws_gazebo/build/diffdrive_arduino
