[0.105s] Invoking command in '/home/eid/ws_gazebo/build/nixbot': CMAKE_PREFIX_PATH=${CMAKE_PREFIX_PATH}:/home/eid/colcon_ws/install/move_robot:/opt/ros/humble /usr/bin/cmake --build /home/eid/ws_gazebo/build/nixbot -- -j8 -l8
[0.151s] Invoked command in '/home/eid/ws_gazebo/build/nixbot' returned '0': CMAKE_PREFIX_PATH=${CMAKE_PREFIX_PATH}:/home/eid/colcon_ws/install/move_robot:/opt/ros/humble /usr/bin/cmake --build /home/eid/ws_gazebo/build/nixbot -- -j8 -l8
[0.187s] Invoking command in '/home/eid/ws_gazebo/build/nixbot': CMAKE_PREFIX_PATH=${CMAKE_PREFIX_PATH}:/home/eid/colcon_ws/install/move_robot:/opt/ros/humble /usr/bin/cmake --install /home/eid/ws_gazebo/build/nixbot
[0.196s] -- Install configuration: ""
[0.197s] -- Up-to-date: /home/eid/ws_gazebo/install/nixbot/share/nixbot/launch
[0.197s] -- Up-to-date: /home/eid/ws_gazebo/install/nixbot/share/nixbot/launch/gazebo_model.launch.py
[0.198s] -- Up-to-date: /home/eid/ws_gazebo/install/nixbot/share/nixbot/model
[0.198s] -- Installing: /home/eid/ws_gazebo/install/nixbot/share/nixbot/model/robot.gazebo
[0.199s] -- Up-to-date: /home/eid/ws_gazebo/install/nixbot/share/nixbot/model/empty_world.world
[0.199s] -- Up-to-date: /home/eid/ws_gazebo/install/nixbot/share/nixbot/model/bot.urdf
[0.199s] -- Up-to-date: /home/eid/ws_gazebo/install/nixbot/share/nixbot/model/robot.urdf
[0.199s] -- Installing: /home/eid/ws_gazebo/install/nixbot/share/nixbot/model/robot.xacro
[0.200s] -- Up-to-date: /home/eid/ws_gazebo/install/nixbot/share/ament_index/resource_index/package_run_dependencies/nixbot
[0.200s] -- Up-to-date: /home/eid/ws_gazebo/install/nixbot/share/ament_index/resource_index/parent_prefix_path/nixbot
[0.200s] -- Up-to-date: /home/eid/ws_gazebo/install/nixbot/share/nixbot/environment/ament_prefix_path.sh
[0.200s] -- Up-to-date: /home/eid/ws_gazebo/install/nixbot/share/nixbot/environment/ament_prefix_path.dsv
[0.201s] -- Up-to-date: /home/eid/ws_gazebo/install/nixbot/share/nixbot/environment/path.sh
[0.201s] -- Up-to-date: /home/eid/ws_gazebo/install/nixbot/share/nixbot/environment/path.dsv
[0.202s] -- Up-to-date: /home/eid/ws_gazebo/install/nixbot/share/nixbot/local_setup.bash
[0.202s] -- Up-to-date: /home/eid/ws_gazebo/install/nixbot/share/nixbot/local_setup.sh
[0.202s] -- Up-to-date: /home/eid/ws_gazebo/install/nixbot/share/nixbot/local_setup.zsh
[0.202s] -- Up-to-date: /home/eid/ws_gazebo/install/nixbot/share/nixbot/local_setup.dsv
[0.202s] -- Installing: /home/eid/ws_gazebo/install/nixbot/share/nixbot/package.dsv
[0.203s] -- Up-to-date: /home/eid/ws_gazebo/install/nixbot/share/ament_index/resource_index/packages/nixbot
[0.203s] -- Up-to-date: /home/eid/ws_gazebo/install/nixbot/share/nixbot/cmake/nixbotConfig.cmake
[0.203s] -- Up-to-date: /home/eid/ws_gazebo/install/nixbot/share/nixbot/cmake/nixbotConfig-version.cmake
[0.203s] -- Up-to-date: /home/eid/ws_gazebo/install/nixbot/share/nixbot/package.xml
[0.296s] Invoked command in '/home/eid/ws_gazebo/build/nixbot' returned '0': CMAKE_PREFIX_PATH=${CMAKE_PREFIX_PATH}:/home/eid/colcon_ws/install/move_robot:/opt/ros/humble /usr/bin/cmake --install /home/eid/ws_gazebo/build/nixbot
