[0.085s] Invoking command in '/home/eid/ws_gazebo/build/serial': CMAKE_PREFIX_PATH=${CMAKE_PREFIX_PATH}:/home/eid/colcon_ws/install/move_robot:/opt/ros/humble /usr/bin/cmake /home/eid/ws_gazebo/src/serial -DAMENT_CMAKE_SYMLINK_INSTALL=1 -DCMAKE_INSTALL_PREFIX=/home/eid/ws_gazebo/install/serial
[0.096s] -- Found ament_cmake: 1.3.8 (/opt/ros/humble/share/ament_cmake/cmake)
[0.253s] -- Override CMake install command with custom implementation using symlinks instead of copying resources
[0.266s] -- Found ament_cmake_gtest: 1.3.8 (/opt/ros/humble/share/ament_cmake_gtest/cmake)
[0.273s] -- Found gtest sources under '/opt/ros/humble/src/gtest_vendor': C++ tests using 'Google Test' will be built
[0.398s] -- Configuring done
[0.413s] -- Generating done
[0.416s] -- Build files have been written to: /home/eid/ws_gazebo/build/serial
[0.420s] Invoked command in '/home/eid/ws_gazebo/build/serial' returned '0': CMAKE_PREFIX_PATH=${CMAKE_PREFIX_PATH}:/home/eid/colcon_ws/install/move_robot:/opt/ros/humble /usr/bin/cmake /home/eid/ws_gazebo/src/serial -DAMENT_CMAKE_SYMLINK_INSTALL=1 -DCMAKE_INSTALL_PREFIX=/home/eid/ws_gazebo/install/serial
[0.422s] Invoking command in '/home/eid/ws_gazebo/build/serial': CMAKE_PREFIX_PATH=${CMAKE_PREFIX_PATH}:/home/eid/colcon_ws/install/move_robot:/opt/ros/humble /usr/bin/cmake --build /home/eid/ws_gazebo/build/serial -- -j8 -l8
[0.461s] [35m[1mConsolidate compiler generated dependencies of target gtest_main[0m
[0.461s] [35m[1mConsolidate compiler generated dependencies of target serial[0m
[0.462s] [35m[1mConsolidate compiler generated dependencies of target gtest[0m
[0.479s] [ 14%] Built target gtest_main
[0.480s] [ 42%] Built target serial
[0.480s] [ 57%] Built target gtest
[0.493s] [35m[1mConsolidate compiler generated dependencies of target serial_example[0m
[0.493s] [35m[1mConsolidate compiler generated dependencies of target serial-test-timer[0m
[0.500s] [35m[1mConsolidate compiler generated dependencies of target serial-test[0m
[0.511s] [ 71%] Built target serial_example
[0.511s] [ 85%] Built target serial-test-timer
[0.516s] [100%] Built target serial-test
[0.571s] Invoked command in '/home/eid/ws_gazebo/build/serial' returned '0': CMAKE_PREFIX_PATH=${CMAKE_PREFIX_PATH}:/home/eid/colcon_ws/install/move_robot:/opt/ros/humble /usr/bin/cmake --build /home/eid/ws_gazebo/build/serial -- -j8 -l8
[0.673s] Invoking command in '/home/eid/ws_gazebo/build/serial': CMAKE_PREFIX_PATH=${CMAKE_PREFIX_PATH}:/home/eid/colcon_ws/install/move_robot:/opt/ros/humble /usr/bin/cmake --install /home/eid/ws_gazebo/build/serial
[0.679s] -- Install configuration: ""
[0.679s] -- Execute custom install script
[0.679s] -- Symlinking: /home/eid/ws_gazebo/install/serial/lib/libserial.a
[0.688s] -- Symlinking: /home/eid/ws_gazebo/install/serial/include/serial/serial.h
[0.699s] -- Symlinking: /home/eid/ws_gazebo/install/serial/include/serial/v8stdint.h
[0.707s] -- Symlinking: /home/eid/ws_gazebo/install/serial/share/serial/environment/library_path.sh
[0.715s] -- Symlinking: /home/eid/ws_gazebo/install/serial/share/serial/environment/library_path.dsv
[0.723s] -- Symlinking: /home/eid/ws_gazebo/install/serial/share/ament_index/resource_index/package_run_dependencies/serial
[0.731s] -- Symlinking: /home/eid/ws_gazebo/install/serial/share/ament_index/resource_index/parent_prefix_path/serial
[0.739s] -- Symlinking: /home/eid/ws_gazebo/install/serial/share/serial/environment/ament_prefix_path.sh
[0.747s] -- Symlinking: /home/eid/ws_gazebo/install/serial/share/serial/environment/ament_prefix_path.dsv
[0.758s] -- Symlinking: /home/eid/ws_gazebo/install/serial/share/serial/environment/path.sh
[0.767s] -- Symlinking: /home/eid/ws_gazebo/install/serial/share/serial/environment/path.dsv
[0.775s] -- Symlinking: /home/eid/ws_gazebo/install/serial/share/serial/local_setup.bash
[0.784s] -- Symlinking: /home/eid/ws_gazebo/install/serial/share/serial/local_setup.sh
[0.792s] -- Symlinking: /home/eid/ws_gazebo/install/serial/share/serial/local_setup.zsh
[0.800s] -- Symlinking: /home/eid/ws_gazebo/install/serial/share/serial/local_setup.dsv
[0.808s] -- Symlinking: /home/eid/ws_gazebo/install/serial/share/serial/package.dsv
[0.815s] -- Symlinking: /home/eid/ws_gazebo/install/serial/share/ament_index/resource_index/packages/serial
[0.824s] -- Symlinking: /home/eid/ws_gazebo/install/serial/share/serial/cmake/ament_cmake_export_include_directories-extras.cmake
[0.831s] -- Symlinking: /home/eid/ws_gazebo/install/serial/share/serial/cmake/ament_cmake_export_libraries-extras.cmake
[0.839s] -- Symlinking: /home/eid/ws_gazebo/install/serial/share/serial/cmake/serialConfig.cmake
[0.847s] -- Symlinking: /home/eid/ws_gazebo/install/serial/share/serial/cmake/serialConfig-version.cmake
[0.856s] -- Symlinking: /home/eid/ws_gazebo/install/serial/share/serial/package.xml
[0.880s] Invoked command in '/home/eid/ws_gazebo/build/serial' returned '0': CMAKE_PREFIX_PATH=${CMAKE_PREFIX_PATH}:/home/eid/colcon_ws/install/move_robot:/opt/ros/humble /usr/bin/cmake --install /home/eid/ws_gazebo/build/serial
