[1.257s] DEBUG:colcon:Command line arguments: ['/usr/bin/colcon', 'build']
[1.257s] DEBUG:colcon:Parsed command line arguments: Namespace(log_base=None, log_level=None, verb_name='build', build_base='build', install_base='install', merge_install=False, symlink_install=False, test_result_base=None, continue_on_error=False, executor='parallel', parallel_workers=8, event_handlers=None, ignore_user_meta=False, metas=['./colcon.meta'], base_paths=['.'], packages_ignore=None, packages_ignore_regex=None, paths=None, packages_up_to=None, packages_up_to_regex=None, packages_above=None, packages_above_and_dependencies=None, packages_above_depth=None, packages_select_by_dep=None, packages_skip_by_dep=None, packages_skip_up_to=None, packages_select_build_failed=False, packages_skip_build_finished=False, packages_select_test_failures=False, packages_skip_test_passed=False, packages_select=None, packages_skip=None, packages_select_regex=None, packages_skip_regex=None, packages_start=None, packages_end=None, allow_overriding=[], cmake_args=None, cmake_target=None, cmake_target_skip_unavailable=False, cmake_clean_cache=False, cmake_clean_first=False, cmake_force_configure=False, ament_cmake_args=None, catkin_cmake_args=None, catkin_skip_building_tests=False, verb_parser=<colcon_defaults.argument_parser.defaults.DefaultArgumentsDecorator object at 0x7fe739209540>, verb_extension=<colcon_core.verb.build.BuildVerb object at 0x7fe739481a80>, main=<bound method BuildVerb.main of <colcon_core.verb.build.BuildVerb object at 0x7fe739481a80>>)
[1.310s] Level 1:colcon.colcon_core.package_discovery:discover_packages(colcon_meta) check parameters
[1.310s] Level 1:colcon.colcon_core.package_discovery:discover_packages(recursive) check parameters
[1.310s] Level 1:colcon.colcon_core.package_discovery:discover_packages(ignore) check parameters
[1.310s] Level 1:colcon.colcon_core.package_discovery:discover_packages(path) check parameters
[1.310s] Level 1:colcon.colcon_core.package_discovery:discover_packages(colcon_meta) discover
[1.310s] Level 1:colcon.colcon_core.package_discovery:discover_packages(recursive) discover
[1.311s] INFO:colcon.colcon_core.package_discovery:Crawling recursively for packages in '/home/eid/ws_gazebo/src'
[1.311s] Level 1:colcon.colcon_core.package_identification:_identify(.) by extensions ['ignore', 'ignore_ament_install']
[1.311s] Level 1:colcon.colcon_core.package_identification:_identify(.) by extension 'ignore'
[1.311s] Level 1:colcon.colcon_core.package_identification:_identify(.) by extension 'ignore_ament_install'
[1.311s] Level 1:colcon.colcon_core.package_identification:_identify(.) by extensions ['colcon_pkg']
[1.311s] Level 1:colcon.colcon_core.package_identification:_identify(.) by extension 'colcon_pkg'
[1.311s] Level 1:colcon.colcon_core.package_identification:_identify(.) by extensions ['colcon_meta']
[1.311s] Level 1:colcon.colcon_core.package_identification:_identify(.) by extension 'colcon_meta'
[1.311s] Level 1:colcon.colcon_core.package_identification:_identify(.) by extensions ['ros']
[1.311s] Level 1:colcon.colcon_core.package_identification:_identify(.) by extension 'ros'
[1.329s] Level 1:colcon.colcon_core.package_identification:_identify(.) by extensions ['cmake', 'python']
[1.329s] Level 1:colcon.colcon_core.package_identification:_identify(.) by extension 'cmake'
[1.329s] Level 1:colcon.colcon_core.package_identification:_identify(.) by extension 'python'
[1.329s] Level 1:colcon.colcon_core.package_identification:_identify(.) by extensions ['python_setup_py']
[1.329s] Level 1:colcon.colcon_core.package_identification:_identify(.) by extension 'python_setup_py'
[1.329s] Level 1:colcon.colcon_core.package_identification:_identify(build) by extensions ['ignore', 'ignore_ament_install']
[1.330s] Level 1:colcon.colcon_core.package_identification:_identify(build) by extension 'ignore'
[1.330s] Level 1:colcon.colcon_core.package_identification:_identify(build) ignored
[1.330s] Level 1:colcon.colcon_core.package_identification:_identify(diffdrive_arduino) by extensions ['ignore', 'ignore_ament_install']
[1.330s] Level 1:colcon.colcon_core.package_identification:_identify(diffdrive_arduino) by extension 'ignore'
[1.330s] Level 1:colcon.colcon_core.package_identification:_identify(diffdrive_arduino) by extension 'ignore_ament_install'
[1.330s] Level 1:colcon.colcon_core.package_identification:_identify(diffdrive_arduino) by extensions ['colcon_pkg']
[1.330s] Level 1:colcon.colcon_core.package_identification:_identify(diffdrive_arduino) by extension 'colcon_pkg'
[1.330s] Level 1:colcon.colcon_core.package_identification:_identify(diffdrive_arduino) by extensions ['colcon_meta']
[1.330s] Level 1:colcon.colcon_core.package_identification:_identify(diffdrive_arduino) by extension 'colcon_meta'
[1.330s] Level 1:colcon.colcon_core.package_identification:_identify(diffdrive_arduino) by extensions ['ros']
[1.330s] Level 1:colcon.colcon_core.package_identification:_identify(diffdrive_arduino) by extension 'ros'
[1.336s] DEBUG:colcon.colcon_core.package_identification:Package 'diffdrive_arduino' with type 'ros.ament_cmake' and name 'diffdrive_arduino'
[1.336s] Level 1:colcon.colcon_core.package_identification:_identify(install) by extensions ['ignore', 'ignore_ament_install']
[1.336s] Level 1:colcon.colcon_core.package_identification:_identify(install) by extension 'ignore'
[1.336s] Level 1:colcon.colcon_core.package_identification:_identify(install) ignored
[1.337s] Level 1:colcon.colcon_core.package_identification:_identify(log) by extensions ['ignore', 'ignore_ament_install']
[1.337s] Level 1:colcon.colcon_core.package_identification:_identify(log) by extension 'ignore'
[1.337s] Level 1:colcon.colcon_core.package_identification:_identify(log) ignored
[1.337s] Level 1:colcon.colcon_core.package_identification:_identify(my_first_pkg) by extensions ['ignore', 'ignore_ament_install']
[1.337s] Level 1:colcon.colcon_core.package_identification:_identify(my_first_pkg) by extension 'ignore'
[1.337s] Level 1:colcon.colcon_core.package_identification:_identify(my_first_pkg) by extension 'ignore_ament_install'
[1.337s] Level 1:colcon.colcon_core.package_identification:_identify(my_first_pkg) by extensions ['colcon_pkg']
[1.337s] Level 1:colcon.colcon_core.package_identification:_identify(my_first_pkg) by extension 'colcon_pkg'
[1.337s] Level 1:colcon.colcon_core.package_identification:_identify(my_first_pkg) by extensions ['colcon_meta']
[1.337s] Level 1:colcon.colcon_core.package_identification:_identify(my_first_pkg) by extension 'colcon_meta'
[1.337s] Level 1:colcon.colcon_core.package_identification:_identify(my_first_pkg) by extensions ['ros']
[1.337s] Level 1:colcon.colcon_core.package_identification:_identify(my_first_pkg) by extension 'ros'
[1.338s] DEBUG:colcon.colcon_core.package_identification:Package 'my_first_pkg' with type 'ros.ament_cmake' and name 'my_first_pkg'
[1.338s] Level 1:colcon.colcon_core.package_identification:_identify(nixbot) by extensions ['ignore', 'ignore_ament_install']
[1.338s] Level 1:colcon.colcon_core.package_identification:_identify(nixbot) by extension 'ignore'
[1.338s] Level 1:colcon.colcon_core.package_identification:_identify(nixbot) by extension 'ignore_ament_install'
[1.338s] Level 1:colcon.colcon_core.package_identification:_identify(nixbot) by extensions ['colcon_pkg']
[1.338s] Level 1:colcon.colcon_core.package_identification:_identify(nixbot) by extension 'colcon_pkg'
[1.338s] Level 1:colcon.colcon_core.package_identification:_identify(nixbot) by extensions ['colcon_meta']
[1.339s] Level 1:colcon.colcon_core.package_identification:_identify(nixbot) by extension 'colcon_meta'
[1.339s] Level 1:colcon.colcon_core.package_identification:_identify(nixbot) by extensions ['ros']
[1.339s] Level 1:colcon.colcon_core.package_identification:_identify(nixbot) by extension 'ros'
[1.339s] DEBUG:colcon.colcon_core.package_identification:Package 'nixbot' with type 'ros.ament_cmake' and name 'nixbot'
[1.339s] Level 1:colcon.colcon_core.package_identification:_identify(serial) by extensions ['ignore', 'ignore_ament_install']
[1.339s] Level 1:colcon.colcon_core.package_identification:_identify(serial) by extension 'ignore'
[1.339s] Level 1:colcon.colcon_core.package_identification:_identify(serial) by extension 'ignore_ament_install'
[1.339s] Level 1:colcon.colcon_core.package_identification:_identify(serial) by extensions ['colcon_pkg']
[1.339s] Level 1:colcon.colcon_core.package_identification:_identify(serial) by extension 'colcon_pkg'
[1.340s] Level 1:colcon.colcon_core.package_identification:_identify(serial) by extensions ['colcon_meta']
[1.340s] Level 1:colcon.colcon_core.package_identification:_identify(serial) by extension 'colcon_meta'
[1.340s] Level 1:colcon.colcon_core.package_identification:_identify(serial) by extensions ['ros']
[1.340s] Level 1:colcon.colcon_core.package_identification:_identify(serial) by extension 'ros'
[1.340s] DEBUG:colcon.colcon_core.package_identification:Package 'serial' with type 'ros.ament_cmake' and name 'serial'
[1.340s] Level 1:colcon.colcon_core.package_identification:_identify(serial_motor_demo) by extensions ['ignore', 'ignore_ament_install']
[1.340s] Level 1:colcon.colcon_core.package_identification:_identify(serial_motor_demo) by extension 'ignore'
[1.340s] Level 1:colcon.colcon_core.package_identification:_identify(serial_motor_demo) by extension 'ignore_ament_install'
[1.340s] Level 1:colcon.colcon_core.package_identification:_identify(serial_motor_demo) by extensions ['colcon_pkg']
[1.341s] Level 1:colcon.colcon_core.package_identification:_identify(serial_motor_demo) by extension 'colcon_pkg'
[1.341s] Level 1:colcon.colcon_core.package_identification:_identify(serial_motor_demo) by extensions ['colcon_meta']
[1.341s] Level 1:colcon.colcon_core.package_identification:_identify(serial_motor_demo) by extension 'colcon_meta'
[1.341s] Level 1:colcon.colcon_core.package_identification:_identify(serial_motor_demo) by extensions ['ros']
[1.341s] Level 1:colcon.colcon_core.package_identification:_identify(serial_motor_demo) by extension 'ros'
[1.341s] Level 1:colcon.colcon_core.package_identification:_identify(serial_motor_demo) by extensions ['cmake', 'python']
[1.341s] Level 1:colcon.colcon_core.package_identification:_identify(serial_motor_demo) by extension 'cmake'
[1.341s] Level 1:colcon.colcon_core.package_identification:_identify(serial_motor_demo) by extension 'python'
[1.341s] Level 1:colcon.colcon_core.package_identification:_identify(serial_motor_demo) by extensions ['python_setup_py']
[1.341s] Level 1:colcon.colcon_core.package_identification:_identify(serial_motor_demo) by extension 'python_setup_py'
[1.341s] Level 1:colcon.colcon_core.package_identification:_identify(serial_motor_demo/serial_motor_demo) by extensions ['ignore', 'ignore_ament_install']
[1.341s] Level 1:colcon.colcon_core.package_identification:_identify(serial_motor_demo/serial_motor_demo) by extension 'ignore'
[1.341s] Level 1:colcon.colcon_core.package_identification:_identify(serial_motor_demo/serial_motor_demo) by extension 'ignore_ament_install'
[1.341s] Level 1:colcon.colcon_core.package_identification:_identify(serial_motor_demo/serial_motor_demo) by extensions ['colcon_pkg']
[1.341s] Level 1:colcon.colcon_core.package_identification:_identify(serial_motor_demo/serial_motor_demo) by extension 'colcon_pkg'
[1.341s] Level 1:colcon.colcon_core.package_identification:_identify(serial_motor_demo/serial_motor_demo) by extensions ['colcon_meta']
[1.341s] Level 1:colcon.colcon_core.package_identification:_identify(serial_motor_demo/serial_motor_demo) by extension 'colcon_meta'
[1.341s] Level 1:colcon.colcon_core.package_identification:_identify(serial_motor_demo/serial_motor_demo) by extensions ['ros']
[1.341s] Level 1:colcon.colcon_core.package_identification:_identify(serial_motor_demo/serial_motor_demo) by extension 'ros'
[1.342s] DEBUG:colcon.colcon_core.package_identification:Package 'serial_motor_demo/serial_motor_demo' with type 'ros.ament_python' and name 'serial_motor_demo'
[1.342s] Level 1:colcon.colcon_core.package_identification:_identify(serial_motor_demo/serial_motor_demo_msgs) by extensions ['ignore', 'ignore_ament_install']
[1.342s] Level 1:colcon.colcon_core.package_identification:_identify(serial_motor_demo/serial_motor_demo_msgs) by extension 'ignore'
[1.342s] Level 1:colcon.colcon_core.package_identification:_identify(serial_motor_demo/serial_motor_demo_msgs) by extension 'ignore_ament_install'
[1.342s] Level 1:colcon.colcon_core.package_identification:_identify(serial_motor_demo/serial_motor_demo_msgs) by extensions ['colcon_pkg']
[1.342s] Level 1:colcon.colcon_core.package_identification:_identify(serial_motor_demo/serial_motor_demo_msgs) by extension 'colcon_pkg'
[1.343s] Level 1:colcon.colcon_core.package_identification:_identify(serial_motor_demo/serial_motor_demo_msgs) by extensions ['colcon_meta']
[1.343s] Level 1:colcon.colcon_core.package_identification:_identify(serial_motor_demo/serial_motor_demo_msgs) by extension 'colcon_meta'
[1.343s] Level 1:colcon.colcon_core.package_identification:_identify(serial_motor_demo/serial_motor_demo_msgs) by extensions ['ros']
[1.343s] Level 1:colcon.colcon_core.package_identification:_identify(serial_motor_demo/serial_motor_demo_msgs) by extension 'ros'
[1.343s] DEBUG:colcon.colcon_core.package_identification:Package 'serial_motor_demo/serial_motor_demo_msgs' with type 'ros.ament_cmake' and name 'serial_motor_demo_msgs'
[1.343s] Level 1:colcon.colcon_core.package_discovery:discover_packages(recursive) using defaults
[1.343s] Level 1:colcon.colcon_core.package_discovery:discover_packages(ignore) discover
[1.343s] Level 1:colcon.colcon_core.package_discovery:discover_packages(ignore) using defaults
[1.343s] Level 1:colcon.colcon_core.package_discovery:discover_packages(path) discover
[1.343s] Level 1:colcon.colcon_core.package_discovery:discover_packages(path) using defaults
[1.459s] Level 1:colcon.colcon_core.package_discovery:discover_packages(prefix_path) check parameters
[1.459s] Level 1:colcon.colcon_core.package_discovery:discover_packages(prefix_path) discover
[1.493s] DEBUG:colcon.colcon_installed_package_information.package_discovery:Found 6 installed packages in /home/eid/ws_gazebo/src/install
[1.512s] DEBUG:colcon.colcon_installed_package_information.package_discovery:Found 7 installed packages in /home/eid/ws_gazebo/install
[1.533s] DEBUG:colcon.colcon_installed_package_information.package_discovery:Found 379 installed packages in /opt/ros/humble
[1.544s] Level 1:colcon.colcon_core.package_discovery:discover_packages(prefix_path) using defaults
[1.671s] Level 5:colcon.colcon_core.verb:set package 'diffdrive_arduino' build argument 'cmake_args' from command line to 'None'
[1.671s] Level 5:colcon.colcon_core.verb:set package 'diffdrive_arduino' build argument 'cmake_target' from command line to 'None'
[1.671s] Level 5:colcon.colcon_core.verb:set package 'diffdrive_arduino' build argument 'cmake_target_skip_unavailable' from command line to 'False'
[1.671s] Level 5:colcon.colcon_core.verb:set package 'diffdrive_arduino' build argument 'cmake_clean_cache' from command line to 'False'
[1.671s] Level 5:colcon.colcon_core.verb:set package 'diffdrive_arduino' build argument 'cmake_clean_first' from command line to 'False'
[1.671s] Level 5:colcon.colcon_core.verb:set package 'diffdrive_arduino' build argument 'cmake_force_configure' from command line to 'False'
[1.671s] Level 5:colcon.colcon_core.verb:set package 'diffdrive_arduino' build argument 'ament_cmake_args' from command line to 'None'
[1.671s] Level 5:colcon.colcon_core.verb:set package 'diffdrive_arduino' build argument 'catkin_cmake_args' from command line to 'None'
[1.671s] Level 5:colcon.colcon_core.verb:set package 'diffdrive_arduino' build argument 'catkin_skip_building_tests' from command line to 'False'
[1.671s] DEBUG:colcon.colcon_core.verb:Building package 'diffdrive_arduino' with the following arguments: {'ament_cmake_args': None, 'build_base': '/home/eid/ws_gazebo/src/build/diffdrive_arduino', 'catkin_cmake_args': None, 'catkin_skip_building_tests': False, 'cmake_args': None, 'cmake_clean_cache': False, 'cmake_clean_first': False, 'cmake_force_configure': False, 'cmake_target': None, 'cmake_target_skip_unavailable': False, 'install_base': '/home/eid/ws_gazebo/src/install/diffdrive_arduino', 'merge_install': False, 'path': '/home/eid/ws_gazebo/src/diffdrive_arduino', 'symlink_install': False, 'test_result_base': None}
[1.690s] Level 5:colcon.colcon_core.verb:set package 'my_first_pkg' build argument 'cmake_args' from command line to 'None'
[1.690s] Level 5:colcon.colcon_core.verb:set package 'my_first_pkg' build argument 'cmake_target' from command line to 'None'
[1.690s] Level 5:colcon.colcon_core.verb:set package 'my_first_pkg' build argument 'cmake_target_skip_unavailable' from command line to 'False'
[1.690s] Level 5:colcon.colcon_core.verb:set package 'my_first_pkg' build argument 'cmake_clean_cache' from command line to 'False'
[1.690s] Level 5:colcon.colcon_core.verb:set package 'my_first_pkg' build argument 'cmake_clean_first' from command line to 'False'
[1.690s] Level 5:colcon.colcon_core.verb:set package 'my_first_pkg' build argument 'cmake_force_configure' from command line to 'False'
[1.690s] Level 5:colcon.colcon_core.verb:set package 'my_first_pkg' build argument 'ament_cmake_args' from command line to 'None'
[1.690s] Level 5:colcon.colcon_core.verb:set package 'my_first_pkg' build argument 'catkin_cmake_args' from command line to 'None'
[1.690s] Level 5:colcon.colcon_core.verb:set package 'my_first_pkg' build argument 'catkin_skip_building_tests' from command line to 'False'
[1.690s] DEBUG:colcon.colcon_core.verb:Building package 'my_first_pkg' with the following arguments: {'ament_cmake_args': None, 'build_base': '/home/eid/ws_gazebo/src/build/my_first_pkg', 'catkin_cmake_args': None, 'catkin_skip_building_tests': False, 'cmake_args': None, 'cmake_clean_cache': False, 'cmake_clean_first': False, 'cmake_force_configure': False, 'cmake_target': None, 'cmake_target_skip_unavailable': False, 'install_base': '/home/eid/ws_gazebo/src/install/my_first_pkg', 'merge_install': False, 'path': '/home/eid/ws_gazebo/src/my_first_pkg', 'symlink_install': False, 'test_result_base': None}
[1.709s] Level 5:colcon.colcon_core.verb:set package 'nixbot' build argument 'cmake_args' from command line to 'None'
[1.709s] Level 5:colcon.colcon_core.verb:set package 'nixbot' build argument 'cmake_target' from command line to 'None'
[1.709s] Level 5:colcon.colcon_core.verb:set package 'nixbot' build argument 'cmake_target_skip_unavailable' from command line to 'False'
[1.709s] Level 5:colcon.colcon_core.verb:set package 'nixbot' build argument 'cmake_clean_cache' from command line to 'False'
[1.709s] Level 5:colcon.colcon_core.verb:set package 'nixbot' build argument 'cmake_clean_first' from command line to 'False'
[1.709s] Level 5:colcon.colcon_core.verb:set package 'nixbot' build argument 'cmake_force_configure' from command line to 'False'
[1.709s] Level 5:colcon.colcon_core.verb:set package 'nixbot' build argument 'ament_cmake_args' from command line to 'None'
[1.709s] Level 5:colcon.colcon_core.verb:set package 'nixbot' build argument 'catkin_cmake_args' from command line to 'None'
[1.709s] Level 5:colcon.colcon_core.verb:set package 'nixbot' build argument 'catkin_skip_building_tests' from command line to 'False'
[1.709s] DEBUG:colcon.colcon_core.verb:Building package 'nixbot' with the following arguments: {'ament_cmake_args': None, 'build_base': '/home/eid/ws_gazebo/src/build/nixbot', 'catkin_cmake_args': None, 'catkin_skip_building_tests': False, 'cmake_args': None, 'cmake_clean_cache': False, 'cmake_clean_first': False, 'cmake_force_configure': False, 'cmake_target': None, 'cmake_target_skip_unavailable': False, 'install_base': '/home/eid/ws_gazebo/src/install/nixbot', 'merge_install': False, 'path': '/home/eid/ws_gazebo/src/nixbot', 'symlink_install': False, 'test_result_base': None}
[1.738s] Level 5:colcon.colcon_core.verb:set package 'serial' build argument 'cmake_args' from command line to 'None'
[1.738s] Level 5:colcon.colcon_core.verb:set package 'serial' build argument 'cmake_target' from command line to 'None'
[1.738s] Level 5:colcon.colcon_core.verb:set package 'serial' build argument 'cmake_target_skip_unavailable' from command line to 'False'
[1.738s] Level 5:colcon.colcon_core.verb:set package 'serial' build argument 'cmake_clean_cache' from command line to 'False'
[1.738s] Level 5:colcon.colcon_core.verb:set package 'serial' build argument 'cmake_clean_first' from command line to 'False'
[1.739s] Level 5:colcon.colcon_core.verb:set package 'serial' build argument 'cmake_force_configure' from command line to 'False'
[1.739s] Level 5:colcon.colcon_core.verb:set package 'serial' build argument 'ament_cmake_args' from command line to 'None'
[1.739s] Level 5:colcon.colcon_core.verb:set package 'serial' build argument 'catkin_cmake_args' from command line to 'None'
[1.739s] Level 5:colcon.colcon_core.verb:set package 'serial' build argument 'catkin_skip_building_tests' from command line to 'False'
[1.739s] DEBUG:colcon.colcon_core.verb:Building package 'serial' with the following arguments: {'ament_cmake_args': None, 'build_base': '/home/eid/ws_gazebo/src/build/serial', 'catkin_cmake_args': None, 'catkin_skip_building_tests': False, 'cmake_args': None, 'cmake_clean_cache': False, 'cmake_clean_first': False, 'cmake_force_configure': False, 'cmake_target': None, 'cmake_target_skip_unavailable': False, 'install_base': '/home/eid/ws_gazebo/src/install/serial', 'merge_install': False, 'path': '/home/eid/ws_gazebo/src/serial', 'symlink_install': False, 'test_result_base': None}
[1.759s] Level 5:colcon.colcon_core.verb:set package 'serial_motor_demo_msgs' build argument 'cmake_args' from command line to 'None'
[1.760s] Level 5:colcon.colcon_core.verb:set package 'serial_motor_demo_msgs' build argument 'cmake_target' from command line to 'None'
[1.760s] Level 5:colcon.colcon_core.verb:set package 'serial_motor_demo_msgs' build argument 'cmake_target_skip_unavailable' from command line to 'False'
[1.760s] Level 5:colcon.colcon_core.verb:set package 'serial_motor_demo_msgs' build argument 'cmake_clean_cache' from command line to 'False'
[1.760s] Level 5:colcon.colcon_core.verb:set package 'serial_motor_demo_msgs' build argument 'cmake_clean_first' from command line to 'False'
[1.760s] Level 5:colcon.colcon_core.verb:set package 'serial_motor_demo_msgs' build argument 'cmake_force_configure' from command line to 'False'
[1.760s] Level 5:colcon.colcon_core.verb:set package 'serial_motor_demo_msgs' build argument 'ament_cmake_args' from command line to 'None'
[1.760s] Level 5:colcon.colcon_core.verb:set package 'serial_motor_demo_msgs' build argument 'catkin_cmake_args' from command line to 'None'
[1.760s] Level 5:colcon.colcon_core.verb:set package 'serial_motor_demo_msgs' build argument 'catkin_skip_building_tests' from command line to 'False'
[1.760s] DEBUG:colcon.colcon_core.verb:Building package 'serial_motor_demo_msgs' with the following arguments: {'ament_cmake_args': None, 'build_base': '/home/eid/ws_gazebo/src/build/serial_motor_demo_msgs', 'catkin_cmake_args': None, 'catkin_skip_building_tests': False, 'cmake_args': None, 'cmake_clean_cache': False, 'cmake_clean_first': False, 'cmake_force_configure': False, 'cmake_target': None, 'cmake_target_skip_unavailable': False, 'install_base': '/home/eid/ws_gazebo/src/install/serial_motor_demo_msgs', 'merge_install': False, 'path': '/home/eid/ws_gazebo/src/serial_motor_demo/serial_motor_demo_msgs', 'symlink_install': False, 'test_result_base': None}
[1.776s] Level 5:colcon.colcon_core.verb:set package 'serial_motor_demo' build argument 'cmake_args' from command line to 'None'
[1.776s] Level 5:colcon.colcon_core.verb:set package 'serial_motor_demo' build argument 'cmake_target' from command line to 'None'
[1.776s] Level 5:colcon.colcon_core.verb:set package 'serial_motor_demo' build argument 'cmake_target_skip_unavailable' from command line to 'False'
[1.776s] Level 5:colcon.colcon_core.verb:set package 'serial_motor_demo' build argument 'cmake_clean_cache' from command line to 'False'
[1.776s] Level 5:colcon.colcon_core.verb:set package 'serial_motor_demo' build argument 'cmake_clean_first' from command line to 'False'
[1.776s] Level 5:colcon.colcon_core.verb:set package 'serial_motor_demo' build argument 'cmake_force_configure' from command line to 'False'
[1.776s] Level 5:colcon.colcon_core.verb:set package 'serial_motor_demo' build argument 'ament_cmake_args' from command line to 'None'
[1.776s] Level 5:colcon.colcon_core.verb:set package 'serial_motor_demo' build argument 'catkin_cmake_args' from command line to 'None'
[1.776s] Level 5:colcon.colcon_core.verb:set package 'serial_motor_demo' build argument 'catkin_skip_building_tests' from command line to 'False'
[1.776s] DEBUG:colcon.colcon_core.verb:Building package 'serial_motor_demo' with the following arguments: {'ament_cmake_args': None, 'build_base': '/home/eid/ws_gazebo/src/build/serial_motor_demo', 'catkin_cmake_args': None, 'catkin_skip_building_tests': False, 'cmake_args': None, 'cmake_clean_cache': False, 'cmake_clean_first': False, 'cmake_force_configure': False, 'cmake_target': None, 'cmake_target_skip_unavailable': False, 'install_base': '/home/eid/ws_gazebo/src/install/serial_motor_demo', 'merge_install': False, 'path': '/home/eid/ws_gazebo/src/serial_motor_demo/serial_motor_demo', 'symlink_install': False, 'test_result_base': None}
[1.796s] INFO:colcon.colcon_core.executor:Executing jobs using 'parallel' executor
[1.816s] DEBUG:colcon.colcon_parallel_executor.executor.parallel:run_until_complete
[1.816s] INFO:colcon.colcon_ros.task.ament_cmake.build:Building ROS package in '/home/eid/ws_gazebo/src/serial_motor_demo/serial_motor_demo_msgs' with build type 'ament_cmake'
[1.816s] INFO:colcon.colcon_cmake.task.cmake.build:Building CMake package in '/home/eid/ws_gazebo/src/serial_motor_demo/serial_motor_demo_msgs'
[1.837s] INFO:colcon.colcon_core.plugin_system:Skipping extension 'colcon_core.shell.bat': Not used on non-Windows systems
[1.837s] INFO:colcon.colcon_core.shell:Skip shell extension 'powershell' for command environment: Not usable outside of PowerShell
[1.837s] DEBUG:colcon.colcon_core.shell:Skip shell extension 'dsv' for command environment
[1.915s] INFO:colcon.colcon_ros.task.ament_cmake.build:Building ROS package in '/home/eid/ws_gazebo/src/diffdrive_arduino' with build type 'ament_cmake'
[1.915s] INFO:colcon.colcon_cmake.task.cmake.build:Building CMake package in '/home/eid/ws_gazebo/src/diffdrive_arduino'
[1.934s] INFO:colcon.colcon_core.shell:Skip shell extension 'powershell' for command environment: Not usable outside of PowerShell
[1.934s] DEBUG:colcon.colcon_core.shell:Skip shell extension 'dsv' for command environment
[2.024s] INFO:colcon.colcon_ros.task.ament_cmake.build:Building ROS package in '/home/eid/ws_gazebo/src/my_first_pkg' with build type 'ament_cmake'
[2.024s] INFO:colcon.colcon_cmake.task.cmake.build:Building CMake package in '/home/eid/ws_gazebo/src/my_first_pkg'
[2.044s] INFO:colcon.colcon_core.shell:Skip shell extension 'powershell' for command environment: Not usable outside of PowerShell
[2.044s] DEBUG:colcon.colcon_core.shell:Skip shell extension 'dsv' for command environment
[2.117s] INFO:colcon.colcon_ros.task.ament_cmake.build:Building ROS package in '/home/eid/ws_gazebo/src/nixbot' with build type 'ament_cmake'
[2.118s] INFO:colcon.colcon_cmake.task.cmake.build:Building CMake package in '/home/eid/ws_gazebo/src/nixbot'
[2.135s] INFO:colcon.colcon_core.shell:Skip shell extension 'powershell' for command environment: Not usable outside of PowerShell
[2.135s] DEBUG:colcon.colcon_core.shell:Skip shell extension 'dsv' for command environment
[2.212s] INFO:colcon.colcon_ros.task.ament_cmake.build:Building ROS package in '/home/eid/ws_gazebo/src/serial' with build type 'ament_cmake'
[2.212s] INFO:colcon.colcon_cmake.task.cmake.build:Building CMake package in '/home/eid/ws_gazebo/src/serial'
[2.230s] INFO:colcon.colcon_core.shell:Skip shell extension 'powershell' for command environment: Not usable outside of PowerShell
[2.230s] DEBUG:colcon.colcon_core.shell:Skip shell extension 'dsv' for command environment
[2.306s] DEBUG:colcon.colcon_core.event_handler.log_command:Invoking command in '/home/eid/ws_gazebo/src/build/serial_motor_demo_msgs': CMAKE_PREFIX_PATH=${CMAKE_PREFIX_PATH}:/home/eid/ws_gazebo/src/install/serial_motor_demo:/home/eid/ws_gazebo/install/serial_motor_demo:/home/eid/ws_gazebo/install/serial:/home/eid/ws_gazebo/install/diffdrive_arduino:/opt/ros/humble /usr/bin/cmake --build /home/eid/ws_gazebo/src/build/serial_motor_demo_msgs -- -j8 -l8
[2.312s] DEBUG:colcon.colcon_core.event_handler.log_command:Invoking command in '/home/eid/ws_gazebo/src/build/diffdrive_arduino': CMAKE_PREFIX_PATH=${CMAKE_PREFIX_PATH}:/home/eid/ws_gazebo/src/install/serial_motor_demo:/home/eid/ws_gazebo/install/serial_motor_demo:/home/eid/ws_gazebo/install/serial:/home/eid/ws_gazebo/install/diffdrive_arduino:/opt/ros/humble /usr/bin/cmake --build /home/eid/ws_gazebo/src/build/diffdrive_arduino -- -j8 -l8
[2.320s] DEBUG:colcon.colcon_core.event_handler.log_command:Invoking command in '/home/eid/ws_gazebo/src/build/my_first_pkg': CMAKE_PREFIX_PATH=${CMAKE_PREFIX_PATH}:/home/eid/ws_gazebo/src/install/serial_motor_demo:/home/eid/ws_gazebo/install/serial_motor_demo:/home/eid/ws_gazebo/install/serial:/home/eid/ws_gazebo/install/diffdrive_arduino:/opt/ros/humble /usr/bin/cmake --build /home/eid/ws_gazebo/src/build/my_first_pkg -- -j8 -l8
[2.322s] DEBUG:colcon.colcon_core.event_handler.log_command:Invoking command in '/home/eid/ws_gazebo/src/build/nixbot': CMAKE_PREFIX_PATH=${CMAKE_PREFIX_PATH}:/home/eid/ws_gazebo/src/install/serial_motor_demo:/home/eid/ws_gazebo/install/serial_motor_demo:/home/eid/ws_gazebo/install/serial:/home/eid/ws_gazebo/install/diffdrive_arduino:/opt/ros/humble /usr/bin/cmake --build /home/eid/ws_gazebo/src/build/nixbot -- -j8 -l8
[2.331s] DEBUG:colcon.colcon_core.event_handler.log_command:Invoking command in '/home/eid/ws_gazebo/src/build/serial': CMAKE_PREFIX_PATH=${CMAKE_PREFIX_PATH}:/home/eid/ws_gazebo/src/install/serial_motor_demo:/home/eid/ws_gazebo/install/serial_motor_demo:/home/eid/ws_gazebo/install/serial:/home/eid/ws_gazebo/install/diffdrive_arduino:/opt/ros/humble /usr/bin/cmake --build /home/eid/ws_gazebo/src/build/serial -- -j8 -l8
[2.385s] DEBUG:colcon.colcon_core.event_handler.log_command:Invoked command in '/home/eid/ws_gazebo/src/build/nixbot' returned '0': CMAKE_PREFIX_PATH=${CMAKE_PREFIX_PATH}:/home/eid/ws_gazebo/src/install/serial_motor_demo:/home/eid/ws_gazebo/install/serial_motor_demo:/home/eid/ws_gazebo/install/serial:/home/eid/ws_gazebo/install/diffdrive_arduino:/opt/ros/humble /usr/bin/cmake --build /home/eid/ws_gazebo/src/build/nixbot -- -j8 -l8
[2.428s] DEBUG:colcon.colcon_core.event_handler.log_command:Invoked command in '/home/eid/ws_gazebo/src/build/my_first_pkg' returned '0': CMAKE_PREFIX_PATH=${CMAKE_PREFIX_PATH}:/home/eid/ws_gazebo/src/install/serial_motor_demo:/home/eid/ws_gazebo/install/serial_motor_demo:/home/eid/ws_gazebo/install/serial:/home/eid/ws_gazebo/install/diffdrive_arduino:/opt/ros/humble /usr/bin/cmake --build /home/eid/ws_gazebo/src/build/my_first_pkg -- -j8 -l8
[2.461s] DEBUG:colcon.colcon_core.event_handler.log_command:Invoked command in '/home/eid/ws_gazebo/src/build/diffdrive_arduino' returned '0': CMAKE_PREFIX_PATH=${CMAKE_PREFIX_PATH}:/home/eid/ws_gazebo/src/install/serial_motor_demo:/home/eid/ws_gazebo/install/serial_motor_demo:/home/eid/ws_gazebo/install/serial:/home/eid/ws_gazebo/install/diffdrive_arduino:/opt/ros/humble /usr/bin/cmake --build /home/eid/ws_gazebo/src/build/diffdrive_arduino -- -j8 -l8
[2.498s] DEBUG:colcon.colcon_core.event_handler.log_command:Invoking command in '/home/eid/ws_gazebo/src/build/nixbot': CMAKE_PREFIX_PATH=${CMAKE_PREFIX_PATH}:/home/eid/ws_gazebo/src/install/serial_motor_demo:/home/eid/ws_gazebo/install/serial_motor_demo:/home/eid/ws_gazebo/install/serial:/home/eid/ws_gazebo/install/diffdrive_arduino:/opt/ros/humble /usr/bin/cmake --install /home/eid/ws_gazebo/src/build/nixbot
[2.513s] DEBUG:colcon.colcon_core.event_handler.log_command:Invoking command in '/home/eid/ws_gazebo/src/build/my_first_pkg': CMAKE_PREFIX_PATH=${CMAKE_PREFIX_PATH}:/home/eid/ws_gazebo/src/install/serial_motor_demo:/home/eid/ws_gazebo/install/serial_motor_demo:/home/eid/ws_gazebo/install/serial:/home/eid/ws_gazebo/install/diffdrive_arduino:/opt/ros/humble /usr/bin/cmake --install /home/eid/ws_gazebo/src/build/my_first_pkg
[2.538s] DEBUG:colcon.colcon_core.event_handler.log_command:Invoking command in '/home/eid/ws_gazebo/src/build/diffdrive_arduino': CMAKE_PREFIX_PATH=${CMAKE_PREFIX_PATH}:/home/eid/ws_gazebo/src/install/serial_motor_demo:/home/eid/ws_gazebo/install/serial_motor_demo:/home/eid/ws_gazebo/install/serial:/home/eid/ws_gazebo/install/diffdrive_arduino:/opt/ros/humble /usr/bin/cmake --install /home/eid/ws_gazebo/src/build/diffdrive_arduino
[2.553s] DEBUG:colcon.colcon_core.event_handler.log_command:Invoked command in '/home/eid/ws_gazebo/src/build/serial' returned '0': CMAKE_PREFIX_PATH=${CMAKE_PREFIX_PATH}:/home/eid/ws_gazebo/src/install/serial_motor_demo:/home/eid/ws_gazebo/install/serial_motor_demo:/home/eid/ws_gazebo/install/serial:/home/eid/ws_gazebo/install/diffdrive_arduino:/opt/ros/humble /usr/bin/cmake --build /home/eid/ws_gazebo/src/build/serial -- -j8 -l8
[2.564s] Level 1:colcon.colcon_core.environment:create_environment_scripts_only(my_first_pkg)
[2.575s] DEBUG:colcon.colcon_core.event_handler.log_command:Invoked command in '/home/eid/ws_gazebo/src/build/my_first_pkg' returned '0': CMAKE_PREFIX_PATH=${CMAKE_PREFIX_PATH}:/home/eid/ws_gazebo/src/install/serial_motor_demo:/home/eid/ws_gazebo/install/serial_motor_demo:/home/eid/ws_gazebo/install/serial:/home/eid/ws_gazebo/install/diffdrive_arduino:/opt/ros/humble /usr/bin/cmake --install /home/eid/ws_gazebo/src/build/my_first_pkg
[2.615s] Level 1:colcon.colcon_core.environment:checking '/home/eid/ws_gazebo/src/install/my_first_pkg' for CMake module files
[2.616s] Level 1:colcon.colcon_core.environment:checking '/home/eid/ws_gazebo/src/install/my_first_pkg' for CMake config files
[2.616s] Level 1:colcon.colcon_core.shell:create_environment_hook('my_first_pkg', 'cmake_prefix_path')
[2.647s] INFO:colcon.colcon_core.shell:Creating environment hook '/home/eid/ws_gazebo/src/install/my_first_pkg/share/my_first_pkg/hook/cmake_prefix_path.ps1'
[2.648s] INFO:colcon.colcon_core.shell:Creating environment descriptor '/home/eid/ws_gazebo/src/install/my_first_pkg/share/my_first_pkg/hook/cmake_prefix_path.dsv'
[2.649s] INFO:colcon.colcon_core.shell:Creating environment hook '/home/eid/ws_gazebo/src/install/my_first_pkg/share/my_first_pkg/hook/cmake_prefix_path.sh'
[2.650s] Level 1:colcon.colcon_core.environment:checking '/home/eid/ws_gazebo/src/install/my_first_pkg/lib'
[2.651s] Level 1:colcon.colcon_core.environment:checking '/home/eid/ws_gazebo/src/install/my_first_pkg/bin'
[2.651s] Level 1:colcon.colcon_core.environment:checking '/home/eid/ws_gazebo/src/install/my_first_pkg/lib/pkgconfig/my_first_pkg.pc'
[2.651s] Level 1:colcon.colcon_core.environment:checking '/home/eid/ws_gazebo/src/install/my_first_pkg/lib/python3.10/site-packages'
[2.651s] Level 1:colcon.colcon_core.environment:checking '/home/eid/ws_gazebo/src/install/my_first_pkg/bin'
[2.679s] INFO:colcon.colcon_core.shell:Creating package script '/home/eid/ws_gazebo/src/install/my_first_pkg/share/my_first_pkg/package.ps1'
[2.679s] INFO:colcon.colcon_core.shell:Creating package descriptor '/home/eid/ws_gazebo/src/install/my_first_pkg/share/my_first_pkg/package.dsv'
[2.680s] INFO:colcon.colcon_core.shell:Creating package script '/home/eid/ws_gazebo/src/install/my_first_pkg/share/my_first_pkg/package.sh'
[2.681s] INFO:colcon.colcon_core.shell:Creating package script '/home/eid/ws_gazebo/src/install/my_first_pkg/share/my_first_pkg/package.bash'
[2.683s] INFO:colcon.colcon_core.shell:Creating package script '/home/eid/ws_gazebo/src/install/my_first_pkg/share/my_first_pkg/package.zsh'
[2.686s] Level 1:colcon.colcon_core.environment:create_file_with_runtime_dependencies(/home/eid/ws_gazebo/src/install/my_first_pkg/share/colcon-core/packages/my_first_pkg)
[2.691s] Level 1:colcon.colcon_core.environment:create_environment_scripts_only(diffdrive_arduino)
[2.692s] DEBUG:colcon.colcon_core.event_handler.log_command:Invoked command in '/home/eid/ws_gazebo/src/build/diffdrive_arduino' returned '0': CMAKE_PREFIX_PATH=${CMAKE_PREFIX_PATH}:/home/eid/ws_gazebo/src/install/serial_motor_demo:/home/eid/ws_gazebo/install/serial_motor_demo:/home/eid/ws_gazebo/install/serial:/home/eid/ws_gazebo/install/diffdrive_arduino:/opt/ros/humble /usr/bin/cmake --install /home/eid/ws_gazebo/src/build/diffdrive_arduino
[2.724s] Level 1:colcon.colcon_core.environment:checking '/home/eid/ws_gazebo/src/install/diffdrive_arduino' for CMake module files
[2.725s] Level 1:colcon.colcon_core.environment:checking '/home/eid/ws_gazebo/src/install/diffdrive_arduino' for CMake config files
[2.726s] Level 1:colcon.colcon_core.shell:create_environment_hook('diffdrive_arduino', 'cmake_prefix_path')
[2.754s] INFO:colcon.colcon_core.shell:Creating environment hook '/home/eid/ws_gazebo/src/install/diffdrive_arduino/share/diffdrive_arduino/hook/cmake_prefix_path.ps1'
[2.755s] INFO:colcon.colcon_core.shell:Creating environment descriptor '/home/eid/ws_gazebo/src/install/diffdrive_arduino/share/diffdrive_arduino/hook/cmake_prefix_path.dsv'
[2.756s] INFO:colcon.colcon_core.shell:Creating environment hook '/home/eid/ws_gazebo/src/install/diffdrive_arduino/share/diffdrive_arduino/hook/cmake_prefix_path.sh'
[2.757s] Level 1:colcon.colcon_core.environment:checking '/home/eid/ws_gazebo/src/install/diffdrive_arduino/lib'
[2.757s] Level 1:colcon.colcon_core.shell:create_environment_hook('diffdrive_arduino', 'ld_library_path_lib')
[2.781s] INFO:colcon.colcon_core.shell:Creating environment hook '/home/eid/ws_gazebo/src/install/diffdrive_arduino/share/diffdrive_arduino/hook/ld_library_path_lib.ps1'
[2.781s] INFO:colcon.colcon_core.shell:Creating environment descriptor '/home/eid/ws_gazebo/src/install/diffdrive_arduino/share/diffdrive_arduino/hook/ld_library_path_lib.dsv'
[2.782s] INFO:colcon.colcon_core.shell:Creating environment hook '/home/eid/ws_gazebo/src/install/diffdrive_arduino/share/diffdrive_arduino/hook/ld_library_path_lib.sh'
[2.782s] Level 1:colcon.colcon_core.environment:checking '/home/eid/ws_gazebo/src/install/diffdrive_arduino/bin'
[2.782s] Level 1:colcon.colcon_core.environment:checking '/home/eid/ws_gazebo/src/install/diffdrive_arduino/lib/pkgconfig/diffdrive_arduino.pc'
[2.783s] Level 1:colcon.colcon_core.environment:checking '/home/eid/ws_gazebo/src/install/diffdrive_arduino/lib/python3.10/site-packages'
[2.783s] Level 1:colcon.colcon_core.environment:checking '/home/eid/ws_gazebo/src/install/diffdrive_arduino/bin'
[2.804s] INFO:colcon.colcon_core.shell:Creating package script '/home/eid/ws_gazebo/src/install/diffdrive_arduino/share/diffdrive_arduino/package.ps1'
[2.805s] INFO:colcon.colcon_core.shell:Creating package descriptor '/home/eid/ws_gazebo/src/install/diffdrive_arduino/share/diffdrive_arduino/package.dsv'
[2.805s] INFO:colcon.colcon_core.shell:Creating package script '/home/eid/ws_gazebo/src/install/diffdrive_arduino/share/diffdrive_arduino/package.sh'
[2.805s] INFO:colcon.colcon_core.shell:Creating package script '/home/eid/ws_gazebo/src/install/diffdrive_arduino/share/diffdrive_arduino/package.bash'
[2.806s] INFO:colcon.colcon_core.shell:Creating package script '/home/eid/ws_gazebo/src/install/diffdrive_arduino/share/diffdrive_arduino/package.zsh'
[2.806s] Level 1:colcon.colcon_core.environment:create_file_with_runtime_dependencies(/home/eid/ws_gazebo/src/install/diffdrive_arduino/share/colcon-core/packages/diffdrive_arduino)
[2.807s] Level 1:colcon.colcon_core.environment:create_environment_scripts_only(nixbot)
[2.808s] DEBUG:colcon.colcon_core.event_handler.log_command:Invoked command in '/home/eid/ws_gazebo/src/build/nixbot' returned '0': CMAKE_PREFIX_PATH=${CMAKE_PREFIX_PATH}:/home/eid/ws_gazebo/src/install/serial_motor_demo:/home/eid/ws_gazebo/install/serial_motor_demo:/home/eid/ws_gazebo/install/serial:/home/eid/ws_gazebo/install/diffdrive_arduino:/opt/ros/humble /usr/bin/cmake --install /home/eid/ws_gazebo/src/build/nixbot
[2.830s] Level 1:colcon.colcon_core.environment:checking '/home/eid/ws_gazebo/src/install/nixbot' for CMake module files
[2.831s] Level 1:colcon.colcon_core.environment:checking '/home/eid/ws_gazebo/src/install/nixbot' for CMake config files
[2.831s] Level 1:colcon.colcon_core.shell:create_environment_hook('nixbot', 'cmake_prefix_path')
[2.849s] INFO:colcon.colcon_core.shell:Creating environment hook '/home/eid/ws_gazebo/src/install/nixbot/share/nixbot/hook/cmake_prefix_path.ps1'
[2.849s] INFO:colcon.colcon_core.shell:Creating environment descriptor '/home/eid/ws_gazebo/src/install/nixbot/share/nixbot/hook/cmake_prefix_path.dsv'
[2.850s] INFO:colcon.colcon_core.shell:Creating environment hook '/home/eid/ws_gazebo/src/install/nixbot/share/nixbot/hook/cmake_prefix_path.sh'
[2.850s] Level 1:colcon.colcon_core.environment:checking '/home/eid/ws_gazebo/src/install/nixbot/bin'
[2.850s] Level 1:colcon.colcon_core.environment:checking '/home/eid/ws_gazebo/src/install/nixbot/lib/pkgconfig/nixbot.pc'
[2.850s] Level 1:colcon.colcon_core.environment:checking '/home/eid/ws_gazebo/src/install/nixbot/lib/python3.10/site-packages'
[2.851s] Level 1:colcon.colcon_core.environment:checking '/home/eid/ws_gazebo/src/install/nixbot/bin'
[2.869s] INFO:colcon.colcon_core.shell:Creating package script '/home/eid/ws_gazebo/src/install/nixbot/share/nixbot/package.ps1'
[2.869s] INFO:colcon.colcon_core.shell:Creating package descriptor '/home/eid/ws_gazebo/src/install/nixbot/share/nixbot/package.dsv'
[2.870s] INFO:colcon.colcon_core.shell:Creating package script '/home/eid/ws_gazebo/src/install/nixbot/share/nixbot/package.sh'
[2.870s] INFO:colcon.colcon_core.shell:Creating package script '/home/eid/ws_gazebo/src/install/nixbot/share/nixbot/package.bash'
[2.871s] INFO:colcon.colcon_core.shell:Creating package script '/home/eid/ws_gazebo/src/install/nixbot/share/nixbot/package.zsh'
[2.871s] Level 1:colcon.colcon_core.environment:create_file_with_runtime_dependencies(/home/eid/ws_gazebo/src/install/nixbot/share/colcon-core/packages/nixbot)
[2.874s] DEBUG:colcon.colcon_core.event_handler.log_command:Invoking command in '/home/eid/ws_gazebo/src/build/serial': CMAKE_PREFIX_PATH=${CMAKE_PREFIX_PATH}:/home/eid/ws_gazebo/src/install/serial_motor_demo:/home/eid/ws_gazebo/install/serial_motor_demo:/home/eid/ws_gazebo/install/serial:/home/eid/ws_gazebo/install/diffdrive_arduino:/opt/ros/humble /usr/bin/cmake --install /home/eid/ws_gazebo/src/build/serial
[2.925s] Level 1:colcon.colcon_core.environment:create_environment_scripts_only(my_first_pkg)
[2.950s] Level 1:colcon.colcon_core.environment:checking '/home/eid/ws_gazebo/src/install/my_first_pkg' for CMake module files
[2.951s] Level 1:colcon.colcon_core.environment:checking '/home/eid/ws_gazebo/src/install/my_first_pkg' for CMake config files
[2.951s] Level 1:colcon.colcon_core.shell:create_environment_hook('my_first_pkg', 'cmake_prefix_path')
[2.975s] INFO:colcon.colcon_core.shell:Creating environment hook '/home/eid/ws_gazebo/src/install/my_first_pkg/share/my_first_pkg/hook/cmake_prefix_path.ps1'
[2.975s] INFO:colcon.colcon_core.shell:Creating environment descriptor '/home/eid/ws_gazebo/src/install/my_first_pkg/share/my_first_pkg/hook/cmake_prefix_path.dsv'
[2.976s] INFO:colcon.colcon_core.shell:Creating environment hook '/home/eid/ws_gazebo/src/install/my_first_pkg/share/my_first_pkg/hook/cmake_prefix_path.sh'
[2.976s] Level 1:colcon.colcon_core.environment:checking '/home/eid/ws_gazebo/src/install/my_first_pkg/lib'
[2.976s] Level 1:colcon.colcon_core.environment:checking '/home/eid/ws_gazebo/src/install/my_first_pkg/bin'
[2.977s] Level 1:colcon.colcon_core.environment:checking '/home/eid/ws_gazebo/src/install/my_first_pkg/lib/pkgconfig/my_first_pkg.pc'
[2.977s] Level 1:colcon.colcon_core.environment:checking '/home/eid/ws_gazebo/src/install/my_first_pkg/lib/python3.10/site-packages'
[2.977s] Level 1:colcon.colcon_core.environment:checking '/home/eid/ws_gazebo/src/install/my_first_pkg/bin'
[2.998s] INFO:colcon.colcon_core.shell:Creating package script '/home/eid/ws_gazebo/src/install/my_first_pkg/share/my_first_pkg/package.ps1'
[2.999s] INFO:colcon.colcon_core.shell:Creating package descriptor '/home/eid/ws_gazebo/src/install/my_first_pkg/share/my_first_pkg/package.dsv'
[3.000s] INFO:colcon.colcon_core.shell:Creating package script '/home/eid/ws_gazebo/src/install/my_first_pkg/share/my_first_pkg/package.sh'
[3.000s] INFO:colcon.colcon_core.shell:Creating package script '/home/eid/ws_gazebo/src/install/my_first_pkg/share/my_first_pkg/package.bash'
[3.000s] INFO:colcon.colcon_core.shell:Creating package script '/home/eid/ws_gazebo/src/install/my_first_pkg/share/my_first_pkg/package.zsh'
[3.001s] Level 1:colcon.colcon_core.environment:create_file_with_runtime_dependencies(/home/eid/ws_gazebo/src/install/my_first_pkg/share/colcon-core/packages/my_first_pkg)
[3.020s] Level 1:colcon.colcon_core.environment:create_environment_scripts_only(diffdrive_arduino)
[3.051s] Level 1:colcon.colcon_core.environment:checking '/home/eid/ws_gazebo/src/install/diffdrive_arduino' for CMake module files
[3.052s] Level 1:colcon.colcon_core.environment:checking '/home/eid/ws_gazebo/src/install/diffdrive_arduino' for CMake config files
[3.054s] Level 1:colcon.colcon_core.shell:create_environment_hook('diffdrive_arduino', 'cmake_prefix_path')
[3.086s] INFO:colcon.colcon_core.shell:Creating environment hook '/home/eid/ws_gazebo/src/install/diffdrive_arduino/share/diffdrive_arduino/hook/cmake_prefix_path.ps1'
[3.087s] INFO:colcon.colcon_core.shell:Creating environment descriptor '/home/eid/ws_gazebo/src/install/diffdrive_arduino/share/diffdrive_arduino/hook/cmake_prefix_path.dsv'
[3.087s] INFO:colcon.colcon_core.shell:Creating environment hook '/home/eid/ws_gazebo/src/install/diffdrive_arduino/share/diffdrive_arduino/hook/cmake_prefix_path.sh'
[3.088s] Level 1:colcon.colcon_core.environment:checking '/home/eid/ws_gazebo/src/install/diffdrive_arduino/lib'
[3.088s] Level 1:colcon.colcon_core.shell:create_environment_hook('diffdrive_arduino', 'ld_library_path_lib')
[3.108s] INFO:colcon.colcon_core.shell:Creating environment hook '/home/eid/ws_gazebo/src/install/diffdrive_arduino/share/diffdrive_arduino/hook/ld_library_path_lib.ps1'
[3.109s] INFO:colcon.colcon_core.shell:Creating environment descriptor '/home/eid/ws_gazebo/src/install/diffdrive_arduino/share/diffdrive_arduino/hook/ld_library_path_lib.dsv'
[3.109s] INFO:colcon.colcon_core.shell:Creating environment hook '/home/eid/ws_gazebo/src/install/diffdrive_arduino/share/diffdrive_arduino/hook/ld_library_path_lib.sh'
[3.109s] Level 1:colcon.colcon_core.environment:checking '/home/eid/ws_gazebo/src/install/diffdrive_arduino/bin'
[3.109s] Level 1:colcon.colcon_core.environment:checking '/home/eid/ws_gazebo/src/install/diffdrive_arduino/lib/pkgconfig/diffdrive_arduino.pc'
[3.109s] Level 1:colcon.colcon_core.environment:checking '/home/eid/ws_gazebo/src/install/diffdrive_arduino/lib/python3.10/site-packages'
[3.110s] Level 1:colcon.colcon_core.environment:checking '/home/eid/ws_gazebo/src/install/diffdrive_arduino/bin'
[3.130s] INFO:colcon.colcon_core.shell:Creating package script '/home/eid/ws_gazebo/src/install/diffdrive_arduino/share/diffdrive_arduino/package.ps1'
[3.130s] INFO:colcon.colcon_core.shell:Creating package descriptor '/home/eid/ws_gazebo/src/install/diffdrive_arduino/share/diffdrive_arduino/package.dsv'
[3.131s] INFO:colcon.colcon_core.shell:Creating package script '/home/eid/ws_gazebo/src/install/diffdrive_arduino/share/diffdrive_arduino/package.sh'
[3.131s] INFO:colcon.colcon_core.shell:Creating package script '/home/eid/ws_gazebo/src/install/diffdrive_arduino/share/diffdrive_arduino/package.bash'
[3.132s] INFO:colcon.colcon_core.shell:Creating package script '/home/eid/ws_gazebo/src/install/diffdrive_arduino/share/diffdrive_arduino/package.zsh'
[3.132s] Level 1:colcon.colcon_core.environment:create_file_with_runtime_dependencies(/home/eid/ws_gazebo/src/install/diffdrive_arduino/share/colcon-core/packages/diffdrive_arduino)
[3.158s] Level 1:colcon.colcon_core.environment:create_environment_scripts_only(nixbot)
[3.180s] Level 1:colcon.colcon_core.environment:checking '/home/eid/ws_gazebo/src/install/nixbot' for CMake module files
[3.180s] Level 1:colcon.colcon_core.environment:checking '/home/eid/ws_gazebo/src/install/nixbot' for CMake config files
[3.180s] Level 1:colcon.colcon_core.shell:create_environment_hook('nixbot', 'cmake_prefix_path')
[3.202s] INFO:colcon.colcon_core.shell:Creating environment hook '/home/eid/ws_gazebo/src/install/nixbot/share/nixbot/hook/cmake_prefix_path.ps1'
[3.202s] INFO:colcon.colcon_core.shell:Creating environment descriptor '/home/eid/ws_gazebo/src/install/nixbot/share/nixbot/hook/cmake_prefix_path.dsv'
[3.203s] INFO:colcon.colcon_core.shell:Creating environment hook '/home/eid/ws_gazebo/src/install/nixbot/share/nixbot/hook/cmake_prefix_path.sh'
[3.204s] Level 1:colcon.colcon_core.environment:checking '/home/eid/ws_gazebo/src/install/nixbot/bin'
[3.204s] Level 1:colcon.colcon_core.environment:checking '/home/eid/ws_gazebo/src/install/nixbot/lib/pkgconfig/nixbot.pc'
[3.204s] Level 1:colcon.colcon_core.environment:checking '/home/eid/ws_gazebo/src/install/nixbot/lib/python3.10/site-packages'
[3.204s] Level 1:colcon.colcon_core.environment:checking '/home/eid/ws_gazebo/src/install/nixbot/bin'
[3.223s] INFO:colcon.colcon_core.shell:Creating package script '/home/eid/ws_gazebo/src/install/nixbot/share/nixbot/package.ps1'
[3.224s] INFO:colcon.colcon_core.shell:Creating package descriptor '/home/eid/ws_gazebo/src/install/nixbot/share/nixbot/package.dsv'
[3.224s] INFO:colcon.colcon_core.shell:Creating package script '/home/eid/ws_gazebo/src/install/nixbot/share/nixbot/package.sh'
[3.225s] INFO:colcon.colcon_core.shell:Creating package script '/home/eid/ws_gazebo/src/install/nixbot/share/nixbot/package.bash'
[3.225s] INFO:colcon.colcon_core.shell:Creating package script '/home/eid/ws_gazebo/src/install/nixbot/share/nixbot/package.zsh'
[3.226s] Level 1:colcon.colcon_core.environment:create_file_with_runtime_dependencies(/home/eid/ws_gazebo/src/install/nixbot/share/colcon-core/packages/nixbot)
[3.228s] Level 1:colcon.colcon_core.environment:create_environment_scripts_only(serial)
[3.229s] DEBUG:colcon.colcon_core.event_handler.log_command:Invoked command in '/home/eid/ws_gazebo/src/build/serial_motor_demo_msgs' returned '0': CMAKE_PREFIX_PATH=${CMAKE_PREFIX_PATH}:/home/eid/ws_gazebo/src/install/serial_motor_demo:/home/eid/ws_gazebo/install/serial_motor_demo:/home/eid/ws_gazebo/install/serial:/home/eid/ws_gazebo/install/diffdrive_arduino:/opt/ros/humble /usr/bin/cmake --build /home/eid/ws_gazebo/src/build/serial_motor_demo_msgs -- -j8 -l8
[3.230s] DEBUG:colcon.colcon_core.event_handler.log_command:Invoked command in '/home/eid/ws_gazebo/src/build/serial' returned '0': CMAKE_PREFIX_PATH=${CMAKE_PREFIX_PATH}:/home/eid/ws_gazebo/src/install/serial_motor_demo:/home/eid/ws_gazebo/install/serial_motor_demo:/home/eid/ws_gazebo/install/serial:/home/eid/ws_gazebo/install/diffdrive_arduino:/opt/ros/humble /usr/bin/cmake --install /home/eid/ws_gazebo/src/build/serial
[3.255s] Level 1:colcon.colcon_core.environment:checking '/home/eid/ws_gazebo/src/install/serial' for CMake module files
[3.257s] Level 1:colcon.colcon_core.environment:checking '/home/eid/ws_gazebo/src/install/serial' for CMake config files
[3.257s] Level 1:colcon.colcon_core.shell:create_environment_hook('serial', 'cmake_prefix_path')
[3.283s] INFO:colcon.colcon_core.shell:Creating environment hook '/home/eid/ws_gazebo/src/install/serial/share/serial/hook/cmake_prefix_path.ps1'
[3.284s] INFO:colcon.colcon_core.shell:Creating environment descriptor '/home/eid/ws_gazebo/src/install/serial/share/serial/hook/cmake_prefix_path.dsv'
[3.284s] INFO:colcon.colcon_core.shell:Creating environment hook '/home/eid/ws_gazebo/src/install/serial/share/serial/hook/cmake_prefix_path.sh'
[3.285s] Level 1:colcon.colcon_core.environment:checking '/home/eid/ws_gazebo/src/install/serial/lib'
[3.285s] Level 1:colcon.colcon_core.environment:checking '/home/eid/ws_gazebo/src/install/serial/bin'
[3.285s] Level 1:colcon.colcon_core.environment:checking '/home/eid/ws_gazebo/src/install/serial/lib/pkgconfig/serial.pc'
[3.285s] Level 1:colcon.colcon_core.environment:checking '/home/eid/ws_gazebo/src/install/serial/lib/python3.10/site-packages'
[3.285s] Level 1:colcon.colcon_core.environment:checking '/home/eid/ws_gazebo/src/install/serial/bin'
[3.316s] INFO:colcon.colcon_core.shell:Creating package script '/home/eid/ws_gazebo/src/install/serial/share/serial/package.ps1'
[3.317s] INFO:colcon.colcon_core.shell:Creating package descriptor '/home/eid/ws_gazebo/src/install/serial/share/serial/package.dsv'
[3.317s] INFO:colcon.colcon_core.shell:Creating package script '/home/eid/ws_gazebo/src/install/serial/share/serial/package.sh'
[3.318s] INFO:colcon.colcon_core.shell:Creating package script '/home/eid/ws_gazebo/src/install/serial/share/serial/package.bash'
[3.318s] INFO:colcon.colcon_core.shell:Creating package script '/home/eid/ws_gazebo/src/install/serial/share/serial/package.zsh'
[3.318s] Level 1:colcon.colcon_core.environment:create_file_with_runtime_dependencies(/home/eid/ws_gazebo/src/install/serial/share/colcon-core/packages/serial)
[3.361s] DEBUG:colcon.colcon_core.event_handler.log_command:Invoking command in '/home/eid/ws_gazebo/src/build/serial_motor_demo_msgs': CMAKE_PREFIX_PATH=${CMAKE_PREFIX_PATH}:/home/eid/ws_gazebo/src/install/serial_motor_demo:/home/eid/ws_gazebo/install/serial_motor_demo:/home/eid/ws_gazebo/install/serial:/home/eid/ws_gazebo/install/diffdrive_arduino:/opt/ros/humble /usr/bin/cmake --install /home/eid/ws_gazebo/src/build/serial_motor_demo_msgs
[3.412s] Level 1:colcon.colcon_core.environment:create_environment_scripts_only(serial)
[3.431s] Level 1:colcon.colcon_core.environment:checking '/home/eid/ws_gazebo/src/install/serial' for CMake module files
[3.432s] Level 1:colcon.colcon_core.environment:checking '/home/eid/ws_gazebo/src/install/serial' for CMake config files
[3.432s] Level 1:colcon.colcon_core.shell:create_environment_hook('serial', 'cmake_prefix_path')
[3.457s] INFO:colcon.colcon_core.shell:Creating environment hook '/home/eid/ws_gazebo/src/install/serial/share/serial/hook/cmake_prefix_path.ps1'
[3.458s] INFO:colcon.colcon_core.shell:Creating environment descriptor '/home/eid/ws_gazebo/src/install/serial/share/serial/hook/cmake_prefix_path.dsv'
[3.459s] INFO:colcon.colcon_core.shell:Creating environment hook '/home/eid/ws_gazebo/src/install/serial/share/serial/hook/cmake_prefix_path.sh'
[3.459s] Level 1:colcon.colcon_core.environment:checking '/home/eid/ws_gazebo/src/install/serial/lib'
[3.459s] Level 1:colcon.colcon_core.environment:checking '/home/eid/ws_gazebo/src/install/serial/bin'
[3.459s] Level 1:colcon.colcon_core.environment:checking '/home/eid/ws_gazebo/src/install/serial/lib/pkgconfig/serial.pc'
[3.460s] Level 1:colcon.colcon_core.environment:checking '/home/eid/ws_gazebo/src/install/serial/lib/python3.10/site-packages'
[3.460s] Level 1:colcon.colcon_core.environment:checking '/home/eid/ws_gazebo/src/install/serial/bin'
[3.477s] INFO:colcon.colcon_core.shell:Creating package script '/home/eid/ws_gazebo/src/install/serial/share/serial/package.ps1'
[3.478s] INFO:colcon.colcon_core.shell:Creating package descriptor '/home/eid/ws_gazebo/src/install/serial/share/serial/package.dsv'
[3.478s] INFO:colcon.colcon_core.shell:Creating package script '/home/eid/ws_gazebo/src/install/serial/share/serial/package.sh'
[3.478s] INFO:colcon.colcon_core.shell:Creating package script '/home/eid/ws_gazebo/src/install/serial/share/serial/package.bash'
[3.479s] INFO:colcon.colcon_core.shell:Creating package script '/home/eid/ws_gazebo/src/install/serial/share/serial/package.zsh'
[3.479s] Level 1:colcon.colcon_core.environment:create_file_with_runtime_dependencies(/home/eid/ws_gazebo/src/install/serial/share/colcon-core/packages/serial)
[3.480s] Level 1:colcon.colcon_core.environment:create_environment_scripts_only(serial_motor_demo_msgs)
[3.481s] DEBUG:colcon.colcon_core.event_handler.log_command:Invoked command in '/home/eid/ws_gazebo/src/build/serial_motor_demo_msgs' returned '0': CMAKE_PREFIX_PATH=${CMAKE_PREFIX_PATH}:/home/eid/ws_gazebo/src/install/serial_motor_demo:/home/eid/ws_gazebo/install/serial_motor_demo:/home/eid/ws_gazebo/install/serial:/home/eid/ws_gazebo/install/diffdrive_arduino:/opt/ros/humble /usr/bin/cmake --install /home/eid/ws_gazebo/src/build/serial_motor_demo_msgs
[3.502s] Level 1:colcon.colcon_core.environment:checking '/home/eid/ws_gazebo/src/install/serial_motor_demo_msgs' for CMake module files
[3.503s] Level 1:colcon.colcon_core.environment:checking '/home/eid/ws_gazebo/src/install/serial_motor_demo_msgs' for CMake config files
[3.505s] Level 1:colcon.colcon_core.shell:create_environment_hook('serial_motor_demo_msgs', 'cmake_prefix_path')
[3.523s] INFO:colcon.colcon_core.shell:Creating environment hook '/home/eid/ws_gazebo/src/install/serial_motor_demo_msgs/share/serial_motor_demo_msgs/hook/cmake_prefix_path.ps1'
[3.523s] INFO:colcon.colcon_core.shell:Creating environment descriptor '/home/eid/ws_gazebo/src/install/serial_motor_demo_msgs/share/serial_motor_demo_msgs/hook/cmake_prefix_path.dsv'
[3.523s] INFO:colcon.colcon_core.shell:Creating environment hook '/home/eid/ws_gazebo/src/install/serial_motor_demo_msgs/share/serial_motor_demo_msgs/hook/cmake_prefix_path.sh'
[3.524s] Level 1:colcon.colcon_core.environment:checking '/home/eid/ws_gazebo/src/install/serial_motor_demo_msgs/lib'
[3.524s] Level 1:colcon.colcon_core.shell:create_environment_hook('serial_motor_demo_msgs', 'ld_library_path_lib')
[3.544s] INFO:colcon.colcon_core.shell:Creating environment hook '/home/eid/ws_gazebo/src/install/serial_motor_demo_msgs/share/serial_motor_demo_msgs/hook/ld_library_path_lib.ps1'
[3.544s] INFO:colcon.colcon_core.shell:Creating environment descriptor '/home/eid/ws_gazebo/src/install/serial_motor_demo_msgs/share/serial_motor_demo_msgs/hook/ld_library_path_lib.dsv'
[3.544s] INFO:colcon.colcon_core.shell:Creating environment hook '/home/eid/ws_gazebo/src/install/serial_motor_demo_msgs/share/serial_motor_demo_msgs/hook/ld_library_path_lib.sh'
[3.545s] Level 1:colcon.colcon_core.environment:checking '/home/eid/ws_gazebo/src/install/serial_motor_demo_msgs/bin'
[3.545s] Level 1:colcon.colcon_core.environment:checking '/home/eid/ws_gazebo/src/install/serial_motor_demo_msgs/lib/pkgconfig/serial_motor_demo_msgs.pc'
[3.545s] Level 1:colcon.colcon_core.environment:checking '/home/eid/ws_gazebo/src/install/serial_motor_demo_msgs/lib/python3.10/site-packages'
[3.545s] Level 1:colcon.colcon_core.environment:checking '/home/eid/ws_gazebo/src/install/serial_motor_demo_msgs/bin'
[3.568s] INFO:colcon.colcon_core.shell:Creating package script '/home/eid/ws_gazebo/src/install/serial_motor_demo_msgs/share/serial_motor_demo_msgs/package.ps1'
[3.569s] INFO:colcon.colcon_core.shell:Creating package descriptor '/home/eid/ws_gazebo/src/install/serial_motor_demo_msgs/share/serial_motor_demo_msgs/package.dsv'
[3.569s] INFO:colcon.colcon_core.shell:Creating package script '/home/eid/ws_gazebo/src/install/serial_motor_demo_msgs/share/serial_motor_demo_msgs/package.sh'
[3.570s] INFO:colcon.colcon_core.shell:Creating package script '/home/eid/ws_gazebo/src/install/serial_motor_demo_msgs/share/serial_motor_demo_msgs/package.bash'
[3.571s] INFO:colcon.colcon_core.shell:Creating package script '/home/eid/ws_gazebo/src/install/serial_motor_demo_msgs/share/serial_motor_demo_msgs/package.zsh'
[3.572s] Level 1:colcon.colcon_core.environment:create_file_with_runtime_dependencies(/home/eid/ws_gazebo/src/install/serial_motor_demo_msgs/share/colcon-core/packages/serial_motor_demo_msgs)
[3.716s] Level 1:colcon.colcon_core.environment:create_environment_scripts_only(serial_motor_demo_msgs)
[3.737s] Level 1:colcon.colcon_core.environment:checking '/home/eid/ws_gazebo/src/install/serial_motor_demo_msgs' for CMake module files
[3.737s] Level 1:colcon.colcon_core.environment:checking '/home/eid/ws_gazebo/src/install/serial_motor_demo_msgs' for CMake config files
[3.738s] Level 1:colcon.colcon_core.shell:create_environment_hook('serial_motor_demo_msgs', 'cmake_prefix_path')
[3.756s] INFO:colcon.colcon_core.shell:Creating environment hook '/home/eid/ws_gazebo/src/install/serial_motor_demo_msgs/share/serial_motor_demo_msgs/hook/cmake_prefix_path.ps1'
[3.756s] INFO:colcon.colcon_core.shell:Creating environment descriptor '/home/eid/ws_gazebo/src/install/serial_motor_demo_msgs/share/serial_motor_demo_msgs/hook/cmake_prefix_path.dsv'
[3.756s] INFO:colcon.colcon_core.shell:Creating environment hook '/home/eid/ws_gazebo/src/install/serial_motor_demo_msgs/share/serial_motor_demo_msgs/hook/cmake_prefix_path.sh'
[3.758s] Level 1:colcon.colcon_core.environment:checking '/home/eid/ws_gazebo/src/install/serial_motor_demo_msgs/lib'
[3.758s] Level 1:colcon.colcon_core.shell:create_environment_hook('serial_motor_demo_msgs', 'ld_library_path_lib')
[3.779s] INFO:colcon.colcon_core.shell:Creating environment hook '/home/eid/ws_gazebo/src/install/serial_motor_demo_msgs/share/serial_motor_demo_msgs/hook/ld_library_path_lib.ps1'
[3.780s] INFO:colcon.colcon_core.shell:Creating environment descriptor '/home/eid/ws_gazebo/src/install/serial_motor_demo_msgs/share/serial_motor_demo_msgs/hook/ld_library_path_lib.dsv'
[3.780s] INFO:colcon.colcon_core.shell:Creating environment hook '/home/eid/ws_gazebo/src/install/serial_motor_demo_msgs/share/serial_motor_demo_msgs/hook/ld_library_path_lib.sh'
[3.780s] Level 1:colcon.colcon_core.environment:checking '/home/eid/ws_gazebo/src/install/serial_motor_demo_msgs/bin'
[3.780s] Level 1:colcon.colcon_core.environment:checking '/home/eid/ws_gazebo/src/install/serial_motor_demo_msgs/lib/pkgconfig/serial_motor_demo_msgs.pc'
[3.780s] Level 1:colcon.colcon_core.environment:checking '/home/eid/ws_gazebo/src/install/serial_motor_demo_msgs/lib/python3.10/site-packages'
[3.781s] Level 1:colcon.colcon_core.environment:checking '/home/eid/ws_gazebo/src/install/serial_motor_demo_msgs/bin'
[3.801s] INFO:colcon.colcon_core.shell:Creating package script '/home/eid/ws_gazebo/src/install/serial_motor_demo_msgs/share/serial_motor_demo_msgs/package.ps1'
[3.801s] INFO:colcon.colcon_core.shell:Creating package descriptor '/home/eid/ws_gazebo/src/install/serial_motor_demo_msgs/share/serial_motor_demo_msgs/package.dsv'
[3.802s] INFO:colcon.colcon_core.shell:Creating package script '/home/eid/ws_gazebo/src/install/serial_motor_demo_msgs/share/serial_motor_demo_msgs/package.sh'
[3.802s] INFO:colcon.colcon_core.shell:Creating package script '/home/eid/ws_gazebo/src/install/serial_motor_demo_msgs/share/serial_motor_demo_msgs/package.bash'
[3.803s] INFO:colcon.colcon_core.shell:Creating package script '/home/eid/ws_gazebo/src/install/serial_motor_demo_msgs/share/serial_motor_demo_msgs/package.zsh'
[3.803s] Level 1:colcon.colcon_core.environment:create_file_with_runtime_dependencies(/home/eid/ws_gazebo/src/install/serial_motor_demo_msgs/share/colcon-core/packages/serial_motor_demo_msgs)
[3.803s] INFO:colcon.colcon_ros.task.ament_python.build:Building ROS package in '/home/eid/ws_gazebo/src/serial_motor_demo/serial_motor_demo' with build type 'ament_python'
[3.803s] Level 1:colcon.colcon_core.shell:create_environment_hook('serial_motor_demo', 'ament_prefix_path')
[3.821s] INFO:colcon.colcon_core.shell:Creating environment hook '/home/eid/ws_gazebo/src/install/serial_motor_demo/share/serial_motor_demo/hook/ament_prefix_path.ps1'
[3.822s] INFO:colcon.colcon_core.shell:Creating environment descriptor '/home/eid/ws_gazebo/src/install/serial_motor_demo/share/serial_motor_demo/hook/ament_prefix_path.dsv'
[3.822s] INFO:colcon.colcon_core.shell:Creating environment hook '/home/eid/ws_gazebo/src/install/serial_motor_demo/share/serial_motor_demo/hook/ament_prefix_path.sh'
[3.846s] INFO:colcon.colcon_core.shell:Skip shell extension 'powershell' for command environment: Not usable outside of PowerShell
[3.846s] DEBUG:colcon.colcon_core.shell:Skip shell extension 'dsv' for command environment
[4.272s] INFO:colcon.colcon_core.task.python.build:Building Python package in '/home/eid/ws_gazebo/src/serial_motor_demo/serial_motor_demo'
[4.296s] INFO:colcon.colcon_core.shell:Skip shell extension 'powershell' for command environment: Not usable outside of PowerShell
[4.296s] DEBUG:colcon.colcon_core.shell:Skip shell extension 'dsv' for command environment
[4.810s] DEBUG:colcon.colcon_core.event_handler.log_command:Invoking command in '/home/eid/ws_gazebo/src/serial_motor_demo/serial_motor_demo': PYTHONPATH=/home/eid/ws_gazebo/src/build/serial_motor_demo/prefix_override:/home/eid/ws_gazebo/src/install/serial_motor_demo/lib/python3.10/site-packages:${PYTHONPATH} /usr/bin/python3 setup.py egg_info --egg-base ../../build/serial_motor_demo build --build-base /home/eid/ws_gazebo/src/build/serial_motor_demo/build install --record /home/eid/ws_gazebo/src/build/serial_motor_demo/install.log --install-scripts $base/lib/serial_motor_demo --single-version-externally-managed
[5.156s] DEBUG:colcon.colcon_core.event_handler.log_command:Invoked command in '/home/eid/ws_gazebo/src/serial_motor_demo/serial_motor_demo' returned '0': PYTHONPATH=/home/eid/ws_gazebo/src/build/serial_motor_demo/prefix_override:/home/eid/ws_gazebo/src/install/serial_motor_demo/lib/python3.10/site-packages:${PYTHONPATH} /usr/bin/python3 setup.py egg_info --egg-base ../../build/serial_motor_demo build --build-base /home/eid/ws_gazebo/src/build/serial_motor_demo/build install --record /home/eid/ws_gazebo/src/build/serial_motor_demo/install.log --install-scripts $base/lib/serial_motor_demo --single-version-externally-managed
[5.178s] Level 1:colcon.colcon_core.environment:checking '/home/eid/ws_gazebo/src/install/serial_motor_demo' for CMake module files
[5.178s] Level 1:colcon.colcon_core.environment:checking '/home/eid/ws_gazebo/src/install/serial_motor_demo' for CMake config files
[5.179s] Level 1:colcon.colcon_core.environment:checking '/home/eid/ws_gazebo/src/install/serial_motor_demo/lib'
[5.179s] Level 1:colcon.colcon_core.environment:checking '/home/eid/ws_gazebo/src/install/serial_motor_demo/bin'
[5.179s] Level 1:colcon.colcon_core.environment:checking '/home/eid/ws_gazebo/src/install/serial_motor_demo/lib/pkgconfig/serial_motor_demo.pc'
[5.179s] Level 1:colcon.colcon_core.environment:checking '/home/eid/ws_gazebo/src/install/serial_motor_demo/lib/python3.10/site-packages'
[5.180s] Level 1:colcon.colcon_core.shell:create_environment_hook('serial_motor_demo', 'pythonpath')
[5.201s] INFO:colcon.colcon_core.shell:Creating environment hook '/home/eid/ws_gazebo/src/install/serial_motor_demo/share/serial_motor_demo/hook/pythonpath.ps1'
[5.202s] INFO:colcon.colcon_core.shell:Creating environment descriptor '/home/eid/ws_gazebo/src/install/serial_motor_demo/share/serial_motor_demo/hook/pythonpath.dsv'
[5.202s] INFO:colcon.colcon_core.shell:Creating environment hook '/home/eid/ws_gazebo/src/install/serial_motor_demo/share/serial_motor_demo/hook/pythonpath.sh'
[5.203s] Level 1:colcon.colcon_core.environment:checking '/home/eid/ws_gazebo/src/install/serial_motor_demo/bin'
[5.203s] Level 1:colcon.colcon_core.environment:create_environment_scripts_only(serial_motor_demo)
[5.222s] INFO:colcon.colcon_core.shell:Creating package script '/home/eid/ws_gazebo/src/install/serial_motor_demo/share/serial_motor_demo/package.ps1'
[5.223s] INFO:colcon.colcon_core.shell:Creating package descriptor '/home/eid/ws_gazebo/src/install/serial_motor_demo/share/serial_motor_demo/package.dsv'
[5.223s] INFO:colcon.colcon_core.shell:Creating package script '/home/eid/ws_gazebo/src/install/serial_motor_demo/share/serial_motor_demo/package.sh'
[5.224s] INFO:colcon.colcon_core.shell:Creating package script '/home/eid/ws_gazebo/src/install/serial_motor_demo/share/serial_motor_demo/package.bash'
[5.224s] INFO:colcon.colcon_core.shell:Creating package script '/home/eid/ws_gazebo/src/install/serial_motor_demo/share/serial_motor_demo/package.zsh'
[5.224s] Level 1:colcon.colcon_core.environment:create_file_with_runtime_dependencies(/home/eid/ws_gazebo/src/install/serial_motor_demo/share/colcon-core/packages/serial_motor_demo)
[5.225s] DEBUG:colcon.colcon_parallel_executor.executor.parallel:closing loop
[5.225s] DEBUG:colcon.colcon_parallel_executor.executor.parallel:loop closed
[5.225s] DEBUG:colcon.colcon_parallel_executor.executor.parallel:run_until_complete finished with '0'
[5.225s] DEBUG:colcon.colcon_core.event_reactor:joining thread
[5.248s] INFO:colcon.colcon_core.plugin_system:Skipping extension 'colcon_notification.desktop_notification.terminal_notifier': Not used on non-Darwin systems
[5.248s] INFO:colcon.colcon_core.plugin_system:Skipping extension 'colcon_notification.desktop_notification.win32': Not used on non-Windows systems
[5.248s] INFO:colcon.colcon_notification.desktop_notification:Sending desktop notification using 'notify2'
[5.259s] DEBUG:colcon.colcon_core.event_reactor:joined thread
[5.276s] INFO:colcon.colcon_core.shell:Creating prefix script '/home/eid/ws_gazebo/src/install/local_setup.ps1'
[5.277s] INFO:colcon.colcon_core.shell:Creating prefix util module '/home/eid/ws_gazebo/src/install/_local_setup_util_ps1.py'
[5.280s] INFO:colcon.colcon_core.shell:Creating prefix chain script '/home/eid/ws_gazebo/src/install/setup.ps1'
[5.306s] INFO:colcon.colcon_core.shell:Creating prefix script '/home/eid/ws_gazebo/src/install/local_setup.sh'
[5.307s] INFO:colcon.colcon_core.shell:Creating prefix util module '/home/eid/ws_gazebo/src/install/_local_setup_util_sh.py'
[5.307s] INFO:colcon.colcon_core.shell:Creating prefix chain script '/home/eid/ws_gazebo/src/install/setup.sh'
[5.332s] INFO:colcon.colcon_core.shell:Creating prefix script '/home/eid/ws_gazebo/src/install/local_setup.bash'
[5.333s] INFO:colcon.colcon_core.shell:Creating prefix chain script '/home/eid/ws_gazebo/src/install/setup.bash'
[5.352s] INFO:colcon.colcon_core.shell:Creating prefix script '/home/eid/ws_gazebo/src/install/local_setup.zsh'
[5.352s] INFO:colcon.colcon_core.shell:Creating prefix chain script '/home/eid/ws_gazebo/src/install/setup.zsh'
