[1.151s] DEBUG:colcon:Command line arguments: ['/usr/bin/colcon', 'build']
[1.152s] DEBUG:colcon:Parsed command line arguments: Namespace(log_base=None, log_level=None, verb_name='build', build_base='build', install_base='install', merge_install=False, symlink_install=False, test_result_base=None, continue_on_error=False, executor='parallel', parallel_workers=8, event_handlers=None, ignore_user_meta=False, metas=['./colcon.meta'], base_paths=['.'], packages_ignore=None, packages_ignore_regex=None, paths=None, packages_up_to=None, packages_up_to_regex=None, packages_above=None, packages_above_and_dependencies=None, packages_above_depth=None, packages_select_by_dep=None, packages_skip_by_dep=None, packages_skip_up_to=None, packages_select_build_failed=False, packages_skip_build_finished=False, packages_select_test_failures=False, packages_skip_test_passed=False, packages_select=None, packages_skip=None, packages_select_regex=None, packages_skip_regex=None, packages_start=None, packages_end=None, allow_overriding=[], cmake_args=None, cmake_target=None, cmake_target_skip_unavailable=False, cmake_clean_cache=False, cmake_clean_first=False, cmake_force_configure=False, ament_cmake_args=None, catkin_cmake_args=None, catkin_skip_building_tests=False, verb_parser=<colcon_defaults.argument_parser.defaults.DefaultArgumentsDecorator object at 0x7f8c7e449f00>, verb_extension=<colcon_core.verb.build.BuildVerb object at 0x7f8c7e8b3970>, main=<bound method BuildVerb.main of <colcon_core.verb.build.BuildVerb object at 0x7f8c7e8b3970>>)
[1.208s] Level 1:colcon.colcon_core.package_discovery:discover_packages(colcon_meta) check parameters
[1.208s] Level 1:colcon.colcon_core.package_discovery:discover_packages(recursive) check parameters
[1.208s] Level 1:colcon.colcon_core.package_discovery:discover_packages(ignore) check parameters
[1.208s] Level 1:colcon.colcon_core.package_discovery:discover_packages(path) check parameters
[1.208s] Level 1:colcon.colcon_core.package_discovery:discover_packages(colcon_meta) discover
[1.208s] Level 1:colcon.colcon_core.package_discovery:discover_packages(recursive) discover
[1.208s] INFO:colcon.colcon_core.package_discovery:Crawling recursively for packages in '/home/eid/ws_gazebo/src'
[1.208s] Level 1:colcon.colcon_core.package_identification:_identify(.) by extensions ['ignore', 'ignore_ament_install']
[1.208s] Level 1:colcon.colcon_core.package_identification:_identify(.) by extension 'ignore'
[1.208s] Level 1:colcon.colcon_core.package_identification:_identify(.) by extension 'ignore_ament_install'
[1.208s] Level 1:colcon.colcon_core.package_identification:_identify(.) by extensions ['colcon_pkg']
[1.208s] Level 1:colcon.colcon_core.package_identification:_identify(.) by extension 'colcon_pkg'
[1.208s] Level 1:colcon.colcon_core.package_identification:_identify(.) by extensions ['colcon_meta']
[1.209s] Level 1:colcon.colcon_core.package_identification:_identify(.) by extension 'colcon_meta'
[1.209s] Level 1:colcon.colcon_core.package_identification:_identify(.) by extensions ['ros']
[1.209s] Level 1:colcon.colcon_core.package_identification:_identify(.) by extension 'ros'
[1.224s] Level 1:colcon.colcon_core.package_identification:_identify(.) by extensions ['cmake', 'python']
[1.224s] Level 1:colcon.colcon_core.package_identification:_identify(.) by extension 'cmake'
[1.224s] Level 1:colcon.colcon_core.package_identification:_identify(.) by extension 'python'
[1.225s] Level 1:colcon.colcon_core.package_identification:_identify(.) by extensions ['python_setup_py']
[1.225s] Level 1:colcon.colcon_core.package_identification:_identify(.) by extension 'python_setup_py'
[1.225s] Level 1:colcon.colcon_core.package_identification:_identify(build) by extensions ['ignore', 'ignore_ament_install']
[1.225s] Level 1:colcon.colcon_core.package_identification:_identify(build) by extension 'ignore'
[1.225s] Level 1:colcon.colcon_core.package_identification:_identify(build) ignored
[1.225s] Level 1:colcon.colcon_core.package_identification:_identify(diffdrive_arduino) by extensions ['ignore', 'ignore_ament_install']
[1.225s] Level 1:colcon.colcon_core.package_identification:_identify(diffdrive_arduino) by extension 'ignore'
[1.225s] Level 1:colcon.colcon_core.package_identification:_identify(diffdrive_arduino) by extension 'ignore_ament_install'
[1.225s] Level 1:colcon.colcon_core.package_identification:_identify(diffdrive_arduino) by extensions ['colcon_pkg']
[1.225s] Level 1:colcon.colcon_core.package_identification:_identify(diffdrive_arduino) by extension 'colcon_pkg'
[1.225s] Level 1:colcon.colcon_core.package_identification:_identify(diffdrive_arduino) by extensions ['colcon_meta']
[1.225s] Level 1:colcon.colcon_core.package_identification:_identify(diffdrive_arduino) by extension 'colcon_meta'
[1.225s] Level 1:colcon.colcon_core.package_identification:_identify(diffdrive_arduino) by extensions ['ros']
[1.225s] Level 1:colcon.colcon_core.package_identification:_identify(diffdrive_arduino) by extension 'ros'
[1.229s] DEBUG:colcon.colcon_core.package_identification:Package 'diffdrive_arduino' with type 'ros.ament_cmake' and name 'diffdrive_arduino'
[1.229s] Level 1:colcon.colcon_core.package_identification:_identify(install) by extensions ['ignore', 'ignore_ament_install']
[1.229s] Level 1:colcon.colcon_core.package_identification:_identify(install) by extension 'ignore'
[1.230s] Level 1:colcon.colcon_core.package_identification:_identify(install) ignored
[1.230s] Level 1:colcon.colcon_core.package_identification:_identify(log) by extensions ['ignore', 'ignore_ament_install']
[1.230s] Level 1:colcon.colcon_core.package_identification:_identify(log) by extension 'ignore'
[1.230s] Level 1:colcon.colcon_core.package_identification:_identify(log) ignored
[1.230s] Level 1:colcon.colcon_core.package_identification:_identify(my_first_pkg) by extensions ['ignore', 'ignore_ament_install']
[1.230s] Level 1:colcon.colcon_core.package_identification:_identify(my_first_pkg) by extension 'ignore'
[1.230s] Level 1:colcon.colcon_core.package_identification:_identify(my_first_pkg) by extension 'ignore_ament_install'
[1.230s] Level 1:colcon.colcon_core.package_identification:_identify(my_first_pkg) by extensions ['colcon_pkg']
[1.230s] Level 1:colcon.colcon_core.package_identification:_identify(my_first_pkg) by extension 'colcon_pkg'
[1.230s] Level 1:colcon.colcon_core.package_identification:_identify(my_first_pkg) by extensions ['colcon_meta']
[1.230s] Level 1:colcon.colcon_core.package_identification:_identify(my_first_pkg) by extension 'colcon_meta'
[1.230s] Level 1:colcon.colcon_core.package_identification:_identify(my_first_pkg) by extensions ['ros']
[1.230s] Level 1:colcon.colcon_core.package_identification:_identify(my_first_pkg) by extension 'ros'
[1.231s] DEBUG:colcon.colcon_core.package_identification:Package 'my_first_pkg' with type 'ros.ament_cmake' and name 'my_first_pkg'
[1.231s] Level 1:colcon.colcon_core.package_identification:_identify(nixbot) by extensions ['ignore', 'ignore_ament_install']
[1.231s] Level 1:colcon.colcon_core.package_identification:_identify(nixbot) by extension 'ignore'
[1.232s] Level 1:colcon.colcon_core.package_identification:_identify(nixbot) by extension 'ignore_ament_install'
[1.232s] Level 1:colcon.colcon_core.package_identification:_identify(nixbot) by extensions ['colcon_pkg']
[1.232s] Level 1:colcon.colcon_core.package_identification:_identify(nixbot) by extension 'colcon_pkg'
[1.232s] Level 1:colcon.colcon_core.package_identification:_identify(nixbot) by extensions ['colcon_meta']
[1.232s] Level 1:colcon.colcon_core.package_identification:_identify(nixbot) by extension 'colcon_meta'
[1.232s] Level 1:colcon.colcon_core.package_identification:_identify(nixbot) by extensions ['ros']
[1.232s] Level 1:colcon.colcon_core.package_identification:_identify(nixbot) by extension 'ros'
[1.232s] DEBUG:colcon.colcon_core.package_identification:Package 'nixbot' with type 'ros.ament_cmake' and name 'nixbot'
[1.232s] Level 1:colcon.colcon_core.package_identification:_identify(serial) by extensions ['ignore', 'ignore_ament_install']
[1.232s] Level 1:colcon.colcon_core.package_identification:_identify(serial) by extension 'ignore'
[1.232s] Level 1:colcon.colcon_core.package_identification:_identify(serial) by extension 'ignore_ament_install'
[1.232s] Level 1:colcon.colcon_core.package_identification:_identify(serial) by extensions ['colcon_pkg']
[1.233s] Level 1:colcon.colcon_core.package_identification:_identify(serial) by extension 'colcon_pkg'
[1.233s] Level 1:colcon.colcon_core.package_identification:_identify(serial) by extensions ['colcon_meta']
[1.233s] Level 1:colcon.colcon_core.package_identification:_identify(serial) by extension 'colcon_meta'
[1.233s] Level 1:colcon.colcon_core.package_identification:_identify(serial) by extensions ['ros']
[1.233s] Level 1:colcon.colcon_core.package_identification:_identify(serial) by extension 'ros'
[1.233s] DEBUG:colcon.colcon_core.package_identification:Package 'serial' with type 'ros.ament_cmake' and name 'serial'
[1.233s] Level 1:colcon.colcon_core.package_identification:_identify(serial_motor_demo) by extensions ['ignore', 'ignore_ament_install']
[1.233s] Level 1:colcon.colcon_core.package_identification:_identify(serial_motor_demo) by extension 'ignore'
[1.233s] Level 1:colcon.colcon_core.package_identification:_identify(serial_motor_demo) by extension 'ignore_ament_install'
[1.233s] Level 1:colcon.colcon_core.package_identification:_identify(serial_motor_demo) by extensions ['colcon_pkg']
[1.233s] Level 1:colcon.colcon_core.package_identification:_identify(serial_motor_demo) by extension 'colcon_pkg'
[1.233s] Level 1:colcon.colcon_core.package_identification:_identify(serial_motor_demo) by extensions ['colcon_meta']
[1.233s] Level 1:colcon.colcon_core.package_identification:_identify(serial_motor_demo) by extension 'colcon_meta'
[1.234s] Level 1:colcon.colcon_core.package_identification:_identify(serial_motor_demo) by extensions ['ros']
[1.234s] Level 1:colcon.colcon_core.package_identification:_identify(serial_motor_demo) by extension 'ros'
[1.234s] Level 1:colcon.colcon_core.package_identification:_identify(serial_motor_demo) by extensions ['cmake', 'python']
[1.234s] Level 1:colcon.colcon_core.package_identification:_identify(serial_motor_demo) by extension 'cmake'
[1.234s] Level 1:colcon.colcon_core.package_identification:_identify(serial_motor_demo) by extension 'python'
[1.234s] Level 1:colcon.colcon_core.package_identification:_identify(serial_motor_demo) by extensions ['python_setup_py']
[1.234s] Level 1:colcon.colcon_core.package_identification:_identify(serial_motor_demo) by extension 'python_setup_py'
[1.234s] Level 1:colcon.colcon_core.package_identification:_identify(serial_motor_demo/serial_motor_demo) by extensions ['ignore', 'ignore_ament_install']
[1.234s] Level 1:colcon.colcon_core.package_identification:_identify(serial_motor_demo/serial_motor_demo) by extension 'ignore'
[1.234s] Level 1:colcon.colcon_core.package_identification:_identify(serial_motor_demo/serial_motor_demo) by extension 'ignore_ament_install'
[1.234s] Level 1:colcon.colcon_core.package_identification:_identify(serial_motor_demo/serial_motor_demo) by extensions ['colcon_pkg']
[1.234s] Level 1:colcon.colcon_core.package_identification:_identify(serial_motor_demo/serial_motor_demo) by extension 'colcon_pkg'
[1.234s] Level 1:colcon.colcon_core.package_identification:_identify(serial_motor_demo/serial_motor_demo) by extensions ['colcon_meta']
[1.234s] Level 1:colcon.colcon_core.package_identification:_identify(serial_motor_demo/serial_motor_demo) by extension 'colcon_meta'
[1.234s] Level 1:colcon.colcon_core.package_identification:_identify(serial_motor_demo/serial_motor_demo) by extensions ['ros']
[1.234s] Level 1:colcon.colcon_core.package_identification:_identify(serial_motor_demo/serial_motor_demo) by extension 'ros'
[1.235s] DEBUG:colcon.colcon_core.package_identification:Package 'serial_motor_demo/serial_motor_demo' with type 'ros.ament_python' and name 'serial_motor_demo'
[1.235s] Level 1:colcon.colcon_core.package_identification:_identify(serial_motor_demo/serial_motor_demo_msgs) by extensions ['ignore', 'ignore_ament_install']
[1.235s] Level 1:colcon.colcon_core.package_identification:_identify(serial_motor_demo/serial_motor_demo_msgs) by extension 'ignore'
[1.235s] Level 1:colcon.colcon_core.package_identification:_identify(serial_motor_demo/serial_motor_demo_msgs) by extension 'ignore_ament_install'
[1.235s] Level 1:colcon.colcon_core.package_identification:_identify(serial_motor_demo/serial_motor_demo_msgs) by extensions ['colcon_pkg']
[1.235s] Level 1:colcon.colcon_core.package_identification:_identify(serial_motor_demo/serial_motor_demo_msgs) by extension 'colcon_pkg'
[1.235s] Level 1:colcon.colcon_core.package_identification:_identify(serial_motor_demo/serial_motor_demo_msgs) by extensions ['colcon_meta']
[1.235s] Level 1:colcon.colcon_core.package_identification:_identify(serial_motor_demo/serial_motor_demo_msgs) by extension 'colcon_meta'
[1.235s] Level 1:colcon.colcon_core.package_identification:_identify(serial_motor_demo/serial_motor_demo_msgs) by extensions ['ros']
[1.235s] Level 1:colcon.colcon_core.package_identification:_identify(serial_motor_demo/serial_motor_demo_msgs) by extension 'ros'
[1.236s] DEBUG:colcon.colcon_core.package_identification:Package 'serial_motor_demo/serial_motor_demo_msgs' with type 'ros.ament_cmake' and name 'serial_motor_demo_msgs'
[1.236s] Level 1:colcon.colcon_core.package_discovery:discover_packages(recursive) using defaults
[1.236s] Level 1:colcon.colcon_core.package_discovery:discover_packages(ignore) discover
[1.236s] Level 1:colcon.colcon_core.package_discovery:discover_packages(ignore) using defaults
[1.236s] Level 1:colcon.colcon_core.package_discovery:discover_packages(path) discover
[1.236s] Level 1:colcon.colcon_core.package_discovery:discover_packages(path) using defaults
[1.333s] Level 1:colcon.colcon_core.package_discovery:discover_packages(prefix_path) check parameters
[1.333s] Level 1:colcon.colcon_core.package_discovery:discover_packages(prefix_path) discover
[1.350s] WARNING:colcon.colcon_core.prefix_path.colcon:The path '/home/eid/colcon_ws/install' in the environment variable COLCON_PREFIX_PATH doesn't exist
[1.351s] WARNING:colcon.colcon_ros.prefix_path.ament:The path '/home/eid/colcon_ws/install/move_robot' in the environment variable AMENT_PREFIX_PATH doesn't exist
[1.351s] WARNING:colcon.colcon_ros.prefix_path.ament:The path '/home/eid/colcon_ws/install/reach_wall_action' in the environment variable AMENT_PREFIX_PATH doesn't exist
[1.351s] WARNING:colcon.colcon_ros.prefix_path.ament:The path '/home/eid/colcon_ws/install/my_own_package' in the environment variable AMENT_PREFIX_PATH doesn't exist
[1.351s] WARNING:colcon.colcon_ros.prefix_path.catkin:The path '/home/eid/colcon_ws/install/reach_wall_action' in the environment variable CMAKE_PREFIX_PATH doesn't exist
[1.351s] WARNING:colcon.colcon_ros.prefix_path.catkin:The path '/home/eid/colcon_ws/install/my_own_package' in the environment variable CMAKE_PREFIX_PATH doesn't exist
[1.367s] DEBUG:colcon.colcon_installed_package_information.package_discovery:Found 6 installed packages in /home/eid/ws_gazebo/src/install
[1.385s] DEBUG:colcon.colcon_installed_package_information.package_discovery:Found 7 installed packages in /home/eid/ws_gazebo/install
[1.405s] DEBUG:colcon.colcon_installed_package_information.package_discovery:Found 379 installed packages in /opt/ros/humble
[1.417s] Level 1:colcon.colcon_core.package_discovery:discover_packages(prefix_path) using defaults
[1.529s] Level 5:colcon.colcon_core.verb:set package 'diffdrive_arduino' build argument 'cmake_args' from command line to 'None'
[1.529s] Level 5:colcon.colcon_core.verb:set package 'diffdrive_arduino' build argument 'cmake_target' from command line to 'None'
[1.529s] Level 5:colcon.colcon_core.verb:set package 'diffdrive_arduino' build argument 'cmake_target_skip_unavailable' from command line to 'False'
[1.529s] Level 5:colcon.colcon_core.verb:set package 'diffdrive_arduino' build argument 'cmake_clean_cache' from command line to 'False'
[1.529s] Level 5:colcon.colcon_core.verb:set package 'diffdrive_arduino' build argument 'cmake_clean_first' from command line to 'False'
[1.529s] Level 5:colcon.colcon_core.verb:set package 'diffdrive_arduino' build argument 'cmake_force_configure' from command line to 'False'
[1.529s] Level 5:colcon.colcon_core.verb:set package 'diffdrive_arduino' build argument 'ament_cmake_args' from command line to 'None'
[1.529s] Level 5:colcon.colcon_core.verb:set package 'diffdrive_arduino' build argument 'catkin_cmake_args' from command line to 'None'
[1.529s] Level 5:colcon.colcon_core.verb:set package 'diffdrive_arduino' build argument 'catkin_skip_building_tests' from command line to 'False'
[1.530s] DEBUG:colcon.colcon_core.verb:Building package 'diffdrive_arduino' with the following arguments: {'ament_cmake_args': None, 'build_base': '/home/eid/ws_gazebo/src/build/diffdrive_arduino', 'catkin_cmake_args': None, 'catkin_skip_building_tests': False, 'cmake_args': None, 'cmake_clean_cache': False, 'cmake_clean_first': False, 'cmake_force_configure': False, 'cmake_target': None, 'cmake_target_skip_unavailable': False, 'install_base': '/home/eid/ws_gazebo/src/install/diffdrive_arduino', 'merge_install': False, 'path': '/home/eid/ws_gazebo/src/diffdrive_arduino', 'symlink_install': False, 'test_result_base': None}
[1.545s] Level 5:colcon.colcon_core.verb:set package 'my_first_pkg' build argument 'cmake_args' from command line to 'None'
[1.545s] Level 5:colcon.colcon_core.verb:set package 'my_first_pkg' build argument 'cmake_target' from command line to 'None'
[1.545s] Level 5:colcon.colcon_core.verb:set package 'my_first_pkg' build argument 'cmake_target_skip_unavailable' from command line to 'False'
[1.545s] Level 5:colcon.colcon_core.verb:set package 'my_first_pkg' build argument 'cmake_clean_cache' from command line to 'False'
[1.545s] Level 5:colcon.colcon_core.verb:set package 'my_first_pkg' build argument 'cmake_clean_first' from command line to 'False'
[1.545s] Level 5:colcon.colcon_core.verb:set package 'my_first_pkg' build argument 'cmake_force_configure' from command line to 'False'
[1.545s] Level 5:colcon.colcon_core.verb:set package 'my_first_pkg' build argument 'ament_cmake_args' from command line to 'None'
[1.545s] Level 5:colcon.colcon_core.verb:set package 'my_first_pkg' build argument 'catkin_cmake_args' from command line to 'None'
[1.545s] Level 5:colcon.colcon_core.verb:set package 'my_first_pkg' build argument 'catkin_skip_building_tests' from command line to 'False'
[1.545s] DEBUG:colcon.colcon_core.verb:Building package 'my_first_pkg' with the following arguments: {'ament_cmake_args': None, 'build_base': '/home/eid/ws_gazebo/src/build/my_first_pkg', 'catkin_cmake_args': None, 'catkin_skip_building_tests': False, 'cmake_args': None, 'cmake_clean_cache': False, 'cmake_clean_first': False, 'cmake_force_configure': False, 'cmake_target': None, 'cmake_target_skip_unavailable': False, 'install_base': '/home/eid/ws_gazebo/src/install/my_first_pkg', 'merge_install': False, 'path': '/home/eid/ws_gazebo/src/my_first_pkg', 'symlink_install': False, 'test_result_base': None}
[1.561s] Level 5:colcon.colcon_core.verb:set package 'nixbot' build argument 'cmake_args' from command line to 'None'
[1.561s] Level 5:colcon.colcon_core.verb:set package 'nixbot' build argument 'cmake_target' from command line to 'None'
[1.561s] Level 5:colcon.colcon_core.verb:set package 'nixbot' build argument 'cmake_target_skip_unavailable' from command line to 'False'
[1.561s] Level 5:colcon.colcon_core.verb:set package 'nixbot' build argument 'cmake_clean_cache' from command line to 'False'
[1.561s] Level 5:colcon.colcon_core.verb:set package 'nixbot' build argument 'cmake_clean_first' from command line to 'False'
[1.561s] Level 5:colcon.colcon_core.verb:set package 'nixbot' build argument 'cmake_force_configure' from command line to 'False'
[1.561s] Level 5:colcon.colcon_core.verb:set package 'nixbot' build argument 'ament_cmake_args' from command line to 'None'
[1.561s] Level 5:colcon.colcon_core.verb:set package 'nixbot' build argument 'catkin_cmake_args' from command line to 'None'
[1.561s] Level 5:colcon.colcon_core.verb:set package 'nixbot' build argument 'catkin_skip_building_tests' from command line to 'False'
[1.561s] DEBUG:colcon.colcon_core.verb:Building package 'nixbot' with the following arguments: {'ament_cmake_args': None, 'build_base': '/home/eid/ws_gazebo/src/build/nixbot', 'catkin_cmake_args': None, 'catkin_skip_building_tests': False, 'cmake_args': None, 'cmake_clean_cache': False, 'cmake_clean_first': False, 'cmake_force_configure': False, 'cmake_target': None, 'cmake_target_skip_unavailable': False, 'install_base': '/home/eid/ws_gazebo/src/install/nixbot', 'merge_install': False, 'path': '/home/eid/ws_gazebo/src/nixbot', 'symlink_install': False, 'test_result_base': None}
[1.579s] Level 5:colcon.colcon_core.verb:set package 'serial' build argument 'cmake_args' from command line to 'None'
[1.579s] Level 5:colcon.colcon_core.verb:set package 'serial' build argument 'cmake_target' from command line to 'None'
[1.579s] Level 5:colcon.colcon_core.verb:set package 'serial' build argument 'cmake_target_skip_unavailable' from command line to 'False'
[1.579s] Level 5:colcon.colcon_core.verb:set package 'serial' build argument 'cmake_clean_cache' from command line to 'False'
[1.579s] Level 5:colcon.colcon_core.verb:set package 'serial' build argument 'cmake_clean_first' from command line to 'False'
[1.579s] Level 5:colcon.colcon_core.verb:set package 'serial' build argument 'cmake_force_configure' from command line to 'False'
[1.579s] Level 5:colcon.colcon_core.verb:set package 'serial' build argument 'ament_cmake_args' from command line to 'None'
[1.579s] Level 5:colcon.colcon_core.verb:set package 'serial' build argument 'catkin_cmake_args' from command line to 'None'
[1.579s] Level 5:colcon.colcon_core.verb:set package 'serial' build argument 'catkin_skip_building_tests' from command line to 'False'
[1.579s] DEBUG:colcon.colcon_core.verb:Building package 'serial' with the following arguments: {'ament_cmake_args': None, 'build_base': '/home/eid/ws_gazebo/src/build/serial', 'catkin_cmake_args': None, 'catkin_skip_building_tests': False, 'cmake_args': None, 'cmake_clean_cache': False, 'cmake_clean_first': False, 'cmake_force_configure': False, 'cmake_target': None, 'cmake_target_skip_unavailable': False, 'install_base': '/home/eid/ws_gazebo/src/install/serial', 'merge_install': False, 'path': '/home/eid/ws_gazebo/src/serial', 'symlink_install': False, 'test_result_base': None}
[1.596s] Level 5:colcon.colcon_core.verb:set package 'serial_motor_demo_msgs' build argument 'cmake_args' from command line to 'None'
[1.596s] Level 5:colcon.colcon_core.verb:set package 'serial_motor_demo_msgs' build argument 'cmake_target' from command line to 'None'
[1.596s] Level 5:colcon.colcon_core.verb:set package 'serial_motor_demo_msgs' build argument 'cmake_target_skip_unavailable' from command line to 'False'
[1.596s] Level 5:colcon.colcon_core.verb:set package 'serial_motor_demo_msgs' build argument 'cmake_clean_cache' from command line to 'False'
[1.596s] Level 5:colcon.colcon_core.verb:set package 'serial_motor_demo_msgs' build argument 'cmake_clean_first' from command line to 'False'
[1.596s] Level 5:colcon.colcon_core.verb:set package 'serial_motor_demo_msgs' build argument 'cmake_force_configure' from command line to 'False'
[1.596s] Level 5:colcon.colcon_core.verb:set package 'serial_motor_demo_msgs' build argument 'ament_cmake_args' from command line to 'None'
[1.596s] Level 5:colcon.colcon_core.verb:set package 'serial_motor_demo_msgs' build argument 'catkin_cmake_args' from command line to 'None'
[1.596s] Level 5:colcon.colcon_core.verb:set package 'serial_motor_demo_msgs' build argument 'catkin_skip_building_tests' from command line to 'False'
[1.596s] DEBUG:colcon.colcon_core.verb:Building package 'serial_motor_demo_msgs' with the following arguments: {'ament_cmake_args': None, 'build_base': '/home/eid/ws_gazebo/src/build/serial_motor_demo_msgs', 'catkin_cmake_args': None, 'catkin_skip_building_tests': False, 'cmake_args': None, 'cmake_clean_cache': False, 'cmake_clean_first': False, 'cmake_force_configure': False, 'cmake_target': None, 'cmake_target_skip_unavailable': False, 'install_base': '/home/eid/ws_gazebo/src/install/serial_motor_demo_msgs', 'merge_install': False, 'path': '/home/eid/ws_gazebo/src/serial_motor_demo/serial_motor_demo_msgs', 'symlink_install': False, 'test_result_base': None}
[1.612s] Level 5:colcon.colcon_core.verb:set package 'serial_motor_demo' build argument 'cmake_args' from command line to 'None'
[1.612s] Level 5:colcon.colcon_core.verb:set package 'serial_motor_demo' build argument 'cmake_target' from command line to 'None'
[1.612s] Level 5:colcon.colcon_core.verb:set package 'serial_motor_demo' build argument 'cmake_target_skip_unavailable' from command line to 'False'
[1.612s] Level 5:colcon.colcon_core.verb:set package 'serial_motor_demo' build argument 'cmake_clean_cache' from command line to 'False'
[1.613s] Level 5:colcon.colcon_core.verb:set package 'serial_motor_demo' build argument 'cmake_clean_first' from command line to 'False'
[1.613s] Level 5:colcon.colcon_core.verb:set package 'serial_motor_demo' build argument 'cmake_force_configure' from command line to 'False'
[1.613s] Level 5:colcon.colcon_core.verb:set package 'serial_motor_demo' build argument 'ament_cmake_args' from command line to 'None'
[1.613s] Level 5:colcon.colcon_core.verb:set package 'serial_motor_demo' build argument 'catkin_cmake_args' from command line to 'None'
[1.613s] Level 5:colcon.colcon_core.verb:set package 'serial_motor_demo' build argument 'catkin_skip_building_tests' from command line to 'False'
[1.613s] DEBUG:colcon.colcon_core.verb:Building package 'serial_motor_demo' with the following arguments: {'ament_cmake_args': None, 'build_base': '/home/eid/ws_gazebo/src/build/serial_motor_demo', 'catkin_cmake_args': None, 'catkin_skip_building_tests': False, 'cmake_args': None, 'cmake_clean_cache': False, 'cmake_clean_first': False, 'cmake_force_configure': False, 'cmake_target': None, 'cmake_target_skip_unavailable': False, 'install_base': '/home/eid/ws_gazebo/src/install/serial_motor_demo', 'merge_install': False, 'path': '/home/eid/ws_gazebo/src/serial_motor_demo/serial_motor_demo', 'symlink_install': False, 'test_result_base': None}
[1.629s] INFO:colcon.colcon_core.executor:Executing jobs using 'parallel' executor
[1.649s] DEBUG:colcon.colcon_parallel_executor.executor.parallel:run_until_complete
[1.649s] INFO:colcon.colcon_ros.task.ament_cmake.build:Building ROS package in '/home/eid/ws_gazebo/src/serial_motor_demo/serial_motor_demo_msgs' with build type 'ament_cmake'
[1.649s] INFO:colcon.colcon_cmake.task.cmake.build:Building CMake package in '/home/eid/ws_gazebo/src/serial_motor_demo/serial_motor_demo_msgs'
[1.667s] INFO:colcon.colcon_core.plugin_system:Skipping extension 'colcon_core.shell.bat': Not used on non-Windows systems
[1.667s] INFO:colcon.colcon_core.shell:Skip shell extension 'powershell' for command environment: Not usable outside of PowerShell
[1.668s] DEBUG:colcon.colcon_core.shell:Skip shell extension 'dsv' for command environment
[1.745s] INFO:colcon.colcon_ros.task.ament_cmake.build:Building ROS package in '/home/eid/ws_gazebo/src/diffdrive_arduino' with build type 'ament_cmake'
[1.745s] INFO:colcon.colcon_cmake.task.cmake.build:Building CMake package in '/home/eid/ws_gazebo/src/diffdrive_arduino'
[1.767s] INFO:colcon.colcon_core.shell:Skip shell extension 'powershell' for command environment: Not usable outside of PowerShell
[1.767s] DEBUG:colcon.colcon_core.shell:Skip shell extension 'dsv' for command environment
[1.851s] INFO:colcon.colcon_ros.task.ament_cmake.build:Building ROS package in '/home/eid/ws_gazebo/src/my_first_pkg' with build type 'ament_cmake'
[1.851s] INFO:colcon.colcon_cmake.task.cmake.build:Building CMake package in '/home/eid/ws_gazebo/src/my_first_pkg'
[1.868s] INFO:colcon.colcon_core.shell:Skip shell extension 'powershell' for command environment: Not usable outside of PowerShell
[1.868s] DEBUG:colcon.colcon_core.shell:Skip shell extension 'dsv' for command environment
[1.938s] INFO:colcon.colcon_ros.task.ament_cmake.build:Building ROS package in '/home/eid/ws_gazebo/src/nixbot' with build type 'ament_cmake'
[1.938s] INFO:colcon.colcon_cmake.task.cmake.build:Building CMake package in '/home/eid/ws_gazebo/src/nixbot'
[1.956s] INFO:colcon.colcon_core.shell:Skip shell extension 'powershell' for command environment: Not usable outside of PowerShell
[1.956s] DEBUG:colcon.colcon_core.shell:Skip shell extension 'dsv' for command environment
[2.044s] INFO:colcon.colcon_ros.task.ament_cmake.build:Building ROS package in '/home/eid/ws_gazebo/src/serial' with build type 'ament_cmake'
[2.044s] INFO:colcon.colcon_cmake.task.cmake.build:Building CMake package in '/home/eid/ws_gazebo/src/serial'
[2.062s] INFO:colcon.colcon_core.shell:Skip shell extension 'powershell' for command environment: Not usable outside of PowerShell
[2.062s] DEBUG:colcon.colcon_core.shell:Skip shell extension 'dsv' for command environment
[2.144s] DEBUG:colcon.colcon_core.event_handler.log_command:Invoking command in '/home/eid/ws_gazebo/src/build/serial_motor_demo_msgs': CMAKE_PREFIX_PATH=${CMAKE_PREFIX_PATH}:/home/eid/ws_gazebo/src/install/serial_motor_demo:/home/eid/ws_gazebo/install/serial_motor_demo:/home/eid/ws_gazebo/install/my_first_pkg:/home/eid/colcon_ws/install/move_robot:/opt/ros/humble /usr/bin/cmake --build /home/eid/ws_gazebo/src/build/serial_motor_demo_msgs -- -j8 -l8
[2.148s] DEBUG:colcon.colcon_core.event_handler.log_command:Invoking command in '/home/eid/ws_gazebo/src/build/diffdrive_arduino': CMAKE_PREFIX_PATH=${CMAKE_PREFIX_PATH}:/home/eid/ws_gazebo/src/install/serial_motor_demo:/home/eid/ws_gazebo/install/serial_motor_demo:/home/eid/ws_gazebo/install/my_first_pkg:/home/eid/colcon_ws/install/move_robot:/opt/ros/humble /usr/bin/cmake --build /home/eid/ws_gazebo/src/build/diffdrive_arduino -- -j8 -l8
[2.151s] DEBUG:colcon.colcon_core.event_handler.log_command:Invoking command in '/home/eid/ws_gazebo/src/build/my_first_pkg': CMAKE_PREFIX_PATH=${CMAKE_PREFIX_PATH}:/home/eid/ws_gazebo/src/install/serial_motor_demo:/home/eid/ws_gazebo/install/serial_motor_demo:/home/eid/ws_gazebo/install/my_first_pkg:/home/eid/colcon_ws/install/move_robot:/opt/ros/humble /usr/bin/cmake --build /home/eid/ws_gazebo/src/build/my_first_pkg -- -j8 -l8
[2.155s] DEBUG:colcon.colcon_core.event_handler.log_command:Invoking command in '/home/eid/ws_gazebo/src/build/nixbot': CMAKE_PREFIX_PATH=${CMAKE_PREFIX_PATH}:/home/eid/ws_gazebo/src/install/serial_motor_demo:/home/eid/ws_gazebo/install/serial_motor_demo:/home/eid/ws_gazebo/install/my_first_pkg:/home/eid/colcon_ws/install/move_robot:/opt/ros/humble /usr/bin/cmake --build /home/eid/ws_gazebo/src/build/nixbot -- -j8 -l8
[2.162s] DEBUG:colcon.colcon_core.event_handler.log_command:Invoking command in '/home/eid/ws_gazebo/src/build/serial': CMAKE_PREFIX_PATH=${CMAKE_PREFIX_PATH}:/home/eid/ws_gazebo/src/install/serial_motor_demo:/home/eid/ws_gazebo/install/serial_motor_demo:/home/eid/ws_gazebo/install/my_first_pkg:/home/eid/colcon_ws/install/move_robot:/opt/ros/humble /usr/bin/cmake --build /home/eid/ws_gazebo/src/build/serial -- -j8 -l8
[2.219s] DEBUG:colcon.colcon_core.event_handler.log_command:Invoked command in '/home/eid/ws_gazebo/src/build/nixbot' returned '0': CMAKE_PREFIX_PATH=${CMAKE_PREFIX_PATH}:/home/eid/ws_gazebo/src/install/serial_motor_demo:/home/eid/ws_gazebo/install/serial_motor_demo:/home/eid/ws_gazebo/install/my_first_pkg:/home/eid/colcon_ws/install/move_robot:/opt/ros/humble /usr/bin/cmake --build /home/eid/ws_gazebo/src/build/nixbot -- -j8 -l8
[2.247s] DEBUG:colcon.colcon_core.event_handler.log_command:Invoked command in '/home/eid/ws_gazebo/src/build/my_first_pkg' returned '0': CMAKE_PREFIX_PATH=${CMAKE_PREFIX_PATH}:/home/eid/ws_gazebo/src/install/serial_motor_demo:/home/eid/ws_gazebo/install/serial_motor_demo:/home/eid/ws_gazebo/install/my_first_pkg:/home/eid/colcon_ws/install/move_robot:/opt/ros/humble /usr/bin/cmake --build /home/eid/ws_gazebo/src/build/my_first_pkg -- -j8 -l8
[2.268s] DEBUG:colcon.colcon_core.event_handler.log_command:Invoked command in '/home/eid/ws_gazebo/src/build/diffdrive_arduino' returned '0': CMAKE_PREFIX_PATH=${CMAKE_PREFIX_PATH}:/home/eid/ws_gazebo/src/install/serial_motor_demo:/home/eid/ws_gazebo/install/serial_motor_demo:/home/eid/ws_gazebo/install/my_first_pkg:/home/eid/colcon_ws/install/move_robot:/opt/ros/humble /usr/bin/cmake --build /home/eid/ws_gazebo/src/build/diffdrive_arduino -- -j8 -l8
[2.316s] DEBUG:colcon.colcon_core.event_handler.log_command:Invoking command in '/home/eid/ws_gazebo/src/build/nixbot': CMAKE_PREFIX_PATH=${CMAKE_PREFIX_PATH}:/home/eid/ws_gazebo/src/install/serial_motor_demo:/home/eid/ws_gazebo/install/serial_motor_demo:/home/eid/ws_gazebo/install/my_first_pkg:/home/eid/colcon_ws/install/move_robot:/opt/ros/humble /usr/bin/cmake --install /home/eid/ws_gazebo/src/build/nixbot
[2.324s] DEBUG:colcon.colcon_core.event_handler.log_command:Invoking command in '/home/eid/ws_gazebo/src/build/diffdrive_arduino': CMAKE_PREFIX_PATH=${CMAKE_PREFIX_PATH}:/home/eid/ws_gazebo/src/install/serial_motor_demo:/home/eid/ws_gazebo/install/serial_motor_demo:/home/eid/ws_gazebo/install/my_first_pkg:/home/eid/colcon_ws/install/move_robot:/opt/ros/humble /usr/bin/cmake --install /home/eid/ws_gazebo/src/build/diffdrive_arduino
[2.328s] DEBUG:colcon.colcon_core.event_handler.log_command:Invoking command in '/home/eid/ws_gazebo/src/build/my_first_pkg': CMAKE_PREFIX_PATH=${CMAKE_PREFIX_PATH}:/home/eid/ws_gazebo/src/install/serial_motor_demo:/home/eid/ws_gazebo/install/serial_motor_demo:/home/eid/ws_gazebo/install/my_first_pkg:/home/eid/colcon_ws/install/move_robot:/opt/ros/humble /usr/bin/cmake --install /home/eid/ws_gazebo/src/build/my_first_pkg
[2.347s] DEBUG:colcon.colcon_core.event_handler.log_command:Invoked command in '/home/eid/ws_gazebo/src/build/serial' returned '0': CMAKE_PREFIX_PATH=${CMAKE_PREFIX_PATH}:/home/eid/ws_gazebo/src/install/serial_motor_demo:/home/eid/ws_gazebo/install/serial_motor_demo:/home/eid/ws_gazebo/install/my_first_pkg:/home/eid/colcon_ws/install/move_robot:/opt/ros/humble /usr/bin/cmake --build /home/eid/ws_gazebo/src/build/serial -- -j8 -l8
[2.358s] Level 1:colcon.colcon_core.environment:create_environment_scripts_only(nixbot)
[2.363s] DEBUG:colcon.colcon_core.event_handler.log_command:Invoked command in '/home/eid/ws_gazebo/src/build/nixbot' returned '0': CMAKE_PREFIX_PATH=${CMAKE_PREFIX_PATH}:/home/eid/ws_gazebo/src/install/serial_motor_demo:/home/eid/ws_gazebo/install/serial_motor_demo:/home/eid/ws_gazebo/install/my_first_pkg:/home/eid/colcon_ws/install/move_robot:/opt/ros/humble /usr/bin/cmake --install /home/eid/ws_gazebo/src/build/nixbot
[2.393s] Level 1:colcon.colcon_core.environment:checking '/home/eid/ws_gazebo/src/install/nixbot' for CMake module files
[2.394s] Level 1:colcon.colcon_core.environment:checking '/home/eid/ws_gazebo/src/install/nixbot' for CMake config files
[2.394s] Level 1:colcon.colcon_core.shell:create_environment_hook('nixbot', 'cmake_prefix_path')
[2.414s] INFO:colcon.colcon_core.shell:Creating environment hook '/home/eid/ws_gazebo/src/install/nixbot/share/nixbot/hook/cmake_prefix_path.ps1'
[2.415s] INFO:colcon.colcon_core.shell:Creating environment descriptor '/home/eid/ws_gazebo/src/install/nixbot/share/nixbot/hook/cmake_prefix_path.dsv'
[2.416s] INFO:colcon.colcon_core.shell:Creating environment hook '/home/eid/ws_gazebo/src/install/nixbot/share/nixbot/hook/cmake_prefix_path.sh'
[2.417s] Level 1:colcon.colcon_core.environment:checking '/home/eid/ws_gazebo/src/install/nixbot/bin'
[2.417s] Level 1:colcon.colcon_core.environment:checking '/home/eid/ws_gazebo/src/install/nixbot/lib/pkgconfig/nixbot.pc'
[2.418s] Level 1:colcon.colcon_core.environment:checking '/home/eid/ws_gazebo/src/install/nixbot/lib/python3.10/site-packages'
[2.418s] Level 1:colcon.colcon_core.environment:checking '/home/eid/ws_gazebo/src/install/nixbot/bin'
[2.438s] INFO:colcon.colcon_core.shell:Creating package script '/home/eid/ws_gazebo/src/install/nixbot/share/nixbot/package.ps1'
[2.439s] INFO:colcon.colcon_core.shell:Creating package descriptor '/home/eid/ws_gazebo/src/install/nixbot/share/nixbot/package.dsv'
[2.440s] INFO:colcon.colcon_core.shell:Creating package script '/home/eid/ws_gazebo/src/install/nixbot/share/nixbot/package.sh'
[2.441s] INFO:colcon.colcon_core.shell:Creating package script '/home/eid/ws_gazebo/src/install/nixbot/share/nixbot/package.bash'
[2.442s] INFO:colcon.colcon_core.shell:Creating package script '/home/eid/ws_gazebo/src/install/nixbot/share/nixbot/package.zsh'
[2.443s] Level 1:colcon.colcon_core.environment:create_file_with_runtime_dependencies(/home/eid/ws_gazebo/src/install/nixbot/share/colcon-core/packages/nixbot)
[2.447s] Level 1:colcon.colcon_core.environment:create_environment_scripts_only(my_first_pkg)
[2.448s] DEBUG:colcon.colcon_core.event_handler.log_command:Invoking command in '/home/eid/ws_gazebo/src/build/serial': CMAKE_PREFIX_PATH=${CMAKE_PREFIX_PATH}:/home/eid/ws_gazebo/src/install/serial_motor_demo:/home/eid/ws_gazebo/install/serial_motor_demo:/home/eid/ws_gazebo/install/my_first_pkg:/home/eid/colcon_ws/install/move_robot:/opt/ros/humble /usr/bin/cmake --install /home/eid/ws_gazebo/src/build/serial
[2.449s] DEBUG:colcon.colcon_core.event_handler.log_command:Invoked command in '/home/eid/ws_gazebo/src/build/my_first_pkg' returned '0': CMAKE_PREFIX_PATH=${CMAKE_PREFIX_PATH}:/home/eid/ws_gazebo/src/install/serial_motor_demo:/home/eid/ws_gazebo/install/serial_motor_demo:/home/eid/ws_gazebo/install/my_first_pkg:/home/eid/colcon_ws/install/move_robot:/opt/ros/humble /usr/bin/cmake --install /home/eid/ws_gazebo/src/build/my_first_pkg
[2.473s] Level 1:colcon.colcon_core.environment:checking '/home/eid/ws_gazebo/src/install/my_first_pkg' for CMake module files
[2.474s] Level 1:colcon.colcon_core.environment:checking '/home/eid/ws_gazebo/src/install/my_first_pkg' for CMake config files
[2.474s] Level 1:colcon.colcon_core.shell:create_environment_hook('my_first_pkg', 'cmake_prefix_path')
[2.491s] INFO:colcon.colcon_core.shell:Creating environment hook '/home/eid/ws_gazebo/src/install/my_first_pkg/share/my_first_pkg/hook/cmake_prefix_path.ps1'
[2.491s] INFO:colcon.colcon_core.shell:Creating environment descriptor '/home/eid/ws_gazebo/src/install/my_first_pkg/share/my_first_pkg/hook/cmake_prefix_path.dsv'
[2.492s] INFO:colcon.colcon_core.shell:Creating environment hook '/home/eid/ws_gazebo/src/install/my_first_pkg/share/my_first_pkg/hook/cmake_prefix_path.sh'
[2.492s] Level 1:colcon.colcon_core.environment:checking '/home/eid/ws_gazebo/src/install/my_first_pkg/lib'
[2.492s] Level 1:colcon.colcon_core.environment:checking '/home/eid/ws_gazebo/src/install/my_first_pkg/bin'
[2.493s] Level 1:colcon.colcon_core.environment:checking '/home/eid/ws_gazebo/src/install/my_first_pkg/lib/pkgconfig/my_first_pkg.pc'
[2.493s] Level 1:colcon.colcon_core.environment:checking '/home/eid/ws_gazebo/src/install/my_first_pkg/lib/python3.10/site-packages'
[2.493s] Level 1:colcon.colcon_core.environment:checking '/home/eid/ws_gazebo/src/install/my_first_pkg/bin'
[2.512s] INFO:colcon.colcon_core.shell:Creating package script '/home/eid/ws_gazebo/src/install/my_first_pkg/share/my_first_pkg/package.ps1'
[2.512s] INFO:colcon.colcon_core.shell:Creating package descriptor '/home/eid/ws_gazebo/src/install/my_first_pkg/share/my_first_pkg/package.dsv'
[2.512s] INFO:colcon.colcon_core.shell:Creating package script '/home/eid/ws_gazebo/src/install/my_first_pkg/share/my_first_pkg/package.sh'
[2.513s] INFO:colcon.colcon_core.shell:Creating package script '/home/eid/ws_gazebo/src/install/my_first_pkg/share/my_first_pkg/package.bash'
[2.513s] INFO:colcon.colcon_core.shell:Creating package script '/home/eid/ws_gazebo/src/install/my_first_pkg/share/my_first_pkg/package.zsh'
[2.513s] Level 1:colcon.colcon_core.environment:create_file_with_runtime_dependencies(/home/eid/ws_gazebo/src/install/my_first_pkg/share/colcon-core/packages/my_first_pkg)
[2.514s] Level 1:colcon.colcon_core.environment:create_environment_scripts_only(diffdrive_arduino)
[2.515s] DEBUG:colcon.colcon_core.event_handler.log_command:Invoked command in '/home/eid/ws_gazebo/src/build/diffdrive_arduino' returned '0': CMAKE_PREFIX_PATH=${CMAKE_PREFIX_PATH}:/home/eid/ws_gazebo/src/install/serial_motor_demo:/home/eid/ws_gazebo/install/serial_motor_demo:/home/eid/ws_gazebo/install/my_first_pkg:/home/eid/colcon_ws/install/move_robot:/opt/ros/humble /usr/bin/cmake --install /home/eid/ws_gazebo/src/build/diffdrive_arduino
[2.531s] Level 1:colcon.colcon_core.environment:checking '/home/eid/ws_gazebo/src/install/diffdrive_arduino' for CMake module files
[2.532s] Level 1:colcon.colcon_core.environment:checking '/home/eid/ws_gazebo/src/install/diffdrive_arduino' for CMake config files
[2.532s] Level 1:colcon.colcon_core.shell:create_environment_hook('diffdrive_arduino', 'cmake_prefix_path')
[2.548s] INFO:colcon.colcon_core.shell:Creating environment hook '/home/eid/ws_gazebo/src/install/diffdrive_arduino/share/diffdrive_arduino/hook/cmake_prefix_path.ps1'
[2.548s] INFO:colcon.colcon_core.shell:Creating environment descriptor '/home/eid/ws_gazebo/src/install/diffdrive_arduino/share/diffdrive_arduino/hook/cmake_prefix_path.dsv'
[2.549s] INFO:colcon.colcon_core.shell:Creating environment hook '/home/eid/ws_gazebo/src/install/diffdrive_arduino/share/diffdrive_arduino/hook/cmake_prefix_path.sh'
[2.549s] Level 1:colcon.colcon_core.environment:checking '/home/eid/ws_gazebo/src/install/diffdrive_arduino/lib'
[2.549s] Level 1:colcon.colcon_core.shell:create_environment_hook('diffdrive_arduino', 'ld_library_path_lib')
[2.567s] INFO:colcon.colcon_core.shell:Creating environment hook '/home/eid/ws_gazebo/src/install/diffdrive_arduino/share/diffdrive_arduino/hook/ld_library_path_lib.ps1'
[2.567s] INFO:colcon.colcon_core.shell:Creating environment descriptor '/home/eid/ws_gazebo/src/install/diffdrive_arduino/share/diffdrive_arduino/hook/ld_library_path_lib.dsv'
[2.567s] INFO:colcon.colcon_core.shell:Creating environment hook '/home/eid/ws_gazebo/src/install/diffdrive_arduino/share/diffdrive_arduino/hook/ld_library_path_lib.sh'
[2.568s] Level 1:colcon.colcon_core.environment:checking '/home/eid/ws_gazebo/src/install/diffdrive_arduino/bin'
[2.568s] Level 1:colcon.colcon_core.environment:checking '/home/eid/ws_gazebo/src/install/diffdrive_arduino/lib/pkgconfig/diffdrive_arduino.pc'
[2.568s] Level 1:colcon.colcon_core.environment:checking '/home/eid/ws_gazebo/src/install/diffdrive_arduino/lib/python3.10/site-packages'
[2.568s] Level 1:colcon.colcon_core.environment:checking '/home/eid/ws_gazebo/src/install/diffdrive_arduino/bin'
[2.590s] INFO:colcon.colcon_core.shell:Creating package script '/home/eid/ws_gazebo/src/install/diffdrive_arduino/share/diffdrive_arduino/package.ps1'
[2.590s] INFO:colcon.colcon_core.shell:Creating package descriptor '/home/eid/ws_gazebo/src/install/diffdrive_arduino/share/diffdrive_arduino/package.dsv'
[2.591s] INFO:colcon.colcon_core.shell:Creating package script '/home/eid/ws_gazebo/src/install/diffdrive_arduino/share/diffdrive_arduino/package.sh'
[2.591s] INFO:colcon.colcon_core.shell:Creating package script '/home/eid/ws_gazebo/src/install/diffdrive_arduino/share/diffdrive_arduino/package.bash'
[2.591s] INFO:colcon.colcon_core.shell:Creating package script '/home/eid/ws_gazebo/src/install/diffdrive_arduino/share/diffdrive_arduino/package.zsh'
[2.592s] Level 1:colcon.colcon_core.environment:create_file_with_runtime_dependencies(/home/eid/ws_gazebo/src/install/diffdrive_arduino/share/colcon-core/packages/diffdrive_arduino)
[2.614s] Level 1:colcon.colcon_core.environment:create_environment_scripts_only(nixbot)
[2.637s] Level 1:colcon.colcon_core.environment:checking '/home/eid/ws_gazebo/src/install/nixbot' for CMake module files
[2.638s] Level 1:colcon.colcon_core.environment:checking '/home/eid/ws_gazebo/src/install/nixbot' for CMake config files
[2.639s] Level 1:colcon.colcon_core.shell:create_environment_hook('nixbot', 'cmake_prefix_path')
[2.656s] INFO:colcon.colcon_core.shell:Creating environment hook '/home/eid/ws_gazebo/src/install/nixbot/share/nixbot/hook/cmake_prefix_path.ps1'
[2.657s] INFO:colcon.colcon_core.shell:Creating environment descriptor '/home/eid/ws_gazebo/src/install/nixbot/share/nixbot/hook/cmake_prefix_path.dsv'
[2.657s] INFO:colcon.colcon_core.shell:Creating environment hook '/home/eid/ws_gazebo/src/install/nixbot/share/nixbot/hook/cmake_prefix_path.sh'
[2.657s] Level 1:colcon.colcon_core.environment:checking '/home/eid/ws_gazebo/src/install/nixbot/bin'
[2.658s] Level 1:colcon.colcon_core.environment:checking '/home/eid/ws_gazebo/src/install/nixbot/lib/pkgconfig/nixbot.pc'
[2.658s] Level 1:colcon.colcon_core.environment:checking '/home/eid/ws_gazebo/src/install/nixbot/lib/python3.10/site-packages'
[2.658s] Level 1:colcon.colcon_core.environment:checking '/home/eid/ws_gazebo/src/install/nixbot/bin'
[2.675s] INFO:colcon.colcon_core.shell:Creating package script '/home/eid/ws_gazebo/src/install/nixbot/share/nixbot/package.ps1'
[2.676s] INFO:colcon.colcon_core.shell:Creating package descriptor '/home/eid/ws_gazebo/src/install/nixbot/share/nixbot/package.dsv'
[2.676s] INFO:colcon.colcon_core.shell:Creating package script '/home/eid/ws_gazebo/src/install/nixbot/share/nixbot/package.sh'
[2.677s] INFO:colcon.colcon_core.shell:Creating package script '/home/eid/ws_gazebo/src/install/nixbot/share/nixbot/package.bash'
[2.677s] INFO:colcon.colcon_core.shell:Creating package script '/home/eid/ws_gazebo/src/install/nixbot/share/nixbot/package.zsh'
[2.677s] Level 1:colcon.colcon_core.environment:create_file_with_runtime_dependencies(/home/eid/ws_gazebo/src/install/nixbot/share/colcon-core/packages/nixbot)
[2.678s] Level 1:colcon.colcon_core.environment:create_environment_scripts_only(serial)
[2.679s] DEBUG:colcon.colcon_core.event_handler.log_command:Invoked command in '/home/eid/ws_gazebo/src/build/serial' returned '0': CMAKE_PREFIX_PATH=${CMAKE_PREFIX_PATH}:/home/eid/ws_gazebo/src/install/serial_motor_demo:/home/eid/ws_gazebo/install/serial_motor_demo:/home/eid/ws_gazebo/install/my_first_pkg:/home/eid/colcon_ws/install/move_robot:/opt/ros/humble /usr/bin/cmake --install /home/eid/ws_gazebo/src/build/serial
[2.696s] Level 1:colcon.colcon_core.environment:checking '/home/eid/ws_gazebo/src/install/serial' for CMake module files
[2.696s] Level 1:colcon.colcon_core.environment:checking '/home/eid/ws_gazebo/src/install/serial' for CMake config files
[2.697s] Level 1:colcon.colcon_core.shell:create_environment_hook('serial', 'cmake_prefix_path')
[2.730s] INFO:colcon.colcon_core.shell:Creating environment hook '/home/eid/ws_gazebo/src/install/serial/share/serial/hook/cmake_prefix_path.ps1'
[2.730s] INFO:colcon.colcon_core.shell:Creating environment descriptor '/home/eid/ws_gazebo/src/install/serial/share/serial/hook/cmake_prefix_path.dsv'
[2.730s] INFO:colcon.colcon_core.shell:Creating environment hook '/home/eid/ws_gazebo/src/install/serial/share/serial/hook/cmake_prefix_path.sh'
[2.731s] Level 1:colcon.colcon_core.environment:checking '/home/eid/ws_gazebo/src/install/serial/lib'
[2.731s] Level 1:colcon.colcon_core.environment:checking '/home/eid/ws_gazebo/src/install/serial/bin'
[2.731s] Level 1:colcon.colcon_core.environment:checking '/home/eid/ws_gazebo/src/install/serial/lib/pkgconfig/serial.pc'
[2.731s] Level 1:colcon.colcon_core.environment:checking '/home/eid/ws_gazebo/src/install/serial/lib/python3.10/site-packages'
[2.732s] Level 1:colcon.colcon_core.environment:checking '/home/eid/ws_gazebo/src/install/serial/bin'
[2.751s] INFO:colcon.colcon_core.shell:Creating package script '/home/eid/ws_gazebo/src/install/serial/share/serial/package.ps1'
[2.752s] INFO:colcon.colcon_core.shell:Creating package descriptor '/home/eid/ws_gazebo/src/install/serial/share/serial/package.dsv'
[2.753s] INFO:colcon.colcon_core.shell:Creating package script '/home/eid/ws_gazebo/src/install/serial/share/serial/package.sh'
[2.753s] INFO:colcon.colcon_core.shell:Creating package script '/home/eid/ws_gazebo/src/install/serial/share/serial/package.bash'
[2.753s] INFO:colcon.colcon_core.shell:Creating package script '/home/eid/ws_gazebo/src/install/serial/share/serial/package.zsh'
[2.754s] Level 1:colcon.colcon_core.environment:create_file_with_runtime_dependencies(/home/eid/ws_gazebo/src/install/serial/share/colcon-core/packages/serial)
[2.779s] Level 1:colcon.colcon_core.environment:create_environment_scripts_only(my_first_pkg)
[2.801s] Level 1:colcon.colcon_core.environment:checking '/home/eid/ws_gazebo/src/install/my_first_pkg' for CMake module files
[2.802s] Level 1:colcon.colcon_core.environment:checking '/home/eid/ws_gazebo/src/install/my_first_pkg' for CMake config files
[2.803s] Level 1:colcon.colcon_core.shell:create_environment_hook('my_first_pkg', 'cmake_prefix_path')
[2.830s] INFO:colcon.colcon_core.shell:Creating environment hook '/home/eid/ws_gazebo/src/install/my_first_pkg/share/my_first_pkg/hook/cmake_prefix_path.ps1'
[2.830s] INFO:colcon.colcon_core.shell:Creating environment descriptor '/home/eid/ws_gazebo/src/install/my_first_pkg/share/my_first_pkg/hook/cmake_prefix_path.dsv'
[2.831s] INFO:colcon.colcon_core.shell:Creating environment hook '/home/eid/ws_gazebo/src/install/my_first_pkg/share/my_first_pkg/hook/cmake_prefix_path.sh'
[2.831s] Level 1:colcon.colcon_core.environment:checking '/home/eid/ws_gazebo/src/install/my_first_pkg/lib'
[2.831s] Level 1:colcon.colcon_core.environment:checking '/home/eid/ws_gazebo/src/install/my_first_pkg/bin'
[2.831s] Level 1:colcon.colcon_core.environment:checking '/home/eid/ws_gazebo/src/install/my_first_pkg/lib/pkgconfig/my_first_pkg.pc'
[2.832s] Level 1:colcon.colcon_core.environment:checking '/home/eid/ws_gazebo/src/install/my_first_pkg/lib/python3.10/site-packages'
[2.832s] Level 1:colcon.colcon_core.environment:checking '/home/eid/ws_gazebo/src/install/my_first_pkg/bin'
[2.851s] INFO:colcon.colcon_core.shell:Creating package script '/home/eid/ws_gazebo/src/install/my_first_pkg/share/my_first_pkg/package.ps1'
[2.851s] INFO:colcon.colcon_core.shell:Creating package descriptor '/home/eid/ws_gazebo/src/install/my_first_pkg/share/my_first_pkg/package.dsv'
[2.852s] INFO:colcon.colcon_core.shell:Creating package script '/home/eid/ws_gazebo/src/install/my_first_pkg/share/my_first_pkg/package.sh'
[2.853s] INFO:colcon.colcon_core.shell:Creating package script '/home/eid/ws_gazebo/src/install/my_first_pkg/share/my_first_pkg/package.bash'
[2.853s] INFO:colcon.colcon_core.shell:Creating package script '/home/eid/ws_gazebo/src/install/my_first_pkg/share/my_first_pkg/package.zsh'
[2.854s] Level 1:colcon.colcon_core.environment:create_file_with_runtime_dependencies(/home/eid/ws_gazebo/src/install/my_first_pkg/share/colcon-core/packages/my_first_pkg)
[2.857s] DEBUG:colcon.colcon_core.event_handler.log_command:Invoked command in '/home/eid/ws_gazebo/src/build/serial_motor_demo_msgs' returned '0': CMAKE_PREFIX_PATH=${CMAKE_PREFIX_PATH}:/home/eid/ws_gazebo/src/install/serial_motor_demo:/home/eid/ws_gazebo/install/serial_motor_demo:/home/eid/ws_gazebo/install/my_first_pkg:/home/eid/colcon_ws/install/move_robot:/opt/ros/humble /usr/bin/cmake --build /home/eid/ws_gazebo/src/build/serial_motor_demo_msgs -- -j8 -l8
[2.875s] Level 1:colcon.colcon_core.environment:create_environment_scripts_only(diffdrive_arduino)
[2.892s] Level 1:colcon.colcon_core.environment:checking '/home/eid/ws_gazebo/src/install/diffdrive_arduino' for CMake module files
[2.893s] Level 1:colcon.colcon_core.environment:checking '/home/eid/ws_gazebo/src/install/diffdrive_arduino' for CMake config files
[2.893s] Level 1:colcon.colcon_core.shell:create_environment_hook('diffdrive_arduino', 'cmake_prefix_path')
[2.911s] INFO:colcon.colcon_core.shell:Creating environment hook '/home/eid/ws_gazebo/src/install/diffdrive_arduino/share/diffdrive_arduino/hook/cmake_prefix_path.ps1'
[2.912s] INFO:colcon.colcon_core.shell:Creating environment descriptor '/home/eid/ws_gazebo/src/install/diffdrive_arduino/share/diffdrive_arduino/hook/cmake_prefix_path.dsv'
[2.912s] INFO:colcon.colcon_core.shell:Creating environment hook '/home/eid/ws_gazebo/src/install/diffdrive_arduino/share/diffdrive_arduino/hook/cmake_prefix_path.sh'
[2.913s] Level 1:colcon.colcon_core.environment:checking '/home/eid/ws_gazebo/src/install/diffdrive_arduino/lib'
[2.913s] Level 1:colcon.colcon_core.shell:create_environment_hook('diffdrive_arduino', 'ld_library_path_lib')
[2.930s] INFO:colcon.colcon_core.shell:Creating environment hook '/home/eid/ws_gazebo/src/install/diffdrive_arduino/share/diffdrive_arduino/hook/ld_library_path_lib.ps1'
[2.931s] INFO:colcon.colcon_core.shell:Creating environment descriptor '/home/eid/ws_gazebo/src/install/diffdrive_arduino/share/diffdrive_arduino/hook/ld_library_path_lib.dsv'
[2.931s] INFO:colcon.colcon_core.shell:Creating environment hook '/home/eid/ws_gazebo/src/install/diffdrive_arduino/share/diffdrive_arduino/hook/ld_library_path_lib.sh'
[2.931s] Level 1:colcon.colcon_core.environment:checking '/home/eid/ws_gazebo/src/install/diffdrive_arduino/bin'
[2.931s] Level 1:colcon.colcon_core.environment:checking '/home/eid/ws_gazebo/src/install/diffdrive_arduino/lib/pkgconfig/diffdrive_arduino.pc'
[2.932s] Level 1:colcon.colcon_core.environment:checking '/home/eid/ws_gazebo/src/install/diffdrive_arduino/lib/python3.10/site-packages'
[2.932s] Level 1:colcon.colcon_core.environment:checking '/home/eid/ws_gazebo/src/install/diffdrive_arduino/bin'
[2.949s] INFO:colcon.colcon_core.shell:Creating package script '/home/eid/ws_gazebo/src/install/diffdrive_arduino/share/diffdrive_arduino/package.ps1'
[2.950s] INFO:colcon.colcon_core.shell:Creating package descriptor '/home/eid/ws_gazebo/src/install/diffdrive_arduino/share/diffdrive_arduino/package.dsv'
[2.950s] INFO:colcon.colcon_core.shell:Creating package script '/home/eid/ws_gazebo/src/install/diffdrive_arduino/share/diffdrive_arduino/package.sh'
[2.951s] INFO:colcon.colcon_core.shell:Creating package script '/home/eid/ws_gazebo/src/install/diffdrive_arduino/share/diffdrive_arduino/package.bash'
[2.951s] INFO:colcon.colcon_core.shell:Creating package script '/home/eid/ws_gazebo/src/install/diffdrive_arduino/share/diffdrive_arduino/package.zsh'
[2.952s] Level 1:colcon.colcon_core.environment:create_file_with_runtime_dependencies(/home/eid/ws_gazebo/src/install/diffdrive_arduino/share/colcon-core/packages/diffdrive_arduino)
[2.972s] Level 1:colcon.colcon_core.environment:create_environment_scripts_only(serial)
[2.991s] Level 1:colcon.colcon_core.environment:checking '/home/eid/ws_gazebo/src/install/serial' for CMake module files
[2.991s] Level 1:colcon.colcon_core.environment:checking '/home/eid/ws_gazebo/src/install/serial' for CMake config files
[2.991s] Level 1:colcon.colcon_core.shell:create_environment_hook('serial', 'cmake_prefix_path')
[3.016s] INFO:colcon.colcon_core.shell:Creating environment hook '/home/eid/ws_gazebo/src/install/serial/share/serial/hook/cmake_prefix_path.ps1'
[3.017s] INFO:colcon.colcon_core.shell:Creating environment descriptor '/home/eid/ws_gazebo/src/install/serial/share/serial/hook/cmake_prefix_path.dsv'
[3.018s] INFO:colcon.colcon_core.shell:Creating environment hook '/home/eid/ws_gazebo/src/install/serial/share/serial/hook/cmake_prefix_path.sh'
[3.018s] Level 1:colcon.colcon_core.environment:checking '/home/eid/ws_gazebo/src/install/serial/lib'
[3.018s] Level 1:colcon.colcon_core.environment:checking '/home/eid/ws_gazebo/src/install/serial/bin'
[3.018s] Level 1:colcon.colcon_core.environment:checking '/home/eid/ws_gazebo/src/install/serial/lib/pkgconfig/serial.pc'
[3.019s] Level 1:colcon.colcon_core.environment:checking '/home/eid/ws_gazebo/src/install/serial/lib/python3.10/site-packages'
[3.019s] Level 1:colcon.colcon_core.environment:checking '/home/eid/ws_gazebo/src/install/serial/bin'
[3.037s] INFO:colcon.colcon_core.shell:Creating package script '/home/eid/ws_gazebo/src/install/serial/share/serial/package.ps1'
[3.038s] INFO:colcon.colcon_core.shell:Creating package descriptor '/home/eid/ws_gazebo/src/install/serial/share/serial/package.dsv'
[3.038s] INFO:colcon.colcon_core.shell:Creating package script '/home/eid/ws_gazebo/src/install/serial/share/serial/package.sh'
[3.039s] INFO:colcon.colcon_core.shell:Creating package script '/home/eid/ws_gazebo/src/install/serial/share/serial/package.bash'
[3.039s] INFO:colcon.colcon_core.shell:Creating package script '/home/eid/ws_gazebo/src/install/serial/share/serial/package.zsh'
[3.039s] Level 1:colcon.colcon_core.environment:create_file_with_runtime_dependencies(/home/eid/ws_gazebo/src/install/serial/share/colcon-core/packages/serial)
[3.042s] DEBUG:colcon.colcon_core.event_handler.log_command:Invoking command in '/home/eid/ws_gazebo/src/build/serial_motor_demo_msgs': CMAKE_PREFIX_PATH=${CMAKE_PREFIX_PATH}:/home/eid/ws_gazebo/src/install/serial_motor_demo:/home/eid/ws_gazebo/install/serial_motor_demo:/home/eid/ws_gazebo/install/my_first_pkg:/home/eid/colcon_ws/install/move_robot:/opt/ros/humble /usr/bin/cmake --install /home/eid/ws_gazebo/src/build/serial_motor_demo_msgs
[3.130s] Level 1:colcon.colcon_core.environment:create_environment_scripts_only(serial_motor_demo_msgs)
[3.131s] DEBUG:colcon.colcon_core.event_handler.log_command:Invoked command in '/home/eid/ws_gazebo/src/build/serial_motor_demo_msgs' returned '0': CMAKE_PREFIX_PATH=${CMAKE_PREFIX_PATH}:/home/eid/ws_gazebo/src/install/serial_motor_demo:/home/eid/ws_gazebo/install/serial_motor_demo:/home/eid/ws_gazebo/install/my_first_pkg:/home/eid/colcon_ws/install/move_robot:/opt/ros/humble /usr/bin/cmake --install /home/eid/ws_gazebo/src/build/serial_motor_demo_msgs
[3.148s] Level 1:colcon.colcon_core.environment:checking '/home/eid/ws_gazebo/src/install/serial_motor_demo_msgs' for CMake module files
[3.149s] Level 1:colcon.colcon_core.environment:checking '/home/eid/ws_gazebo/src/install/serial_motor_demo_msgs' for CMake config files
[3.150s] Level 1:colcon.colcon_core.shell:create_environment_hook('serial_motor_demo_msgs', 'cmake_prefix_path')
[3.167s] INFO:colcon.colcon_core.shell:Creating environment hook '/home/eid/ws_gazebo/src/install/serial_motor_demo_msgs/share/serial_motor_demo_msgs/hook/cmake_prefix_path.ps1'
[3.167s] INFO:colcon.colcon_core.shell:Creating environment descriptor '/home/eid/ws_gazebo/src/install/serial_motor_demo_msgs/share/serial_motor_demo_msgs/hook/cmake_prefix_path.dsv'
[3.168s] INFO:colcon.colcon_core.shell:Creating environment hook '/home/eid/ws_gazebo/src/install/serial_motor_demo_msgs/share/serial_motor_demo_msgs/hook/cmake_prefix_path.sh'
[3.168s] Level 1:colcon.colcon_core.environment:checking '/home/eid/ws_gazebo/src/install/serial_motor_demo_msgs/lib'
[3.168s] Level 1:colcon.colcon_core.shell:create_environment_hook('serial_motor_demo_msgs', 'ld_library_path_lib')
[3.189s] INFO:colcon.colcon_core.shell:Creating environment hook '/home/eid/ws_gazebo/src/install/serial_motor_demo_msgs/share/serial_motor_demo_msgs/hook/ld_library_path_lib.ps1'
[3.189s] INFO:colcon.colcon_core.shell:Creating environment descriptor '/home/eid/ws_gazebo/src/install/serial_motor_demo_msgs/share/serial_motor_demo_msgs/hook/ld_library_path_lib.dsv'
[3.190s] INFO:colcon.colcon_core.shell:Creating environment hook '/home/eid/ws_gazebo/src/install/serial_motor_demo_msgs/share/serial_motor_demo_msgs/hook/ld_library_path_lib.sh'
[3.190s] Level 1:colcon.colcon_core.environment:checking '/home/eid/ws_gazebo/src/install/serial_motor_demo_msgs/bin'
[3.190s] Level 1:colcon.colcon_core.environment:checking '/home/eid/ws_gazebo/src/install/serial_motor_demo_msgs/lib/pkgconfig/serial_motor_demo_msgs.pc'
[3.191s] Level 1:colcon.colcon_core.environment:checking '/home/eid/ws_gazebo/src/install/serial_motor_demo_msgs/lib/python3.10/site-packages'
[3.191s] Level 1:colcon.colcon_core.environment:checking '/home/eid/ws_gazebo/src/install/serial_motor_demo_msgs/bin'
[3.208s] INFO:colcon.colcon_core.shell:Creating package script '/home/eid/ws_gazebo/src/install/serial_motor_demo_msgs/share/serial_motor_demo_msgs/package.ps1'
[3.209s] INFO:colcon.colcon_core.shell:Creating package descriptor '/home/eid/ws_gazebo/src/install/serial_motor_demo_msgs/share/serial_motor_demo_msgs/package.dsv'
[3.209s] INFO:colcon.colcon_core.shell:Creating package script '/home/eid/ws_gazebo/src/install/serial_motor_demo_msgs/share/serial_motor_demo_msgs/package.sh'
[3.210s] INFO:colcon.colcon_core.shell:Creating package script '/home/eid/ws_gazebo/src/install/serial_motor_demo_msgs/share/serial_motor_demo_msgs/package.bash'
[3.210s] INFO:colcon.colcon_core.shell:Creating package script '/home/eid/ws_gazebo/src/install/serial_motor_demo_msgs/share/serial_motor_demo_msgs/package.zsh'
[3.211s] Level 1:colcon.colcon_core.environment:create_file_with_runtime_dependencies(/home/eid/ws_gazebo/src/install/serial_motor_demo_msgs/share/colcon-core/packages/serial_motor_demo_msgs)
[3.339s] Level 1:colcon.colcon_core.environment:create_environment_scripts_only(serial_motor_demo_msgs)
[3.356s] Level 1:colcon.colcon_core.environment:checking '/home/eid/ws_gazebo/src/install/serial_motor_demo_msgs' for CMake module files
[3.356s] Level 1:colcon.colcon_core.environment:checking '/home/eid/ws_gazebo/src/install/serial_motor_demo_msgs' for CMake config files
[3.357s] Level 1:colcon.colcon_core.shell:create_environment_hook('serial_motor_demo_msgs', 'cmake_prefix_path')
[3.372s] INFO:colcon.colcon_core.shell:Creating environment hook '/home/eid/ws_gazebo/src/install/serial_motor_demo_msgs/share/serial_motor_demo_msgs/hook/cmake_prefix_path.ps1'
[3.373s] INFO:colcon.colcon_core.shell:Creating environment descriptor '/home/eid/ws_gazebo/src/install/serial_motor_demo_msgs/share/serial_motor_demo_msgs/hook/cmake_prefix_path.dsv'
[3.373s] INFO:colcon.colcon_core.shell:Creating environment hook '/home/eid/ws_gazebo/src/install/serial_motor_demo_msgs/share/serial_motor_demo_msgs/hook/cmake_prefix_path.sh'
[3.373s] Level 1:colcon.colcon_core.environment:checking '/home/eid/ws_gazebo/src/install/serial_motor_demo_msgs/lib'
[3.373s] Level 1:colcon.colcon_core.shell:create_environment_hook('serial_motor_demo_msgs', 'ld_library_path_lib')
[3.393s] INFO:colcon.colcon_core.shell:Creating environment hook '/home/eid/ws_gazebo/src/install/serial_motor_demo_msgs/share/serial_motor_demo_msgs/hook/ld_library_path_lib.ps1'
[3.394s] INFO:colcon.colcon_core.shell:Creating environment descriptor '/home/eid/ws_gazebo/src/install/serial_motor_demo_msgs/share/serial_motor_demo_msgs/hook/ld_library_path_lib.dsv'
[3.394s] INFO:colcon.colcon_core.shell:Creating environment hook '/home/eid/ws_gazebo/src/install/serial_motor_demo_msgs/share/serial_motor_demo_msgs/hook/ld_library_path_lib.sh'
[3.394s] Level 1:colcon.colcon_core.environment:checking '/home/eid/ws_gazebo/src/install/serial_motor_demo_msgs/bin'
[3.394s] Level 1:colcon.colcon_core.environment:checking '/home/eid/ws_gazebo/src/install/serial_motor_demo_msgs/lib/pkgconfig/serial_motor_demo_msgs.pc'
[3.394s] Level 1:colcon.colcon_core.environment:checking '/home/eid/ws_gazebo/src/install/serial_motor_demo_msgs/lib/python3.10/site-packages'
[3.395s] Level 1:colcon.colcon_core.environment:checking '/home/eid/ws_gazebo/src/install/serial_motor_demo_msgs/bin'
[3.413s] INFO:colcon.colcon_core.shell:Creating package script '/home/eid/ws_gazebo/src/install/serial_motor_demo_msgs/share/serial_motor_demo_msgs/package.ps1'
[3.414s] INFO:colcon.colcon_core.shell:Creating package descriptor '/home/eid/ws_gazebo/src/install/serial_motor_demo_msgs/share/serial_motor_demo_msgs/package.dsv'
[3.415s] INFO:colcon.colcon_core.shell:Creating package script '/home/eid/ws_gazebo/src/install/serial_motor_demo_msgs/share/serial_motor_demo_msgs/package.sh'
[3.416s] INFO:colcon.colcon_core.shell:Creating package script '/home/eid/ws_gazebo/src/install/serial_motor_demo_msgs/share/serial_motor_demo_msgs/package.bash'
[3.416s] INFO:colcon.colcon_core.shell:Creating package script '/home/eid/ws_gazebo/src/install/serial_motor_demo_msgs/share/serial_motor_demo_msgs/package.zsh'
[3.417s] Level 1:colcon.colcon_core.environment:create_file_with_runtime_dependencies(/home/eid/ws_gazebo/src/install/serial_motor_demo_msgs/share/colcon-core/packages/serial_motor_demo_msgs)
[3.417s] INFO:colcon.colcon_ros.task.ament_python.build:Building ROS package in '/home/eid/ws_gazebo/src/serial_motor_demo/serial_motor_demo' with build type 'ament_python'
[3.418s] Level 1:colcon.colcon_core.shell:create_environment_hook('serial_motor_demo', 'ament_prefix_path')
[3.437s] INFO:colcon.colcon_core.shell:Creating environment hook '/home/eid/ws_gazebo/src/install/serial_motor_demo/share/serial_motor_demo/hook/ament_prefix_path.ps1'
[3.437s] INFO:colcon.colcon_core.shell:Creating environment descriptor '/home/eid/ws_gazebo/src/install/serial_motor_demo/share/serial_motor_demo/hook/ament_prefix_path.dsv'
[3.438s] INFO:colcon.colcon_core.shell:Creating environment hook '/home/eid/ws_gazebo/src/install/serial_motor_demo/share/serial_motor_demo/hook/ament_prefix_path.sh'
[3.457s] INFO:colcon.colcon_core.shell:Skip shell extension 'powershell' for command environment: Not usable outside of PowerShell
[3.457s] DEBUG:colcon.colcon_core.shell:Skip shell extension 'dsv' for command environment
[3.823s] INFO:colcon.colcon_core.task.python.build:Building Python package in '/home/eid/ws_gazebo/src/serial_motor_demo/serial_motor_demo'
[3.843s] INFO:colcon.colcon_core.shell:Skip shell extension 'powershell' for command environment: Not usable outside of PowerShell
[3.843s] DEBUG:colcon.colcon_core.shell:Skip shell extension 'dsv' for command environment
[4.334s] DEBUG:colcon.colcon_core.event_handler.log_command:Invoking command in '/home/eid/ws_gazebo/src/serial_motor_demo/serial_motor_demo': PYTHONPATH=/home/eid/ws_gazebo/src/build/serial_motor_demo/prefix_override:/home/eid/ws_gazebo/src/install/serial_motor_demo/lib/python3.10/site-packages:${PYTHONPATH} /usr/bin/python3 setup.py egg_info --egg-base ../../build/serial_motor_demo build --build-base /home/eid/ws_gazebo/src/build/serial_motor_demo/build install --record /home/eid/ws_gazebo/src/build/serial_motor_demo/install.log --install-scripts $base/lib/serial_motor_demo --single-version-externally-managed
[4.655s] DEBUG:colcon.colcon_core.event_handler.log_command:Invoked command in '/home/eid/ws_gazebo/src/serial_motor_demo/serial_motor_demo' returned '0': PYTHONPATH=/home/eid/ws_gazebo/src/build/serial_motor_demo/prefix_override:/home/eid/ws_gazebo/src/install/serial_motor_demo/lib/python3.10/site-packages:${PYTHONPATH} /usr/bin/python3 setup.py egg_info --egg-base ../../build/serial_motor_demo build --build-base /home/eid/ws_gazebo/src/build/serial_motor_demo/build install --record /home/eid/ws_gazebo/src/build/serial_motor_demo/install.log --install-scripts $base/lib/serial_motor_demo --single-version-externally-managed
[4.673s] Level 1:colcon.colcon_core.environment:checking '/home/eid/ws_gazebo/src/install/serial_motor_demo' for CMake module files
[4.674s] Level 1:colcon.colcon_core.environment:checking '/home/eid/ws_gazebo/src/install/serial_motor_demo' for CMake config files
[4.674s] Level 1:colcon.colcon_core.environment:checking '/home/eid/ws_gazebo/src/install/serial_motor_demo/lib'
[4.674s] Level 1:colcon.colcon_core.environment:checking '/home/eid/ws_gazebo/src/install/serial_motor_demo/bin'
[4.674s] Level 1:colcon.colcon_core.environment:checking '/home/eid/ws_gazebo/src/install/serial_motor_demo/lib/pkgconfig/serial_motor_demo.pc'
[4.675s] Level 1:colcon.colcon_core.environment:checking '/home/eid/ws_gazebo/src/install/serial_motor_demo/lib/python3.10/site-packages'
[4.675s] Level 1:colcon.colcon_core.shell:create_environment_hook('serial_motor_demo', 'pythonpath')
[4.691s] INFO:colcon.colcon_core.shell:Creating environment hook '/home/eid/ws_gazebo/src/install/serial_motor_demo/share/serial_motor_demo/hook/pythonpath.ps1'
[4.692s] INFO:colcon.colcon_core.shell:Creating environment descriptor '/home/eid/ws_gazebo/src/install/serial_motor_demo/share/serial_motor_demo/hook/pythonpath.dsv'
[4.692s] INFO:colcon.colcon_core.shell:Creating environment hook '/home/eid/ws_gazebo/src/install/serial_motor_demo/share/serial_motor_demo/hook/pythonpath.sh'
[4.692s] Level 1:colcon.colcon_core.environment:checking '/home/eid/ws_gazebo/src/install/serial_motor_demo/bin'
[4.693s] Level 1:colcon.colcon_core.environment:create_environment_scripts_only(serial_motor_demo)
[4.709s] INFO:colcon.colcon_core.shell:Creating package script '/home/eid/ws_gazebo/src/install/serial_motor_demo/share/serial_motor_demo/package.ps1'
[4.710s] INFO:colcon.colcon_core.shell:Creating package descriptor '/home/eid/ws_gazebo/src/install/serial_motor_demo/share/serial_motor_demo/package.dsv'
[4.710s] INFO:colcon.colcon_core.shell:Creating package script '/home/eid/ws_gazebo/src/install/serial_motor_demo/share/serial_motor_demo/package.sh'
[4.711s] INFO:colcon.colcon_core.shell:Creating package script '/home/eid/ws_gazebo/src/install/serial_motor_demo/share/serial_motor_demo/package.bash'
[4.711s] INFO:colcon.colcon_core.shell:Creating package script '/home/eid/ws_gazebo/src/install/serial_motor_demo/share/serial_motor_demo/package.zsh'
[4.711s] Level 1:colcon.colcon_core.environment:create_file_with_runtime_dependencies(/home/eid/ws_gazebo/src/install/serial_motor_demo/share/colcon-core/packages/serial_motor_demo)
[4.712s] DEBUG:colcon.colcon_parallel_executor.executor.parallel:closing loop
[4.712s] DEBUG:colcon.colcon_parallel_executor.executor.parallel:loop closed
[4.712s] DEBUG:colcon.colcon_parallel_executor.executor.parallel:run_until_complete finished with '0'
[4.712s] DEBUG:colcon.colcon_core.event_reactor:joining thread
[4.748s] INFO:colcon.colcon_core.plugin_system:Skipping extension 'colcon_notification.desktop_notification.terminal_notifier': Not used on non-Darwin systems
[4.748s] INFO:colcon.colcon_core.plugin_system:Skipping extension 'colcon_notification.desktop_notification.win32': Not used on non-Windows systems
[4.749s] INFO:colcon.colcon_notification.desktop_notification:Sending desktop notification using 'notify2'
[4.784s] DEBUG:colcon.colcon_core.event_reactor:joined thread
[4.810s] INFO:colcon.colcon_core.shell:Creating prefix script '/home/eid/ws_gazebo/src/install/local_setup.ps1'
[4.811s] INFO:colcon.colcon_core.shell:Creating prefix util module '/home/eid/ws_gazebo/src/install/_local_setup_util_ps1.py'
[4.812s] INFO:colcon.colcon_core.shell:Creating prefix chain script '/home/eid/ws_gazebo/src/install/setup.ps1'
[4.836s] INFO:colcon.colcon_core.shell:Creating prefix script '/home/eid/ws_gazebo/src/install/local_setup.sh'
[4.837s] INFO:colcon.colcon_core.shell:Creating prefix util module '/home/eid/ws_gazebo/src/install/_local_setup_util_sh.py'
[4.837s] INFO:colcon.colcon_core.shell:Creating prefix chain script '/home/eid/ws_gazebo/src/install/setup.sh'
[4.858s] INFO:colcon.colcon_core.shell:Creating prefix script '/home/eid/ws_gazebo/src/install/local_setup.bash'
[4.859s] INFO:colcon.colcon_core.shell:Creating prefix chain script '/home/eid/ws_gazebo/src/install/setup.bash'
[4.877s] INFO:colcon.colcon_core.shell:Creating prefix script '/home/eid/ws_gazebo/src/install/local_setup.zsh'
[4.878s] INFO:colcon.colcon_core.shell:Creating prefix chain script '/home/eid/ws_gazebo/src/install/setup.zsh'
