[1.243s] DEBUG:colcon:Command line arguments: ['/usr/bin/colcon', 'build']
[1.243s] DEBUG:colcon:Parsed command line arguments: Namespace(log_base=None, log_level=None, verb_name='build', build_base='build', install_base='install', merge_install=False, symlink_install=False, test_result_base=None, continue_on_error=False, executor='parallel', parallel_workers=8, event_handlers=None, ignore_user_meta=False, metas=['./colcon.meta'], base_paths=['.'], packages_ignore=None, packages_ignore_regex=None, paths=None, packages_up_to=None, packages_up_to_regex=None, packages_above=None, packages_above_and_dependencies=None, packages_above_depth=None, packages_select_by_dep=None, packages_skip_by_dep=None, packages_skip_up_to=None, packages_select_build_failed=False, packages_skip_build_finished=False, packages_select_test_failures=False, packages_skip_test_passed=False, packages_select=None, packages_skip=None, packages_select_regex=None, packages_skip_regex=None, packages_start=None, packages_end=None, allow_overriding=[], cmake_args=None, cmake_target=None, cmake_target_skip_unavailable=False, cmake_clean_cache=False, cmake_clean_first=False, cmake_force_configure=False, ament_cmake_args=None, catkin_cmake_args=None, catkin_skip_building_tests=False, verb_parser=<colcon_defaults.argument_parser.defaults.DefaultArgumentsDecorator object at 0x7f1715675f60>, verb_extension=<colcon_core.verb.build.BuildVerb object at 0x7f1716833af0>, main=<bound method BuildVerb.main of <colcon_core.verb.build.BuildVerb object at 0x7f1716833af0>>)
[1.303s] Level 1:colcon.colcon_core.package_discovery:discover_packages(colcon_meta) check parameters
[1.304s] Level 1:colcon.colcon_core.package_discovery:discover_packages(recursive) check parameters
[1.304s] Level 1:colcon.colcon_core.package_discovery:discover_packages(ignore) check parameters
[1.304s] Level 1:colcon.colcon_core.package_discovery:discover_packages(path) check parameters
[1.304s] Level 1:colcon.colcon_core.package_discovery:discover_packages(colcon_meta) discover
[1.304s] Level 1:colcon.colcon_core.package_discovery:discover_packages(recursive) discover
[1.304s] INFO:colcon.colcon_core.package_discovery:Crawling recursively for packages in '/home/eid/ws_gazebo'
[1.304s] Level 1:colcon.colcon_core.package_identification:_identify(.) by extensions ['ignore', 'ignore_ament_install']
[1.304s] Level 1:colcon.colcon_core.package_identification:_identify(.) by extension 'ignore'
[1.304s] Level 1:colcon.colcon_core.package_identification:_identify(.) by extension 'ignore_ament_install'
[1.304s] Level 1:colcon.colcon_core.package_identification:_identify(.) by extensions ['colcon_pkg']
[1.304s] Level 1:colcon.colcon_core.package_identification:_identify(.) by extension 'colcon_pkg'
[1.304s] Level 1:colcon.colcon_core.package_identification:_identify(.) by extensions ['colcon_meta']
[1.304s] Level 1:colcon.colcon_core.package_identification:_identify(.) by extension 'colcon_meta'
[1.304s] Level 1:colcon.colcon_core.package_identification:_identify(.) by extensions ['ros']
[1.304s] Level 1:colcon.colcon_core.package_identification:_identify(.) by extension 'ros'
[1.326s] Level 1:colcon.colcon_core.package_identification:_identify(.) by extensions ['cmake', 'python']
[1.326s] Level 1:colcon.colcon_core.package_identification:_identify(.) by extension 'cmake'
[1.326s] Level 1:colcon.colcon_core.package_identification:_identify(.) by extension 'python'
[1.326s] Level 1:colcon.colcon_core.package_identification:_identify(.) by extensions ['python_setup_py']
[1.326s] Level 1:colcon.colcon_core.package_identification:_identify(.) by extension 'python_setup_py'
[1.327s] Level 1:colcon.colcon_core.package_identification:_identify(build) by extensions ['ignore', 'ignore_ament_install']
[1.327s] Level 1:colcon.colcon_core.package_identification:_identify(build) by extension 'ignore'
[1.327s] Level 1:colcon.colcon_core.package_identification:_identify(build) ignored
[1.327s] Level 1:colcon.colcon_core.package_identification:_identify(install) by extensions ['ignore', 'ignore_ament_install']
[1.327s] Level 1:colcon.colcon_core.package_identification:_identify(install) by extension 'ignore'
[1.327s] Level 1:colcon.colcon_core.package_identification:_identify(install) ignored
[1.327s] Level 1:colcon.colcon_core.package_identification:_identify(log) by extensions ['ignore', 'ignore_ament_install']
[1.327s] Level 1:colcon.colcon_core.package_identification:_identify(log) by extension 'ignore'
[1.327s] Level 1:colcon.colcon_core.package_identification:_identify(log) ignored
[1.327s] Level 1:colcon.colcon_core.package_identification:_identify(src) by extensions ['ignore', 'ignore_ament_install']
[1.327s] Level 1:colcon.colcon_core.package_identification:_identify(src) by extension 'ignore'
[1.327s] Level 1:colcon.colcon_core.package_identification:_identify(src) by extension 'ignore_ament_install'
[1.327s] Level 1:colcon.colcon_core.package_identification:_identify(src) by extensions ['colcon_pkg']
[1.328s] Level 1:colcon.colcon_core.package_identification:_identify(src) by extension 'colcon_pkg'
[1.328s] Level 1:colcon.colcon_core.package_identification:_identify(src) by extensions ['colcon_meta']
[1.328s] Level 1:colcon.colcon_core.package_identification:_identify(src) by extension 'colcon_meta'
[1.328s] Level 1:colcon.colcon_core.package_identification:_identify(src) by extensions ['ros']
[1.328s] Level 1:colcon.colcon_core.package_identification:_identify(src) by extension 'ros'
[1.328s] Level 1:colcon.colcon_core.package_identification:_identify(src) by extensions ['cmake', 'python']
[1.328s] Level 1:colcon.colcon_core.package_identification:_identify(src) by extension 'cmake'
[1.328s] Level 1:colcon.colcon_core.package_identification:_identify(src) by extension 'python'
[1.328s] Level 1:colcon.colcon_core.package_identification:_identify(src) by extensions ['python_setup_py']
[1.328s] Level 1:colcon.colcon_core.package_identification:_identify(src) by extension 'python_setup_py'
[1.328s] Level 1:colcon.colcon_core.package_identification:_identify(src/gazebo_test) by extensions ['ignore', 'ignore_ament_install']
[1.328s] Level 1:colcon.colcon_core.package_identification:_identify(src/gazebo_test) by extension 'ignore'
[1.328s] Level 1:colcon.colcon_core.package_identification:_identify(src/gazebo_test) by extension 'ignore_ament_install'
[1.328s] Level 1:colcon.colcon_core.package_identification:_identify(src/gazebo_test) by extensions ['colcon_pkg']
[1.328s] Level 1:colcon.colcon_core.package_identification:_identify(src/gazebo_test) by extension 'colcon_pkg'
[1.328s] Level 1:colcon.colcon_core.package_identification:_identify(src/gazebo_test) by extensions ['colcon_meta']
[1.328s] Level 1:colcon.colcon_core.package_identification:_identify(src/gazebo_test) by extension 'colcon_meta'
[1.328s] Level 1:colcon.colcon_core.package_identification:_identify(src/gazebo_test) by extensions ['ros']
[1.328s] Level 1:colcon.colcon_core.package_identification:_identify(src/gazebo_test) by extension 'ros'
[1.332s] DEBUG:colcon.colcon_core.package_identification:Package 'src/gazebo_test' with type 'ros.ament_cmake' and name 'gazebo_test'
[1.332s] Level 1:colcon.colcon_core.package_identification:_identify(src/nixbot) by extensions ['ignore', 'ignore_ament_install']
[1.332s] Level 1:colcon.colcon_core.package_identification:_identify(src/nixbot) by extension 'ignore'
[1.332s] Level 1:colcon.colcon_core.package_identification:_identify(src/nixbot) by extension 'ignore_ament_install'
[1.332s] Level 1:colcon.colcon_core.package_identification:_identify(src/nixbot) by extensions ['colcon_pkg']
[1.332s] Level 1:colcon.colcon_core.package_identification:_identify(src/nixbot) by extension 'colcon_pkg'
[1.332s] Level 1:colcon.colcon_core.package_identification:_identify(src/nixbot) by extensions ['colcon_meta']
[1.332s] Level 1:colcon.colcon_core.package_identification:_identify(src/nixbot) by extension 'colcon_meta'
[1.332s] Level 1:colcon.colcon_core.package_identification:_identify(src/nixbot) by extensions ['ros']
[1.332s] Level 1:colcon.colcon_core.package_identification:_identify(src/nixbot) by extension 'ros'
[1.333s] DEBUG:colcon.colcon_core.package_identification:Package 'src/nixbot' with type 'ros.ament_cmake' and name 'nixbot'
[1.333s] Level 1:colcon.colcon_core.package_discovery:discover_packages(recursive) using defaults
[1.333s] Level 1:colcon.colcon_core.package_discovery:discover_packages(ignore) discover
[1.333s] Level 1:colcon.colcon_core.package_discovery:discover_packages(ignore) using defaults
[1.333s] Level 1:colcon.colcon_core.package_discovery:discover_packages(path) discover
[1.333s] Level 1:colcon.colcon_core.package_discovery:discover_packages(path) using defaults
[1.446s] Level 1:colcon.colcon_core.package_discovery:discover_packages(prefix_path) check parameters
[1.446s] Level 1:colcon.colcon_core.package_discovery:discover_packages(prefix_path) discover
[1.486s] DEBUG:colcon.colcon_installed_package_information.package_discovery:Found 2 installed packages in /home/eid/ws_gazebo/install
[1.509s] DEBUG:colcon.colcon_installed_package_information.package_discovery:Found 3 installed packages in /home/eid/colcon_ws/install
[1.529s] DEBUG:colcon.colcon_installed_package_information.package_discovery:Found 340 installed packages in /opt/ros/humble
[1.531s] Level 1:colcon.colcon_core.package_discovery:discover_packages(prefix_path) using defaults
[1.657s] Level 5:colcon.colcon_core.verb:set package 'gazebo_test' build argument 'cmake_args' from command line to 'None'
[1.657s] Level 5:colcon.colcon_core.verb:set package 'gazebo_test' build argument 'cmake_target' from command line to 'None'
[1.657s] Level 5:colcon.colcon_core.verb:set package 'gazebo_test' build argument 'cmake_target_skip_unavailable' from command line to 'False'
[1.657s] Level 5:colcon.colcon_core.verb:set package 'gazebo_test' build argument 'cmake_clean_cache' from command line to 'False'
[1.657s] Level 5:colcon.colcon_core.verb:set package 'gazebo_test' build argument 'cmake_clean_first' from command line to 'False'
[1.657s] Level 5:colcon.colcon_core.verb:set package 'gazebo_test' build argument 'cmake_force_configure' from command line to 'False'
[1.657s] Level 5:colcon.colcon_core.verb:set package 'gazebo_test' build argument 'ament_cmake_args' from command line to 'None'
[1.657s] Level 5:colcon.colcon_core.verb:set package 'gazebo_test' build argument 'catkin_cmake_args' from command line to 'None'
[1.657s] Level 5:colcon.colcon_core.verb:set package 'gazebo_test' build argument 'catkin_skip_building_tests' from command line to 'False'
[1.657s] DEBUG:colcon.colcon_core.verb:Building package 'gazebo_test' with the following arguments: {'ament_cmake_args': None, 'build_base': '/home/eid/ws_gazebo/build/gazebo_test', 'catkin_cmake_args': None, 'catkin_skip_building_tests': False, 'cmake_args': None, 'cmake_clean_cache': False, 'cmake_clean_first': False, 'cmake_force_configure': False, 'cmake_target': None, 'cmake_target_skip_unavailable': False, 'install_base': '/home/eid/ws_gazebo/install/gazebo_test', 'merge_install': False, 'path': '/home/eid/ws_gazebo/src/gazebo_test', 'symlink_install': False, 'test_result_base': None}
[1.674s] Level 5:colcon.colcon_core.verb:set package 'nixbot' build argument 'cmake_args' from command line to 'None'
[1.674s] Level 5:colcon.colcon_core.verb:set package 'nixbot' build argument 'cmake_target' from command line to 'None'
[1.674s] Level 5:colcon.colcon_core.verb:set package 'nixbot' build argument 'cmake_target_skip_unavailable' from command line to 'False'
[1.674s] Level 5:colcon.colcon_core.verb:set package 'nixbot' build argument 'cmake_clean_cache' from command line to 'False'
[1.675s] Level 5:colcon.colcon_core.verb:set package 'nixbot' build argument 'cmake_clean_first' from command line to 'False'
[1.675s] Level 5:colcon.colcon_core.verb:set package 'nixbot' build argument 'cmake_force_configure' from command line to 'False'
[1.675s] Level 5:colcon.colcon_core.verb:set package 'nixbot' build argument 'ament_cmake_args' from command line to 'None'
[1.675s] Level 5:colcon.colcon_core.verb:set package 'nixbot' build argument 'catkin_cmake_args' from command line to 'None'
[1.675s] Level 5:colcon.colcon_core.verb:set package 'nixbot' build argument 'catkin_skip_building_tests' from command line to 'False'
[1.675s] DEBUG:colcon.colcon_core.verb:Building package 'nixbot' with the following arguments: {'ament_cmake_args': None, 'build_base': '/home/eid/ws_gazebo/build/nixbot', 'catkin_cmake_args': None, 'catkin_skip_building_tests': False, 'cmake_args': None, 'cmake_clean_cache': False, 'cmake_clean_first': False, 'cmake_force_configure': False, 'cmake_target': None, 'cmake_target_skip_unavailable': False, 'install_base': '/home/eid/ws_gazebo/install/nixbot', 'merge_install': False, 'path': '/home/eid/ws_gazebo/src/nixbot', 'symlink_install': False, 'test_result_base': None}
[1.695s] INFO:colcon.colcon_core.executor:Executing jobs using 'parallel' executor
[1.717s] DEBUG:colcon.colcon_parallel_executor.executor.parallel:run_until_complete
[1.717s] INFO:colcon.colcon_ros.task.ament_cmake.build:Building ROS package in '/home/eid/ws_gazebo/src/gazebo_test' with build type 'ament_cmake'
[1.718s] INFO:colcon.colcon_cmake.task.cmake.build:Building CMake package in '/home/eid/ws_gazebo/src/gazebo_test'
[1.740s] INFO:colcon.colcon_core.plugin_system:Skipping extension 'colcon_core.shell.bat': Not used on non-Windows systems
[1.740s] INFO:colcon.colcon_core.shell:Skip shell extension 'powershell' for command environment: Not usable outside of PowerShell
[1.740s] DEBUG:colcon.colcon_core.shell:Skip shell extension 'dsv' for command environment
[1.822s] INFO:colcon.colcon_ros.task.ament_cmake.build:Building ROS package in '/home/eid/ws_gazebo/src/nixbot' with build type 'ament_cmake'
[1.823s] INFO:colcon.colcon_cmake.task.cmake.build:Building CMake package in '/home/eid/ws_gazebo/src/nixbot'
[1.841s] INFO:colcon.colcon_core.shell:Skip shell extension 'powershell' for command environment: Not usable outside of PowerShell
[1.841s] DEBUG:colcon.colcon_core.shell:Skip shell extension 'dsv' for command environment
[1.921s] DEBUG:colcon.colcon_core.event_handler.log_command:Invoking command in '/home/eid/ws_gazebo/build/gazebo_test': CMAKE_PREFIX_PATH=${CMAKE_PREFIX_PATH}:/home/eid/colcon_ws/install/move_robot:/opt/ros/humble /usr/bin/cmake --build /home/eid/ws_gazebo/build/gazebo_test -- -j8 -l8
[1.925s] DEBUG:colcon.colcon_core.event_handler.log_command:Invoking command in '/home/eid/ws_gazebo/build/nixbot': CMAKE_PREFIX_PATH=${CMAKE_PREFIX_PATH}:/home/eid/colcon_ws/install/move_robot:/opt/ros/humble /usr/bin/cmake --build /home/eid/ws_gazebo/build/nixbot -- -j8 -l8
[1.966s] DEBUG:colcon.colcon_core.event_handler.log_command:Invoked command in '/home/eid/ws_gazebo/build/gazebo_test' returned '0': CMAKE_PREFIX_PATH=${CMAKE_PREFIX_PATH}:/home/eid/colcon_ws/install/move_robot:/opt/ros/humble /usr/bin/cmake --build /home/eid/ws_gazebo/build/gazebo_test -- -j8 -l8
[1.978s] DEBUG:colcon.colcon_core.event_handler.log_command:Invoked command in '/home/eid/ws_gazebo/build/nixbot' returned '0': CMAKE_PREFIX_PATH=${CMAKE_PREFIX_PATH}:/home/eid/colcon_ws/install/move_robot:/opt/ros/humble /usr/bin/cmake --build /home/eid/ws_gazebo/build/nixbot -- -j8 -l8
[2.024s] DEBUG:colcon.colcon_core.event_handler.log_command:Invoking command in '/home/eid/ws_gazebo/build/gazebo_test': CMAKE_PREFIX_PATH=${CMAKE_PREFIX_PATH}:/home/eid/colcon_ws/install/move_robot:/opt/ros/humble /usr/bin/cmake --install /home/eid/ws_gazebo/build/gazebo_test
[2.028s] DEBUG:colcon.colcon_core.event_handler.log_command:Invoking command in '/home/eid/ws_gazebo/build/nixbot': CMAKE_PREFIX_PATH=${CMAKE_PREFIX_PATH}:/home/eid/colcon_ws/install/move_robot:/opt/ros/humble /usr/bin/cmake --install /home/eid/ws_gazebo/build/nixbot
[2.036s] Level 1:colcon.colcon_core.environment:create_environment_scripts_only(gazebo_test)
[2.036s] DEBUG:colcon.colcon_core.event_handler.log_command:Invoked command in '/home/eid/ws_gazebo/build/gazebo_test' returned '0': CMAKE_PREFIX_PATH=${CMAKE_PREFIX_PATH}:/home/eid/colcon_ws/install/move_robot:/opt/ros/humble /usr/bin/cmake --install /home/eid/ws_gazebo/build/gazebo_test
[2.063s] Level 1:colcon.colcon_core.environment:checking '/home/eid/ws_gazebo/install/gazebo_test' for CMake module files
[2.063s] Level 1:colcon.colcon_core.environment:checking '/home/eid/ws_gazebo/install/gazebo_test' for CMake config files
[2.064s] Level 1:colcon.colcon_core.shell:create_environment_hook('gazebo_test', 'cmake_prefix_path')
[2.103s] INFO:colcon.colcon_core.shell:Creating environment hook '/home/eid/ws_gazebo/install/gazebo_test/share/gazebo_test/hook/cmake_prefix_path.ps1'
[2.104s] INFO:colcon.colcon_core.shell:Creating environment descriptor '/home/eid/ws_gazebo/install/gazebo_test/share/gazebo_test/hook/cmake_prefix_path.dsv'
[2.104s] INFO:colcon.colcon_core.shell:Creating environment hook '/home/eid/ws_gazebo/install/gazebo_test/share/gazebo_test/hook/cmake_prefix_path.sh'
[2.105s] Level 1:colcon.colcon_core.environment:checking '/home/eid/ws_gazebo/install/gazebo_test/bin'
[2.105s] Level 1:colcon.colcon_core.environment:checking '/home/eid/ws_gazebo/install/gazebo_test/lib/pkgconfig/gazebo_test.pc'
[2.106s] Level 1:colcon.colcon_core.environment:checking '/home/eid/ws_gazebo/install/gazebo_test/lib/python3.10/site-packages'
[2.106s] Level 1:colcon.colcon_core.environment:checking '/home/eid/ws_gazebo/install/gazebo_test/bin'
[2.127s] INFO:colcon.colcon_core.shell:Creating package script '/home/eid/ws_gazebo/install/gazebo_test/share/gazebo_test/package.ps1'
[2.128s] INFO:colcon.colcon_core.shell:Creating package descriptor '/home/eid/ws_gazebo/install/gazebo_test/share/gazebo_test/package.dsv'
[2.129s] INFO:colcon.colcon_core.shell:Creating package script '/home/eid/ws_gazebo/install/gazebo_test/share/gazebo_test/package.sh'
[2.129s] INFO:colcon.colcon_core.shell:Creating package script '/home/eid/ws_gazebo/install/gazebo_test/share/gazebo_test/package.bash'
[2.131s] INFO:colcon.colcon_core.shell:Creating package script '/home/eid/ws_gazebo/install/gazebo_test/share/gazebo_test/package.zsh'
[2.132s] Level 1:colcon.colcon_core.environment:create_file_with_runtime_dependencies(/home/eid/ws_gazebo/install/gazebo_test/share/colcon-core/packages/gazebo_test)
[2.137s] Level 1:colcon.colcon_core.environment:create_environment_scripts_only(nixbot)
[2.138s] DEBUG:colcon.colcon_core.event_handler.log_command:Invoked command in '/home/eid/ws_gazebo/build/nixbot' returned '0': CMAKE_PREFIX_PATH=${CMAKE_PREFIX_PATH}:/home/eid/colcon_ws/install/move_robot:/opt/ros/humble /usr/bin/cmake --install /home/eid/ws_gazebo/build/nixbot
[2.162s] Level 1:colcon.colcon_core.environment:checking '/home/eid/ws_gazebo/install/nixbot' for CMake module files
[2.162s] Level 1:colcon.colcon_core.environment:checking '/home/eid/ws_gazebo/install/nixbot' for CMake config files
[2.162s] Level 1:colcon.colcon_core.shell:create_environment_hook('nixbot', 'cmake_prefix_path')
[2.183s] INFO:colcon.colcon_core.shell:Creating environment hook '/home/eid/ws_gazebo/install/nixbot/share/nixbot/hook/cmake_prefix_path.ps1'
[2.184s] INFO:colcon.colcon_core.shell:Creating environment descriptor '/home/eid/ws_gazebo/install/nixbot/share/nixbot/hook/cmake_prefix_path.dsv'
[2.184s] INFO:colcon.colcon_core.shell:Creating environment hook '/home/eid/ws_gazebo/install/nixbot/share/nixbot/hook/cmake_prefix_path.sh'
[2.185s] Level 1:colcon.colcon_core.environment:checking '/home/eid/ws_gazebo/install/nixbot/bin'
[2.185s] Level 1:colcon.colcon_core.environment:checking '/home/eid/ws_gazebo/install/nixbot/lib/pkgconfig/nixbot.pc'
[2.185s] Level 1:colcon.colcon_core.environment:checking '/home/eid/ws_gazebo/install/nixbot/lib/python3.10/site-packages'
[2.186s] Level 1:colcon.colcon_core.environment:checking '/home/eid/ws_gazebo/install/nixbot/bin'
[2.204s] INFO:colcon.colcon_core.shell:Creating package script '/home/eid/ws_gazebo/install/nixbot/share/nixbot/package.ps1'
[2.206s] INFO:colcon.colcon_core.shell:Creating package descriptor '/home/eid/ws_gazebo/install/nixbot/share/nixbot/package.dsv'
[2.206s] INFO:colcon.colcon_core.shell:Creating package script '/home/eid/ws_gazebo/install/nixbot/share/nixbot/package.sh'
[2.207s] INFO:colcon.colcon_core.shell:Creating package script '/home/eid/ws_gazebo/install/nixbot/share/nixbot/package.bash'
[2.207s] INFO:colcon.colcon_core.shell:Creating package script '/home/eid/ws_gazebo/install/nixbot/share/nixbot/package.zsh'
[2.208s] Level 1:colcon.colcon_core.environment:create_file_with_runtime_dependencies(/home/eid/ws_gazebo/install/nixbot/share/colcon-core/packages/nixbot)
[2.229s] Level 1:colcon.colcon_core.environment:create_environment_scripts_only(gazebo_test)
[2.246s] Level 1:colcon.colcon_core.environment:checking '/home/eid/ws_gazebo/install/gazebo_test' for CMake module files
[2.247s] Level 1:colcon.colcon_core.environment:checking '/home/eid/ws_gazebo/install/gazebo_test' for CMake config files
[2.247s] Level 1:colcon.colcon_core.shell:create_environment_hook('gazebo_test', 'cmake_prefix_path')
[2.265s] INFO:colcon.colcon_core.shell:Creating environment hook '/home/eid/ws_gazebo/install/gazebo_test/share/gazebo_test/hook/cmake_prefix_path.ps1'
[2.265s] INFO:colcon.colcon_core.shell:Creating environment descriptor '/home/eid/ws_gazebo/install/gazebo_test/share/gazebo_test/hook/cmake_prefix_path.dsv'
[2.266s] INFO:colcon.colcon_core.shell:Creating environment hook '/home/eid/ws_gazebo/install/gazebo_test/share/gazebo_test/hook/cmake_prefix_path.sh'
[2.266s] Level 1:colcon.colcon_core.environment:checking '/home/eid/ws_gazebo/install/gazebo_test/bin'
[2.266s] Level 1:colcon.colcon_core.environment:checking '/home/eid/ws_gazebo/install/gazebo_test/lib/pkgconfig/gazebo_test.pc'
[2.267s] Level 1:colcon.colcon_core.environment:checking '/home/eid/ws_gazebo/install/gazebo_test/lib/python3.10/site-packages'
[2.267s] Level 1:colcon.colcon_core.environment:checking '/home/eid/ws_gazebo/install/gazebo_test/bin'
[2.283s] INFO:colcon.colcon_core.shell:Creating package script '/home/eid/ws_gazebo/install/gazebo_test/share/gazebo_test/package.ps1'
[2.284s] INFO:colcon.colcon_core.shell:Creating package descriptor '/home/eid/ws_gazebo/install/gazebo_test/share/gazebo_test/package.dsv'
[2.284s] INFO:colcon.colcon_core.shell:Creating package script '/home/eid/ws_gazebo/install/gazebo_test/share/gazebo_test/package.sh'
[2.285s] INFO:colcon.colcon_core.shell:Creating package script '/home/eid/ws_gazebo/install/gazebo_test/share/gazebo_test/package.bash'
[2.285s] INFO:colcon.colcon_core.shell:Creating package script '/home/eid/ws_gazebo/install/gazebo_test/share/gazebo_test/package.zsh'
[2.285s] Level 1:colcon.colcon_core.environment:create_file_with_runtime_dependencies(/home/eid/ws_gazebo/install/gazebo_test/share/colcon-core/packages/gazebo_test)
[2.307s] Level 1:colcon.colcon_core.environment:create_environment_scripts_only(nixbot)
[2.324s] Level 1:colcon.colcon_core.environment:checking '/home/eid/ws_gazebo/install/nixbot' for CMake module files
[2.325s] Level 1:colcon.colcon_core.environment:checking '/home/eid/ws_gazebo/install/nixbot' for CMake config files
[2.325s] Level 1:colcon.colcon_core.shell:create_environment_hook('nixbot', 'cmake_prefix_path')
[2.344s] INFO:colcon.colcon_core.shell:Creating environment hook '/home/eid/ws_gazebo/install/nixbot/share/nixbot/hook/cmake_prefix_path.ps1'
[2.345s] INFO:colcon.colcon_core.shell:Creating environment descriptor '/home/eid/ws_gazebo/install/nixbot/share/nixbot/hook/cmake_prefix_path.dsv'
[2.345s] INFO:colcon.colcon_core.shell:Creating environment hook '/home/eid/ws_gazebo/install/nixbot/share/nixbot/hook/cmake_prefix_path.sh'
[2.346s] Level 1:colcon.colcon_core.environment:checking '/home/eid/ws_gazebo/install/nixbot/bin'
[2.346s] Level 1:colcon.colcon_core.environment:checking '/home/eid/ws_gazebo/install/nixbot/lib/pkgconfig/nixbot.pc'
[2.346s] Level 1:colcon.colcon_core.environment:checking '/home/eid/ws_gazebo/install/nixbot/lib/python3.10/site-packages'
[2.347s] Level 1:colcon.colcon_core.environment:checking '/home/eid/ws_gazebo/install/nixbot/bin'
[2.370s] INFO:colcon.colcon_core.shell:Creating package script '/home/eid/ws_gazebo/install/nixbot/share/nixbot/package.ps1'
[2.371s] INFO:colcon.colcon_core.shell:Creating package descriptor '/home/eid/ws_gazebo/install/nixbot/share/nixbot/package.dsv'
[2.373s] INFO:colcon.colcon_core.shell:Creating package script '/home/eid/ws_gazebo/install/nixbot/share/nixbot/package.sh'
[2.373s] INFO:colcon.colcon_core.shell:Creating package script '/home/eid/ws_gazebo/install/nixbot/share/nixbot/package.bash'
[2.374s] INFO:colcon.colcon_core.shell:Creating package script '/home/eid/ws_gazebo/install/nixbot/share/nixbot/package.zsh'
[2.374s] Level 1:colcon.colcon_core.environment:create_file_with_runtime_dependencies(/home/eid/ws_gazebo/install/nixbot/share/colcon-core/packages/nixbot)
[2.375s] DEBUG:colcon.colcon_parallel_executor.executor.parallel:closing loop
[2.375s] DEBUG:colcon.colcon_parallel_executor.executor.parallel:loop closed
[2.375s] DEBUG:colcon.colcon_parallel_executor.executor.parallel:run_until_complete finished with '0'
[2.375s] DEBUG:colcon.colcon_core.event_reactor:joining thread
[2.402s] INFO:colcon.colcon_core.plugin_system:Skipping extension 'colcon_notification.desktop_notification.terminal_notifier': Not used on non-Darwin systems
[2.402s] INFO:colcon.colcon_core.plugin_system:Skipping extension 'colcon_notification.desktop_notification.win32': Not used on non-Windows systems
[2.402s] INFO:colcon.colcon_notification.desktop_notification:Sending desktop notification using 'notify2'
[2.416s] DEBUG:colcon.colcon_core.event_reactor:joined thread
[2.439s] INFO:colcon.colcon_core.shell:Creating prefix script '/home/eid/ws_gazebo/install/local_setup.ps1'
[2.440s] INFO:colcon.colcon_core.shell:Creating prefix util module '/home/eid/ws_gazebo/install/_local_setup_util_ps1.py'
[2.441s] INFO:colcon.colcon_core.shell:Creating prefix chain script '/home/eid/ws_gazebo/install/setup.ps1'
[2.461s] INFO:colcon.colcon_core.shell:Creating prefix script '/home/eid/ws_gazebo/install/local_setup.sh'
[2.462s] INFO:colcon.colcon_core.shell:Creating prefix util module '/home/eid/ws_gazebo/install/_local_setup_util_sh.py'
[2.464s] INFO:colcon.colcon_core.shell:Creating prefix chain script '/home/eid/ws_gazebo/install/setup.sh'
[2.485s] INFO:colcon.colcon_core.shell:Creating prefix script '/home/eid/ws_gazebo/install/local_setup.bash'
[2.485s] INFO:colcon.colcon_core.shell:Creating prefix chain script '/home/eid/ws_gazebo/install/setup.bash'
[2.508s] INFO:colcon.colcon_core.shell:Creating prefix script '/home/eid/ws_gazebo/install/local_setup.zsh'
[2.508s] INFO:colcon.colcon_core.shell:Creating prefix chain script '/home/eid/ws_gazebo/install/setup.zsh'
