[2.298s] Invoking command in '/home/eid/ws_gazebo/src/serial_motor_demo/serial_motor_demo': AMENT_PREFIX_PATH=/home/eid/ws_gazebo/install/serial_motor_demo_msgs:${AMENT_PREFIX_PATH} CMAKE_PREFIX_PATH=/home/eid/ws_gazebo/install/serial_motor_demo_msgs:${CMAKE_PREFIX_PATH} LD_LIBRARY_PATH=/home/eid/ws_gazebo/install/serial_motor_demo_msgs/lib:${LD_LIBRARY_PATH} PYTHONPATH=/home/eid/ws_gazebo/build/serial_motor_demo/prefix_override:/home/eid/ws_gazebo/install/serial_motor_demo/lib/python3.10/site-packages:/home/eid/ws_gazebo/install/serial_motor_demo_msgs/local/lib/python3.10/dist-packages:${PYTHONPATH} /usr/bin/python3 setup.py egg_info --egg-base ../../../build/serial_motor_demo build --build-base /home/eid/ws_gazebo/build/serial_motor_demo/build install --record /home/eid/ws_gazebo/build/serial_motor_demo/install.log --install-scripts $base/lib/serial_motor_demo --single-version-externally-managed
[2.842s] /usr/lib/python3/dist-packages/setuptools/dist.py:723: UserWarning: Usage of dash-separated 'script-dir' will not be supported in future versions. Please use the underscore name 'script_dir' instead
[2.842s]   warnings.warn(
[2.858s] running egg_info
[2.859s] creating ../../../build/serial_motor_demo/serial_motor_demo.egg-info
[2.859s] writing ../../../build/serial_motor_demo/serial_motor_demo.egg-info/PKG-INFO
[2.860s] writing dependency_links to ../../../build/serial_motor_demo/serial_motor_demo.egg-info/dependency_links.txt
[2.860s] writing entry points to ../../../build/serial_motor_demo/serial_motor_demo.egg-info/entry_points.txt
[2.861s] writing requirements to ../../../build/serial_motor_demo/serial_motor_demo.egg-info/requires.txt
[2.861s] writing top-level names to ../../../build/serial_motor_demo/serial_motor_demo.egg-info/top_level.txt
[2.861s] writing manifest file '../../../build/serial_motor_demo/serial_motor_demo.egg-info/SOURCES.txt'
[2.865s] reading manifest file '../../../build/serial_motor_demo/serial_motor_demo.egg-info/SOURCES.txt'
[2.866s] writing manifest file '../../../build/serial_motor_demo/serial_motor_demo.egg-info/SOURCES.txt'
[2.867s] running build
[2.867s] running build_py
[2.868s] creating /home/eid/ws_gazebo/build/serial_motor_demo/build
[2.868s] creating /home/eid/ws_gazebo/build/serial_motor_demo/build/lib
[2.868s] creating /home/eid/ws_gazebo/build/serial_motor_demo/build/lib/serial_motor_demo
[2.868s] copying serial_motor_demo/gui.py -> /home/eid/ws_gazebo/build/serial_motor_demo/build/lib/serial_motor_demo
[2.869s] copying serial_motor_demo/driver.py -> /home/eid/ws_gazebo/build/serial_motor_demo/build/lib/serial_motor_demo
[2.869s] copying serial_motor_demo/__init__.py -> /home/eid/ws_gazebo/build/serial_motor_demo/build/lib/serial_motor_demo
[2.869s] running install
[2.869s] /usr/lib/python3/dist-packages/setuptools/command/install.py:34: SetuptoolsDeprecationWarning: setup.py install is deprecated. Use build and pip and other standards-based tools.
[2.870s]   warnings.warn(
[2.870s] running install_lib
[2.872s] creating /home/eid/ws_gazebo/install/serial_motor_demo/lib/python3.10/site-packages/serial_motor_demo
[2.872s] copying /home/eid/ws_gazebo/build/serial_motor_demo/build/lib/serial_motor_demo/gui.py -> /home/eid/ws_gazebo/install/serial_motor_demo/lib/python3.10/site-packages/serial_motor_demo
[2.872s] copying /home/eid/ws_gazebo/build/serial_motor_demo/build/lib/serial_motor_demo/driver.py -> /home/eid/ws_gazebo/install/serial_motor_demo/lib/python3.10/site-packages/serial_motor_demo
[2.873s] copying /home/eid/ws_gazebo/build/serial_motor_demo/build/lib/serial_motor_demo/__init__.py -> /home/eid/ws_gazebo/install/serial_motor_demo/lib/python3.10/site-packages/serial_motor_demo
[2.874s] byte-compiling /home/eid/ws_gazebo/install/serial_motor_demo/lib/python3.10/site-packages/serial_motor_demo/gui.py to gui.cpython-310.pyc
[2.877s] byte-compiling /home/eid/ws_gazebo/install/serial_motor_demo/lib/python3.10/site-packages/serial_motor_demo/driver.py to driver.cpython-310.pyc
[2.879s] byte-compiling /home/eid/ws_gazebo/install/serial_motor_demo/lib/python3.10/site-packages/serial_motor_demo/__init__.py to __init__.cpython-310.pyc
[2.879s] running install_data
[2.881s] creating /home/eid/ws_gazebo/install/serial_motor_demo/share/ament_index
[2.881s] creating /home/eid/ws_gazebo/install/serial_motor_demo/share/ament_index/resource_index
[2.881s] creating /home/eid/ws_gazebo/install/serial_motor_demo/share/ament_index/resource_index/packages
[2.882s] copying resource/serial_motor_demo -> /home/eid/ws_gazebo/install/serial_motor_demo/share/ament_index/resource_index/packages
[2.882s] copying package.xml -> /home/eid/ws_gazebo/install/serial_motor_demo/share/serial_motor_demo
[2.882s] running install_egg_info
[2.886s] Copying ../../../build/serial_motor_demo/serial_motor_demo.egg-info to /home/eid/ws_gazebo/install/serial_motor_demo/lib/python3.10/site-packages/serial_motor_demo-0.0.0-py3.10.egg-info
[2.888s] running install_scripts
[2.939s] Installing driver script to /home/eid/ws_gazebo/install/serial_motor_demo/lib/serial_motor_demo
[2.939s] Installing gui script to /home/eid/ws_gazebo/install/serial_motor_demo/lib/serial_motor_demo
[2.939s] writing list of installed files to '/home/eid/ws_gazebo/build/serial_motor_demo/install.log'
[3.102s] Invoked command in '/home/eid/ws_gazebo/src/serial_motor_demo/serial_motor_demo' returned '0': AMENT_PREFIX_PATH=/home/eid/ws_gazebo/install/serial_motor_demo_msgs:${AMENT_PREFIX_PATH} CMAKE_PREFIX_PATH=/home/eid/ws_gazebo/install/serial_motor_demo_msgs:${CMAKE_PREFIX_PATH} LD_LIBRARY_PATH=/home/eid/ws_gazebo/install/serial_motor_demo_msgs/lib:${LD_LIBRARY_PATH} PYTHONPATH=/home/eid/ws_gazebo/build/serial_motor_demo/prefix_override:/home/eid/ws_gazebo/install/serial_motor_demo/lib/python3.10/site-packages:/home/eid/ws_gazebo/install/serial_motor_demo_msgs/local/lib/python3.10/dist-packages:${PYTHONPATH} /usr/bin/python3 setup.py egg_info --egg-base ../../../build/serial_motor_demo build --build-base /home/eid/ws_gazebo/build/serial_motor_demo/build install --record /home/eid/ws_gazebo/build/serial_motor_demo/install.log --install-scripts $base/lib/serial_motor_demo --single-version-externally-managed
