[1.036s] DEBUG:colcon:Command line arguments: ['/usr/bin/colcon', 'build']
[1.036s] DEBUG:colcon:Parsed command line arguments: Namespace(log_base=None, log_level=None, verb_name='build', build_base='build', install_base='install', merge_install=False, symlink_install=False, test_result_base=None, continue_on_error=False, executor='parallel', parallel_workers=8, event_handlers=None, ignore_user_meta=False, metas=['./colcon.meta'], base_paths=['.'], packages_ignore=None, packages_ignore_regex=None, paths=None, packages_up_to=None, packages_up_to_regex=None, packages_above=None, packages_above_and_dependencies=None, packages_above_depth=None, packages_select_by_dep=None, packages_skip_by_dep=None, packages_skip_up_to=None, packages_select_build_failed=False, packages_skip_build_finished=False, packages_select_test_failures=False, packages_skip_test_passed=False, packages_select=None, packages_skip=None, packages_select_regex=None, packages_skip_regex=None, packages_start=None, packages_end=None, allow_overriding=[], cmake_args=None, cmake_target=None, cmake_target_skip_unavailable=False, cmake_clean_cache=False, cmake_clean_first=False, cmake_force_configure=False, ament_cmake_args=None, catkin_cmake_args=None, catkin_skip_building_tests=False, verb_parser=<colcon_defaults.argument_parser.defaults.DefaultArgumentsDecorator object at 0x7f3be5a38c40>, verb_extension=<colcon_core.verb.build.BuildVerb object at 0x7f3be5d4b3d0>, main=<bound method BuildVerb.main of <colcon_core.verb.build.BuildVerb object at 0x7f3be5d4b3d0>>)
[1.089s] Level 1:colcon.colcon_core.package_discovery:discover_packages(colcon_meta) check parameters
[1.089s] Level 1:colcon.colcon_core.package_discovery:discover_packages(recursive) check parameters
[1.089s] Level 1:colcon.colcon_core.package_discovery:discover_packages(ignore) check parameters
[1.089s] Level 1:colcon.colcon_core.package_discovery:discover_packages(path) check parameters
[1.089s] Level 1:colcon.colcon_core.package_discovery:discover_packages(colcon_meta) discover
[1.089s] Level 1:colcon.colcon_core.package_discovery:discover_packages(recursive) discover
[1.089s] INFO:colcon.colcon_core.package_discovery:Crawling recursively for packages in '/home/eid/ws_gazebo'
[1.089s] Level 1:colcon.colcon_core.package_identification:_identify(.) by extensions ['ignore', 'ignore_ament_install']
[1.089s] Level 1:colcon.colcon_core.package_identification:_identify(.) by extension 'ignore'
[1.089s] Level 1:colcon.colcon_core.package_identification:_identify(.) by extension 'ignore_ament_install'
[1.089s] Level 1:colcon.colcon_core.package_identification:_identify(.) by extensions ['colcon_pkg']
[1.089s] Level 1:colcon.colcon_core.package_identification:_identify(.) by extension 'colcon_pkg'
[1.090s] Level 1:colcon.colcon_core.package_identification:_identify(.) by extensions ['colcon_meta']
[1.090s] Level 1:colcon.colcon_core.package_identification:_identify(.) by extension 'colcon_meta'
[1.090s] Level 1:colcon.colcon_core.package_identification:_identify(.) by extensions ['ros']
[1.090s] Level 1:colcon.colcon_core.package_identification:_identify(.) by extension 'ros'
[1.108s] Level 1:colcon.colcon_core.package_identification:_identify(.) by extensions ['cmake', 'python']
[1.108s] Level 1:colcon.colcon_core.package_identification:_identify(.) by extension 'cmake'
[1.108s] Level 1:colcon.colcon_core.package_identification:_identify(.) by extension 'python'
[1.108s] Level 1:colcon.colcon_core.package_identification:_identify(.) by extensions ['python_setup_py']
[1.108s] Level 1:colcon.colcon_core.package_identification:_identify(.) by extension 'python_setup_py'
[1.108s] Level 1:colcon.colcon_core.package_identification:_identify(build) by extensions ['ignore', 'ignore_ament_install']
[1.108s] Level 1:colcon.colcon_core.package_identification:_identify(build) by extension 'ignore'
[1.108s] Level 1:colcon.colcon_core.package_identification:_identify(build) ignored
[1.108s] Level 1:colcon.colcon_core.package_identification:_identify(install) by extensions ['ignore', 'ignore_ament_install']
[1.109s] Level 1:colcon.colcon_core.package_identification:_identify(install) by extension 'ignore'
[1.109s] Level 1:colcon.colcon_core.package_identification:_identify(install) ignored
[1.109s] Level 1:colcon.colcon_core.package_identification:_identify(log) by extensions ['ignore', 'ignore_ament_install']
[1.109s] Level 1:colcon.colcon_core.package_identification:_identify(log) by extension 'ignore'
[1.109s] Level 1:colcon.colcon_core.package_identification:_identify(log) ignored
[1.109s] Level 1:colcon.colcon_core.package_identification:_identify(src) by extensions ['ignore', 'ignore_ament_install']
[1.109s] Level 1:colcon.colcon_core.package_identification:_identify(src) by extension 'ignore'
[1.109s] Level 1:colcon.colcon_core.package_identification:_identify(src) by extension 'ignore_ament_install'
[1.109s] Level 1:colcon.colcon_core.package_identification:_identify(src) by extensions ['colcon_pkg']
[1.109s] Level 1:colcon.colcon_core.package_identification:_identify(src) by extension 'colcon_pkg'
[1.109s] Level 1:colcon.colcon_core.package_identification:_identify(src) by extensions ['colcon_meta']
[1.109s] Level 1:colcon.colcon_core.package_identification:_identify(src) by extension 'colcon_meta'
[1.109s] Level 1:colcon.colcon_core.package_identification:_identify(src) by extensions ['ros']
[1.109s] Level 1:colcon.colcon_core.package_identification:_identify(src) by extension 'ros'
[1.109s] Level 1:colcon.colcon_core.package_identification:_identify(src) by extensions ['cmake', 'python']
[1.109s] Level 1:colcon.colcon_core.package_identification:_identify(src) by extension 'cmake'
[1.109s] Level 1:colcon.colcon_core.package_identification:_identify(src) by extension 'python'
[1.109s] Level 1:colcon.colcon_core.package_identification:_identify(src) by extensions ['python_setup_py']
[1.109s] Level 1:colcon.colcon_core.package_identification:_identify(src) by extension 'python_setup_py'
[1.110s] Level 1:colcon.colcon_core.package_identification:_identify(src/build) by extensions ['ignore', 'ignore_ament_install']
[1.110s] Level 1:colcon.colcon_core.package_identification:_identify(src/build) by extension 'ignore'
[1.110s] Level 1:colcon.colcon_core.package_identification:_identify(src/build) ignored
[1.110s] Level 1:colcon.colcon_core.package_identification:_identify(src/diffdrive_arduino) by extensions ['ignore', 'ignore_ament_install']
[1.110s] Level 1:colcon.colcon_core.package_identification:_identify(src/diffdrive_arduino) by extension 'ignore'
[1.110s] Level 1:colcon.colcon_core.package_identification:_identify(src/diffdrive_arduino) by extension 'ignore_ament_install'
[1.110s] Level 1:colcon.colcon_core.package_identification:_identify(src/diffdrive_arduino) by extensions ['colcon_pkg']
[1.110s] Level 1:colcon.colcon_core.package_identification:_identify(src/diffdrive_arduino) by extension 'colcon_pkg'
[1.110s] Level 1:colcon.colcon_core.package_identification:_identify(src/diffdrive_arduino) by extensions ['colcon_meta']
[1.110s] Level 1:colcon.colcon_core.package_identification:_identify(src/diffdrive_arduino) by extension 'colcon_meta'
[1.110s] Level 1:colcon.colcon_core.package_identification:_identify(src/diffdrive_arduino) by extensions ['ros']
[1.110s] Level 1:colcon.colcon_core.package_identification:_identify(src/diffdrive_arduino) by extension 'ros'
[1.113s] DEBUG:colcon.colcon_core.package_identification:Package 'src/diffdrive_arduino' with type 'ros.ament_cmake' and name 'diffdrive_arduino'
[1.113s] Level 1:colcon.colcon_core.package_identification:_identify(src/install) by extensions ['ignore', 'ignore_ament_install']
[1.113s] Level 1:colcon.colcon_core.package_identification:_identify(src/install) by extension 'ignore'
[1.113s] Level 1:colcon.colcon_core.package_identification:_identify(src/install) ignored
[1.114s] Level 1:colcon.colcon_core.package_identification:_identify(src/log) by extensions ['ignore', 'ignore_ament_install']
[1.114s] Level 1:colcon.colcon_core.package_identification:_identify(src/log) by extension 'ignore'
[1.114s] Level 1:colcon.colcon_core.package_identification:_identify(src/log) ignored
[1.114s] Level 1:colcon.colcon_core.package_identification:_identify(src/my_first_pkg) by extensions ['ignore', 'ignore_ament_install']
[1.114s] Level 1:colcon.colcon_core.package_identification:_identify(src/my_first_pkg) by extension 'ignore'
[1.114s] Level 1:colcon.colcon_core.package_identification:_identify(src/my_first_pkg) by extension 'ignore_ament_install'
[1.114s] Level 1:colcon.colcon_core.package_identification:_identify(src/my_first_pkg) by extensions ['colcon_pkg']
[1.114s] Level 1:colcon.colcon_core.package_identification:_identify(src/my_first_pkg) by extension 'colcon_pkg'
[1.114s] Level 1:colcon.colcon_core.package_identification:_identify(src/my_first_pkg) by extensions ['colcon_meta']
[1.114s] Level 1:colcon.colcon_core.package_identification:_identify(src/my_first_pkg) by extension 'colcon_meta'
[1.114s] Level 1:colcon.colcon_core.package_identification:_identify(src/my_first_pkg) by extensions ['ros']
[1.114s] Level 1:colcon.colcon_core.package_identification:_identify(src/my_first_pkg) by extension 'ros'
[1.115s] DEBUG:colcon.colcon_core.package_identification:Package 'src/my_first_pkg' with type 'ros.ament_cmake' and name 'my_first_pkg'
[1.115s] Level 1:colcon.colcon_core.package_identification:_identify(src/nixbot) by extensions ['ignore', 'ignore_ament_install']
[1.115s] Level 1:colcon.colcon_core.package_identification:_identify(src/nixbot) by extension 'ignore'
[1.115s] Level 1:colcon.colcon_core.package_identification:_identify(src/nixbot) by extension 'ignore_ament_install'
[1.115s] Level 1:colcon.colcon_core.package_identification:_identify(src/nixbot) by extensions ['colcon_pkg']
[1.115s] Level 1:colcon.colcon_core.package_identification:_identify(src/nixbot) by extension 'colcon_pkg'
[1.115s] Level 1:colcon.colcon_core.package_identification:_identify(src/nixbot) by extensions ['colcon_meta']
[1.115s] Level 1:colcon.colcon_core.package_identification:_identify(src/nixbot) by extension 'colcon_meta'
[1.115s] Level 1:colcon.colcon_core.package_identification:_identify(src/nixbot) by extensions ['ros']
[1.115s] Level 1:colcon.colcon_core.package_identification:_identify(src/nixbot) by extension 'ros'
[1.116s] DEBUG:colcon.colcon_core.package_identification:Package 'src/nixbot' with type 'ros.ament_cmake' and name 'nixbot'
[1.116s] Level 1:colcon.colcon_core.package_identification:_identify(src/serial) by extensions ['ignore', 'ignore_ament_install']
[1.116s] Level 1:colcon.colcon_core.package_identification:_identify(src/serial) by extension 'ignore'
[1.116s] Level 1:colcon.colcon_core.package_identification:_identify(src/serial) by extension 'ignore_ament_install'
[1.116s] Level 1:colcon.colcon_core.package_identification:_identify(src/serial) by extensions ['colcon_pkg']
[1.116s] Level 1:colcon.colcon_core.package_identification:_identify(src/serial) by extension 'colcon_pkg'
[1.116s] Level 1:colcon.colcon_core.package_identification:_identify(src/serial) by extensions ['colcon_meta']
[1.116s] Level 1:colcon.colcon_core.package_identification:_identify(src/serial) by extension 'colcon_meta'
[1.116s] Level 1:colcon.colcon_core.package_identification:_identify(src/serial) by extensions ['ros']
[1.116s] Level 1:colcon.colcon_core.package_identification:_identify(src/serial) by extension 'ros'
[1.117s] DEBUG:colcon.colcon_core.package_identification:Package 'src/serial' with type 'ros.ament_cmake' and name 'serial'
[1.117s] Level 1:colcon.colcon_core.package_identification:_identify(src/serial_motor_demo) by extensions ['ignore', 'ignore_ament_install']
[1.117s] Level 1:colcon.colcon_core.package_identification:_identify(src/serial_motor_demo) by extension 'ignore'
[1.117s] Level 1:colcon.colcon_core.package_identification:_identify(src/serial_motor_demo) by extension 'ignore_ament_install'
[1.117s] Level 1:colcon.colcon_core.package_identification:_identify(src/serial_motor_demo) by extensions ['colcon_pkg']
[1.117s] Level 1:colcon.colcon_core.package_identification:_identify(src/serial_motor_demo) by extension 'colcon_pkg'
[1.117s] Level 1:colcon.colcon_core.package_identification:_identify(src/serial_motor_demo) by extensions ['colcon_meta']
[1.117s] Level 1:colcon.colcon_core.package_identification:_identify(src/serial_motor_demo) by extension 'colcon_meta'
[1.117s] Level 1:colcon.colcon_core.package_identification:_identify(src/serial_motor_demo) by extensions ['ros']
[1.117s] Level 1:colcon.colcon_core.package_identification:_identify(src/serial_motor_demo) by extension 'ros'
[1.117s] Level 1:colcon.colcon_core.package_identification:_identify(src/serial_motor_demo) by extensions ['cmake', 'python']
[1.117s] Level 1:colcon.colcon_core.package_identification:_identify(src/serial_motor_demo) by extension 'cmake'
[1.117s] Level 1:colcon.colcon_core.package_identification:_identify(src/serial_motor_demo) by extension 'python'
[1.118s] Level 1:colcon.colcon_core.package_identification:_identify(src/serial_motor_demo) by extensions ['python_setup_py']
[1.118s] Level 1:colcon.colcon_core.package_identification:_identify(src/serial_motor_demo) by extension 'python_setup_py'
[1.118s] Level 1:colcon.colcon_core.package_identification:_identify(src/serial_motor_demo/serial_motor_demo) by extensions ['ignore', 'ignore_ament_install']
[1.118s] Level 1:colcon.colcon_core.package_identification:_identify(src/serial_motor_demo/serial_motor_demo) by extension 'ignore'
[1.118s] Level 1:colcon.colcon_core.package_identification:_identify(src/serial_motor_demo/serial_motor_demo) by extension 'ignore_ament_install'
[1.118s] Level 1:colcon.colcon_core.package_identification:_identify(src/serial_motor_demo/serial_motor_demo) by extensions ['colcon_pkg']
[1.118s] Level 1:colcon.colcon_core.package_identification:_identify(src/serial_motor_demo/serial_motor_demo) by extension 'colcon_pkg'
[1.118s] Level 1:colcon.colcon_core.package_identification:_identify(src/serial_motor_demo/serial_motor_demo) by extensions ['colcon_meta']
[1.118s] Level 1:colcon.colcon_core.package_identification:_identify(src/serial_motor_demo/serial_motor_demo) by extension 'colcon_meta'
[1.118s] Level 1:colcon.colcon_core.package_identification:_identify(src/serial_motor_demo/serial_motor_demo) by extensions ['ros']
[1.118s] Level 1:colcon.colcon_core.package_identification:_identify(src/serial_motor_demo/serial_motor_demo) by extension 'ros'
[1.120s] DEBUG:colcon.colcon_core.package_identification:Package 'src/serial_motor_demo/serial_motor_demo' with type 'ros.ament_python' and name 'serial_motor_demo'
[1.120s] Level 1:colcon.colcon_core.package_identification:_identify(src/serial_motor_demo/serial_motor_demo_msgs) by extensions ['ignore', 'ignore_ament_install']
[1.120s] Level 1:colcon.colcon_core.package_identification:_identify(src/serial_motor_demo/serial_motor_demo_msgs) by extension 'ignore'
[1.120s] Level 1:colcon.colcon_core.package_identification:_identify(src/serial_motor_demo/serial_motor_demo_msgs) by extension 'ignore_ament_install'
[1.120s] Level 1:colcon.colcon_core.package_identification:_identify(src/serial_motor_demo/serial_motor_demo_msgs) by extensions ['colcon_pkg']
[1.120s] Level 1:colcon.colcon_core.package_identification:_identify(src/serial_motor_demo/serial_motor_demo_msgs) by extension 'colcon_pkg'
[1.120s] Level 1:colcon.colcon_core.package_identification:_identify(src/serial_motor_demo/serial_motor_demo_msgs) by extensions ['colcon_meta']
[1.120s] Level 1:colcon.colcon_core.package_identification:_identify(src/serial_motor_demo/serial_motor_demo_msgs) by extension 'colcon_meta'
[1.120s] Level 1:colcon.colcon_core.package_identification:_identify(src/serial_motor_demo/serial_motor_demo_msgs) by extensions ['ros']
[1.120s] Level 1:colcon.colcon_core.package_identification:_identify(src/serial_motor_demo/serial_motor_demo_msgs) by extension 'ros'
[1.120s] DEBUG:colcon.colcon_core.package_identification:Package 'src/serial_motor_demo/serial_motor_demo_msgs' with type 'ros.ament_cmake' and name 'serial_motor_demo_msgs'
[1.120s] Level 1:colcon.colcon_core.package_discovery:discover_packages(recursive) using defaults
[1.121s] Level 1:colcon.colcon_core.package_discovery:discover_packages(ignore) discover
[1.121s] Level 1:colcon.colcon_core.package_discovery:discover_packages(ignore) using defaults
[1.121s] Level 1:colcon.colcon_core.package_discovery:discover_packages(path) discover
[1.121s] Level 1:colcon.colcon_core.package_discovery:discover_packages(path) using defaults
[1.221s] Level 1:colcon.colcon_core.package_discovery:discover_packages(prefix_path) check parameters
[1.221s] Level 1:colcon.colcon_core.package_discovery:discover_packages(prefix_path) discover
[1.255s] DEBUG:colcon.colcon_installed_package_information.package_discovery:Found 7 installed packages in /home/eid/ws_gazebo/install
[1.270s] DEBUG:colcon.colcon_installed_package_information.package_discovery:Found 3 installed packages in /home/eid/colcon_ws/install
[1.287s] DEBUG:colcon.colcon_installed_package_information.package_discovery:Found 343 installed packages in /opt/ros/humble
[1.288s] Level 1:colcon.colcon_core.package_discovery:discover_packages(prefix_path) using defaults
[1.391s] Level 5:colcon.colcon_core.verb:set package 'diffdrive_arduino' build argument 'cmake_args' from command line to 'None'
[1.391s] Level 5:colcon.colcon_core.verb:set package 'diffdrive_arduino' build argument 'cmake_target' from command line to 'None'
[1.391s] Level 5:colcon.colcon_core.verb:set package 'diffdrive_arduino' build argument 'cmake_target_skip_unavailable' from command line to 'False'
[1.391s] Level 5:colcon.colcon_core.verb:set package 'diffdrive_arduino' build argument 'cmake_clean_cache' from command line to 'False'
[1.392s] Level 5:colcon.colcon_core.verb:set package 'diffdrive_arduino' build argument 'cmake_clean_first' from command line to 'False'
[1.392s] Level 5:colcon.colcon_core.verb:set package 'diffdrive_arduino' build argument 'cmake_force_configure' from command line to 'False'
[1.392s] Level 5:colcon.colcon_core.verb:set package 'diffdrive_arduino' build argument 'ament_cmake_args' from command line to 'None'
[1.392s] Level 5:colcon.colcon_core.verb:set package 'diffdrive_arduino' build argument 'catkin_cmake_args' from command line to 'None'
[1.392s] Level 5:colcon.colcon_core.verb:set package 'diffdrive_arduino' build argument 'catkin_skip_building_tests' from command line to 'False'
[1.392s] DEBUG:colcon.colcon_core.verb:Building package 'diffdrive_arduino' with the following arguments: {'ament_cmake_args': None, 'build_base': '/home/eid/ws_gazebo/build/diffdrive_arduino', 'catkin_cmake_args': None, 'catkin_skip_building_tests': False, 'cmake_args': None, 'cmake_clean_cache': False, 'cmake_clean_first': False, 'cmake_force_configure': False, 'cmake_target': None, 'cmake_target_skip_unavailable': False, 'install_base': '/home/eid/ws_gazebo/install/diffdrive_arduino', 'merge_install': False, 'path': '/home/eid/ws_gazebo/src/diffdrive_arduino', 'symlink_install': False, 'test_result_base': None}
[1.408s] Level 5:colcon.colcon_core.verb:set package 'my_first_pkg' build argument 'cmake_args' from command line to 'None'
[1.408s] Level 5:colcon.colcon_core.verb:set package 'my_first_pkg' build argument 'cmake_target' from command line to 'None'
[1.408s] Level 5:colcon.colcon_core.verb:set package 'my_first_pkg' build argument 'cmake_target_skip_unavailable' from command line to 'False'
[1.408s] Level 5:colcon.colcon_core.verb:set package 'my_first_pkg' build argument 'cmake_clean_cache' from command line to 'False'
[1.408s] Level 5:colcon.colcon_core.verb:set package 'my_first_pkg' build argument 'cmake_clean_first' from command line to 'False'
[1.408s] Level 5:colcon.colcon_core.verb:set package 'my_first_pkg' build argument 'cmake_force_configure' from command line to 'False'
[1.408s] Level 5:colcon.colcon_core.verb:set package 'my_first_pkg' build argument 'ament_cmake_args' from command line to 'None'
[1.408s] Level 5:colcon.colcon_core.verb:set package 'my_first_pkg' build argument 'catkin_cmake_args' from command line to 'None'
[1.408s] Level 5:colcon.colcon_core.verb:set package 'my_first_pkg' build argument 'catkin_skip_building_tests' from command line to 'False'
[1.408s] DEBUG:colcon.colcon_core.verb:Building package 'my_first_pkg' with the following arguments: {'ament_cmake_args': None, 'build_base': '/home/eid/ws_gazebo/build/my_first_pkg', 'catkin_cmake_args': None, 'catkin_skip_building_tests': False, 'cmake_args': None, 'cmake_clean_cache': False, 'cmake_clean_first': False, 'cmake_force_configure': False, 'cmake_target': None, 'cmake_target_skip_unavailable': False, 'install_base': '/home/eid/ws_gazebo/install/my_first_pkg', 'merge_install': False, 'path': '/home/eid/ws_gazebo/src/my_first_pkg', 'symlink_install': False, 'test_result_base': None}
[1.424s] Level 5:colcon.colcon_core.verb:set package 'nixbot' build argument 'cmake_args' from command line to 'None'
[1.424s] Level 5:colcon.colcon_core.verb:set package 'nixbot' build argument 'cmake_target' from command line to 'None'
[1.424s] Level 5:colcon.colcon_core.verb:set package 'nixbot' build argument 'cmake_target_skip_unavailable' from command line to 'False'
[1.424s] Level 5:colcon.colcon_core.verb:set package 'nixbot' build argument 'cmake_clean_cache' from command line to 'False'
[1.424s] Level 5:colcon.colcon_core.verb:set package 'nixbot' build argument 'cmake_clean_first' from command line to 'False'
[1.424s] Level 5:colcon.colcon_core.verb:set package 'nixbot' build argument 'cmake_force_configure' from command line to 'False'
[1.424s] Level 5:colcon.colcon_core.verb:set package 'nixbot' build argument 'ament_cmake_args' from command line to 'None'
[1.424s] Level 5:colcon.colcon_core.verb:set package 'nixbot' build argument 'catkin_cmake_args' from command line to 'None'
[1.424s] Level 5:colcon.colcon_core.verb:set package 'nixbot' build argument 'catkin_skip_building_tests' from command line to 'False'
[1.424s] DEBUG:colcon.colcon_core.verb:Building package 'nixbot' with the following arguments: {'ament_cmake_args': None, 'build_base': '/home/eid/ws_gazebo/build/nixbot', 'catkin_cmake_args': None, 'catkin_skip_building_tests': False, 'cmake_args': None, 'cmake_clean_cache': False, 'cmake_clean_first': False, 'cmake_force_configure': False, 'cmake_target': None, 'cmake_target_skip_unavailable': False, 'install_base': '/home/eid/ws_gazebo/install/nixbot', 'merge_install': False, 'path': '/home/eid/ws_gazebo/src/nixbot', 'symlink_install': False, 'test_result_base': None}
[1.440s] Level 5:colcon.colcon_core.verb:set package 'serial' build argument 'cmake_args' from command line to 'None'
[1.440s] Level 5:colcon.colcon_core.verb:set package 'serial' build argument 'cmake_target' from command line to 'None'
[1.440s] Level 5:colcon.colcon_core.verb:set package 'serial' build argument 'cmake_target_skip_unavailable' from command line to 'False'
[1.440s] Level 5:colcon.colcon_core.verb:set package 'serial' build argument 'cmake_clean_cache' from command line to 'False'
[1.440s] Level 5:colcon.colcon_core.verb:set package 'serial' build argument 'cmake_clean_first' from command line to 'False'
[1.440s] Level 5:colcon.colcon_core.verb:set package 'serial' build argument 'cmake_force_configure' from command line to 'False'
[1.440s] Level 5:colcon.colcon_core.verb:set package 'serial' build argument 'ament_cmake_args' from command line to 'None'
[1.440s] Level 5:colcon.colcon_core.verb:set package 'serial' build argument 'catkin_cmake_args' from command line to 'None'
[1.440s] Level 5:colcon.colcon_core.verb:set package 'serial' build argument 'catkin_skip_building_tests' from command line to 'False'
[1.440s] DEBUG:colcon.colcon_core.verb:Building package 'serial' with the following arguments: {'ament_cmake_args': None, 'build_base': '/home/eid/ws_gazebo/build/serial', 'catkin_cmake_args': None, 'catkin_skip_building_tests': False, 'cmake_args': None, 'cmake_clean_cache': False, 'cmake_clean_first': False, 'cmake_force_configure': False, 'cmake_target': None, 'cmake_target_skip_unavailable': False, 'install_base': '/home/eid/ws_gazebo/install/serial', 'merge_install': False, 'path': '/home/eid/ws_gazebo/src/serial', 'symlink_install': False, 'test_result_base': None}
[1.455s] Level 5:colcon.colcon_core.verb:set package 'serial_motor_demo_msgs' build argument 'cmake_args' from command line to 'None'
[1.455s] Level 5:colcon.colcon_core.verb:set package 'serial_motor_demo_msgs' build argument 'cmake_target' from command line to 'None'
[1.455s] Level 5:colcon.colcon_core.verb:set package 'serial_motor_demo_msgs' build argument 'cmake_target_skip_unavailable' from command line to 'False'
[1.455s] Level 5:colcon.colcon_core.verb:set package 'serial_motor_demo_msgs' build argument 'cmake_clean_cache' from command line to 'False'
[1.455s] Level 5:colcon.colcon_core.verb:set package 'serial_motor_demo_msgs' build argument 'cmake_clean_first' from command line to 'False'
[1.455s] Level 5:colcon.colcon_core.verb:set package 'serial_motor_demo_msgs' build argument 'cmake_force_configure' from command line to 'False'
[1.455s] Level 5:colcon.colcon_core.verb:set package 'serial_motor_demo_msgs' build argument 'ament_cmake_args' from command line to 'None'
[1.455s] Level 5:colcon.colcon_core.verb:set package 'serial_motor_demo_msgs' build argument 'catkin_cmake_args' from command line to 'None'
[1.455s] Level 5:colcon.colcon_core.verb:set package 'serial_motor_demo_msgs' build argument 'catkin_skip_building_tests' from command line to 'False'
[1.455s] DEBUG:colcon.colcon_core.verb:Building package 'serial_motor_demo_msgs' with the following arguments: {'ament_cmake_args': None, 'build_base': '/home/eid/ws_gazebo/build/serial_motor_demo_msgs', 'catkin_cmake_args': None, 'catkin_skip_building_tests': False, 'cmake_args': None, 'cmake_clean_cache': False, 'cmake_clean_first': False, 'cmake_force_configure': False, 'cmake_target': None, 'cmake_target_skip_unavailable': False, 'install_base': '/home/eid/ws_gazebo/install/serial_motor_demo_msgs', 'merge_install': False, 'path': '/home/eid/ws_gazebo/src/serial_motor_demo/serial_motor_demo_msgs', 'symlink_install': False, 'test_result_base': None}
[1.482s] Level 5:colcon.colcon_core.verb:set package 'serial_motor_demo' build argument 'cmake_args' from command line to 'None'
[1.482s] Level 5:colcon.colcon_core.verb:set package 'serial_motor_demo' build argument 'cmake_target' from command line to 'None'
[1.482s] Level 5:colcon.colcon_core.verb:set package 'serial_motor_demo' build argument 'cmake_target_skip_unavailable' from command line to 'False'
[1.482s] Level 5:colcon.colcon_core.verb:set package 'serial_motor_demo' build argument 'cmake_clean_cache' from command line to 'False'
[1.482s] Level 5:colcon.colcon_core.verb:set package 'serial_motor_demo' build argument 'cmake_clean_first' from command line to 'False'
[1.482s] Level 5:colcon.colcon_core.verb:set package 'serial_motor_demo' build argument 'cmake_force_configure' from command line to 'False'
[1.482s] Level 5:colcon.colcon_core.verb:set package 'serial_motor_demo' build argument 'ament_cmake_args' from command line to 'None'
[1.482s] Level 5:colcon.colcon_core.verb:set package 'serial_motor_demo' build argument 'catkin_cmake_args' from command line to 'None'
[1.482s] Level 5:colcon.colcon_core.verb:set package 'serial_motor_demo' build argument 'catkin_skip_building_tests' from command line to 'False'
[1.482s] DEBUG:colcon.colcon_core.verb:Building package 'serial_motor_demo' with the following arguments: {'ament_cmake_args': None, 'build_base': '/home/eid/ws_gazebo/build/serial_motor_demo', 'catkin_cmake_args': None, 'catkin_skip_building_tests': False, 'cmake_args': None, 'cmake_clean_cache': False, 'cmake_clean_first': False, 'cmake_force_configure': False, 'cmake_target': None, 'cmake_target_skip_unavailable': False, 'install_base': '/home/eid/ws_gazebo/install/serial_motor_demo', 'merge_install': False, 'path': '/home/eid/ws_gazebo/src/serial_motor_demo/serial_motor_demo', 'symlink_install': False, 'test_result_base': None}
[1.498s] INFO:colcon.colcon_core.executor:Executing jobs using 'parallel' executor
[1.514s] DEBUG:colcon.colcon_parallel_executor.executor.parallel:run_until_complete
[1.515s] INFO:colcon.colcon_ros.task.ament_cmake.build:Building ROS package in '/home/eid/ws_gazebo/src/serial_motor_demo/serial_motor_demo_msgs' with build type 'ament_cmake'
[1.515s] INFO:colcon.colcon_cmake.task.cmake.build:Building CMake package in '/home/eid/ws_gazebo/src/serial_motor_demo/serial_motor_demo_msgs'
[1.533s] INFO:colcon.colcon_core.plugin_system:Skipping extension 'colcon_core.shell.bat': Not used on non-Windows systems
[1.533s] INFO:colcon.colcon_core.shell:Skip shell extension 'powershell' for command environment: Not usable outside of PowerShell
[1.533s] DEBUG:colcon.colcon_core.shell:Skip shell extension 'dsv' for command environment
[1.598s] INFO:colcon.colcon_ros.task.ament_cmake.build:Building ROS package in '/home/eid/ws_gazebo/src/diffdrive_arduino' with build type 'ament_cmake'
[1.598s] INFO:colcon.colcon_cmake.task.cmake.build:Building CMake package in '/home/eid/ws_gazebo/src/diffdrive_arduino'
[1.614s] INFO:colcon.colcon_core.shell:Skip shell extension 'powershell' for command environment: Not usable outside of PowerShell
[1.614s] DEBUG:colcon.colcon_core.shell:Skip shell extension 'dsv' for command environment
[1.679s] INFO:colcon.colcon_ros.task.ament_cmake.build:Building ROS package in '/home/eid/ws_gazebo/src/my_first_pkg' with build type 'ament_cmake'
[1.679s] INFO:colcon.colcon_cmake.task.cmake.build:Building CMake package in '/home/eid/ws_gazebo/src/my_first_pkg'
[1.694s] INFO:colcon.colcon_core.shell:Skip shell extension 'powershell' for command environment: Not usable outside of PowerShell
[1.694s] DEBUG:colcon.colcon_core.shell:Skip shell extension 'dsv' for command environment
[1.762s] INFO:colcon.colcon_ros.task.ament_cmake.build:Building ROS package in '/home/eid/ws_gazebo/src/nixbot' with build type 'ament_cmake'
[1.763s] INFO:colcon.colcon_cmake.task.cmake.build:Building CMake package in '/home/eid/ws_gazebo/src/nixbot'
[1.779s] INFO:colcon.colcon_core.shell:Skip shell extension 'powershell' for command environment: Not usable outside of PowerShell
[1.779s] DEBUG:colcon.colcon_core.shell:Skip shell extension 'dsv' for command environment
[1.843s] INFO:colcon.colcon_ros.task.ament_cmake.build:Building ROS package in '/home/eid/ws_gazebo/src/serial' with build type 'ament_cmake'
[1.843s] INFO:colcon.colcon_cmake.task.cmake.build:Building CMake package in '/home/eid/ws_gazebo/src/serial'
[1.858s] INFO:colcon.colcon_core.shell:Skip shell extension 'powershell' for command environment: Not usable outside of PowerShell
[1.858s] DEBUG:colcon.colcon_core.shell:Skip shell extension 'dsv' for command environment
[1.930s] DEBUG:colcon.colcon_core.event_handler.log_command:Invoking command in '/home/eid/ws_gazebo/build/serial_motor_demo_msgs': CMAKE_PREFIX_PATH=${CMAKE_PREFIX_PATH}:/home/eid/ws_gazebo/install/serial_motor_demo:/home/eid/colcon_ws/install/move_robot:/opt/ros/humble /usr/bin/cmake --build /home/eid/ws_gazebo/build/serial_motor_demo_msgs -- -j8 -l8
[1.933s] DEBUG:colcon.colcon_core.event_handler.log_command:Invoking command in '/home/eid/ws_gazebo/build/diffdrive_arduino': CMAKE_PREFIX_PATH=${CMAKE_PREFIX_PATH}:/home/eid/ws_gazebo/install/serial_motor_demo:/home/eid/colcon_ws/install/move_robot:/opt/ros/humble /usr/bin/cmake --build /home/eid/ws_gazebo/build/diffdrive_arduino -- -j8 -l8
[1.936s] DEBUG:colcon.colcon_core.event_handler.log_command:Invoking command in '/home/eid/ws_gazebo/build/my_first_pkg': CMAKE_PREFIX_PATH=${CMAKE_PREFIX_PATH}:/home/eid/ws_gazebo/install/serial_motor_demo:/home/eid/colcon_ws/install/move_robot:/opt/ros/humble /usr/bin/cmake --build /home/eid/ws_gazebo/build/my_first_pkg -- -j8 -l8
[1.941s] DEBUG:colcon.colcon_core.event_handler.log_command:Invoking command in '/home/eid/ws_gazebo/build/nixbot': CMAKE_PREFIX_PATH=${CMAKE_PREFIX_PATH}:/home/eid/ws_gazebo/install/serial_motor_demo:/home/eid/colcon_ws/install/move_robot:/opt/ros/humble /usr/bin/cmake --build /home/eid/ws_gazebo/build/nixbot -- -j8 -l8
[1.947s] DEBUG:colcon.colcon_core.event_handler.log_command:Invoking command in '/home/eid/ws_gazebo/build/serial': CMAKE_PREFIX_PATH=${CMAKE_PREFIX_PATH}:/home/eid/ws_gazebo/install/serial_motor_demo:/home/eid/colcon_ws/install/move_robot:/opt/ros/humble /usr/bin/cmake --build /home/eid/ws_gazebo/build/serial -- -j8 -l8
[1.993s] DEBUG:colcon.colcon_core.event_handler.log_command:Invoked command in '/home/eid/ws_gazebo/build/nixbot' returned '0': CMAKE_PREFIX_PATH=${CMAKE_PREFIX_PATH}:/home/eid/ws_gazebo/install/serial_motor_demo:/home/eid/colcon_ws/install/move_robot:/opt/ros/humble /usr/bin/cmake --build /home/eid/ws_gazebo/build/nixbot -- -j8 -l8
[2.010s] DEBUG:colcon.colcon_core.event_handler.log_command:Invoked command in '/home/eid/ws_gazebo/build/my_first_pkg' returned '0': CMAKE_PREFIX_PATH=${CMAKE_PREFIX_PATH}:/home/eid/ws_gazebo/install/serial_motor_demo:/home/eid/colcon_ws/install/move_robot:/opt/ros/humble /usr/bin/cmake --build /home/eid/ws_gazebo/build/my_first_pkg -- -j8 -l8
[2.045s] DEBUG:colcon.colcon_core.event_handler.log_command:Invoking command in '/home/eid/ws_gazebo/build/nixbot': CMAKE_PREFIX_PATH=${CMAKE_PREFIX_PATH}:/home/eid/ws_gazebo/install/serial_motor_demo:/home/eid/colcon_ws/install/move_robot:/opt/ros/humble /usr/bin/cmake --install /home/eid/ws_gazebo/build/nixbot
[2.048s] DEBUG:colcon.colcon_core.event_handler.log_command:Invoked command in '/home/eid/ws_gazebo/build/diffdrive_arduino' returned '0': CMAKE_PREFIX_PATH=${CMAKE_PREFIX_PATH}:/home/eid/ws_gazebo/install/serial_motor_demo:/home/eid/colcon_ws/install/move_robot:/opt/ros/humble /usr/bin/cmake --build /home/eid/ws_gazebo/build/diffdrive_arduino -- -j8 -l8
[2.073s] DEBUG:colcon.colcon_core.event_handler.log_command:Invoking command in '/home/eid/ws_gazebo/build/my_first_pkg': CMAKE_PREFIX_PATH=${CMAKE_PREFIX_PATH}:/home/eid/ws_gazebo/install/serial_motor_demo:/home/eid/colcon_ws/install/move_robot:/opt/ros/humble /usr/bin/cmake --install /home/eid/ws_gazebo/build/my_first_pkg
[2.083s] DEBUG:colcon.colcon_core.event_handler.log_command:Invoked command in '/home/eid/ws_gazebo/build/serial' returned '0': CMAKE_PREFIX_PATH=${CMAKE_PREFIX_PATH}:/home/eid/ws_gazebo/install/serial_motor_demo:/home/eid/colcon_ws/install/move_robot:/opt/ros/humble /usr/bin/cmake --build /home/eid/ws_gazebo/build/serial -- -j8 -l8
[2.085s] Level 1:colcon.colcon_core.environment:create_environment_scripts_only(nixbot)
[2.087s] DEBUG:colcon.colcon_core.event_handler.log_command:Invoked command in '/home/eid/ws_gazebo/build/nixbot' returned '0': CMAKE_PREFIX_PATH=${CMAKE_PREFIX_PATH}:/home/eid/ws_gazebo/install/serial_motor_demo:/home/eid/colcon_ws/install/move_robot:/opt/ros/humble /usr/bin/cmake --install /home/eid/ws_gazebo/build/nixbot
[2.122s] Level 1:colcon.colcon_core.environment:checking '/home/eid/ws_gazebo/install/nixbot' for CMake module files
[2.122s] Level 1:colcon.colcon_core.environment:checking '/home/eid/ws_gazebo/install/nixbot' for CMake config files
[2.122s] Level 1:colcon.colcon_core.shell:create_environment_hook('nixbot', 'cmake_prefix_path')
[2.138s] INFO:colcon.colcon_core.shell:Creating environment hook '/home/eid/ws_gazebo/install/nixbot/share/nixbot/hook/cmake_prefix_path.ps1'
[2.139s] INFO:colcon.colcon_core.shell:Creating environment descriptor '/home/eid/ws_gazebo/install/nixbot/share/nixbot/hook/cmake_prefix_path.dsv'
[2.139s] INFO:colcon.colcon_core.shell:Creating environment hook '/home/eid/ws_gazebo/install/nixbot/share/nixbot/hook/cmake_prefix_path.sh'
[2.140s] Level 1:colcon.colcon_core.environment:checking '/home/eid/ws_gazebo/install/nixbot/bin'
[2.140s] Level 1:colcon.colcon_core.environment:checking '/home/eid/ws_gazebo/install/nixbot/lib/pkgconfig/nixbot.pc'
[2.141s] Level 1:colcon.colcon_core.environment:checking '/home/eid/ws_gazebo/install/nixbot/lib/python3.10/site-packages'
[2.141s] Level 1:colcon.colcon_core.environment:checking '/home/eid/ws_gazebo/install/nixbot/bin'
[2.158s] INFO:colcon.colcon_core.shell:Creating package script '/home/eid/ws_gazebo/install/nixbot/share/nixbot/package.ps1'
[2.159s] INFO:colcon.colcon_core.shell:Creating package descriptor '/home/eid/ws_gazebo/install/nixbot/share/nixbot/package.dsv'
[2.160s] INFO:colcon.colcon_core.shell:Creating package script '/home/eid/ws_gazebo/install/nixbot/share/nixbot/package.sh'
[2.162s] INFO:colcon.colcon_core.shell:Creating package script '/home/eid/ws_gazebo/install/nixbot/share/nixbot/package.bash'
[2.163s] INFO:colcon.colcon_core.shell:Creating package script '/home/eid/ws_gazebo/install/nixbot/share/nixbot/package.zsh'
[2.165s] Level 1:colcon.colcon_core.environment:create_file_with_runtime_dependencies(/home/eid/ws_gazebo/install/nixbot/share/colcon-core/packages/nixbot)
[2.168s] DEBUG:colcon.colcon_core.event_handler.log_command:Invoking command in '/home/eid/ws_gazebo/build/diffdrive_arduino': CMAKE_PREFIX_PATH=${CMAKE_PREFIX_PATH}:/home/eid/ws_gazebo/install/serial_motor_demo:/home/eid/colcon_ws/install/move_robot:/opt/ros/humble /usr/bin/cmake --install /home/eid/ws_gazebo/build/diffdrive_arduino
[2.171s] DEBUG:colcon.colcon_core.event_handler.log_command:Invoking command in '/home/eid/ws_gazebo/build/serial': CMAKE_PREFIX_PATH=${CMAKE_PREFIX_PATH}:/home/eid/ws_gazebo/install/serial_motor_demo:/home/eid/colcon_ws/install/move_robot:/opt/ros/humble /usr/bin/cmake --install /home/eid/ws_gazebo/build/serial
[2.172s] Level 1:colcon.colcon_core.environment:create_environment_scripts_only(my_first_pkg)
[2.172s] DEBUG:colcon.colcon_core.event_handler.log_command:Invoked command in '/home/eid/ws_gazebo/build/my_first_pkg' returned '0': CMAKE_PREFIX_PATH=${CMAKE_PREFIX_PATH}:/home/eid/ws_gazebo/install/serial_motor_demo:/home/eid/colcon_ws/install/move_robot:/opt/ros/humble /usr/bin/cmake --install /home/eid/ws_gazebo/build/my_first_pkg
[2.207s] Level 1:colcon.colcon_core.environment:checking '/home/eid/ws_gazebo/install/my_first_pkg' for CMake module files
[2.207s] Level 1:colcon.colcon_core.environment:checking '/home/eid/ws_gazebo/install/my_first_pkg' for CMake config files
[2.208s] Level 1:colcon.colcon_core.shell:create_environment_hook('my_first_pkg', 'cmake_prefix_path')
[2.223s] INFO:colcon.colcon_core.shell:Creating environment hook '/home/eid/ws_gazebo/install/my_first_pkg/share/my_first_pkg/hook/cmake_prefix_path.ps1'
[2.223s] INFO:colcon.colcon_core.shell:Creating environment descriptor '/home/eid/ws_gazebo/install/my_first_pkg/share/my_first_pkg/hook/cmake_prefix_path.dsv'
[2.223s] INFO:colcon.colcon_core.shell:Creating environment hook '/home/eid/ws_gazebo/install/my_first_pkg/share/my_first_pkg/hook/cmake_prefix_path.sh'
[2.224s] Level 1:colcon.colcon_core.environment:checking '/home/eid/ws_gazebo/install/my_first_pkg/lib'
[2.224s] Level 1:colcon.colcon_core.environment:checking '/home/eid/ws_gazebo/install/my_first_pkg/bin'
[2.224s] Level 1:colcon.colcon_core.environment:checking '/home/eid/ws_gazebo/install/my_first_pkg/lib/pkgconfig/my_first_pkg.pc'
[2.225s] Level 1:colcon.colcon_core.environment:checking '/home/eid/ws_gazebo/install/my_first_pkg/lib/python3.10/site-packages'
[2.225s] Level 1:colcon.colcon_core.environment:checking '/home/eid/ws_gazebo/install/my_first_pkg/bin'
[2.242s] INFO:colcon.colcon_core.shell:Creating package script '/home/eid/ws_gazebo/install/my_first_pkg/share/my_first_pkg/package.ps1'
[2.242s] INFO:colcon.colcon_core.shell:Creating package descriptor '/home/eid/ws_gazebo/install/my_first_pkg/share/my_first_pkg/package.dsv'
[2.242s] INFO:colcon.colcon_core.shell:Creating package script '/home/eid/ws_gazebo/install/my_first_pkg/share/my_first_pkg/package.sh'
[2.243s] INFO:colcon.colcon_core.shell:Creating package script '/home/eid/ws_gazebo/install/my_first_pkg/share/my_first_pkg/package.bash'
[2.243s] INFO:colcon.colcon_core.shell:Creating package script '/home/eid/ws_gazebo/install/my_first_pkg/share/my_first_pkg/package.zsh'
[2.243s] Level 1:colcon.colcon_core.environment:create_file_with_runtime_dependencies(/home/eid/ws_gazebo/install/my_first_pkg/share/colcon-core/packages/my_first_pkg)
[2.273s] Level 1:colcon.colcon_core.environment:create_environment_scripts_only(nixbot)
[2.295s] Level 1:colcon.colcon_core.environment:checking '/home/eid/ws_gazebo/install/nixbot' for CMake module files
[2.295s] Level 1:colcon.colcon_core.environment:checking '/home/eid/ws_gazebo/install/nixbot' for CMake config files
[2.295s] Level 1:colcon.colcon_core.shell:create_environment_hook('nixbot', 'cmake_prefix_path')
[2.310s] INFO:colcon.colcon_core.shell:Creating environment hook '/home/eid/ws_gazebo/install/nixbot/share/nixbot/hook/cmake_prefix_path.ps1'
[2.311s] INFO:colcon.colcon_core.shell:Creating environment descriptor '/home/eid/ws_gazebo/install/nixbot/share/nixbot/hook/cmake_prefix_path.dsv'
[2.311s] INFO:colcon.colcon_core.shell:Creating environment hook '/home/eid/ws_gazebo/install/nixbot/share/nixbot/hook/cmake_prefix_path.sh'
[2.312s] Level 1:colcon.colcon_core.environment:checking '/home/eid/ws_gazebo/install/nixbot/bin'
[2.312s] Level 1:colcon.colcon_core.environment:checking '/home/eid/ws_gazebo/install/nixbot/lib/pkgconfig/nixbot.pc'
[2.312s] Level 1:colcon.colcon_core.environment:checking '/home/eid/ws_gazebo/install/nixbot/lib/python3.10/site-packages'
[2.312s] Level 1:colcon.colcon_core.environment:checking '/home/eid/ws_gazebo/install/nixbot/bin'
[2.328s] INFO:colcon.colcon_core.shell:Creating package script '/home/eid/ws_gazebo/install/nixbot/share/nixbot/package.ps1'
[2.328s] INFO:colcon.colcon_core.shell:Creating package descriptor '/home/eid/ws_gazebo/install/nixbot/share/nixbot/package.dsv'
[2.329s] INFO:colcon.colcon_core.shell:Creating package script '/home/eid/ws_gazebo/install/nixbot/share/nixbot/package.sh'
[2.329s] INFO:colcon.colcon_core.shell:Creating package script '/home/eid/ws_gazebo/install/nixbot/share/nixbot/package.bash'
[2.329s] INFO:colcon.colcon_core.shell:Creating package script '/home/eid/ws_gazebo/install/nixbot/share/nixbot/package.zsh'
[2.330s] Level 1:colcon.colcon_core.environment:create_file_with_runtime_dependencies(/home/eid/ws_gazebo/install/nixbot/share/colcon-core/packages/nixbot)
[2.330s] Level 1:colcon.colcon_core.environment:create_environment_scripts_only(serial)
[2.332s] DEBUG:colcon.colcon_core.event_handler.log_command:Invoked command in '/home/eid/ws_gazebo/build/serial' returned '0': CMAKE_PREFIX_PATH=${CMAKE_PREFIX_PATH}:/home/eid/ws_gazebo/install/serial_motor_demo:/home/eid/colcon_ws/install/move_robot:/opt/ros/humble /usr/bin/cmake --install /home/eid/ws_gazebo/build/serial
[2.348s] Level 1:colcon.colcon_core.environment:checking '/home/eid/ws_gazebo/install/serial' for CMake module files
[2.348s] Level 1:colcon.colcon_core.environment:checking '/home/eid/ws_gazebo/install/serial' for CMake config files
[2.348s] Level 1:colcon.colcon_core.shell:create_environment_hook('serial', 'cmake_prefix_path')
[2.366s] INFO:colcon.colcon_core.shell:Creating environment hook '/home/eid/ws_gazebo/install/serial/share/serial/hook/cmake_prefix_path.ps1'
[2.367s] INFO:colcon.colcon_core.shell:Creating environment descriptor '/home/eid/ws_gazebo/install/serial/share/serial/hook/cmake_prefix_path.dsv'
[2.368s] INFO:colcon.colcon_core.shell:Creating environment hook '/home/eid/ws_gazebo/install/serial/share/serial/hook/cmake_prefix_path.sh'
[2.368s] Level 1:colcon.colcon_core.environment:checking '/home/eid/ws_gazebo/install/serial/lib'
[2.368s] Level 1:colcon.colcon_core.environment:checking '/home/eid/ws_gazebo/install/serial/bin'
[2.369s] Level 1:colcon.colcon_core.environment:checking '/home/eid/ws_gazebo/install/serial/lib/pkgconfig/serial.pc'
[2.369s] Level 1:colcon.colcon_core.environment:checking '/home/eid/ws_gazebo/install/serial/lib/python3.10/site-packages'
[2.369s] Level 1:colcon.colcon_core.environment:checking '/home/eid/ws_gazebo/install/serial/bin'
[2.389s] INFO:colcon.colcon_core.shell:Creating package script '/home/eid/ws_gazebo/install/serial/share/serial/package.ps1'
[2.389s] INFO:colcon.colcon_core.shell:Creating package descriptor '/home/eid/ws_gazebo/install/serial/share/serial/package.dsv'
[2.390s] INFO:colcon.colcon_core.shell:Creating package script '/home/eid/ws_gazebo/install/serial/share/serial/package.sh'
[2.390s] INFO:colcon.colcon_core.shell:Creating package script '/home/eid/ws_gazebo/install/serial/share/serial/package.bash'
[2.390s] INFO:colcon.colcon_core.shell:Creating package script '/home/eid/ws_gazebo/install/serial/share/serial/package.zsh'
[2.391s] Level 1:colcon.colcon_core.environment:create_file_with_runtime_dependencies(/home/eid/ws_gazebo/install/serial/share/colcon-core/packages/serial)
[2.392s] Level 1:colcon.colcon_core.environment:create_environment_scripts_only(diffdrive_arduino)
[2.393s] DEBUG:colcon.colcon_core.event_handler.log_command:Invoked command in '/home/eid/ws_gazebo/build/diffdrive_arduino' returned '0': CMAKE_PREFIX_PATH=${CMAKE_PREFIX_PATH}:/home/eid/ws_gazebo/install/serial_motor_demo:/home/eid/colcon_ws/install/move_robot:/opt/ros/humble /usr/bin/cmake --install /home/eid/ws_gazebo/build/diffdrive_arduino
[2.411s] Level 1:colcon.colcon_core.environment:checking '/home/eid/ws_gazebo/install/diffdrive_arduino' for CMake module files
[2.411s] Level 1:colcon.colcon_core.environment:checking '/home/eid/ws_gazebo/install/diffdrive_arduino' for CMake config files
[2.412s] Level 1:colcon.colcon_core.shell:create_environment_hook('diffdrive_arduino', 'cmake_prefix_path')
[2.429s] INFO:colcon.colcon_core.shell:Creating environment hook '/home/eid/ws_gazebo/install/diffdrive_arduino/share/diffdrive_arduino/hook/cmake_prefix_path.ps1'
[2.429s] INFO:colcon.colcon_core.shell:Creating environment descriptor '/home/eid/ws_gazebo/install/diffdrive_arduino/share/diffdrive_arduino/hook/cmake_prefix_path.dsv'
[2.430s] INFO:colcon.colcon_core.shell:Creating environment hook '/home/eid/ws_gazebo/install/diffdrive_arduino/share/diffdrive_arduino/hook/cmake_prefix_path.sh'
[2.430s] Level 1:colcon.colcon_core.environment:checking '/home/eid/ws_gazebo/install/diffdrive_arduino/lib'
[2.430s] Level 1:colcon.colcon_core.shell:create_environment_hook('diffdrive_arduino', 'ld_library_path_lib')
[2.448s] INFO:colcon.colcon_core.shell:Creating environment hook '/home/eid/ws_gazebo/install/diffdrive_arduino/share/diffdrive_arduino/hook/ld_library_path_lib.ps1'
[2.448s] INFO:colcon.colcon_core.shell:Creating environment descriptor '/home/eid/ws_gazebo/install/diffdrive_arduino/share/diffdrive_arduino/hook/ld_library_path_lib.dsv'
[2.449s] INFO:colcon.colcon_core.shell:Creating environment hook '/home/eid/ws_gazebo/install/diffdrive_arduino/share/diffdrive_arduino/hook/ld_library_path_lib.sh'
[2.449s] Level 1:colcon.colcon_core.environment:checking '/home/eid/ws_gazebo/install/diffdrive_arduino/bin'
[2.449s] Level 1:colcon.colcon_core.environment:checking '/home/eid/ws_gazebo/install/diffdrive_arduino/lib/pkgconfig/diffdrive_arduino.pc'
[2.449s] Level 1:colcon.colcon_core.environment:checking '/home/eid/ws_gazebo/install/diffdrive_arduino/lib/python3.10/site-packages'
[2.449s] Level 1:colcon.colcon_core.environment:checking '/home/eid/ws_gazebo/install/diffdrive_arduino/bin'
[2.468s] INFO:colcon.colcon_core.shell:Creating package script '/home/eid/ws_gazebo/install/diffdrive_arduino/share/diffdrive_arduino/package.ps1'
[2.469s] INFO:colcon.colcon_core.shell:Creating package descriptor '/home/eid/ws_gazebo/install/diffdrive_arduino/share/diffdrive_arduino/package.dsv'
[2.470s] INFO:colcon.colcon_core.shell:Creating package script '/home/eid/ws_gazebo/install/diffdrive_arduino/share/diffdrive_arduino/package.sh'
[2.471s] INFO:colcon.colcon_core.shell:Creating package script '/home/eid/ws_gazebo/install/diffdrive_arduino/share/diffdrive_arduino/package.bash'
[2.471s] INFO:colcon.colcon_core.shell:Creating package script '/home/eid/ws_gazebo/install/diffdrive_arduino/share/diffdrive_arduino/package.zsh'
[2.471s] Level 1:colcon.colcon_core.environment:create_file_with_runtime_dependencies(/home/eid/ws_gazebo/install/diffdrive_arduino/share/colcon-core/packages/diffdrive_arduino)
[2.490s] Level 1:colcon.colcon_core.environment:create_environment_scripts_only(my_first_pkg)
[2.510s] Level 1:colcon.colcon_core.environment:checking '/home/eid/ws_gazebo/install/my_first_pkg' for CMake module files
[2.511s] Level 1:colcon.colcon_core.environment:checking '/home/eid/ws_gazebo/install/my_first_pkg' for CMake config files
[2.511s] Level 1:colcon.colcon_core.shell:create_environment_hook('my_first_pkg', 'cmake_prefix_path')
[2.531s] INFO:colcon.colcon_core.shell:Creating environment hook '/home/eid/ws_gazebo/install/my_first_pkg/share/my_first_pkg/hook/cmake_prefix_path.ps1'
[2.532s] INFO:colcon.colcon_core.shell:Creating environment descriptor '/home/eid/ws_gazebo/install/my_first_pkg/share/my_first_pkg/hook/cmake_prefix_path.dsv'
[2.532s] INFO:colcon.colcon_core.shell:Creating environment hook '/home/eid/ws_gazebo/install/my_first_pkg/share/my_first_pkg/hook/cmake_prefix_path.sh'
[2.532s] Level 1:colcon.colcon_core.environment:checking '/home/eid/ws_gazebo/install/my_first_pkg/lib'
[2.532s] Level 1:colcon.colcon_core.environment:checking '/home/eid/ws_gazebo/install/my_first_pkg/bin'
[2.533s] Level 1:colcon.colcon_core.environment:checking '/home/eid/ws_gazebo/install/my_first_pkg/lib/pkgconfig/my_first_pkg.pc'
[2.533s] Level 1:colcon.colcon_core.environment:checking '/home/eid/ws_gazebo/install/my_first_pkg/lib/python3.10/site-packages'
[2.533s] Level 1:colcon.colcon_core.environment:checking '/home/eid/ws_gazebo/install/my_first_pkg/bin'
[2.550s] INFO:colcon.colcon_core.shell:Creating package script '/home/eid/ws_gazebo/install/my_first_pkg/share/my_first_pkg/package.ps1'
[2.550s] INFO:colcon.colcon_core.shell:Creating package descriptor '/home/eid/ws_gazebo/install/my_first_pkg/share/my_first_pkg/package.dsv'
[2.551s] INFO:colcon.colcon_core.shell:Creating package script '/home/eid/ws_gazebo/install/my_first_pkg/share/my_first_pkg/package.sh'
[2.551s] INFO:colcon.colcon_core.shell:Creating package script '/home/eid/ws_gazebo/install/my_first_pkg/share/my_first_pkg/package.bash'
[2.552s] INFO:colcon.colcon_core.shell:Creating package script '/home/eid/ws_gazebo/install/my_first_pkg/share/my_first_pkg/package.zsh'
[2.552s] Level 1:colcon.colcon_core.environment:create_file_with_runtime_dependencies(/home/eid/ws_gazebo/install/my_first_pkg/share/colcon-core/packages/my_first_pkg)
[2.555s] DEBUG:colcon.colcon_core.event_handler.log_command:Invoked command in '/home/eid/ws_gazebo/build/serial_motor_demo_msgs' returned '0': CMAKE_PREFIX_PATH=${CMAKE_PREFIX_PATH}:/home/eid/ws_gazebo/install/serial_motor_demo:/home/eid/colcon_ws/install/move_robot:/opt/ros/humble /usr/bin/cmake --build /home/eid/ws_gazebo/build/serial_motor_demo_msgs -- -j8 -l8
[2.572s] Level 1:colcon.colcon_core.environment:create_environment_scripts_only(serial)
[2.592s] Level 1:colcon.colcon_core.environment:checking '/home/eid/ws_gazebo/install/serial' for CMake module files
[2.592s] Level 1:colcon.colcon_core.environment:checking '/home/eid/ws_gazebo/install/serial' for CMake config files
[2.592s] Level 1:colcon.colcon_core.shell:create_environment_hook('serial', 'cmake_prefix_path')
[2.611s] INFO:colcon.colcon_core.shell:Creating environment hook '/home/eid/ws_gazebo/install/serial/share/serial/hook/cmake_prefix_path.ps1'
[2.612s] INFO:colcon.colcon_core.shell:Creating environment descriptor '/home/eid/ws_gazebo/install/serial/share/serial/hook/cmake_prefix_path.dsv'
[2.612s] INFO:colcon.colcon_core.shell:Creating environment hook '/home/eid/ws_gazebo/install/serial/share/serial/hook/cmake_prefix_path.sh'
[2.612s] Level 1:colcon.colcon_core.environment:checking '/home/eid/ws_gazebo/install/serial/lib'
[2.612s] Level 1:colcon.colcon_core.environment:checking '/home/eid/ws_gazebo/install/serial/bin'
[2.613s] Level 1:colcon.colcon_core.environment:checking '/home/eid/ws_gazebo/install/serial/lib/pkgconfig/serial.pc'
[2.613s] Level 1:colcon.colcon_core.environment:checking '/home/eid/ws_gazebo/install/serial/lib/python3.10/site-packages'
[2.613s] Level 1:colcon.colcon_core.environment:checking '/home/eid/ws_gazebo/install/serial/bin'
[2.633s] INFO:colcon.colcon_core.shell:Creating package script '/home/eid/ws_gazebo/install/serial/share/serial/package.ps1'
[2.633s] INFO:colcon.colcon_core.shell:Creating package descriptor '/home/eid/ws_gazebo/install/serial/share/serial/package.dsv'
[2.634s] INFO:colcon.colcon_core.shell:Creating package script '/home/eid/ws_gazebo/install/serial/share/serial/package.sh'
[2.635s] INFO:colcon.colcon_core.shell:Creating package script '/home/eid/ws_gazebo/install/serial/share/serial/package.bash'
[2.635s] INFO:colcon.colcon_core.shell:Creating package script '/home/eid/ws_gazebo/install/serial/share/serial/package.zsh'
[2.636s] Level 1:colcon.colcon_core.environment:create_file_with_runtime_dependencies(/home/eid/ws_gazebo/install/serial/share/colcon-core/packages/serial)
[2.657s] Level 1:colcon.colcon_core.environment:create_environment_scripts_only(diffdrive_arduino)
[2.674s] Level 1:colcon.colcon_core.environment:checking '/home/eid/ws_gazebo/install/diffdrive_arduino' for CMake module files
[2.675s] Level 1:colcon.colcon_core.environment:checking '/home/eid/ws_gazebo/install/diffdrive_arduino' for CMake config files
[2.675s] Level 1:colcon.colcon_core.shell:create_environment_hook('diffdrive_arduino', 'cmake_prefix_path')
[2.693s] INFO:colcon.colcon_core.shell:Creating environment hook '/home/eid/ws_gazebo/install/diffdrive_arduino/share/diffdrive_arduino/hook/cmake_prefix_path.ps1'
[2.693s] INFO:colcon.colcon_core.shell:Creating environment descriptor '/home/eid/ws_gazebo/install/diffdrive_arduino/share/diffdrive_arduino/hook/cmake_prefix_path.dsv'
[2.693s] INFO:colcon.colcon_core.shell:Creating environment hook '/home/eid/ws_gazebo/install/diffdrive_arduino/share/diffdrive_arduino/hook/cmake_prefix_path.sh'
[2.694s] Level 1:colcon.colcon_core.environment:checking '/home/eid/ws_gazebo/install/diffdrive_arduino/lib'
[2.694s] Level 1:colcon.colcon_core.shell:create_environment_hook('diffdrive_arduino', 'ld_library_path_lib')
[2.711s] INFO:colcon.colcon_core.shell:Creating environment hook '/home/eid/ws_gazebo/install/diffdrive_arduino/share/diffdrive_arduino/hook/ld_library_path_lib.ps1'
[2.712s] INFO:colcon.colcon_core.shell:Creating environment descriptor '/home/eid/ws_gazebo/install/diffdrive_arduino/share/diffdrive_arduino/hook/ld_library_path_lib.dsv'
[2.712s] INFO:colcon.colcon_core.shell:Creating environment hook '/home/eid/ws_gazebo/install/diffdrive_arduino/share/diffdrive_arduino/hook/ld_library_path_lib.sh'
[2.712s] Level 1:colcon.colcon_core.environment:checking '/home/eid/ws_gazebo/install/diffdrive_arduino/bin'
[2.712s] Level 1:colcon.colcon_core.environment:checking '/home/eid/ws_gazebo/install/diffdrive_arduino/lib/pkgconfig/diffdrive_arduino.pc'
[2.713s] Level 1:colcon.colcon_core.environment:checking '/home/eid/ws_gazebo/install/diffdrive_arduino/lib/python3.10/site-packages'
[2.713s] Level 1:colcon.colcon_core.environment:checking '/home/eid/ws_gazebo/install/diffdrive_arduino/bin'
[2.731s] INFO:colcon.colcon_core.shell:Creating package script '/home/eid/ws_gazebo/install/diffdrive_arduino/share/diffdrive_arduino/package.ps1'
[2.731s] INFO:colcon.colcon_core.shell:Creating package descriptor '/home/eid/ws_gazebo/install/diffdrive_arduino/share/diffdrive_arduino/package.dsv'
[2.732s] INFO:colcon.colcon_core.shell:Creating package script '/home/eid/ws_gazebo/install/diffdrive_arduino/share/diffdrive_arduino/package.sh'
[2.732s] INFO:colcon.colcon_core.shell:Creating package script '/home/eid/ws_gazebo/install/diffdrive_arduino/share/diffdrive_arduino/package.bash'
[2.732s] INFO:colcon.colcon_core.shell:Creating package script '/home/eid/ws_gazebo/install/diffdrive_arduino/share/diffdrive_arduino/package.zsh'
[2.733s] Level 1:colcon.colcon_core.environment:create_file_with_runtime_dependencies(/home/eid/ws_gazebo/install/diffdrive_arduino/share/colcon-core/packages/diffdrive_arduino)
[2.736s] DEBUG:colcon.colcon_core.event_handler.log_command:Invoking command in '/home/eid/ws_gazebo/build/serial_motor_demo_msgs': CMAKE_PREFIX_PATH=${CMAKE_PREFIX_PATH}:/home/eid/ws_gazebo/install/serial_motor_demo:/home/eid/colcon_ws/install/move_robot:/opt/ros/humble /usr/bin/cmake --install /home/eid/ws_gazebo/build/serial_motor_demo_msgs
[2.795s] Level 1:colcon.colcon_core.environment:create_environment_scripts_only(serial_motor_demo_msgs)
[2.798s] DEBUG:colcon.colcon_core.event_handler.log_command:Invoked command in '/home/eid/ws_gazebo/build/serial_motor_demo_msgs' returned '0': CMAKE_PREFIX_PATH=${CMAKE_PREFIX_PATH}:/home/eid/ws_gazebo/install/serial_motor_demo:/home/eid/colcon_ws/install/move_robot:/opt/ros/humble /usr/bin/cmake --install /home/eid/ws_gazebo/build/serial_motor_demo_msgs
[2.814s] Level 1:colcon.colcon_core.environment:checking '/home/eid/ws_gazebo/install/serial_motor_demo_msgs' for CMake module files
[2.815s] Level 1:colcon.colcon_core.environment:checking '/home/eid/ws_gazebo/install/serial_motor_demo_msgs' for CMake config files
[2.816s] Level 1:colcon.colcon_core.shell:create_environment_hook('serial_motor_demo_msgs', 'cmake_prefix_path')
[2.832s] INFO:colcon.colcon_core.shell:Creating environment hook '/home/eid/ws_gazebo/install/serial_motor_demo_msgs/share/serial_motor_demo_msgs/hook/cmake_prefix_path.ps1'
[2.833s] INFO:colcon.colcon_core.shell:Creating environment descriptor '/home/eid/ws_gazebo/install/serial_motor_demo_msgs/share/serial_motor_demo_msgs/hook/cmake_prefix_path.dsv'
[2.833s] INFO:colcon.colcon_core.shell:Creating environment hook '/home/eid/ws_gazebo/install/serial_motor_demo_msgs/share/serial_motor_demo_msgs/hook/cmake_prefix_path.sh'
[2.833s] Level 1:colcon.colcon_core.environment:checking '/home/eid/ws_gazebo/install/serial_motor_demo_msgs/lib'
[2.833s] Level 1:colcon.colcon_core.shell:create_environment_hook('serial_motor_demo_msgs', 'ld_library_path_lib')
[2.851s] INFO:colcon.colcon_core.shell:Creating environment hook '/home/eid/ws_gazebo/install/serial_motor_demo_msgs/share/serial_motor_demo_msgs/hook/ld_library_path_lib.ps1'
[2.852s] INFO:colcon.colcon_core.shell:Creating environment descriptor '/home/eid/ws_gazebo/install/serial_motor_demo_msgs/share/serial_motor_demo_msgs/hook/ld_library_path_lib.dsv'
[2.853s] INFO:colcon.colcon_core.shell:Creating environment hook '/home/eid/ws_gazebo/install/serial_motor_demo_msgs/share/serial_motor_demo_msgs/hook/ld_library_path_lib.sh'
[2.853s] Level 1:colcon.colcon_core.environment:checking '/home/eid/ws_gazebo/install/serial_motor_demo_msgs/bin'
[2.853s] Level 1:colcon.colcon_core.environment:checking '/home/eid/ws_gazebo/install/serial_motor_demo_msgs/lib/pkgconfig/serial_motor_demo_msgs.pc'
[2.854s] Level 1:colcon.colcon_core.environment:checking '/home/eid/ws_gazebo/install/serial_motor_demo_msgs/lib/python3.10/site-packages'
[2.854s] Level 1:colcon.colcon_core.environment:checking '/home/eid/ws_gazebo/install/serial_motor_demo_msgs/bin'
[2.870s] INFO:colcon.colcon_core.shell:Creating package script '/home/eid/ws_gazebo/install/serial_motor_demo_msgs/share/serial_motor_demo_msgs/package.ps1'
[2.871s] INFO:colcon.colcon_core.shell:Creating package descriptor '/home/eid/ws_gazebo/install/serial_motor_demo_msgs/share/serial_motor_demo_msgs/package.dsv'
[2.871s] INFO:colcon.colcon_core.shell:Creating package script '/home/eid/ws_gazebo/install/serial_motor_demo_msgs/share/serial_motor_demo_msgs/package.sh'
[2.872s] INFO:colcon.colcon_core.shell:Creating package script '/home/eid/ws_gazebo/install/serial_motor_demo_msgs/share/serial_motor_demo_msgs/package.bash'
[2.872s] INFO:colcon.colcon_core.shell:Creating package script '/home/eid/ws_gazebo/install/serial_motor_demo_msgs/share/serial_motor_demo_msgs/package.zsh'
[2.872s] Level 1:colcon.colcon_core.environment:create_file_with_runtime_dependencies(/home/eid/ws_gazebo/install/serial_motor_demo_msgs/share/colcon-core/packages/serial_motor_demo_msgs)
[2.991s] Level 1:colcon.colcon_core.environment:create_environment_scripts_only(serial_motor_demo_msgs)
[3.006s] Level 1:colcon.colcon_core.environment:checking '/home/eid/ws_gazebo/install/serial_motor_demo_msgs' for CMake module files
[3.007s] Level 1:colcon.colcon_core.environment:checking '/home/eid/ws_gazebo/install/serial_motor_demo_msgs' for CMake config files
[3.007s] Level 1:colcon.colcon_core.shell:create_environment_hook('serial_motor_demo_msgs', 'cmake_prefix_path')
[3.023s] INFO:colcon.colcon_core.shell:Creating environment hook '/home/eid/ws_gazebo/install/serial_motor_demo_msgs/share/serial_motor_demo_msgs/hook/cmake_prefix_path.ps1'
[3.023s] INFO:colcon.colcon_core.shell:Creating environment descriptor '/home/eid/ws_gazebo/install/serial_motor_demo_msgs/share/serial_motor_demo_msgs/hook/cmake_prefix_path.dsv'
[3.023s] INFO:colcon.colcon_core.shell:Creating environment hook '/home/eid/ws_gazebo/install/serial_motor_demo_msgs/share/serial_motor_demo_msgs/hook/cmake_prefix_path.sh'
[3.024s] Level 1:colcon.colcon_core.environment:checking '/home/eid/ws_gazebo/install/serial_motor_demo_msgs/lib'
[3.024s] Level 1:colcon.colcon_core.shell:create_environment_hook('serial_motor_demo_msgs', 'ld_library_path_lib')
[3.039s] INFO:colcon.colcon_core.shell:Creating environment hook '/home/eid/ws_gazebo/install/serial_motor_demo_msgs/share/serial_motor_demo_msgs/hook/ld_library_path_lib.ps1'
[3.039s] INFO:colcon.colcon_core.shell:Creating environment descriptor '/home/eid/ws_gazebo/install/serial_motor_demo_msgs/share/serial_motor_demo_msgs/hook/ld_library_path_lib.dsv'
[3.040s] INFO:colcon.colcon_core.shell:Creating environment hook '/home/eid/ws_gazebo/install/serial_motor_demo_msgs/share/serial_motor_demo_msgs/hook/ld_library_path_lib.sh'
[3.040s] Level 1:colcon.colcon_core.environment:checking '/home/eid/ws_gazebo/install/serial_motor_demo_msgs/bin'
[3.040s] Level 1:colcon.colcon_core.environment:checking '/home/eid/ws_gazebo/install/serial_motor_demo_msgs/lib/pkgconfig/serial_motor_demo_msgs.pc'
[3.040s] Level 1:colcon.colcon_core.environment:checking '/home/eid/ws_gazebo/install/serial_motor_demo_msgs/lib/python3.10/site-packages'
[3.041s] Level 1:colcon.colcon_core.environment:checking '/home/eid/ws_gazebo/install/serial_motor_demo_msgs/bin'
[3.057s] INFO:colcon.colcon_core.shell:Creating package script '/home/eid/ws_gazebo/install/serial_motor_demo_msgs/share/serial_motor_demo_msgs/package.ps1'
[3.057s] INFO:colcon.colcon_core.shell:Creating package descriptor '/home/eid/ws_gazebo/install/serial_motor_demo_msgs/share/serial_motor_demo_msgs/package.dsv'
[3.058s] INFO:colcon.colcon_core.shell:Creating package script '/home/eid/ws_gazebo/install/serial_motor_demo_msgs/share/serial_motor_demo_msgs/package.sh'
[3.058s] INFO:colcon.colcon_core.shell:Creating package script '/home/eid/ws_gazebo/install/serial_motor_demo_msgs/share/serial_motor_demo_msgs/package.bash'
[3.058s] INFO:colcon.colcon_core.shell:Creating package script '/home/eid/ws_gazebo/install/serial_motor_demo_msgs/share/serial_motor_demo_msgs/package.zsh'
[3.059s] Level 1:colcon.colcon_core.environment:create_file_with_runtime_dependencies(/home/eid/ws_gazebo/install/serial_motor_demo_msgs/share/colcon-core/packages/serial_motor_demo_msgs)
[3.059s] INFO:colcon.colcon_ros.task.ament_python.build:Building ROS package in '/home/eid/ws_gazebo/src/serial_motor_demo/serial_motor_demo' with build type 'ament_python'
[3.059s] Level 1:colcon.colcon_core.shell:create_environment_hook('serial_motor_demo', 'ament_prefix_path')
[3.075s] INFO:colcon.colcon_core.shell:Creating environment hook '/home/eid/ws_gazebo/install/serial_motor_demo/share/serial_motor_demo/hook/ament_prefix_path.ps1'
[3.076s] INFO:colcon.colcon_core.shell:Creating environment descriptor '/home/eid/ws_gazebo/install/serial_motor_demo/share/serial_motor_demo/hook/ament_prefix_path.dsv'
[3.076s] INFO:colcon.colcon_core.shell:Creating environment hook '/home/eid/ws_gazebo/install/serial_motor_demo/share/serial_motor_demo/hook/ament_prefix_path.sh'
[3.092s] INFO:colcon.colcon_core.shell:Skip shell extension 'powershell' for command environment: Not usable outside of PowerShell
[3.092s] DEBUG:colcon.colcon_core.shell:Skip shell extension 'dsv' for command environment
[3.423s] INFO:colcon.colcon_core.task.python.build:Building Python package in '/home/eid/ws_gazebo/src/serial_motor_demo/serial_motor_demo'
[3.442s] INFO:colcon.colcon_core.shell:Skip shell extension 'powershell' for command environment: Not usable outside of PowerShell
[3.442s] DEBUG:colcon.colcon_core.shell:Skip shell extension 'dsv' for command environment
[3.854s] DEBUG:colcon.colcon_core.event_handler.log_command:Invoking command in '/home/eid/ws_gazebo/src/serial_motor_demo/serial_motor_demo': PYTHONPATH=/home/eid/ws_gazebo/build/serial_motor_demo/prefix_override:/home/eid/ws_gazebo/install/serial_motor_demo/lib/python3.10/site-packages:${PYTHONPATH} /usr/bin/python3 setup.py egg_info --egg-base ../../../build/serial_motor_demo build --build-base /home/eid/ws_gazebo/build/serial_motor_demo/build install --record /home/eid/ws_gazebo/build/serial_motor_demo/install.log --install-scripts $base/lib/serial_motor_demo --single-version-externally-managed
[4.171s] DEBUG:colcon.colcon_core.event_handler.log_command:Invoked command in '/home/eid/ws_gazebo/src/serial_motor_demo/serial_motor_demo' returned '0': PYTHONPATH=/home/eid/ws_gazebo/build/serial_motor_demo/prefix_override:/home/eid/ws_gazebo/install/serial_motor_demo/lib/python3.10/site-packages:${PYTHONPATH} /usr/bin/python3 setup.py egg_info --egg-base ../../../build/serial_motor_demo build --build-base /home/eid/ws_gazebo/build/serial_motor_demo/build install --record /home/eid/ws_gazebo/build/serial_motor_demo/install.log --install-scripts $base/lib/serial_motor_demo --single-version-externally-managed
[4.189s] Level 1:colcon.colcon_core.environment:checking '/home/eid/ws_gazebo/install/serial_motor_demo' for CMake module files
[4.190s] Level 1:colcon.colcon_core.environment:checking '/home/eid/ws_gazebo/install/serial_motor_demo' for CMake config files
[4.191s] Level 1:colcon.colcon_core.environment:checking '/home/eid/ws_gazebo/install/serial_motor_demo/lib'
[4.191s] Level 1:colcon.colcon_core.environment:checking '/home/eid/ws_gazebo/install/serial_motor_demo/bin'
[4.191s] Level 1:colcon.colcon_core.environment:checking '/home/eid/ws_gazebo/install/serial_motor_demo/lib/pkgconfig/serial_motor_demo.pc'
[4.191s] Level 1:colcon.colcon_core.environment:checking '/home/eid/ws_gazebo/install/serial_motor_demo/lib/python3.10/site-packages'
[4.191s] Level 1:colcon.colcon_core.shell:create_environment_hook('serial_motor_demo', 'pythonpath')
[4.211s] INFO:colcon.colcon_core.shell:Creating environment hook '/home/eid/ws_gazebo/install/serial_motor_demo/share/serial_motor_demo/hook/pythonpath.ps1'
[4.212s] INFO:colcon.colcon_core.shell:Creating environment descriptor '/home/eid/ws_gazebo/install/serial_motor_demo/share/serial_motor_demo/hook/pythonpath.dsv'
[4.212s] INFO:colcon.colcon_core.shell:Creating environment hook '/home/eid/ws_gazebo/install/serial_motor_demo/share/serial_motor_demo/hook/pythonpath.sh'
[4.212s] Level 1:colcon.colcon_core.environment:checking '/home/eid/ws_gazebo/install/serial_motor_demo/bin'
[4.213s] Level 1:colcon.colcon_core.environment:create_environment_scripts_only(serial_motor_demo)
[4.231s] INFO:colcon.colcon_core.shell:Creating package script '/home/eid/ws_gazebo/install/serial_motor_demo/share/serial_motor_demo/package.ps1'
[4.231s] INFO:colcon.colcon_core.shell:Creating package descriptor '/home/eid/ws_gazebo/install/serial_motor_demo/share/serial_motor_demo/package.dsv'
[4.231s] INFO:colcon.colcon_core.shell:Creating package script '/home/eid/ws_gazebo/install/serial_motor_demo/share/serial_motor_demo/package.sh'
[4.232s] INFO:colcon.colcon_core.shell:Creating package script '/home/eid/ws_gazebo/install/serial_motor_demo/share/serial_motor_demo/package.bash'
[4.232s] INFO:colcon.colcon_core.shell:Creating package script '/home/eid/ws_gazebo/install/serial_motor_demo/share/serial_motor_demo/package.zsh'
[4.233s] Level 1:colcon.colcon_core.environment:create_file_with_runtime_dependencies(/home/eid/ws_gazebo/install/serial_motor_demo/share/colcon-core/packages/serial_motor_demo)
[4.233s] DEBUG:colcon.colcon_parallel_executor.executor.parallel:closing loop
[4.233s] DEBUG:colcon.colcon_parallel_executor.executor.parallel:loop closed
[4.233s] DEBUG:colcon.colcon_parallel_executor.executor.parallel:run_until_complete finished with '0'
[4.233s] DEBUG:colcon.colcon_core.event_reactor:joining thread
[4.255s] INFO:colcon.colcon_core.plugin_system:Skipping extension 'colcon_notification.desktop_notification.terminal_notifier': Not used on non-Darwin systems
[4.256s] INFO:colcon.colcon_core.plugin_system:Skipping extension 'colcon_notification.desktop_notification.win32': Not used on non-Windows systems
[4.256s] INFO:colcon.colcon_notification.desktop_notification:Sending desktop notification using 'notify2'
[4.266s] DEBUG:colcon.colcon_core.event_reactor:joined thread
[4.283s] INFO:colcon.colcon_core.shell:Creating prefix script '/home/eid/ws_gazebo/install/local_setup.ps1'
[4.284s] INFO:colcon.colcon_core.shell:Creating prefix util module '/home/eid/ws_gazebo/install/_local_setup_util_ps1.py'
[4.286s] INFO:colcon.colcon_core.shell:Creating prefix chain script '/home/eid/ws_gazebo/install/setup.ps1'
[4.305s] INFO:colcon.colcon_core.shell:Creating prefix script '/home/eid/ws_gazebo/install/local_setup.sh'
[4.305s] INFO:colcon.colcon_core.shell:Creating prefix util module '/home/eid/ws_gazebo/install/_local_setup_util_sh.py'
[4.306s] INFO:colcon.colcon_core.shell:Creating prefix chain script '/home/eid/ws_gazebo/install/setup.sh'
[4.323s] INFO:colcon.colcon_core.shell:Creating prefix script '/home/eid/ws_gazebo/install/local_setup.bash'
[4.324s] INFO:colcon.colcon_core.shell:Creating prefix chain script '/home/eid/ws_gazebo/install/setup.bash'
[4.343s] INFO:colcon.colcon_core.shell:Creating prefix script '/home/eid/ws_gazebo/install/local_setup.zsh'
[4.343s] INFO:colcon.colcon_core.shell:Creating prefix chain script '/home/eid/ws_gazebo/install/setup.zsh'
