[0.203s] Invoking command in '/home/eid/ws_gazebo/build/my_first_pkg': CMAKE_PREFIX_PATH=${CMAKE_PREFIX_PATH}:/home/eid/colcon_ws/install/move_robot:/opt/ros/humble /usr/bin/cmake /home/eid/ws_gazebo/src/my_first_pkg -DAMENT_CMAKE_SYMLINK_INSTALL=1 -DCMAKE_INSTALL_PREFIX=/home/eid/ws_gazebo/install/my_first_pkg
[0.222s] -- Found ament_cmake: 1.3.8 (/opt/ros/humble/share/ament_cmake/cmake)
[0.404s] -- Override CMake install command with custom implementation using symlinks instead of copying resources
[0.414s] -- Found ament_lint_auto: 0.12.10 (/opt/ros/humble/share/ament_lint_auto/cmake)
[0.535s] -- Added test 'copyright' to check source files copyright and LICENSE
[0.540s] -- Added test 'cppcheck' to perform static code analysis on C / C++ code
[0.540s] -- Configured cppcheck include dirs: $<BUILD_INTERFACE:/home/eid/ws_gazebo/src/my_first_pkg/include>
[0.540s] -- Configured cppcheck exclude dirs and/or files: 
[0.545s] -- Added test 'cpplint' to check C / C++ code against the Google style
[0.545s] -- Configured cpplint exclude dirs and/or files: 
[0.546s] -- Added test 'flake8' to check Python code syntax and style conventions
[0.548s] -- Added test 'lint_cmake' to check CMake code style
[0.550s] -- Added test 'pep257' to check Python code against some of the docstring style conventions in PEP 257
[0.552s] -- Added test 'uncrustify' to check C / C++ code style
[0.553s] -- Configured uncrustify additional arguments: 
[0.553s] -- Added test 'xmllint' to check XML markup files
[0.556s] -- Configuring done
[0.570s] -- Generating done
[0.572s] -- Build files have been written to: /home/eid/ws_gazebo/build/my_first_pkg
[0.575s] Invoked command in '/home/eid/ws_gazebo/build/my_first_pkg' returned '0': CMAKE_PREFIX_PATH=${CMAKE_PREFIX_PATH}:/home/eid/colcon_ws/install/move_robot:/opt/ros/humble /usr/bin/cmake /home/eid/ws_gazebo/src/my_first_pkg -DAMENT_CMAKE_SYMLINK_INSTALL=1 -DCMAKE_INSTALL_PREFIX=/home/eid/ws_gazebo/install/my_first_pkg
[0.578s] Invoking command in '/home/eid/ws_gazebo/build/my_first_pkg': CMAKE_PREFIX_PATH=${CMAKE_PREFIX_PATH}:/home/eid/colcon_ws/install/move_robot:/opt/ros/humble /usr/bin/cmake --build /home/eid/ws_gazebo/build/my_first_pkg -- -j8 -l8
[0.631s] [35m[1mConsolidate compiler generated dependencies of target my_node[0m
[0.645s] [100%] Built target my_node
[0.697s] Invoked command in '/home/eid/ws_gazebo/build/my_first_pkg' returned '0': CMAKE_PREFIX_PATH=${CMAKE_PREFIX_PATH}:/home/eid/colcon_ws/install/move_robot:/opt/ros/humble /usr/bin/cmake --build /home/eid/ws_gazebo/build/my_first_pkg -- -j8 -l8
[0.798s] Invoking command in '/home/eid/ws_gazebo/build/my_first_pkg': CMAKE_PREFIX_PATH=${CMAKE_PREFIX_PATH}:/home/eid/colcon_ws/install/move_robot:/opt/ros/humble /usr/bin/cmake --install /home/eid/ws_gazebo/build/my_first_pkg
[0.805s] -- Install configuration: ""
[0.805s] -- Execute custom install script
[0.806s] -- Up-to-date symlink: /home/eid/ws_gazebo/install/my_first_pkg/lib/my_first_pkg/my_node
[0.806s] -- Up-to-date symlink: /home/eid/ws_gazebo/install/my_first_pkg/share/my_first_pkg//launch/display.launch.py
[0.806s] -- Up-to-date symlink: /home/eid/ws_gazebo/install/my_first_pkg/share/my_first_pkg//launch/gazebo.launch.py
[0.806s] -- Up-to-date symlink: /home/eid/ws_gazebo/install/my_first_pkg/share/my_first_pkg//urdf/my_robot.urdf
[0.807s] -- Up-to-date symlink: /home/eid/ws_gazebo/install/my_first_pkg/share/my_first_pkg//rviz/config.rviz
[0.807s] -- Up-to-date symlink: /home/eid/ws_gazebo/install/my_first_pkg/share/ament_index/resource_index/package_run_dependencies/my_first_pkg
[0.807s] -- Up-to-date symlink: /home/eid/ws_gazebo/install/my_first_pkg/share/ament_index/resource_index/parent_prefix_path/my_first_pkg
[0.807s] -- Up-to-date symlink: /home/eid/ws_gazebo/install/my_first_pkg/share/my_first_pkg/environment/ament_prefix_path.sh
[0.808s] -- Up-to-date symlink: /home/eid/ws_gazebo/install/my_first_pkg/share/my_first_pkg/environment/ament_prefix_path.dsv
[0.808s] -- Up-to-date symlink: /home/eid/ws_gazebo/install/my_first_pkg/share/my_first_pkg/environment/path.sh
[0.808s] -- Up-to-date symlink: /home/eid/ws_gazebo/install/my_first_pkg/share/my_first_pkg/environment/path.dsv
[0.809s] -- Up-to-date symlink: /home/eid/ws_gazebo/install/my_first_pkg/share/my_first_pkg/local_setup.bash
[0.809s] -- Up-to-date symlink: /home/eid/ws_gazebo/install/my_first_pkg/share/my_first_pkg/local_setup.sh
[0.809s] -- Up-to-date symlink: /home/eid/ws_gazebo/install/my_first_pkg/share/my_first_pkg/local_setup.zsh
[0.810s] -- Up-to-date symlink: /home/eid/ws_gazebo/install/my_first_pkg/share/my_first_pkg/local_setup.dsv
[0.810s] -- Symlinking: /home/eid/ws_gazebo/install/my_first_pkg/share/my_first_pkg/package.dsv
[0.818s] -- Up-to-date symlink: /home/eid/ws_gazebo/install/my_first_pkg/share/ament_index/resource_index/packages/my_first_pkg
[0.818s] -- Up-to-date symlink: /home/eid/ws_gazebo/install/my_first_pkg/share/my_first_pkg/cmake/my_first_pkgConfig.cmake
[0.819s] -- Up-to-date symlink: /home/eid/ws_gazebo/install/my_first_pkg/share/my_first_pkg/cmake/my_first_pkgConfig-version.cmake
[0.819s] -- Up-to-date symlink: /home/eid/ws_gazebo/install/my_first_pkg/share/my_first_pkg/package.xml
[0.821s] Invoked command in '/home/eid/ws_gazebo/build/my_first_pkg' returned '0': CMAKE_PREFIX_PATH=${CMAKE_PREFIX_PATH}:/home/eid/colcon_ws/install/move_robot:/opt/ros/humble /usr/bin/cmake --install /home/eid/ws_gazebo/build/my_first_pkg
