[0.267s] Invoking command in '/home/eid/ws_gazebo/build/serial': CMAKE_PREFIX_PATH=${CMAKE_PREFIX_PATH}:/home/eid/colcon_ws/install/move_robot:/opt/ros/humble /usr/bin/cmake /home/eid/ws_gazebo/src/serial -DCMAKE_INSTALL_PREFIX=/home/eid/ws_gazebo/install/serial
[0.404s] -- The C compiler identification is GNU 11.4.0
[0.555s] -- The CXX compiler identification is GNU 11.4.0
[0.572s] -- Detecting C compiler ABI info
[0.718s] -- Detecting C compiler ABI info - done
[0.750s] -- Check for working C compiler: /usr/bin/cc - skipped
[0.751s] -- Detecting C compile features
[0.751s] -- Detecting C compile features - done
[0.762s] -- Detecting CXX compiler ABI info
[0.933s] -- Detecting CXX compiler ABI info - done
[0.965s] -- Check for working CXX compiler: /usr/bin/c++ - skipped
[0.965s] -- Detecting CXX compile features
[0.967s] -- Detecting CXX compile features - done
[0.977s] -- Found ament_cmake: 1.3.8 (/opt/ros/humble/share/ament_cmake/cmake)
[1.330s] -- Found Python3: /usr/bin/python3 (found version "3.10.12") found components: Interpreter 
[1.557s] -- Found ament_cmake_gtest: 1.3.8 (/opt/ros/humble/share/ament_cmake_gtest/cmake)
[1.584s] -- Found Boost: /usr/lib/x86_64-linux-gnu/cmake/Boost-1.74.0/BoostConfig.cmake (found version "1.74.0")  
[1.591s] -- Found gtest sources under '/opt/ros/humble/src/gtest_vendor': C++ tests using 'Google Test' will be built
[1.595s] -- Looking for pthread.h
[1.743s] -- Looking for pthread.h - found
[1.743s] -- Performing Test CMAKE_HAVE_LIBC_PTHREAD
[1.890s] -- Performing Test CMAKE_HAVE_LIBC_PTHREAD - Success
[1.893s] -- Found Threads: TRUE  
[2.062s] -- Configuring done
[2.094s] -- Generating done
[2.098s] -- Build files have been written to: /home/eid/ws_gazebo/build/serial
[2.109s] Invoked command in '/home/eid/ws_gazebo/build/serial' returned '0': CMAKE_PREFIX_PATH=${CMAKE_PREFIX_PATH}:/home/eid/colcon_ws/install/move_robot:/opt/ros/humble /usr/bin/cmake /home/eid/ws_gazebo/src/serial -DCMAKE_INSTALL_PREFIX=/home/eid/ws_gazebo/install/serial
[2.114s] Invoking command in '/home/eid/ws_gazebo/build/serial': CMAKE_PREFIX_PATH=${CMAKE_PREFIX_PATH}:/home/eid/colcon_ws/install/move_robot:/opt/ros/humble /usr/bin/cmake --build /home/eid/ws_gazebo/build/serial -- -j8 -l8
[2.208s] [  7%] [32mBuilding CXX object CMakeFiles/serial.dir/src/impl/unix.cc.o[0m
[2.208s] [ 14%] [32mBuilding CXX object CMakeFiles/serial.dir/src/impl/list_ports/list_ports_linux.cc.o[0m
[2.209s] [ 21%] [32mBuilding CXX object gtest/CMakeFiles/gtest_main.dir/src/gtest_main.cc.o[0m
[2.212s] [ 28%] [32mBuilding CXX object gtest/CMakeFiles/gtest.dir/src/gtest-all.cc.o[0m
[2.217s] [ 35%] [32mBuilding CXX object CMakeFiles/serial.dir/src/serial.cc.o[0m
[3.398s] [ 42%] [32m[1mLinking CXX static library libserial.a[0m
[3.441s] [ 42%] Built target serial
[3.467s] [ 50%] [32mBuilding CXX object CMakeFiles/serial_example.dir/examples/serial_example.cc.o[0m
[4.167s] [ 57%] [32m[1mLinking CXX executable serial_example[0m
[4.224s] [ 64%] [32m[1mLinking CXX static library libgtest_main.a[0m
[4.285s] [ 64%] Built target gtest_main
[4.350s] [ 64%] Built target serial_example
[11.621s] [ 71%] [32m[1mLinking CXX static library libgtest.a[0m
[11.750s] [ 71%] Built target gtest
[11.799s] [ 78%] [32mBuilding CXX object tests/CMakeFiles/serial-test-timer.dir/unit/unix_timer_tests.cc.o[0m
[11.800s] [ 85%] [32mBuilding CXX object tests/CMakeFiles/serial-test.dir/unix_serial_tests.cc.o[0m
[13.993s] In file included from [01m[K/usr/include/boost/bind.hpp:30[m[K,
[13.993s]                  from [01m[K/home/eid/ws_gazebo/src/serial/tests/unix_serial_tests.cc:23[m[K:
[13.993s] [01m[K/usr/include/boost/bind.hpp:36:1:[m[K [01;36m[Knote: [m[K‘[01m[K#pragma message: The practice of declaring the Bind placeholders (_1, _2, ...) in the global namespace is deprecated. Please use <boost/bind/bind.hpp> + using namespace boost::placeholders, or define BOOST_BIND_GLOBAL_PLACEHOLDERS to retain the current behavior.[m[K’
[13.993s]    36 | [01;36m[KBOOST_PRAGMA_MESSAGE[m[K(
[13.993s]       | [01;36m[K^~~~~~~~~~~~~~~~~~~~[m[K
[14.210s] [ 92%] [32m[1mLinking CXX executable serial-test-timer[0m
[14.461s] [100%] [32m[1mLinking CXX executable serial-test[0m
[14.503s] [100%] Built target serial-test-timer
[14.755s] [100%] Built target serial-test
[14.776s] Invoked command in '/home/eid/ws_gazebo/build/serial' returned '0': CMAKE_PREFIX_PATH=${CMAKE_PREFIX_PATH}:/home/eid/colcon_ws/install/move_robot:/opt/ros/humble /usr/bin/cmake --build /home/eid/ws_gazebo/build/serial -- -j8 -l8
[14.848s] Invoking command in '/home/eid/ws_gazebo/build/serial': CMAKE_PREFIX_PATH=${CMAKE_PREFIX_PATH}:/home/eid/colcon_ws/install/move_robot:/opt/ros/humble /usr/bin/cmake --install /home/eid/ws_gazebo/build/serial
[14.862s] -- Install configuration: ""
[14.863s] -- Installing: /home/eid/ws_gazebo/install/serial/lib/libserial.a
[14.864s] -- Installing: /home/eid/ws_gazebo/install/serial/include/serial/serial.h
[14.864s] -- Installing: /home/eid/ws_gazebo/install/serial/include/serial/v8stdint.h
[14.864s] -- Installing: /home/eid/ws_gazebo/install/serial/share/serial/environment/library_path.sh
[14.865s] -- Installing: /home/eid/ws_gazebo/install/serial/share/serial/environment/library_path.dsv
[14.865s] -- Installing: /home/eid/ws_gazebo/install/serial/share/ament_index/resource_index/package_run_dependencies/serial
[14.865s] -- Installing: /home/eid/ws_gazebo/install/serial/share/ament_index/resource_index/parent_prefix_path/serial
[14.866s] -- Installing: /home/eid/ws_gazebo/install/serial/share/serial/environment/ament_prefix_path.sh
[14.866s] -- Installing: /home/eid/ws_gazebo/install/serial/share/serial/environment/ament_prefix_path.dsv
[14.866s] -- Installing: /home/eid/ws_gazebo/install/serial/share/serial/environment/path.sh
[14.866s] -- Installing: /home/eid/ws_gazebo/install/serial/share/serial/environment/path.dsv
[14.867s] -- Installing: /home/eid/ws_gazebo/install/serial/share/serial/local_setup.bash
[14.867s] -- Installing: /home/eid/ws_gazebo/install/serial/share/serial/local_setup.sh
[14.867s] -- Installing: /home/eid/ws_gazebo/install/serial/share/serial/local_setup.zsh
[14.867s] -- Installing: /home/eid/ws_gazebo/install/serial/share/serial/local_setup.dsv
[14.868s] -- Installing: /home/eid/ws_gazebo/install/serial/share/serial/package.dsv
[14.868s] -- Installing: /home/eid/ws_gazebo/install/serial/share/ament_index/resource_index/packages/serial
[14.868s] -- Installing: /home/eid/ws_gazebo/install/serial/share/serial/cmake/ament_cmake_export_include_directories-extras.cmake
[14.868s] -- Installing: /home/eid/ws_gazebo/install/serial/share/serial/cmake/ament_cmake_export_libraries-extras.cmake
[14.869s] -- Installing: /home/eid/ws_gazebo/install/serial/share/serial/cmake/serialConfig.cmake
[14.869s] -- Installing: /home/eid/ws_gazebo/install/serial/share/serial/cmake/serialConfig-version.cmake
[14.870s] -- Installing: /home/eid/ws_gazebo/install/serial/share/serial/package.xml
[14.875s] Invoked command in '/home/eid/ws_gazebo/build/serial' returned '0': CMAKE_PREFIX_PATH=${CMAKE_PREFIX_PATH}:/home/eid/colcon_ws/install/move_robot:/opt/ros/humble /usr/bin/cmake --install /home/eid/ws_gazebo/build/serial
