[0.085s] Invoking command in '/home/eid/ws_gazebo/build/serial': CMAKE_PREFIX_PATH=${CMAKE_PREFIX_PATH}:/home/eid/colcon_ws/install/move_robot:/opt/ros/humble /usr/bin/cmake --build /home/eid/ws_gazebo/build/serial -- -j8 -l8
[0.138s] [35m[1mConsolidate compiler generated dependencies of target gtest_main[0m
[0.146s] [35m[1mConsolidate compiler generated dependencies of target gtest[0m
[0.148s] [35m[1mConsolidate compiler generated dependencies of target serial[0m
[0.173s] [ 14%] Built target gtest
[0.174s] [ 28%] Built target gtest_main
[0.178s] [ 57%] Built target serial
[0.195s] [35m[1mConsolidate compiler generated dependencies of target serial_example[0m
[0.198s] [35m[1mConsolidate compiler generated dependencies of target serial-test[0m
[0.206s] [35m[1mConsolidate compiler generated dependencies of target serial-test-timer[0m
[0.220s] [ 71%] Built target serial_example
[0.222s] [ 85%] Built target serial-test
[0.226s] [100%] Built target serial-test-timer
[0.406s] Invoked command in '/home/eid/ws_gazebo/build/serial' returned '0': CMAKE_PREFIX_PATH=${CMAKE_PREFIX_PATH}:/home/eid/colcon_ws/install/move_robot:/opt/ros/humble /usr/bin/cmake --build /home/eid/ws_gazebo/build/serial -- -j8 -l8
[0.622s] Invoking command in '/home/eid/ws_gazebo/build/serial': CMAKE_PREFIX_PATH=${CMAKE_PREFIX_PATH}:/home/eid/colcon_ws/install/move_robot:/opt/ros/humble /usr/bin/cmake --install /home/eid/ws_gazebo/build/serial
[0.629s] -- Install configuration: ""
[0.629s] -- Up-to-date: /home/eid/ws_gazebo/install/serial/lib/libserial.a
[0.629s] -- Up-to-date: /home/eid/ws_gazebo/install/serial/include/serial/serial.h
[0.629s] -- Up-to-date: /home/eid/ws_gazebo/install/serial/include/serial/v8stdint.h
[0.629s] -- Up-to-date: /home/eid/ws_gazebo/install/serial/share/serial/environment/library_path.sh
[0.629s] -- Up-to-date: /home/eid/ws_gazebo/install/serial/share/serial/environment/library_path.dsv
[0.629s] -- Up-to-date: /home/eid/ws_gazebo/install/serial/share/ament_index/resource_index/package_run_dependencies/serial
[0.629s] -- Up-to-date: /home/eid/ws_gazebo/install/serial/share/ament_index/resource_index/parent_prefix_path/serial
[0.630s] -- Up-to-date: /home/eid/ws_gazebo/install/serial/share/serial/environment/ament_prefix_path.sh
[0.630s] -- Up-to-date: /home/eid/ws_gazebo/install/serial/share/serial/environment/ament_prefix_path.dsv
[0.630s] -- Up-to-date: /home/eid/ws_gazebo/install/serial/share/serial/environment/path.sh
[0.630s] -- Up-to-date: /home/eid/ws_gazebo/install/serial/share/serial/environment/path.dsv
[0.630s] -- Up-to-date: /home/eid/ws_gazebo/install/serial/share/serial/local_setup.bash
[0.630s] -- Up-to-date: /home/eid/ws_gazebo/install/serial/share/serial/local_setup.sh
[0.630s] -- Up-to-date: /home/eid/ws_gazebo/install/serial/share/serial/local_setup.zsh
[0.630s] -- Up-to-date: /home/eid/ws_gazebo/install/serial/share/serial/local_setup.dsv
[0.630s] -- Installing: /home/eid/ws_gazebo/install/serial/share/serial/package.dsv
[0.630s] -- Up-to-date: /home/eid/ws_gazebo/install/serial/share/ament_index/resource_index/packages/serial
[0.630s] -- Up-to-date: /home/eid/ws_gazebo/install/serial/share/serial/cmake/ament_cmake_export_include_directories-extras.cmake
[0.630s] -- Up-to-date: /home/eid/ws_gazebo/install/serial/share/serial/cmake/ament_cmake_export_libraries-extras.cmake
[0.630s] -- Up-to-date: /home/eid/ws_gazebo/install/serial/share/serial/cmake/serialConfig.cmake
[0.630s] -- Up-to-date: /home/eid/ws_gazebo/install/serial/share/serial/cmake/serialConfig-version.cmake
[0.631s] -- Up-to-date: /home/eid/ws_gazebo/install/serial/share/serial/package.xml
[0.632s] Invoked command in '/home/eid/ws_gazebo/build/serial' returned '0': CMAKE_PREFIX_PATH=${CMAKE_PREFIX_PATH}:/home/eid/colcon_ws/install/move_robot:/opt/ros/humble /usr/bin/cmake --install /home/eid/ws_gazebo/build/serial
