[0.483s] Invoking command in '/home/eid/ws_gazebo/src/build/diffdrive_arduino': CMAKE_PREFIX_PATH=${CMAKE_PREFIX_PATH}:/home/eid/colcon_ws/install/move_robot:/opt/ros/humble /usr/bin/cmake /home/eid/ws_gazebo/src/diffdrive_arduino -DAMENT_CMAKE_SYMLINK_INSTALL=1 -DCMAKE_INSTALL_PREFIX=/home/eid/ws_gazebo/src/install/diffdrive_arduino
[0.497s] -- Found ament_cmake: 1.3.8 (/opt/ros/humble/share/ament_cmake/cmake)
[0.777s] -- Override CMake install command with custom implementation using symlinks instead of copying resources
[0.792s] -- Found hardware_interface: 2.39.1 (/opt/ros/humble/share/hardware_interface/cmake)
[0.838s] -- Found rosidl_generator_c: 3.1.5 (/opt/ros/humble/share/rosidl_generator_c/cmake)
[0.843s] -- Found rosidl_adapter: 3.1.5 (/opt/ros/humble/share/rosidl_adapter/cmake)
[0.852s] -- Found rosidl_generator_cpp: 3.1.5 (/opt/ros/humble/share/rosidl_generator_cpp/cmake)
[0.873s] -- Using all available rosidl_typesupport_c: rosidl_typesupport_fastrtps_c;rosidl_typesupport_introspection_c
[0.892s] -- Using all available rosidl_typesupport_cpp: rosidl_typesupport_fastrtps_cpp;rosidl_typesupport_introspection_cpp
[1.866s] -- Found rmw_implementation_cmake: 6.1.1 (/opt/ros/humble/share/rmw_implementation_cmake/cmake)
[1.868s] -- Found rmw_fastrtps_cpp: 6.2.6 (/opt/ros/humble/share/rmw_fastrtps_cpp/cmake)
[1.912s] -- Found TinyXML2 via Config file: TinyXML2_DIR-NOTFOUND
[1.924s] -- Found TinyXML2 via Config file: TinyXML2_DIR-NOTFOUND
[1.960s] -- Found TinyXML2 via Config file: TinyXML2_DIR-NOTFOUND
[1.971s] -- Found TinyXML2 via Config file: TinyXML2_DIR-NOTFOUND
[1.990s] -- Using RMW implementation 'rmw_fastrtps_cpp' as default
[2.268s] -- Found ament_cmake_gtest: 1.3.8 (/opt/ros/humble/share/ament_cmake_gtest/cmake)
[2.351s] -- Configuring done
[2.391s] -- Generating done
[2.392s] -- Build files have been written to: /home/eid/ws_gazebo/src/diffdrive_arduino
[2.401s] Invoked command in '/home/eid/ws_gazebo/src/build/diffdrive_arduino' returned '0': CMAKE_PREFIX_PATH=${CMAKE_PREFIX_PATH}:/home/eid/colcon_ws/install/move_robot:/opt/ros/humble /usr/bin/cmake /home/eid/ws_gazebo/src/diffdrive_arduino -DAMENT_CMAKE_SYMLINK_INSTALL=1 -DCMAKE_INSTALL_PREFIX=/home/eid/ws_gazebo/src/install/diffdrive_arduino
[2.403s] Invoking command in '/home/eid/ws_gazebo/src/build/diffdrive_arduino': CMAKE_PREFIX_PATH=${CMAKE_PREFIX_PATH}:/home/eid/colcon_ws/install/move_robot:/opt/ros/humble /usr/bin/cmake --build /home/eid/ws_gazebo/src/build/diffdrive_arduino -- -j8 -l8
[2.412s] gmake: Makefile: No such file or directory
[2.412s] gmake: *** No rule to make target 'Makefile'.  Stop.
[2.414s] Invoked command in '/home/eid/ws_gazebo/src/build/diffdrive_arduino' returned '2': CMAKE_PREFIX_PATH=${CMAKE_PREFIX_PATH}:/home/eid/colcon_ws/install/move_robot:/opt/ros/humble /usr/bin/cmake --build /home/eid/ws_gazebo/src/build/diffdrive_arduino -- -j8 -l8
