[1.040s] DEBUG:colcon:Command line arguments: ['/usr/bin/colcon', 'build']
[1.040s] DEBUG:colcon:Parsed command line arguments: Namespace(log_base=None, log_level=None, verb_name='build', build_base='build', install_base='install', merge_install=False, symlink_install=False, test_result_base=None, continue_on_error=False, executor='parallel', parallel_workers=8, event_handlers=None, ignore_user_meta=False, metas=['./colcon.meta'], base_paths=['.'], packages_ignore=None, packages_ignore_regex=None, paths=None, packages_up_to=None, packages_up_to_regex=None, packages_above=None, packages_above_and_dependencies=None, packages_above_depth=None, packages_select_by_dep=None, packages_skip_by_dep=None, packages_skip_up_to=None, packages_select_build_failed=False, packages_skip_build_finished=False, packages_select_test_failures=False, packages_skip_test_passed=False, packages_select=None, packages_skip=None, packages_select_regex=None, packages_skip_regex=None, packages_start=None, packages_end=None, allow_overriding=[], cmake_args=None, cmake_target=None, cmake_target_skip_unavailable=False, cmake_clean_cache=False, cmake_clean_first=False, cmake_force_configure=False, ament_cmake_args=None, catkin_cmake_args=None, catkin_skip_building_tests=False, verb_parser=<colcon_defaults.argument_parser.defaults.DefaultArgumentsDecorator object at 0x7f82ee781f60>, verb_extension=<colcon_core.verb.build.BuildVerb object at 0x7f82ef93faf0>, main=<bound method BuildVerb.main of <colcon_core.verb.build.BuildVerb object at 0x7f82ef93faf0>>)
[1.088s] Level 1:colcon.colcon_core.package_discovery:discover_packages(colcon_meta) check parameters
[1.088s] Level 1:colcon.colcon_core.package_discovery:discover_packages(recursive) check parameters
[1.088s] Level 1:colcon.colcon_core.package_discovery:discover_packages(ignore) check parameters
[1.088s] Level 1:colcon.colcon_core.package_discovery:discover_packages(path) check parameters
[1.088s] Level 1:colcon.colcon_core.package_discovery:discover_packages(colcon_meta) discover
[1.088s] Level 1:colcon.colcon_core.package_discovery:discover_packages(recursive) discover
[1.088s] INFO:colcon.colcon_core.package_discovery:Crawling recursively for packages in '/home/eid/ws_gazebo'
[1.088s] Level 1:colcon.colcon_core.package_identification:_identify(.) by extensions ['ignore', 'ignore_ament_install']
[1.089s] Level 1:colcon.colcon_core.package_identification:_identify(.) by extension 'ignore'
[1.089s] Level 1:colcon.colcon_core.package_identification:_identify(.) by extension 'ignore_ament_install'
[1.089s] Level 1:colcon.colcon_core.package_identification:_identify(.) by extensions ['colcon_pkg']
[1.089s] Level 1:colcon.colcon_core.package_identification:_identify(.) by extension 'colcon_pkg'
[1.089s] Level 1:colcon.colcon_core.package_identification:_identify(.) by extensions ['colcon_meta']
[1.089s] Level 1:colcon.colcon_core.package_identification:_identify(.) by extension 'colcon_meta'
[1.089s] Level 1:colcon.colcon_core.package_identification:_identify(.) by extensions ['ros']
[1.089s] Level 1:colcon.colcon_core.package_identification:_identify(.) by extension 'ros'
[1.109s] Level 1:colcon.colcon_core.package_identification:_identify(.) by extensions ['cmake', 'python']
[1.109s] Level 1:colcon.colcon_core.package_identification:_identify(.) by extension 'cmake'
[1.109s] Level 1:colcon.colcon_core.package_identification:_identify(.) by extension 'python'
[1.109s] Level 1:colcon.colcon_core.package_identification:_identify(.) by extensions ['python_setup_py']
[1.109s] Level 1:colcon.colcon_core.package_identification:_identify(.) by extension 'python_setup_py'
[1.109s] Level 1:colcon.colcon_core.package_identification:_identify(build) by extensions ['ignore', 'ignore_ament_install']
[1.110s] Level 1:colcon.colcon_core.package_identification:_identify(build) by extension 'ignore'
[1.110s] Level 1:colcon.colcon_core.package_identification:_identify(build) ignored
[1.110s] Level 1:colcon.colcon_core.package_identification:_identify(install) by extensions ['ignore', 'ignore_ament_install']
[1.110s] Level 1:colcon.colcon_core.package_identification:_identify(install) by extension 'ignore'
[1.110s] Level 1:colcon.colcon_core.package_identification:_identify(install) ignored
[1.110s] Level 1:colcon.colcon_core.package_identification:_identify(log) by extensions ['ignore', 'ignore_ament_install']
[1.110s] Level 1:colcon.colcon_core.package_identification:_identify(log) by extension 'ignore'
[1.110s] Level 1:colcon.colcon_core.package_identification:_identify(log) ignored
[1.110s] Level 1:colcon.colcon_core.package_identification:_identify(src) by extensions ['ignore', 'ignore_ament_install']
[1.110s] Level 1:colcon.colcon_core.package_identification:_identify(src) by extension 'ignore'
[1.111s] Level 1:colcon.colcon_core.package_identification:_identify(src) by extension 'ignore_ament_install'
[1.111s] Level 1:colcon.colcon_core.package_identification:_identify(src) by extensions ['colcon_pkg']
[1.111s] Level 1:colcon.colcon_core.package_identification:_identify(src) by extension 'colcon_pkg'
[1.111s] Level 1:colcon.colcon_core.package_identification:_identify(src) by extensions ['colcon_meta']
[1.111s] Level 1:colcon.colcon_core.package_identification:_identify(src) by extension 'colcon_meta'
[1.111s] Level 1:colcon.colcon_core.package_identification:_identify(src) by extensions ['ros']
[1.111s] Level 1:colcon.colcon_core.package_identification:_identify(src) by extension 'ros'
[1.111s] Level 1:colcon.colcon_core.package_identification:_identify(src) by extensions ['cmake', 'python']
[1.111s] Level 1:colcon.colcon_core.package_identification:_identify(src) by extension 'cmake'
[1.111s] Level 1:colcon.colcon_core.package_identification:_identify(src) by extension 'python'
[1.111s] Level 1:colcon.colcon_core.package_identification:_identify(src) by extensions ['python_setup_py']
[1.111s] Level 1:colcon.colcon_core.package_identification:_identify(src) by extension 'python_setup_py'
[1.111s] Level 1:colcon.colcon_core.package_identification:_identify(src/gazebo_test) by extensions ['ignore', 'ignore_ament_install']
[1.111s] Level 1:colcon.colcon_core.package_identification:_identify(src/gazebo_test) by extension 'ignore'
[1.111s] Level 1:colcon.colcon_core.package_identification:_identify(src/gazebo_test) by extension 'ignore_ament_install'
[1.111s] Level 1:colcon.colcon_core.package_identification:_identify(src/gazebo_test) by extensions ['colcon_pkg']
[1.111s] Level 1:colcon.colcon_core.package_identification:_identify(src/gazebo_test) by extension 'colcon_pkg'
[1.111s] Level 1:colcon.colcon_core.package_identification:_identify(src/gazebo_test) by extensions ['colcon_meta']
[1.112s] Level 1:colcon.colcon_core.package_identification:_identify(src/gazebo_test) by extension 'colcon_meta'
[1.112s] Level 1:colcon.colcon_core.package_identification:_identify(src/gazebo_test) by extensions ['ros']
[1.112s] Level 1:colcon.colcon_core.package_identification:_identify(src/gazebo_test) by extension 'ros'
[1.115s] DEBUG:colcon.colcon_core.package_identification:Package 'src/gazebo_test' with type 'ros.ament_cmake' and name 'gazebo_test'
[1.115s] Level 1:colcon.colcon_core.package_identification:_identify(src/nixbot) by extensions ['ignore', 'ignore_ament_install']
[1.115s] Level 1:colcon.colcon_core.package_identification:_identify(src/nixbot) by extension 'ignore'
[1.115s] Level 1:colcon.colcon_core.package_identification:_identify(src/nixbot) by extension 'ignore_ament_install'
[1.115s] Level 1:colcon.colcon_core.package_identification:_identify(src/nixbot) by extensions ['colcon_pkg']
[1.115s] Level 1:colcon.colcon_core.package_identification:_identify(src/nixbot) by extension 'colcon_pkg'
[1.116s] Level 1:colcon.colcon_core.package_identification:_identify(src/nixbot) by extensions ['colcon_meta']
[1.116s] Level 1:colcon.colcon_core.package_identification:_identify(src/nixbot) by extension 'colcon_meta'
[1.116s] Level 1:colcon.colcon_core.package_identification:_identify(src/nixbot) by extensions ['ros']
[1.116s] Level 1:colcon.colcon_core.package_identification:_identify(src/nixbot) by extension 'ros'
[1.116s] DEBUG:colcon.colcon_core.package_identification:Package 'src/nixbot' with type 'ros.ament_cmake' and name 'nixbot'
[1.116s] Level 1:colcon.colcon_core.package_discovery:discover_packages(recursive) using defaults
[1.116s] Level 1:colcon.colcon_core.package_discovery:discover_packages(ignore) discover
[1.116s] Level 1:colcon.colcon_core.package_discovery:discover_packages(ignore) using defaults
[1.116s] Level 1:colcon.colcon_core.package_discovery:discover_packages(path) discover
[1.116s] Level 1:colcon.colcon_core.package_discovery:discover_packages(path) using defaults
[1.211s] Level 1:colcon.colcon_core.package_discovery:discover_packages(prefix_path) check parameters
[1.211s] Level 1:colcon.colcon_core.package_discovery:discover_packages(prefix_path) discover
[1.241s] DEBUG:colcon.colcon_installed_package_information.package_discovery:Found 3 installed packages in /home/eid/colcon_ws/install
[1.256s] DEBUG:colcon.colcon_installed_package_information.package_discovery:Found 340 installed packages in /opt/ros/humble
[1.257s] Level 1:colcon.colcon_core.package_discovery:discover_packages(prefix_path) using defaults
[1.356s] Level 5:colcon.colcon_core.verb:set package 'gazebo_test' build argument 'cmake_args' from command line to 'None'
[1.356s] Level 5:colcon.colcon_core.verb:set package 'gazebo_test' build argument 'cmake_target' from command line to 'None'
[1.356s] Level 5:colcon.colcon_core.verb:set package 'gazebo_test' build argument 'cmake_target_skip_unavailable' from command line to 'False'
[1.356s] Level 5:colcon.colcon_core.verb:set package 'gazebo_test' build argument 'cmake_clean_cache' from command line to 'False'
[1.356s] Level 5:colcon.colcon_core.verb:set package 'gazebo_test' build argument 'cmake_clean_first' from command line to 'False'
[1.356s] Level 5:colcon.colcon_core.verb:set package 'gazebo_test' build argument 'cmake_force_configure' from command line to 'False'
[1.356s] Level 5:colcon.colcon_core.verb:set package 'gazebo_test' build argument 'ament_cmake_args' from command line to 'None'
[1.356s] Level 5:colcon.colcon_core.verb:set package 'gazebo_test' build argument 'catkin_cmake_args' from command line to 'None'
[1.356s] Level 5:colcon.colcon_core.verb:set package 'gazebo_test' build argument 'catkin_skip_building_tests' from command line to 'False'
[1.356s] DEBUG:colcon.colcon_core.verb:Building package 'gazebo_test' with the following arguments: {'ament_cmake_args': None, 'build_base': '/home/eid/ws_gazebo/build/gazebo_test', 'catkin_cmake_args': None, 'catkin_skip_building_tests': False, 'cmake_args': None, 'cmake_clean_cache': False, 'cmake_clean_first': False, 'cmake_force_configure': False, 'cmake_target': None, 'cmake_target_skip_unavailable': False, 'install_base': '/home/eid/ws_gazebo/install/gazebo_test', 'merge_install': False, 'path': '/home/eid/ws_gazebo/src/gazebo_test', 'symlink_install': False, 'test_result_base': None}
[1.371s] Level 5:colcon.colcon_core.verb:set package 'nixbot' build argument 'cmake_args' from command line to 'None'
[1.371s] Level 5:colcon.colcon_core.verb:set package 'nixbot' build argument 'cmake_target' from command line to 'None'
[1.371s] Level 5:colcon.colcon_core.verb:set package 'nixbot' build argument 'cmake_target_skip_unavailable' from command line to 'False'
[1.371s] Level 5:colcon.colcon_core.verb:set package 'nixbot' build argument 'cmake_clean_cache' from command line to 'False'
[1.371s] Level 5:colcon.colcon_core.verb:set package 'nixbot' build argument 'cmake_clean_first' from command line to 'False'
[1.371s] Level 5:colcon.colcon_core.verb:set package 'nixbot' build argument 'cmake_force_configure' from command line to 'False'
[1.371s] Level 5:colcon.colcon_core.verb:set package 'nixbot' build argument 'ament_cmake_args' from command line to 'None'
[1.371s] Level 5:colcon.colcon_core.verb:set package 'nixbot' build argument 'catkin_cmake_args' from command line to 'None'
[1.371s] Level 5:colcon.colcon_core.verb:set package 'nixbot' build argument 'catkin_skip_building_tests' from command line to 'False'
[1.372s] DEBUG:colcon.colcon_core.verb:Building package 'nixbot' with the following arguments: {'ament_cmake_args': None, 'build_base': '/home/eid/ws_gazebo/build/nixbot', 'catkin_cmake_args': None, 'catkin_skip_building_tests': False, 'cmake_args': None, 'cmake_clean_cache': False, 'cmake_clean_first': False, 'cmake_force_configure': False, 'cmake_target': None, 'cmake_target_skip_unavailable': False, 'install_base': '/home/eid/ws_gazebo/install/nixbot', 'merge_install': False, 'path': '/home/eid/ws_gazebo/src/nixbot', 'symlink_install': False, 'test_result_base': None}
[1.385s] INFO:colcon.colcon_core.executor:Executing jobs using 'parallel' executor
[1.400s] DEBUG:colcon.colcon_parallel_executor.executor.parallel:run_until_complete
[1.401s] INFO:colcon.colcon_ros.task.ament_cmake.build:Building ROS package in '/home/eid/ws_gazebo/src/gazebo_test' with build type 'ament_cmake'
[1.401s] INFO:colcon.colcon_cmake.task.cmake.build:Building CMake package in '/home/eid/ws_gazebo/src/gazebo_test'
[1.423s] INFO:colcon.colcon_core.plugin_system:Skipping extension 'colcon_core.shell.bat': Not used on non-Windows systems
[1.423s] INFO:colcon.colcon_core.shell:Skip shell extension 'powershell' for command environment: Not usable outside of PowerShell
[1.423s] DEBUG:colcon.colcon_core.shell:Skip shell extension 'dsv' for command environment
[1.473s] INFO:colcon.colcon_ros.task.ament_cmake.build:Building ROS package in '/home/eid/ws_gazebo/src/nixbot' with build type 'ament_cmake'
[1.473s] INFO:colcon.colcon_cmake.task.cmake.build:Building CMake package in '/home/eid/ws_gazebo/src/nixbot'
[1.490s] INFO:colcon.colcon_core.shell:Skip shell extension 'powershell' for command environment: Not usable outside of PowerShell
[1.490s] DEBUG:colcon.colcon_core.shell:Skip shell extension 'dsv' for command environment
[1.554s] DEBUG:colcon.colcon_core.event_handler.log_command:Invoking command in '/home/eid/ws_gazebo/build/gazebo_test': CMAKE_PREFIX_PATH=${CMAKE_PREFIX_PATH}:/home/eid/colcon_ws/install/move_robot:/opt/ros/humble /usr/bin/cmake --build /home/eid/ws_gazebo/build/gazebo_test -- -j8 -l8
[1.559s] DEBUG:colcon.colcon_core.event_handler.log_command:Invoking command in '/home/eid/ws_gazebo/build/nixbot': CMAKE_PREFIX_PATH=${CMAKE_PREFIX_PATH}:/home/eid/colcon_ws/install/move_robot:/opt/ros/humble /usr/bin/cmake --build /home/eid/ws_gazebo/build/nixbot -- -j8 -l8
[1.589s] DEBUG:colcon.colcon_core.event_handler.log_command:Invoked command in '/home/eid/ws_gazebo/build/gazebo_test' returned '0': CMAKE_PREFIX_PATH=${CMAKE_PREFIX_PATH}:/home/eid/colcon_ws/install/move_robot:/opt/ros/humble /usr/bin/cmake --build /home/eid/ws_gazebo/build/gazebo_test -- -j8 -l8
[1.592s] DEBUG:colcon.colcon_core.event_handler.log_command:Invoked command in '/home/eid/ws_gazebo/build/nixbot' returned '0': CMAKE_PREFIX_PATH=${CMAKE_PREFIX_PATH}:/home/eid/colcon_ws/install/move_robot:/opt/ros/humble /usr/bin/cmake --build /home/eid/ws_gazebo/build/nixbot -- -j8 -l8
[1.618s] DEBUG:colcon.colcon_core.event_handler.log_command:Invoking command in '/home/eid/ws_gazebo/build/gazebo_test': CMAKE_PREFIX_PATH=${CMAKE_PREFIX_PATH}:/home/eid/colcon_ws/install/move_robot:/opt/ros/humble /usr/bin/cmake --install /home/eid/ws_gazebo/build/gazebo_test
[1.621s] DEBUG:colcon.colcon_core.event_handler.log_command:Invoking command in '/home/eid/ws_gazebo/build/nixbot': CMAKE_PREFIX_PATH=${CMAKE_PREFIX_PATH}:/home/eid/colcon_ws/install/move_robot:/opt/ros/humble /usr/bin/cmake --install /home/eid/ws_gazebo/build/nixbot
[1.628s] Level 1:colcon.colcon_core.environment:create_environment_scripts_only(gazebo_test)
[1.631s] DEBUG:colcon.colcon_core.event_handler.log_command:Invoked command in '/home/eid/ws_gazebo/build/gazebo_test' returned '0': CMAKE_PREFIX_PATH=${CMAKE_PREFIX_PATH}:/home/eid/colcon_ws/install/move_robot:/opt/ros/humble /usr/bin/cmake --install /home/eid/ws_gazebo/build/gazebo_test
[1.648s] Level 1:colcon.colcon_core.environment:checking '/home/eid/ws_gazebo/install/gazebo_test' for CMake module files
[1.648s] Level 1:colcon.colcon_core.environment:checking '/home/eid/ws_gazebo/install/gazebo_test' for CMake config files
[1.649s] Level 1:colcon.colcon_core.shell:create_environment_hook('gazebo_test', 'cmake_prefix_path')
[1.664s] INFO:colcon.colcon_core.shell:Creating environment hook '/home/eid/ws_gazebo/install/gazebo_test/share/gazebo_test/hook/cmake_prefix_path.ps1'
[1.664s] INFO:colcon.colcon_core.shell:Creating environment descriptor '/home/eid/ws_gazebo/install/gazebo_test/share/gazebo_test/hook/cmake_prefix_path.dsv'
[1.665s] INFO:colcon.colcon_core.shell:Creating environment hook '/home/eid/ws_gazebo/install/gazebo_test/share/gazebo_test/hook/cmake_prefix_path.sh'
[1.666s] Level 1:colcon.colcon_core.environment:checking '/home/eid/ws_gazebo/install/gazebo_test/bin'
[1.666s] Level 1:colcon.colcon_core.environment:checking '/home/eid/ws_gazebo/install/gazebo_test/lib/pkgconfig/gazebo_test.pc'
[1.666s] Level 1:colcon.colcon_core.environment:checking '/home/eid/ws_gazebo/install/gazebo_test/lib/python3.10/site-packages'
[1.666s] Level 1:colcon.colcon_core.environment:checking '/home/eid/ws_gazebo/install/gazebo_test/bin'
[1.692s] INFO:colcon.colcon_core.shell:Creating package script '/home/eid/ws_gazebo/install/gazebo_test/share/gazebo_test/package.ps1'
[1.692s] INFO:colcon.colcon_core.shell:Creating package descriptor '/home/eid/ws_gazebo/install/gazebo_test/share/gazebo_test/package.dsv'
[1.693s] INFO:colcon.colcon_core.shell:Creating package script '/home/eid/ws_gazebo/install/gazebo_test/share/gazebo_test/package.sh'
[1.694s] INFO:colcon.colcon_core.shell:Creating package script '/home/eid/ws_gazebo/install/gazebo_test/share/gazebo_test/package.bash'
[1.694s] INFO:colcon.colcon_core.shell:Creating package script '/home/eid/ws_gazebo/install/gazebo_test/share/gazebo_test/package.zsh'
[1.695s] Level 1:colcon.colcon_core.environment:create_file_with_runtime_dependencies(/home/eid/ws_gazebo/install/gazebo_test/share/colcon-core/packages/gazebo_test)
[1.697s] Level 1:colcon.colcon_core.environment:create_environment_scripts_only(nixbot)
[1.697s] DEBUG:colcon.colcon_core.event_handler.log_command:Invoked command in '/home/eid/ws_gazebo/build/nixbot' returned '0': CMAKE_PREFIX_PATH=${CMAKE_PREFIX_PATH}:/home/eid/colcon_ws/install/move_robot:/opt/ros/humble /usr/bin/cmake --install /home/eid/ws_gazebo/build/nixbot
[1.722s] Level 1:colcon.colcon_core.environment:checking '/home/eid/ws_gazebo/install/nixbot' for CMake module files
[1.722s] Level 1:colcon.colcon_core.environment:checking '/home/eid/ws_gazebo/install/nixbot' for CMake config files
[1.723s] Level 1:colcon.colcon_core.shell:create_environment_hook('nixbot', 'cmake_prefix_path')
[1.741s] INFO:colcon.colcon_core.shell:Creating environment hook '/home/eid/ws_gazebo/install/nixbot/share/nixbot/hook/cmake_prefix_path.ps1'
[1.742s] INFO:colcon.colcon_core.shell:Creating environment descriptor '/home/eid/ws_gazebo/install/nixbot/share/nixbot/hook/cmake_prefix_path.dsv'
[1.742s] INFO:colcon.colcon_core.shell:Creating environment hook '/home/eid/ws_gazebo/install/nixbot/share/nixbot/hook/cmake_prefix_path.sh'
[1.743s] Level 1:colcon.colcon_core.environment:checking '/home/eid/ws_gazebo/install/nixbot/bin'
[1.743s] Level 1:colcon.colcon_core.environment:checking '/home/eid/ws_gazebo/install/nixbot/lib/pkgconfig/nixbot.pc'
[1.743s] Level 1:colcon.colcon_core.environment:checking '/home/eid/ws_gazebo/install/nixbot/lib/python3.10/site-packages'
[1.744s] Level 1:colcon.colcon_core.environment:checking '/home/eid/ws_gazebo/install/nixbot/bin'
[1.761s] INFO:colcon.colcon_core.shell:Creating package script '/home/eid/ws_gazebo/install/nixbot/share/nixbot/package.ps1'
[1.762s] INFO:colcon.colcon_core.shell:Creating package descriptor '/home/eid/ws_gazebo/install/nixbot/share/nixbot/package.dsv'
[1.762s] INFO:colcon.colcon_core.shell:Creating package script '/home/eid/ws_gazebo/install/nixbot/share/nixbot/package.sh'
[1.763s] INFO:colcon.colcon_core.shell:Creating package script '/home/eid/ws_gazebo/install/nixbot/share/nixbot/package.bash'
[1.763s] INFO:colcon.colcon_core.shell:Creating package script '/home/eid/ws_gazebo/install/nixbot/share/nixbot/package.zsh'
[1.763s] Level 1:colcon.colcon_core.environment:create_file_with_runtime_dependencies(/home/eid/ws_gazebo/install/nixbot/share/colcon-core/packages/nixbot)
[1.781s] Level 1:colcon.colcon_core.environment:create_environment_scripts_only(gazebo_test)
[1.798s] Level 1:colcon.colcon_core.environment:checking '/home/eid/ws_gazebo/install/gazebo_test' for CMake module files
[1.799s] Level 1:colcon.colcon_core.environment:checking '/home/eid/ws_gazebo/install/gazebo_test' for CMake config files
[1.799s] Level 1:colcon.colcon_core.shell:create_environment_hook('gazebo_test', 'cmake_prefix_path')
[1.813s] INFO:colcon.colcon_core.shell:Creating environment hook '/home/eid/ws_gazebo/install/gazebo_test/share/gazebo_test/hook/cmake_prefix_path.ps1'
[1.814s] INFO:colcon.colcon_core.shell:Creating environment descriptor '/home/eid/ws_gazebo/install/gazebo_test/share/gazebo_test/hook/cmake_prefix_path.dsv'
[1.814s] INFO:colcon.colcon_core.shell:Creating environment hook '/home/eid/ws_gazebo/install/gazebo_test/share/gazebo_test/hook/cmake_prefix_path.sh'
[1.814s] Level 1:colcon.colcon_core.environment:checking '/home/eid/ws_gazebo/install/gazebo_test/bin'
[1.814s] Level 1:colcon.colcon_core.environment:checking '/home/eid/ws_gazebo/install/gazebo_test/lib/pkgconfig/gazebo_test.pc'
[1.815s] Level 1:colcon.colcon_core.environment:checking '/home/eid/ws_gazebo/install/gazebo_test/lib/python3.10/site-packages'
[1.815s] Level 1:colcon.colcon_core.environment:checking '/home/eid/ws_gazebo/install/gazebo_test/bin'
[1.830s] INFO:colcon.colcon_core.shell:Creating package script '/home/eid/ws_gazebo/install/gazebo_test/share/gazebo_test/package.ps1'
[1.831s] INFO:colcon.colcon_core.shell:Creating package descriptor '/home/eid/ws_gazebo/install/gazebo_test/share/gazebo_test/package.dsv'
[1.831s] INFO:colcon.colcon_core.shell:Creating package script '/home/eid/ws_gazebo/install/gazebo_test/share/gazebo_test/package.sh'
[1.831s] INFO:colcon.colcon_core.shell:Creating package script '/home/eid/ws_gazebo/install/gazebo_test/share/gazebo_test/package.bash'
[1.832s] INFO:colcon.colcon_core.shell:Creating package script '/home/eid/ws_gazebo/install/gazebo_test/share/gazebo_test/package.zsh'
[1.832s] Level 1:colcon.colcon_core.environment:create_file_with_runtime_dependencies(/home/eid/ws_gazebo/install/gazebo_test/share/colcon-core/packages/gazebo_test)
[1.851s] Level 1:colcon.colcon_core.environment:create_environment_scripts_only(nixbot)
[1.868s] Level 1:colcon.colcon_core.environment:checking '/home/eid/ws_gazebo/install/nixbot' for CMake module files
[1.868s] Level 1:colcon.colcon_core.environment:checking '/home/eid/ws_gazebo/install/nixbot' for CMake config files
[1.869s] Level 1:colcon.colcon_core.shell:create_environment_hook('nixbot', 'cmake_prefix_path')
[1.884s] INFO:colcon.colcon_core.shell:Creating environment hook '/home/eid/ws_gazebo/install/nixbot/share/nixbot/hook/cmake_prefix_path.ps1'
[1.885s] INFO:colcon.colcon_core.shell:Creating environment descriptor '/home/eid/ws_gazebo/install/nixbot/share/nixbot/hook/cmake_prefix_path.dsv'
[1.885s] INFO:colcon.colcon_core.shell:Creating environment hook '/home/eid/ws_gazebo/install/nixbot/share/nixbot/hook/cmake_prefix_path.sh'
[1.886s] Level 1:colcon.colcon_core.environment:checking '/home/eid/ws_gazebo/install/nixbot/bin'
[1.886s] Level 1:colcon.colcon_core.environment:checking '/home/eid/ws_gazebo/install/nixbot/lib/pkgconfig/nixbot.pc'
[1.886s] Level 1:colcon.colcon_core.environment:checking '/home/eid/ws_gazebo/install/nixbot/lib/python3.10/site-packages'
[1.886s] Level 1:colcon.colcon_core.environment:checking '/home/eid/ws_gazebo/install/nixbot/bin'
[1.902s] INFO:colcon.colcon_core.shell:Creating package script '/home/eid/ws_gazebo/install/nixbot/share/nixbot/package.ps1'
[1.903s] INFO:colcon.colcon_core.shell:Creating package descriptor '/home/eid/ws_gazebo/install/nixbot/share/nixbot/package.dsv'
[1.903s] INFO:colcon.colcon_core.shell:Creating package script '/home/eid/ws_gazebo/install/nixbot/share/nixbot/package.sh'
[1.904s] INFO:colcon.colcon_core.shell:Creating package script '/home/eid/ws_gazebo/install/nixbot/share/nixbot/package.bash'
[1.904s] INFO:colcon.colcon_core.shell:Creating package script '/home/eid/ws_gazebo/install/nixbot/share/nixbot/package.zsh'
[1.904s] Level 1:colcon.colcon_core.environment:create_file_with_runtime_dependencies(/home/eid/ws_gazebo/install/nixbot/share/colcon-core/packages/nixbot)
[1.905s] DEBUG:colcon.colcon_parallel_executor.executor.parallel:closing loop
[1.905s] DEBUG:colcon.colcon_parallel_executor.executor.parallel:loop closed
[1.905s] DEBUG:colcon.colcon_parallel_executor.executor.parallel:run_until_complete finished with '0'
[1.905s] DEBUG:colcon.colcon_core.event_reactor:joining thread
[1.927s] INFO:colcon.colcon_core.plugin_system:Skipping extension 'colcon_notification.desktop_notification.terminal_notifier': Not used on non-Darwin systems
[1.927s] INFO:colcon.colcon_core.plugin_system:Skipping extension 'colcon_notification.desktop_notification.win32': Not used on non-Windows systems
[1.927s] INFO:colcon.colcon_notification.desktop_notification:Sending desktop notification using 'notify2'
[1.939s] DEBUG:colcon.colcon_core.event_reactor:joined thread
[1.957s] INFO:colcon.colcon_core.shell:Creating prefix script '/home/eid/ws_gazebo/install/local_setup.ps1'
[1.958s] INFO:colcon.colcon_core.shell:Creating prefix util module '/home/eid/ws_gazebo/install/_local_setup_util_ps1.py'
[1.959s] INFO:colcon.colcon_core.shell:Creating prefix chain script '/home/eid/ws_gazebo/install/setup.ps1'
[1.976s] INFO:colcon.colcon_core.shell:Creating prefix script '/home/eid/ws_gazebo/install/local_setup.sh'
[1.977s] INFO:colcon.colcon_core.shell:Creating prefix util module '/home/eid/ws_gazebo/install/_local_setup_util_sh.py'
[1.977s] INFO:colcon.colcon_core.shell:Creating prefix chain script '/home/eid/ws_gazebo/install/setup.sh'
[1.996s] INFO:colcon.colcon_core.shell:Creating prefix script '/home/eid/ws_gazebo/install/local_setup.bash'
[1.996s] INFO:colcon.colcon_core.shell:Creating prefix chain script '/home/eid/ws_gazebo/install/setup.bash'
[2.018s] INFO:colcon.colcon_core.shell:Creating prefix script '/home/eid/ws_gazebo/install/local_setup.zsh'
[2.018s] INFO:colcon.colcon_core.shell:Creating prefix chain script '/home/eid/ws_gazebo/install/setup.zsh'
