[0.344s] Invoking command in '/home/eid/ws_gazebo/build/diffdrive_arduino': CMAKE_PREFIX_PATH=${CMAKE_PREFIX_PATH}:/home/eid/ws_gazebo/install/serial_motor_demo:/home/eid/colcon_ws/install/move_robot:/opt/ros/humble /usr/bin/cmake --build /home/eid/ws_gazebo/build/diffdrive_arduino -- -j8 -l8
[0.413s] [100%] Built target diffdrive_arduino
[0.435s] Invoked command in '/home/eid/ws_gazebo/build/diffdrive_arduino' returned '0': CMAKE_PREFIX_PATH=${CMAKE_PREFIX_PATH}:/home/eid/ws_gazebo/install/serial_motor_demo:/home/eid/colcon_ws/install/move_robot:/opt/ros/humble /usr/bin/cmake --build /home/eid/ws_gazebo/build/diffdrive_arduino -- -j8 -l8
[0.487s] Invoking command in '/home/eid/ws_gazebo/build/diffdrive_arduino': CMAKE_PREFIX_PATH=${CMAKE_PREFIX_PATH}:/home/eid/ws_gazebo/install/serial_motor_demo:/home/eid/colcon_ws/install/move_robot:/opt/ros/humble /usr/bin/cmake --install /home/eid/ws_gazebo/build/diffdrive_arduino
[0.497s] -- Install configuration: ""
[0.497s] -- Up-to-date: /home/eid/ws_gazebo/install/diffdrive_arduino/share/diffdrive_arduino/diffdrive_arduino.xml
[0.497s] -- Up-to-date: /home/eid/ws_gazebo/install/diffdrive_arduino/include/diffdrive_arduino
[0.497s] -- Up-to-date: /home/eid/ws_gazebo/install/diffdrive_arduino/include/diffdrive_arduino/diffdrive_arduino
[0.498s] -- Up-to-date: /home/eid/ws_gazebo/install/diffdrive_arduino/include/diffdrive_arduino/diffdrive_arduino/visibility_control.h
[0.498s] -- Up-to-date: /home/eid/ws_gazebo/install/diffdrive_arduino/include/diffdrive_arduino/diffdrive_arduino/diffbot_system.hpp
[0.498s] -- Up-to-date: /home/eid/ws_gazebo/install/diffdrive_arduino/include/diffdrive_arduino/diffdrive_arduino/arduino_comms.hpp
[0.498s] -- Up-to-date: /home/eid/ws_gazebo/install/diffdrive_arduino/include/diffdrive_arduino/diffdrive_arduino/wheel.hpp
[0.499s] -- Up-to-date: /home/eid/ws_gazebo/install/diffdrive_arduino/share/diffdrive_arduino/launch
[0.499s] -- Up-to-date: /home/eid/ws_gazebo/install/diffdrive_arduino/share/diffdrive_arduino/launch/view_robot.launch.py
[0.499s] -- Up-to-date: /home/eid/ws_gazebo/install/diffdrive_arduino/share/diffdrive_arduino/ros2_control
[0.499s] -- Up-to-date: /home/eid/ws_gazebo/install/diffdrive_arduino/share/diffdrive_arduino/ros2_control/diffbot.ros2_control.xacro
[0.499s] -- Up-to-date: /home/eid/ws_gazebo/install/diffdrive_arduino/share/diffdrive_arduino/urdf
[0.499s] -- Up-to-date: /home/eid/ws_gazebo/install/diffdrive_arduino/share/diffdrive_arduino/urdf/diffbot.urdf.xacro
[0.500s] -- Up-to-date: /home/eid/ws_gazebo/install/diffdrive_arduino/share/diffdrive_arduino/urdf/diffbot_description.urdf.xacro
[0.501s] -- Up-to-date: /home/eid/ws_gazebo/install/diffdrive_arduino/share/diffdrive_arduino/urdf/diffbot.materials.xacro
[0.501s] -- Up-to-date: /home/eid/ws_gazebo/install/diffdrive_arduino/share/diffdrive_arduino/rviz
[0.502s] -- Up-to-date: /home/eid/ws_gazebo/install/diffdrive_arduino/share/diffdrive_arduino/rviz/diffbot_view.rviz
[0.502s] -- Up-to-date: /home/eid/ws_gazebo/install/diffdrive_arduino/share/diffdrive_arduino/rviz/diffbot.rviz
[0.502s] -- Up-to-date: /home/eid/ws_gazebo/install/diffdrive_arduino/share/diffdrive_arduino/launch
[0.503s] -- Up-to-date: /home/eid/ws_gazebo/install/diffdrive_arduino/share/diffdrive_arduino/launch/diffbot.launch.py
[0.503s] -- Up-to-date: /home/eid/ws_gazebo/install/diffdrive_arduino/share/diffdrive_arduino/config
[0.503s] -- Up-to-date: /home/eid/ws_gazebo/install/diffdrive_arduino/share/diffdrive_arduino/config/diffbot_controllers.yaml
[0.504s] -- Up-to-date: /home/eid/ws_gazebo/install/diffdrive_arduino/lib/libdiffdrive_arduino.so
[0.504s] -- Up-to-date: /home/eid/ws_gazebo/install/diffdrive_arduino/share/diffdrive_arduino/environment/library_path.sh
[0.504s] -- Up-to-date: /home/eid/ws_gazebo/install/diffdrive_arduino/share/diffdrive_arduino/environment/library_path.dsv
[0.504s] -- Up-to-date: /home/eid/ws_gazebo/install/diffdrive_arduino/share/ament_index/resource_index/package_run_dependencies/diffdrive_arduino
[0.504s] -- Up-to-date: /home/eid/ws_gazebo/install/diffdrive_arduino/share/ament_index/resource_index/parent_prefix_path/diffdrive_arduino
[0.505s] -- Up-to-date: /home/eid/ws_gazebo/install/diffdrive_arduino/share/diffdrive_arduino/environment/ament_prefix_path.sh
[0.505s] -- Up-to-date: /home/eid/ws_gazebo/install/diffdrive_arduino/share/diffdrive_arduino/environment/ament_prefix_path.dsv
[0.506s] -- Up-to-date: /home/eid/ws_gazebo/install/diffdrive_arduino/share/diffdrive_arduino/environment/path.sh
[0.506s] -- Up-to-date: /home/eid/ws_gazebo/install/diffdrive_arduino/share/diffdrive_arduino/environment/path.dsv
[0.506s] -- Up-to-date: /home/eid/ws_gazebo/install/diffdrive_arduino/share/diffdrive_arduino/local_setup.bash
[0.506s] -- Up-to-date: /home/eid/ws_gazebo/install/diffdrive_arduino/share/diffdrive_arduino/local_setup.sh
[0.506s] -- Up-to-date: /home/eid/ws_gazebo/install/diffdrive_arduino/share/diffdrive_arduino/local_setup.zsh
[0.506s] -- Up-to-date: /home/eid/ws_gazebo/install/diffdrive_arduino/share/diffdrive_arduino/local_setup.dsv
[0.506s] -- Installing: /home/eid/ws_gazebo/install/diffdrive_arduino/share/diffdrive_arduino/package.dsv
[0.506s] -- Up-to-date: /home/eid/ws_gazebo/install/diffdrive_arduino/share/ament_index/resource_index/packages/diffdrive_arduino
[0.507s] -- Up-to-date: /home/eid/ws_gazebo/install/diffdrive_arduino/share/ament_index/resource_index/hardware_interface__pluginlib__plugin/diffdrive_arduino
[0.507s] -- Up-to-date: /home/eid/ws_gazebo/install/diffdrive_arduino/share/diffdrive_arduino/cmake/export_diffdrive_arduinoExport.cmake
[0.507s] -- Up-to-date: /home/eid/ws_gazebo/install/diffdrive_arduino/share/diffdrive_arduino/cmake/export_diffdrive_arduinoExport-noconfig.cmake
[0.508s] -- Up-to-date: /home/eid/ws_gazebo/install/diffdrive_arduino/share/diffdrive_arduino/cmake/ament_cmake_export_targets-extras.cmake
[0.509s] -- Up-to-date: /home/eid/ws_gazebo/install/diffdrive_arduino/share/diffdrive_arduino/cmake/ament_cmake_export_dependencies-extras.cmake
[0.509s] -- Up-to-date: /home/eid/ws_gazebo/install/diffdrive_arduino/share/diffdrive_arduino/cmake/diffdrive_arduinoConfig.cmake
[0.509s] -- Up-to-date: /home/eid/ws_gazebo/install/diffdrive_arduino/share/diffdrive_arduino/cmake/diffdrive_arduinoConfig-version.cmake
[0.509s] -- Up-to-date: /home/eid/ws_gazebo/install/diffdrive_arduino/share/diffdrive_arduino/package.xml
[0.582s] Invoked command in '/home/eid/ws_gazebo/build/diffdrive_arduino' returned '0': CMAKE_PREFIX_PATH=${CMAKE_PREFIX_PATH}:/home/eid/ws_gazebo/install/serial_motor_demo:/home/eid/colcon_ws/install/move_robot:/opt/ros/humble /usr/bin/cmake --install /home/eid/ws_gazebo/build/diffdrive_arduino
