[0.169s] Invoking command in '/home/eid/ws_gazebo/build/serial': CMAKE_PREFIX_PATH=${CMAKE_PREFIX_PATH}:/home/eid/ws_gazebo/src/install/serial_motor_demo:/home/eid/ws_gazebo/install/serial_motor_demo:/home/eid/ws_gazebo/install/serial:/home/eid/ws_gazebo/install/diffdrive_arduino:/opt/ros/humble /usr/bin/cmake --build /home/eid/ws_gazebo/build/serial -- -j8 -l8
[0.259s] [ 28%] Built target serial
[0.273s] [ 42%] Built target gtest
[0.274s] [ 57%] Built target gtest_main
[0.322s] [ 71%] Built target serial-test-timer
[0.324s] [ 85%] Built target serial_example
[0.347s] [100%] Built target serial-test
[0.359s] Invoked command in '/home/eid/ws_gazebo/build/serial' returned '0': CMAKE_PREFIX_PATH=${CMAKE_PREFIX_PATH}:/home/eid/ws_gazebo/src/install/serial_motor_demo:/home/eid/ws_gazebo/install/serial_motor_demo:/home/eid/ws_gazebo/install/serial:/home/eid/ws_gazebo/install/diffdrive_arduino:/opt/ros/humble /usr/bin/cmake --build /home/eid/ws_gazebo/build/serial -- -j8 -l8
[0.474s] Invoking command in '/home/eid/ws_gazebo/build/serial': CMAKE_PREFIX_PATH=${CMAKE_PREFIX_PATH}:/home/eid/ws_gazebo/src/install/serial_motor_demo:/home/eid/ws_gazebo/install/serial_motor_demo:/home/eid/ws_gazebo/install/serial:/home/eid/ws_gazebo/install/diffdrive_arduino:/opt/ros/humble /usr/bin/cmake --install /home/eid/ws_gazebo/build/serial
[0.567s] -- Install configuration: ""
[0.568s] -- Execute custom install script
[0.568s] -- Up-to-date symlink: /home/eid/ws_gazebo/install/serial/lib/libserial.a
[0.568s] -- Up-to-date symlink: /home/eid/ws_gazebo/install/serial/include/serial/serial.h
[0.568s] -- Up-to-date symlink: /home/eid/ws_gazebo/install/serial/include/serial/v8stdint.h
[0.568s] -- Up-to-date symlink: /home/eid/ws_gazebo/install/serial/share/serial/environment/library_path.sh
[0.569s] -- Up-to-date symlink: /home/eid/ws_gazebo/install/serial/share/serial/environment/library_path.dsv
[0.569s] -- Up-to-date symlink: /home/eid/ws_gazebo/install/serial/share/ament_index/resource_index/package_run_dependencies/serial
[0.569s] -- Up-to-date symlink: /home/eid/ws_gazebo/install/serial/share/ament_index/resource_index/parent_prefix_path/serial
[0.570s] -- Up-to-date symlink: /home/eid/ws_gazebo/install/serial/share/serial/environment/ament_prefix_path.sh
[0.570s] -- Up-to-date symlink: /home/eid/ws_gazebo/install/serial/share/serial/environment/ament_prefix_path.dsv
[0.570s] -- Up-to-date symlink: /home/eid/ws_gazebo/install/serial/share/serial/environment/path.sh
[0.570s] -- Up-to-date symlink: /home/eid/ws_gazebo/install/serial/share/serial/environment/path.dsv
[0.571s] -- Up-to-date symlink: /home/eid/ws_gazebo/install/serial/share/serial/local_setup.bash
[0.571s] -- Up-to-date symlink: /home/eid/ws_gazebo/install/serial/share/serial/local_setup.sh
[0.571s] -- Up-to-date symlink: /home/eid/ws_gazebo/install/serial/share/serial/local_setup.zsh
[0.571s] -- Up-to-date symlink: /home/eid/ws_gazebo/install/serial/share/serial/local_setup.dsv
[0.571s] -- Up-to-date symlink: /home/eid/ws_gazebo/install/serial/share/serial/package.dsv
[0.571s] -- Up-to-date symlink: /home/eid/ws_gazebo/install/serial/share/ament_index/resource_index/packages/serial
[0.571s] -- Up-to-date symlink: /home/eid/ws_gazebo/install/serial/share/serial/cmake/ament_cmake_export_include_directories-extras.cmake
[0.571s] -- Up-to-date symlink: /home/eid/ws_gazebo/install/serial/share/serial/cmake/ament_cmake_export_libraries-extras.cmake
[0.571s] -- Up-to-date symlink: /home/eid/ws_gazebo/install/serial/share/serial/cmake/serialConfig.cmake
[0.572s] -- Up-to-date symlink: /home/eid/ws_gazebo/install/serial/share/serial/cmake/serialConfig-version.cmake
[0.572s] -- Up-to-date symlink: /home/eid/ws_gazebo/install/serial/share/serial/package.xml
