[0.110s] Invoking command in '/home/eid/ws_gazebo/src/build/serial': CMAKE_PREFIX_PATH=${CMAKE_PREFIX_PATH}:/home/eid/ws_gazebo/src/install/serial_motor_demo:/home/eid/ws_gazebo/install/serial_motor_demo:/home/eid/ws_gazebo/install/my_first_pkg:/home/eid/colcon_ws/install/move_robot:/opt/ros/humble /usr/bin/cmake --build /home/eid/ws_gazebo/src/build/serial -- -j8 -l8
[0.200s] [ 28%] Built target serial
[0.206s] [ 42%] Built target gtest_main
[0.208s] [ 57%] Built target gtest
[0.234s] [ 71%] Built target serial_example
[0.242s] [ 85%] Built target serial-test
[0.253s] [100%] Built target serial-test-timer
[0.268s] Invoked command in '/home/eid/ws_gazebo/src/build/serial' returned '0': CMAKE_PREFIX_PATH=${CMAKE_PREFIX_PATH}:/home/eid/ws_gazebo/src/install/serial_motor_demo:/home/eid/ws_gazebo/install/serial_motor_demo:/home/eid/ws_gazebo/install/my_first_pkg:/home/eid/colcon_ws/install/move_robot:/opt/ros/humble /usr/bin/cmake --build /home/eid/ws_gazebo/src/build/serial -- -j8 -l8
[0.351s] Invoking command in '/home/eid/ws_gazebo/src/build/serial': CMAKE_PREFIX_PATH=${CMAKE_PREFIX_PATH}:/home/eid/ws_gazebo/src/install/serial_motor_demo:/home/eid/ws_gazebo/install/serial_motor_demo:/home/eid/ws_gazebo/install/my_first_pkg:/home/eid/colcon_ws/install/move_robot:/opt/ros/humble /usr/bin/cmake --install /home/eid/ws_gazebo/src/build/serial
[0.358s] -- Install configuration: ""
[0.358s] -- Execute custom install script
[0.358s] -- Up-to-date symlink: /home/eid/ws_gazebo/src/install/serial/lib/libserial.a
[0.359s] -- Up-to-date symlink: /home/eid/ws_gazebo/src/install/serial/include/serial/serial.h
[0.359s] -- Up-to-date symlink: /home/eid/ws_gazebo/src/install/serial/include/serial/v8stdint.h
[0.359s] -- Up-to-date symlink: /home/eid/ws_gazebo/src/install/serial/share/serial/environment/library_path.sh
[0.359s] -- Up-to-date symlink: /home/eid/ws_gazebo/src/install/serial/share/serial/environment/library_path.dsv
[0.359s] -- Up-to-date symlink: /home/eid/ws_gazebo/src/install/serial/share/ament_index/resource_index/package_run_dependencies/serial
[0.360s] -- Up-to-date symlink: /home/eid/ws_gazebo/src/install/serial/share/ament_index/resource_index/parent_prefix_path/serial
[0.360s] -- Up-to-date symlink: /home/eid/ws_gazebo/src/install/serial/share/serial/environment/ament_prefix_path.sh
[0.360s] -- Up-to-date symlink: /home/eid/ws_gazebo/src/install/serial/share/serial/environment/ament_prefix_path.dsv
[0.361s] -- Up-to-date symlink: /home/eid/ws_gazebo/src/install/serial/share/serial/environment/path.sh
[0.361s] -- Up-to-date symlink: /home/eid/ws_gazebo/src/install/serial/share/serial/environment/path.dsv
[0.361s] -- Up-to-date symlink: /home/eid/ws_gazebo/src/install/serial/share/serial/local_setup.bash
[0.362s] -- Up-to-date symlink: /home/eid/ws_gazebo/src/install/serial/share/serial/local_setup.sh
[0.362s] -- Up-to-date symlink: /home/eid/ws_gazebo/src/install/serial/share/serial/local_setup.zsh
[0.362s] -- Up-to-date symlink: /home/eid/ws_gazebo/src/install/serial/share/serial/local_setup.dsv
[0.362s] -- Symlinking: /home/eid/ws_gazebo/src/install/serial/share/serial/package.dsv
[0.371s] -- Up-to-date symlink: /home/eid/ws_gazebo/src/install/serial/share/ament_index/resource_index/packages/serial
[0.372s] -- Up-to-date symlink: /home/eid/ws_gazebo/src/install/serial/share/serial/cmake/ament_cmake_export_include_directories-extras.cmake
[0.372s] -- Up-to-date symlink: /home/eid/ws_gazebo/src/install/serial/share/serial/cmake/ament_cmake_export_libraries-extras.cmake
[0.373s] -- Up-to-date symlink: /home/eid/ws_gazebo/src/install/serial/share/serial/cmake/serialConfig.cmake
[0.373s] -- Up-to-date symlink: /home/eid/ws_gazebo/src/install/serial/share/serial/cmake/serialConfig-version.cmake
[0.373s] -- Up-to-date symlink: /home/eid/ws_gazebo/src/install/serial/share/serial/package.xml
[0.582s] Invoked command in '/home/eid/ws_gazebo/src/build/serial' returned '0': CMAKE_PREFIX_PATH=${CMAKE_PREFIX_PATH}:/home/eid/ws_gazebo/src/install/serial_motor_demo:/home/eid/ws_gazebo/install/serial_motor_demo:/home/eid/ws_gazebo/install/my_first_pkg:/home/eid/colcon_ws/install/move_robot:/opt/ros/humble /usr/bin/cmake --install /home/eid/ws_gazebo/src/build/serial
