[0.087s] Invoking command in '/home/eid/ws_gazebo/src/nixbot/build/nixbot': CMAKE_PREFIX_PATH=${CMAKE_PREFIX_PATH}:/home/eid/colcon_ws/install/move_robot:/opt/ros/humble /usr/bin/cmake /home/eid/ws_gazebo/src/nixbot -DAMENT_CMAKE_SYMLINK_INSTALL=1 -DCMAKE_INSTALL_PREFIX=/home/eid/ws_gazebo/src/nixbot/install/nixbot
[0.320s] -- The C compiler identification is GNU 11.4.0
[0.493s] -- The CXX compiler identification is GNU 11.4.0
[0.505s] -- Detecting C compiler ABI info
[0.620s] -- Detecting C compiler ABI info - done
[0.631s] -- Check for working C compiler: /usr/bin/cc - skipped
[0.631s] -- Detecting C compile features
[0.632s] -- Detecting C compile features - done
[0.636s] -- Detecting CXX compiler ABI info
[0.726s] -- Detecting CXX compiler ABI info - done
[0.735s] -- Check for working CXX compiler: /usr/bin/c++ - skipped
[0.735s] -- Detecting CXX compile features
[0.736s] -- Detecting CXX compile features - done
[0.746s] -- Found ament_cmake: 1.3.8 (/opt/ros/humble/share/ament_cmake/cmake)
[0.957s] -- Found Python3: /usr/bin/python3 (found version "3.10.12") found components: Interpreter 
[1.052s] -- Override CMake install command with custom implementation using symlinks instead of copying resources
[1.126s] -- Found ament_lint_auto: 0.12.10 (/opt/ros/humble/share/ament_lint_auto/cmake)
[1.270s] -- Added test 'cppcheck' to perform static code analysis on C / C++ code
[1.270s] -- Configured cppcheck include dirs: 
[1.270s] -- Configured cppcheck exclude dirs and/or files: 
[1.273s] -- Added test 'flake8' to check Python code syntax and style conventions
[1.280s] -- Added test 'lint_cmake' to check CMake code style
[1.284s] -- Added test 'pep257' to check Python code against some of the docstring style conventions in PEP 257
[1.304s] -- Added test 'uncrustify' to check C / C++ code style
[1.304s] -- Configured uncrustify additional arguments: 
[1.307s] -- Added test 'xmllint' to check XML markup files
[1.309s] -- Configuring done
[1.312s] -- Generating done
[1.313s] -- Build files have been written to: /home/eid/ws_gazebo/src/nixbot/build/nixbot
[1.318s] Invoked command in '/home/eid/ws_gazebo/src/nixbot/build/nixbot' returned '0': CMAKE_PREFIX_PATH=${CMAKE_PREFIX_PATH}:/home/eid/colcon_ws/install/move_robot:/opt/ros/humble /usr/bin/cmake /home/eid/ws_gazebo/src/nixbot -DAMENT_CMAKE_SYMLINK_INSTALL=1 -DCMAKE_INSTALL_PREFIX=/home/eid/ws_gazebo/src/nixbot/install/nixbot
[1.320s] Invoking command in '/home/eid/ws_gazebo/src/nixbot/build/nixbot': CMAKE_PREFIX_PATH=${CMAKE_PREFIX_PATH}:/home/eid/colcon_ws/install/move_robot:/opt/ros/humble /usr/bin/cmake --build /home/eid/ws_gazebo/src/nixbot/build/nixbot -- -j8 -l8
[1.357s] Invoked command in '/home/eid/ws_gazebo/src/nixbot/build/nixbot' returned '0': CMAKE_PREFIX_PATH=${CMAKE_PREFIX_PATH}:/home/eid/colcon_ws/install/move_robot:/opt/ros/humble /usr/bin/cmake --build /home/eid/ws_gazebo/src/nixbot/build/nixbot -- -j8 -l8
[1.393s] Invoking command in '/home/eid/ws_gazebo/src/nixbot/build/nixbot': CMAKE_PREFIX_PATH=${CMAKE_PREFIX_PATH}:/home/eid/colcon_ws/install/move_robot:/opt/ros/humble /usr/bin/cmake --install /home/eid/ws_gazebo/src/nixbot/build/nixbot
[1.403s] -- Install configuration: ""
[1.404s] -- Execute custom install script
[1.405s] -- Symlinking: /home/eid/ws_gazebo/src/nixbot/install/nixbot/share/nixbot//launch/display.launch.py
[1.417s] -- Symlinking: /home/eid/ws_gazebo/src/nixbot/install/nixbot/share/nixbot//launch/frames_2024-03-03_21.54.33.gv
[1.427s] -- Symlinking: /home/eid/ws_gazebo/src/nixbot/install/nixbot/share/nixbot//launch/frames_2024-03-03_21.54.33.pdf
[1.436s] -- Symlinking: /home/eid/ws_gazebo/src/nixbot/install/nixbot/share/nixbot//launch/frames_2024-03-03_21.55.09.gv
[1.445s] -- Symlinking: /home/eid/ws_gazebo/src/nixbot/install/nixbot/share/nixbot//launch/frames_2024-03-03_21.55.09.pdf
[1.454s] -- Symlinking: /home/eid/ws_gazebo/src/nixbot/install/nixbot/share/nixbot//launch/gazebo_model.launch.py
[1.463s] -- Symlinking: /home/eid/ws_gazebo/src/nixbot/install/nixbot/share/nixbot//launch/localization_launch.py
[1.475s] -- Symlinking: /home/eid/ws_gazebo/src/nixbot/install/nixbot/share/nixbot//launch/mapping.launch.py
[1.486s] -- Symlinking: /home/eid/ws_gazebo/src/nixbot/install/nixbot/share/nixbot//launch/navigation2_launch.py
[1.494s] -- Symlinking: /home/eid/ws_gazebo/src/nixbot/install/nixbot/share/nixbot//launch/rviz.launch.py
[1.503s] -- Symlinking: /home/eid/ws_gazebo/src/nixbot/install/nixbot/share/nixbot//launch/world.launch
[1.512s] -- Symlinking: /home/eid/ws_gazebo/src/nixbot/install/nixbot/share/nixbot//model/control.xacro
[1.521s] -- Symlinking: /home/eid/ws_gazebo/src/nixbot/install/nixbot/share/nixbot//model/rob.urdf
[1.530s] -- Symlinking: /home/eid/ws_gazebo/src/nixbot/install/nixbot/share/nixbot//rviz/config.rviz
[1.539s] -- Symlinking: /home/eid/ws_gazebo/src/nixbot/install/nixbot/share/ament_index/resource_index/package_run_dependencies/nixbot
[1.548s] -- Symlinking: /home/eid/ws_gazebo/src/nixbot/install/nixbot/share/ament_index/resource_index/parent_prefix_path/nixbot
[1.557s] -- Symlinking: /home/eid/ws_gazebo/src/nixbot/install/nixbot/share/nixbot/environment/ament_prefix_path.sh
[1.569s] -- Symlinking: /home/eid/ws_gazebo/src/nixbot/install/nixbot/share/nixbot/environment/ament_prefix_path.dsv
[1.579s] -- Symlinking: /home/eid/ws_gazebo/src/nixbot/install/nixbot/share/nixbot/environment/path.sh
[1.591s] -- Symlinking: /home/eid/ws_gazebo/src/nixbot/install/nixbot/share/nixbot/environment/path.dsv
[1.600s] -- Symlinking: /home/eid/ws_gazebo/src/nixbot/install/nixbot/share/nixbot/local_setup.bash
[1.609s] -- Symlinking: /home/eid/ws_gazebo/src/nixbot/install/nixbot/share/nixbot/local_setup.sh
[1.617s] -- Symlinking: /home/eid/ws_gazebo/src/nixbot/install/nixbot/share/nixbot/local_setup.zsh
[1.626s] -- Symlinking: /home/eid/ws_gazebo/src/nixbot/install/nixbot/share/nixbot/local_setup.dsv
[1.635s] -- Symlinking: /home/eid/ws_gazebo/src/nixbot/install/nixbot/share/nixbot/package.dsv
[1.644s] -- Symlinking: /home/eid/ws_gazebo/src/nixbot/install/nixbot/share/ament_index/resource_index/packages/nixbot
[1.653s] -- Symlinking: /home/eid/ws_gazebo/src/nixbot/install/nixbot/share/nixbot/cmake/nixbotConfig.cmake
[1.662s] -- Symlinking: /home/eid/ws_gazebo/src/nixbot/install/nixbot/share/nixbot/cmake/nixbotConfig-version.cmake
[1.673s] -- Symlinking: /home/eid/ws_gazebo/src/nixbot/install/nixbot/share/nixbot/package.xml
[1.684s] Invoked command in '/home/eid/ws_gazebo/src/nixbot/build/nixbot' returned '0': CMAKE_PREFIX_PATH=${CMAKE_PREFIX_PATH}:/home/eid/colcon_ws/install/move_robot:/opt/ros/humble /usr/bin/cmake --install /home/eid/ws_gazebo/src/nixbot/build/nixbot
