[0.495s] Invoking command in '/home/eid/ws_gazebo/build/diffdrive_arduino': CMAKE_PREFIX_PATH=${CMAKE_PREFIX_PATH}:/home/eid/ws_gazebo/src/install/serial_motor_demo:/home/eid/ws_gazebo/install/serial_motor_demo:/home/eid/ws_gazebo/install/serial:/home/eid/ws_gazebo/install/diffdrive_arduino:/opt/ros/humble /usr/bin/cmake --build /home/eid/ws_gazebo/build/diffdrive_arduino -- -j8 -l8
[0.603s] [100%] Built target diffdrive_arduino
[0.631s] Invoked command in '/home/eid/ws_gazebo/build/diffdrive_arduino' returned '0': CMAKE_PREFIX_PATH=${CMAKE_PREFIX_PATH}:/home/eid/ws_gazebo/src/install/serial_motor_demo:/home/eid/ws_gazebo/install/serial_motor_demo:/home/eid/ws_gazebo/install/serial:/home/eid/ws_gazebo/install/diffdrive_arduino:/opt/ros/humble /usr/bin/cmake --build /home/eid/ws_gazebo/build/diffdrive_arduino -- -j8 -l8
[0.703s] Invoking command in '/home/eid/ws_gazebo/build/diffdrive_arduino': CMAKE_PREFIX_PATH=${CMAKE_PREFIX_PATH}:/home/eid/ws_gazebo/src/install/serial_motor_demo:/home/eid/ws_gazebo/install/serial_motor_demo:/home/eid/ws_gazebo/install/serial:/home/eid/ws_gazebo/install/diffdrive_arduino:/opt/ros/humble /usr/bin/cmake --install /home/eid/ws_gazebo/build/diffdrive_arduino
[0.715s] -- Install configuration: ""
[0.717s] -- Execute custom install script
[0.717s] -- Up-to-date symlink: /home/eid/ws_gazebo/install/diffdrive_arduino/share/diffdrive_arduino//diffdrive_arduino.xml
[0.717s] -- Up-to-date symlink: /home/eid/ws_gazebo/install/diffdrive_arduino/include/diffdrive_arduino/diffdrive_arduino/arduino_comms.hpp
[0.717s] -- Up-to-date symlink: /home/eid/ws_gazebo/install/diffdrive_arduino/include/diffdrive_arduino/diffdrive_arduino/diffbot_system.hpp
[0.718s] -- Up-to-date symlink: /home/eid/ws_gazebo/install/diffdrive_arduino/include/diffdrive_arduino/diffdrive_arduino/visibility_control.h
[0.718s] -- Up-to-date symlink: /home/eid/ws_gazebo/install/diffdrive_arduino/include/diffdrive_arduino/diffdrive_arduino/wheel.hpp
[0.718s] -- Up-to-date symlink: /home/eid/ws_gazebo/install/diffdrive_arduino/share/diffdrive_arduino/launch/view_robot.launch.py
[0.718s] -- Up-to-date symlink: /home/eid/ws_gazebo/install/diffdrive_arduino/share/diffdrive_arduino/ros2_control/diffbot.ros2_control.xacro
[0.720s] -- Up-to-date symlink: /home/eid/ws_gazebo/install/diffdrive_arduino/share/diffdrive_arduino/urdf/diffbot.materials.xacro
[0.720s] -- Up-to-date symlink: /home/eid/ws_gazebo/install/diffdrive_arduino/share/diffdrive_arduino/urdf/diffbot.urdf.xacro
[0.721s] -- Up-to-date symlink: /home/eid/ws_gazebo/install/diffdrive_arduino/share/diffdrive_arduino/urdf/diffbot_description.urdf.xacro
[0.724s] -- Up-to-date symlink: /home/eid/ws_gazebo/install/diffdrive_arduino/share/diffdrive_arduino/rviz/diffbot.rviz
[0.725s] -- Up-to-date symlink: /home/eid/ws_gazebo/install/diffdrive_arduino/share/diffdrive_arduino/rviz/diffbot_view.rviz
[0.725s] -- Up-to-date symlink: /home/eid/ws_gazebo/install/diffdrive_arduino/share/diffdrive_arduino/launch/diffbot.launch.py
[0.726s] -- Up-to-date symlink: /home/eid/ws_gazebo/install/diffdrive_arduino/share/diffdrive_arduino/config/diffbot_controllers.yaml
[0.726s] -- Up-to-date symlink: /home/eid/ws_gazebo/install/diffdrive_arduino/share/diffdrive_arduino/environment/library_path.sh
[0.727s] -- Up-to-date symlink: /home/eid/ws_gazebo/install/diffdrive_arduino/share/diffdrive_arduino/environment/library_path.dsv
[0.728s] -- Up-to-date symlink: /home/eid/ws_gazebo/install/diffdrive_arduino/share/ament_index/resource_index/package_run_dependencies/diffdrive_arduino
[0.731s] -- Up-to-date symlink: /home/eid/ws_gazebo/install/diffdrive_arduino/share/ament_index/resource_index/parent_prefix_path/diffdrive_arduino
[0.732s] -- Up-to-date symlink: /home/eid/ws_gazebo/install/diffdrive_arduino/share/diffdrive_arduino/environment/ament_prefix_path.sh
[0.732s] -- Up-to-date symlink: /home/eid/ws_gazebo/install/diffdrive_arduino/share/diffdrive_arduino/environment/ament_prefix_path.dsv
[0.733s] -- Up-to-date symlink: /home/eid/ws_gazebo/install/diffdrive_arduino/share/diffdrive_arduino/environment/path.sh
[0.733s] -- Up-to-date symlink: /home/eid/ws_gazebo/install/diffdrive_arduino/share/diffdrive_arduino/environment/path.dsv
[0.734s] -- Up-to-date symlink: /home/eid/ws_gazebo/install/diffdrive_arduino/share/diffdrive_arduino/local_setup.bash
[0.735s] -- Up-to-date symlink: /home/eid/ws_gazebo/install/diffdrive_arduino/share/diffdrive_arduino/local_setup.sh
[0.736s] -- Up-to-date symlink: /home/eid/ws_gazebo/install/diffdrive_arduino/share/diffdrive_arduino/local_setup.zsh
[0.737s] -- Up-to-date symlink: /home/eid/ws_gazebo/install/diffdrive_arduino/share/diffdrive_arduino/local_setup.dsv
[0.737s] -- Up-to-date symlink: /home/eid/ws_gazebo/install/diffdrive_arduino/share/diffdrive_arduino/package.dsv
[0.740s] -- Up-to-date symlink: /home/eid/ws_gazebo/install/diffdrive_arduino/share/ament_index/resource_index/packages/diffdrive_arduino
[0.740s] -- Up-to-date symlink: /home/eid/ws_gazebo/install/diffdrive_arduino/share/ament_index/resource_index/hardware_interface__pluginlib__plugin/diffdrive_arduino
[0.741s] -- Up-to-date symlink: /home/eid/ws_gazebo/install/diffdrive_arduino/share/diffdrive_arduino/cmake/ament_cmake_export_targets-extras.cmake
[0.742s] -- Up-to-date symlink: /home/eid/ws_gazebo/install/diffdrive_arduino/share/diffdrive_arduino/cmake/ament_cmake_export_dependencies-extras.cmake
[0.742s] -- Up-to-date symlink: /home/eid/ws_gazebo/install/diffdrive_arduino/share/diffdrive_arduino/cmake/diffdrive_arduinoConfig.cmake
[0.743s] -- Up-to-date symlink: /home/eid/ws_gazebo/install/diffdrive_arduino/share/diffdrive_arduino/cmake/diffdrive_arduinoConfig-version.cmake
[0.743s] -- Up-to-date symlink: /home/eid/ws_gazebo/install/diffdrive_arduino/share/diffdrive_arduino/package.xml
[0.743s] -- Up-to-date: /home/eid/ws_gazebo/install/diffdrive_arduino/lib/libdiffdrive_arduino.so
[0.743s] -- Up-to-date: /home/eid/ws_gazebo/install/diffdrive_arduino/share/diffdrive_arduino/cmake/export_diffdrive_arduinoExport.cmake
[0.744s] -- Up-to-date: /home/eid/ws_gazebo/install/diffdrive_arduino/share/diffdrive_arduino/cmake/export_diffdrive_arduinoExport-noconfig.cmake
[0.921s] Invoked command in '/home/eid/ws_gazebo/build/diffdrive_arduino' returned '0': CMAKE_PREFIX_PATH=${CMAKE_PREFIX_PATH}:/home/eid/ws_gazebo/src/install/serial_motor_demo:/home/eid/ws_gazebo/install/serial_motor_demo:/home/eid/ws_gazebo/install/serial:/home/eid/ws_gazebo/install/diffdrive_arduino:/opt/ros/humble /usr/bin/cmake --install /home/eid/ws_gazebo/build/diffdrive_arduino
