[0.367s] Invoking command in '/home/eid/ws_gazebo/build/serial_motor_demo_msgs': CMAKE_PREFIX_PATH=${CMAKE_PREFIX_PATH}:/home/eid/colcon_ws/install/move_robot:/opt/ros/humble /usr/bin/cmake --build /home/eid/ws_gazebo/build/serial_motor_demo_msgs -- -j8 -l8
[0.408s] [35m[1mConsolidate compiler generated dependencies of target serial_motor_demo_msgs__rosidl_generator_c[0m
[0.421s] [  2%] Built target serial_motor_demo_msgs__cpp
[0.424s] [ 12%] Built target serial_motor_demo_msgs__rosidl_generator_c
[0.434s] [35m[1mConsolidate compiler generated dependencies of target serial_motor_demo_msgs__rosidl_typesupport_cpp[0m
[0.443s] [35m[1mConsolidate compiler generated dependencies of target serial_motor_demo_msgs__rosidl_typesupport_introspection_cpp[0m
[0.443s] [ 12%] Built target ament_cmake_python_copy_serial_motor_demo_msgs
[0.444s] [35m[1mConsolidate compiler generated dependencies of target serial_motor_demo_msgs__rosidl_typesupport_c[0m
[0.447s] [35m[1mConsolidate compiler generated dependencies of target serial_motor_demo_msgs__rosidl_typesupport_fastrtps_c[0m
[0.460s] [35m[1mConsolidate compiler generated dependencies of target serial_motor_demo_msgs__rosidl_typesupport_fastrtps_cpp[0m
[0.461s] [35m[1mConsolidate compiler generated dependencies of target serial_motor_demo_msgs__rosidl_typesupport_introspection_c[0m
[0.463s] [ 23%] Built target serial_motor_demo_msgs__rosidl_typesupport_cpp
[0.472s] [ 34%] Built target serial_motor_demo_msgs__rosidl_typesupport_introspection_cpp
[0.479s] [ 44%] Built target serial_motor_demo_msgs__rosidl_typesupport_c
[0.486s] [ 55%] Built target serial_motor_demo_msgs__rosidl_typesupport_introspection_c
[0.491s] [ 65%] Built target serial_motor_demo_msgs__rosidl_typesupport_fastrtps_c
[0.497s] [ 76%] Built target serial_motor_demo_msgs__rosidl_typesupport_fastrtps_cpp
[0.522s] [ 76%] Built target serial_motor_demo_msgs
[0.541s] [ 78%] Built target serial_motor_demo_msgs__py
[0.551s] [35m[1mConsolidate compiler generated dependencies of target serial_motor_demo_msgs__rosidl_generator_py[0m
[0.565s] [ 87%] Built target serial_motor_demo_msgs__rosidl_generator_py
[0.574s] [35m[1mConsolidate compiler generated dependencies of target serial_motor_demo_msgs__rosidl_typesupport_c__pyext[0m
[0.575s] [35m[1mConsolidate compiler generated dependencies of target serial_motor_demo_msgs__rosidl_typesupport_introspection_c__pyext[0m
[0.576s] [35m[1mConsolidate compiler generated dependencies of target serial_motor_demo_msgs__rosidl_typesupport_fastrtps_c__pyext[0m
[0.588s] [ 91%] Built target serial_motor_demo_msgs__rosidl_typesupport_c__pyext
[0.589s] [ 95%] Built target serial_motor_demo_msgs__rosidl_typesupport_introspection_c__pyext
[0.593s] [100%] Built target serial_motor_demo_msgs__rosidl_typesupport_fastrtps_c__pyext
[0.743s] running egg_info
[0.744s] writing serial_motor_demo_msgs.egg-info/PKG-INFO
[0.744s] writing dependency_links to serial_motor_demo_msgs.egg-info/dependency_links.txt
[0.744s] writing top-level names to serial_motor_demo_msgs.egg-info/top_level.txt
[0.747s] reading manifest file 'serial_motor_demo_msgs.egg-info/SOURCES.txt'
[0.747s] writing manifest file 'serial_motor_demo_msgs.egg-info/SOURCES.txt'
[0.772s] [100%] Built target ament_cmake_python_build_serial_motor_demo_msgs_egg
[0.920s] Invoked command in '/home/eid/ws_gazebo/build/serial_motor_demo_msgs' returned '0': CMAKE_PREFIX_PATH=${CMAKE_PREFIX_PATH}:/home/eid/colcon_ws/install/move_robot:/opt/ros/humble /usr/bin/cmake --build /home/eid/ws_gazebo/build/serial_motor_demo_msgs -- -j8 -l8
[1.008s] Invoking command in '/home/eid/ws_gazebo/build/serial_motor_demo_msgs': CMAKE_PREFIX_PATH=${CMAKE_PREFIX_PATH}:/home/eid/colcon_ws/install/move_robot:/opt/ros/humble /usr/bin/cmake --install /home/eid/ws_gazebo/build/serial_motor_demo_msgs
[1.015s] -- Install configuration: ""
[1.016s] -- Up-to-date: /home/eid/ws_gazebo/install/serial_motor_demo_msgs/share/ament_index/resource_index/rosidl_interfaces/serial_motor_demo_msgs
[1.016s] -- Up-to-date: /home/eid/ws_gazebo/install/serial_motor_demo_msgs/include/serial_motor_demo_msgs/serial_motor_demo_msgs
[1.016s] -- Up-to-date: /home/eid/ws_gazebo/install/serial_motor_demo_msgs/include/serial_motor_demo_msgs/serial_motor_demo_msgs/msg
[1.017s] -- Up-to-date: /home/eid/ws_gazebo/install/serial_motor_demo_msgs/include/serial_motor_demo_msgs/serial_motor_demo_msgs/msg/encoder_vals.h
[1.017s] -- Up-to-date: /home/eid/ws_gazebo/install/serial_motor_demo_msgs/include/serial_motor_demo_msgs/serial_motor_demo_msgs/msg/motor_vels.h
[1.017s] -- Up-to-date: /home/eid/ws_gazebo/install/serial_motor_demo_msgs/include/serial_motor_demo_msgs/serial_motor_demo_msgs/msg/detail
[1.017s] -- Up-to-date: /home/eid/ws_gazebo/install/serial_motor_demo_msgs/include/serial_motor_demo_msgs/serial_motor_demo_msgs/msg/detail/motor_command__struct.h
[1.018s] -- Up-to-date: /home/eid/ws_gazebo/install/serial_motor_demo_msgs/include/serial_motor_demo_msgs/serial_motor_demo_msgs/msg/detail/motor_command__type_support.h
[1.018s] -- Up-to-date: /home/eid/ws_gazebo/install/serial_motor_demo_msgs/include/serial_motor_demo_msgs/serial_motor_demo_msgs/msg/detail/motor_vels__functions.c
[1.018s] -- Up-to-date: /home/eid/ws_gazebo/install/serial_motor_demo_msgs/include/serial_motor_demo_msgs/serial_motor_demo_msgs/msg/detail/motor_command__functions.c
[1.019s] -- Up-to-date: /home/eid/ws_gazebo/install/serial_motor_demo_msgs/include/serial_motor_demo_msgs/serial_motor_demo_msgs/msg/detail/motor_vels__struct.h
[1.019s] -- Up-to-date: /home/eid/ws_gazebo/install/serial_motor_demo_msgs/include/serial_motor_demo_msgs/serial_motor_demo_msgs/msg/detail/encoder_vals__struct.h
[1.019s] -- Up-to-date: /home/eid/ws_gazebo/install/serial_motor_demo_msgs/include/serial_motor_demo_msgs/serial_motor_demo_msgs/msg/detail/encoder_vals__type_support.h
[1.019s] -- Up-to-date: /home/eid/ws_gazebo/install/serial_motor_demo_msgs/include/serial_motor_demo_msgs/serial_motor_demo_msgs/msg/detail/encoder_vals__functions.h
[1.020s] -- Up-to-date: /home/eid/ws_gazebo/install/serial_motor_demo_msgs/include/serial_motor_demo_msgs/serial_motor_demo_msgs/msg/detail/motor_vels__type_support.h
[1.020s] -- Up-to-date: /home/eid/ws_gazebo/install/serial_motor_demo_msgs/include/serial_motor_demo_msgs/serial_motor_demo_msgs/msg/detail/motor_command__functions.h
[1.020s] -- Up-to-date: /home/eid/ws_gazebo/install/serial_motor_demo_msgs/include/serial_motor_demo_msgs/serial_motor_demo_msgs/msg/detail/encoder_vals__functions.c
[1.020s] -- Up-to-date: /home/eid/ws_gazebo/install/serial_motor_demo_msgs/include/serial_motor_demo_msgs/serial_motor_demo_msgs/msg/detail/motor_vels__functions.h
[1.021s] -- Up-to-date: /home/eid/ws_gazebo/install/serial_motor_demo_msgs/include/serial_motor_demo_msgs/serial_motor_demo_msgs/msg/motor_command.h
[1.021s] -- Up-to-date: /home/eid/ws_gazebo/install/serial_motor_demo_msgs/include/serial_motor_demo_msgs/serial_motor_demo_msgs/msg/rosidl_generator_c__visibility_control.h
[1.021s] -- Up-to-date: /home/eid/ws_gazebo/install/serial_motor_demo_msgs/share/serial_motor_demo_msgs/environment/library_path.sh
[1.022s] -- Up-to-date: /home/eid/ws_gazebo/install/serial_motor_demo_msgs/share/serial_motor_demo_msgs/environment/library_path.dsv
[1.022s] -- Up-to-date: /home/eid/ws_gazebo/install/serial_motor_demo_msgs/lib/libserial_motor_demo_msgs__rosidl_generator_c.so
[1.022s] -- Up-to-date: /home/eid/ws_gazebo/install/serial_motor_demo_msgs/include/serial_motor_demo_msgs/serial_motor_demo_msgs
[1.023s] -- Up-to-date: /home/eid/ws_gazebo/install/serial_motor_demo_msgs/include/serial_motor_demo_msgs/serial_motor_demo_msgs/msg
[1.023s] -- Up-to-date: /home/eid/ws_gazebo/install/serial_motor_demo_msgs/include/serial_motor_demo_msgs/serial_motor_demo_msgs/msg/detail
[1.023s] -- Up-to-date: /home/eid/ws_gazebo/install/serial_motor_demo_msgs/include/serial_motor_demo_msgs/serial_motor_demo_msgs/msg/detail/motor_command__rosidl_typesupport_fastrtps_c.h
[1.023s] -- Up-to-date: /home/eid/ws_gazebo/install/serial_motor_demo_msgs/include/serial_motor_demo_msgs/serial_motor_demo_msgs/msg/detail/encoder_vals__rosidl_typesupport_fastrtps_c.h
[1.024s] -- Up-to-date: /home/eid/ws_gazebo/install/serial_motor_demo_msgs/include/serial_motor_demo_msgs/serial_motor_demo_msgs/msg/detail/motor_vels__rosidl_typesupport_fastrtps_c.h
[1.024s] -- Up-to-date: /home/eid/ws_gazebo/install/serial_motor_demo_msgs/include/serial_motor_demo_msgs/serial_motor_demo_msgs/msg/rosidl_typesupport_fastrtps_c__visibility_control.h
[1.024s] -- Up-to-date: /home/eid/ws_gazebo/install/serial_motor_demo_msgs/lib/libserial_motor_demo_msgs__rosidl_typesupport_fastrtps_c.so
[1.024s] -- Up-to-date: /home/eid/ws_gazebo/install/serial_motor_demo_msgs/include/serial_motor_demo_msgs/serial_motor_demo_msgs
[1.025s] -- Up-to-date: /home/eid/ws_gazebo/install/serial_motor_demo_msgs/include/serial_motor_demo_msgs/serial_motor_demo_msgs/msg
[1.025s] -- Up-to-date: /home/eid/ws_gazebo/install/serial_motor_demo_msgs/include/serial_motor_demo_msgs/serial_motor_demo_msgs/msg/detail
[1.025s] -- Up-to-date: /home/eid/ws_gazebo/install/serial_motor_demo_msgs/include/serial_motor_demo_msgs/serial_motor_demo_msgs/msg/detail/motor_command__type_support.c
[1.026s] -- Up-to-date: /home/eid/ws_gazebo/install/serial_motor_demo_msgs/include/serial_motor_demo_msgs/serial_motor_demo_msgs/msg/detail/motor_vels__type_support.c
[1.026s] -- Up-to-date: /home/eid/ws_gazebo/install/serial_motor_demo_msgs/include/serial_motor_demo_msgs/serial_motor_demo_msgs/msg/detail/motor_command__rosidl_typesupport_introspection_c.h
[1.026s] -- Up-to-date: /home/eid/ws_gazebo/install/serial_motor_demo_msgs/include/serial_motor_demo_msgs/serial_motor_demo_msgs/msg/detail/encoder_vals__rosidl_typesupport_introspection_c.h
[1.027s] -- Up-to-date: /home/eid/ws_gazebo/install/serial_motor_demo_msgs/include/serial_motor_demo_msgs/serial_motor_demo_msgs/msg/detail/encoder_vals__type_support.c
[1.027s] -- Up-to-date: /home/eid/ws_gazebo/install/serial_motor_demo_msgs/include/serial_motor_demo_msgs/serial_motor_demo_msgs/msg/detail/motor_vels__rosidl_typesupport_introspection_c.h
[1.027s] -- Up-to-date: /home/eid/ws_gazebo/install/serial_motor_demo_msgs/include/serial_motor_demo_msgs/serial_motor_demo_msgs/msg/rosidl_typesupport_introspection_c__visibility_control.h
[1.028s] -- Up-to-date: /home/eid/ws_gazebo/install/serial_motor_demo_msgs/lib/libserial_motor_demo_msgs__rosidl_typesupport_introspection_c.so
[1.028s] -- Up-to-date: /home/eid/ws_gazebo/install/serial_motor_demo_msgs/lib/libserial_motor_demo_msgs__rosidl_typesupport_c.so
[1.028s] -- Up-to-date: /home/eid/ws_gazebo/install/serial_motor_demo_msgs/include/serial_motor_demo_msgs/serial_motor_demo_msgs
[1.028s] -- Up-to-date: /home/eid/ws_gazebo/install/serial_motor_demo_msgs/include/serial_motor_demo_msgs/serial_motor_demo_msgs/msg
[1.029s] -- Up-to-date: /home/eid/ws_gazebo/install/serial_motor_demo_msgs/include/serial_motor_demo_msgs/serial_motor_demo_msgs/msg/motor_command.hpp
[1.029s] -- Up-to-date: /home/eid/ws_gazebo/install/serial_motor_demo_msgs/include/serial_motor_demo_msgs/serial_motor_demo_msgs/msg/detail
[1.029s] -- Up-to-date: /home/eid/ws_gazebo/install/serial_motor_demo_msgs/include/serial_motor_demo_msgs/serial_motor_demo_msgs/msg/detail/encoder_vals__traits.hpp
[1.030s] -- Up-to-date: /home/eid/ws_gazebo/install/serial_motor_demo_msgs/include/serial_motor_demo_msgs/serial_motor_demo_msgs/msg/detail/motor_command__builder.hpp
[1.030s] -- Up-to-date: /home/eid/ws_gazebo/install/serial_motor_demo_msgs/include/serial_motor_demo_msgs/serial_motor_demo_msgs/msg/detail/encoder_vals__builder.hpp
[1.030s] -- Up-to-date: /home/eid/ws_gazebo/install/serial_motor_demo_msgs/include/serial_motor_demo_msgs/serial_motor_demo_msgs/msg/detail/motor_command__traits.hpp
[1.030s] -- Up-to-date: /home/eid/ws_gazebo/install/serial_motor_demo_msgs/include/serial_motor_demo_msgs/serial_motor_demo_msgs/msg/detail/motor_vels__struct.hpp
[1.031s] -- Up-to-date: /home/eid/ws_gazebo/install/serial_motor_demo_msgs/include/serial_motor_demo_msgs/serial_motor_demo_msgs/msg/detail/motor_command__struct.hpp
[1.031s] -- Up-to-date: /home/eid/ws_gazebo/install/serial_motor_demo_msgs/include/serial_motor_demo_msgs/serial_motor_demo_msgs/msg/detail/motor_vels__builder.hpp
[1.031s] -- Up-to-date: /home/eid/ws_gazebo/install/serial_motor_demo_msgs/include/serial_motor_demo_msgs/serial_motor_demo_msgs/msg/detail/encoder_vals__struct.hpp
[1.032s] -- Up-to-date: /home/eid/ws_gazebo/install/serial_motor_demo_msgs/include/serial_motor_demo_msgs/serial_motor_demo_msgs/msg/detail/motor_vels__traits.hpp
[1.032s] -- Up-to-date: /home/eid/ws_gazebo/install/serial_motor_demo_msgs/include/serial_motor_demo_msgs/serial_motor_demo_msgs/msg/motor_vels.hpp
[1.032s] -- Up-to-date: /home/eid/ws_gazebo/install/serial_motor_demo_msgs/include/serial_motor_demo_msgs/serial_motor_demo_msgs/msg/encoder_vals.hpp
[1.033s] -- Up-to-date: /home/eid/ws_gazebo/install/serial_motor_demo_msgs/include/serial_motor_demo_msgs/serial_motor_demo_msgs
[1.033s] -- Up-to-date: /home/eid/ws_gazebo/install/serial_motor_demo_msgs/include/serial_motor_demo_msgs/serial_motor_demo_msgs/msg
[1.033s] -- Up-to-date: /home/eid/ws_gazebo/install/serial_motor_demo_msgs/include/serial_motor_demo_msgs/serial_motor_demo_msgs/msg/detail
[1.033s] -- Up-to-date: /home/eid/ws_gazebo/install/serial_motor_demo_msgs/include/serial_motor_demo_msgs/serial_motor_demo_msgs/msg/detail/motor_vels__rosidl_typesupport_fastrtps_cpp.hpp
[1.034s] -- Up-to-date: /home/eid/ws_gazebo/install/serial_motor_demo_msgs/include/serial_motor_demo_msgs/serial_motor_demo_msgs/msg/detail/dds_fastrtps
[1.034s] -- Up-to-date: /home/eid/ws_gazebo/install/serial_motor_demo_msgs/include/serial_motor_demo_msgs/serial_motor_demo_msgs/msg/detail/motor_command__rosidl_typesupport_fastrtps_cpp.hpp
[1.034s] -- Up-to-date: /home/eid/ws_gazebo/install/serial_motor_demo_msgs/include/serial_motor_demo_msgs/serial_motor_demo_msgs/msg/detail/encoder_vals__rosidl_typesupport_fastrtps_cpp.hpp
[1.035s] -- Up-to-date: /home/eid/ws_gazebo/install/serial_motor_demo_msgs/include/serial_motor_demo_msgs/serial_motor_demo_msgs/msg/rosidl_typesupport_fastrtps_cpp__visibility_control.h
[1.035s] -- Up-to-date: /home/eid/ws_gazebo/install/serial_motor_demo_msgs/lib/libserial_motor_demo_msgs__rosidl_typesupport_fastrtps_cpp.so
[1.035s] -- Up-to-date: /home/eid/ws_gazebo/install/serial_motor_demo_msgs/include/serial_motor_demo_msgs/serial_motor_demo_msgs
[1.035s] -- Up-to-date: /home/eid/ws_gazebo/install/serial_motor_demo_msgs/include/serial_motor_demo_msgs/serial_motor_demo_msgs/msg
[1.036s] -- Up-to-date: /home/eid/ws_gazebo/install/serial_motor_demo_msgs/include/serial_motor_demo_msgs/serial_motor_demo_msgs/msg/detail
[1.036s] -- Up-to-date: /home/eid/ws_gazebo/install/serial_motor_demo_msgs/include/serial_motor_demo_msgs/serial_motor_demo_msgs/msg/detail/motor_vels__type_support.cpp
[1.036s] -- Up-to-date: /home/eid/ws_gazebo/install/serial_motor_demo_msgs/include/serial_motor_demo_msgs/serial_motor_demo_msgs/msg/detail/motor_command__rosidl_typesupport_introspection_cpp.hpp
[1.036s] -- Up-to-date: /home/eid/ws_gazebo/install/serial_motor_demo_msgs/include/serial_motor_demo_msgs/serial_motor_demo_msgs/msg/detail/motor_command__type_support.cpp
[1.037s] -- Up-to-date: /home/eid/ws_gazebo/install/serial_motor_demo_msgs/include/serial_motor_demo_msgs/serial_motor_demo_msgs/msg/detail/motor_vels__rosidl_typesupport_introspection_cpp.hpp
[1.037s] -- Up-to-date: /home/eid/ws_gazebo/install/serial_motor_demo_msgs/include/serial_motor_demo_msgs/serial_motor_demo_msgs/msg/detail/encoder_vals__rosidl_typesupport_introspection_cpp.hpp
[1.037s] -- Up-to-date: /home/eid/ws_gazebo/install/serial_motor_demo_msgs/include/serial_motor_demo_msgs/serial_motor_demo_msgs/msg/detail/encoder_vals__type_support.cpp
[1.038s] -- Up-to-date: /home/eid/ws_gazebo/install/serial_motor_demo_msgs/lib/libserial_motor_demo_msgs__rosidl_typesupport_introspection_cpp.so
[1.038s] -- Up-to-date: /home/eid/ws_gazebo/install/serial_motor_demo_msgs/lib/libserial_motor_demo_msgs__rosidl_typesupport_cpp.so
[1.038s] -- Up-to-date: /home/eid/ws_gazebo/install/serial_motor_demo_msgs/share/serial_motor_demo_msgs/environment/pythonpath.sh
[1.039s] -- Up-to-date: /home/eid/ws_gazebo/install/serial_motor_demo_msgs/share/serial_motor_demo_msgs/environment/pythonpath.dsv
[1.039s] -- Up-to-date: /home/eid/ws_gazebo/install/serial_motor_demo_msgs/local/lib/python3.10/dist-packages/serial_motor_demo_msgs-0.0.0-py3.10.egg-info
[1.039s] -- Installing: /home/eid/ws_gazebo/install/serial_motor_demo_msgs/local/lib/python3.10/dist-packages/serial_motor_demo_msgs-0.0.0-py3.10.egg-info/SOURCES.txt
[1.039s] -- Installing: /home/eid/ws_gazebo/install/serial_motor_demo_msgs/local/lib/python3.10/dist-packages/serial_motor_demo_msgs-0.0.0-py3.10.egg-info/dependency_links.txt
[1.040s] -- Installing: /home/eid/ws_gazebo/install/serial_motor_demo_msgs/local/lib/python3.10/dist-packages/serial_motor_demo_msgs-0.0.0-py3.10.egg-info/PKG-INFO
[1.040s] -- Installing: /home/eid/ws_gazebo/install/serial_motor_demo_msgs/local/lib/python3.10/dist-packages/serial_motor_demo_msgs-0.0.0-py3.10.egg-info/top_level.txt
[1.041s] -- Up-to-date: /home/eid/ws_gazebo/install/serial_motor_demo_msgs/local/lib/python3.10/dist-packages/serial_motor_demo_msgs
[1.041s] -- Up-to-date: /home/eid/ws_gazebo/install/serial_motor_demo_msgs/local/lib/python3.10/dist-packages/serial_motor_demo_msgs/_serial_motor_demo_msgs_s.ep.rosidl_typesupport_c.c
[1.041s] -- Up-to-date: /home/eid/ws_gazebo/install/serial_motor_demo_msgs/local/lib/python3.10/dist-packages/serial_motor_demo_msgs/msg
[1.041s] -- Up-to-date: /home/eid/ws_gazebo/install/serial_motor_demo_msgs/local/lib/python3.10/dist-packages/serial_motor_demo_msgs/msg/_motor_command_s.c
[1.042s] -- Up-to-date: /home/eid/ws_gazebo/install/serial_motor_demo_msgs/local/lib/python3.10/dist-packages/serial_motor_demo_msgs/msg/_encoder_vals_s.c
[1.042s] -- Up-to-date: /home/eid/ws_gazebo/install/serial_motor_demo_msgs/local/lib/python3.10/dist-packages/serial_motor_demo_msgs/msg/_motor_vels.py
[1.042s] -- Up-to-date: /home/eid/ws_gazebo/install/serial_motor_demo_msgs/local/lib/python3.10/dist-packages/serial_motor_demo_msgs/msg/_encoder_vals.py
[1.043s] -- Up-to-date: /home/eid/ws_gazebo/install/serial_motor_demo_msgs/local/lib/python3.10/dist-packages/serial_motor_demo_msgs/msg/_motor_command.py
[1.043s] -- Up-to-date: /home/eid/ws_gazebo/install/serial_motor_demo_msgs/local/lib/python3.10/dist-packages/serial_motor_demo_msgs/msg/_motor_vels_s.c
[1.043s] -- Up-to-date: /home/eid/ws_gazebo/install/serial_motor_demo_msgs/local/lib/python3.10/dist-packages/serial_motor_demo_msgs/msg/__init__.py
[1.044s] -- Up-to-date: /home/eid/ws_gazebo/install/serial_motor_demo_msgs/local/lib/python3.10/dist-packages/serial_motor_demo_msgs/serial_motor_demo_msgs_s__rosidl_typesupport_c.cpython-310-x86_64-linux-gnu.so
[1.044s] -- Up-to-date: /home/eid/ws_gazebo/install/serial_motor_demo_msgs/local/lib/python3.10/dist-packages/serial_motor_demo_msgs/serial_motor_demo_msgs_s__rosidl_typesupport_introspection_c.cpython-310-x86_64-linux-gnu.so
[1.044s] -- Up-to-date: /home/eid/ws_gazebo/install/serial_motor_demo_msgs/local/lib/python3.10/dist-packages/serial_motor_demo_msgs/_serial_motor_demo_msgs_s.ep.rosidl_typesupport_fastrtps_c.c
[1.045s] -- Up-to-date: /home/eid/ws_gazebo/install/serial_motor_demo_msgs/local/lib/python3.10/dist-packages/serial_motor_demo_msgs/_serial_motor_demo_msgs_s.ep.rosidl_typesupport_introspection_c.c
[1.045s] -- Up-to-date: /home/eid/ws_gazebo/install/serial_motor_demo_msgs/local/lib/python3.10/dist-packages/serial_motor_demo_msgs/serial_motor_demo_msgs_s__rosidl_typesupport_fastrtps_c.cpython-310-x86_64-linux-gnu.so
[1.045s] -- Up-to-date: /home/eid/ws_gazebo/install/serial_motor_demo_msgs/local/lib/python3.10/dist-packages/serial_motor_demo_msgs/libserial_motor_demo_msgs__rosidl_generator_py.so
[1.045s] -- Up-to-date: /home/eid/ws_gazebo/install/serial_motor_demo_msgs/local/lib/python3.10/dist-packages/serial_motor_demo_msgs/__init__.py
[1.051s] Listing '/home/eid/ws_gazebo/install/serial_motor_demo_msgs/local/lib/python3.10/dist-packages/serial_motor_demo_msgs'...
[1.051s] Listing '/home/eid/ws_gazebo/install/serial_motor_demo_msgs/local/lib/python3.10/dist-packages/serial_motor_demo_msgs/msg'...
[1.055s] -- Up-to-date: /home/eid/ws_gazebo/install/serial_motor_demo_msgs/local/lib/python3.10/dist-packages/serial_motor_demo_msgs/serial_motor_demo_msgs_s__rosidl_typesupport_fastrtps_c.cpython-310-x86_64-linux-gnu.so
[1.055s] -- Up-to-date: /home/eid/ws_gazebo/install/serial_motor_demo_msgs/local/lib/python3.10/dist-packages/serial_motor_demo_msgs/serial_motor_demo_msgs_s__rosidl_typesupport_introspection_c.cpython-310-x86_64-linux-gnu.so
[1.056s] -- Up-to-date: /home/eid/ws_gazebo/install/serial_motor_demo_msgs/local/lib/python3.10/dist-packages/serial_motor_demo_msgs/serial_motor_demo_msgs_s__rosidl_typesupport_c.cpython-310-x86_64-linux-gnu.so
[1.056s] -- Up-to-date: /home/eid/ws_gazebo/install/serial_motor_demo_msgs/lib/libserial_motor_demo_msgs__rosidl_generator_py.so
[1.057s] -- Up-to-date: /home/eid/ws_gazebo/install/serial_motor_demo_msgs/share/serial_motor_demo_msgs/msg/MotorCommand.idl
[1.057s] -- Up-to-date: /home/eid/ws_gazebo/install/serial_motor_demo_msgs/share/serial_motor_demo_msgs/msg/MotorVels.idl
[1.057s] -- Up-to-date: /home/eid/ws_gazebo/install/serial_motor_demo_msgs/share/serial_motor_demo_msgs/msg/EncoderVals.idl
[1.058s] -- Up-to-date: /home/eid/ws_gazebo/install/serial_motor_demo_msgs/share/serial_motor_demo_msgs/msg/MotorCommand.msg
[1.058s] -- Up-to-date: /home/eid/ws_gazebo/install/serial_motor_demo_msgs/share/serial_motor_demo_msgs/msg/MotorVels.msg
[1.058s] -- Up-to-date: /home/eid/ws_gazebo/install/serial_motor_demo_msgs/share/serial_motor_demo_msgs/msg/EncoderVals.msg
[1.059s] -- Up-to-date: /home/eid/ws_gazebo/install/serial_motor_demo_msgs/share/ament_index/resource_index/package_run_dependencies/serial_motor_demo_msgs
[1.059s] -- Up-to-date: /home/eid/ws_gazebo/install/serial_motor_demo_msgs/share/ament_index/resource_index/parent_prefix_path/serial_motor_demo_msgs
[1.059s] -- Up-to-date: /home/eid/ws_gazebo/install/serial_motor_demo_msgs/share/serial_motor_demo_msgs/environment/ament_prefix_path.sh
[1.059s] -- Up-to-date: /home/eid/ws_gazebo/install/serial_motor_demo_msgs/share/serial_motor_demo_msgs/environment/ament_prefix_path.dsv
[1.060s] -- Up-to-date: /home/eid/ws_gazebo/install/serial_motor_demo_msgs/share/serial_motor_demo_msgs/environment/path.sh
[1.060s] -- Up-to-date: /home/eid/ws_gazebo/install/serial_motor_demo_msgs/share/serial_motor_demo_msgs/environment/path.dsv
[1.060s] -- Up-to-date: /home/eid/ws_gazebo/install/serial_motor_demo_msgs/share/serial_motor_demo_msgs/local_setup.bash
[1.061s] -- Up-to-date: /home/eid/ws_gazebo/install/serial_motor_demo_msgs/share/serial_motor_demo_msgs/local_setup.sh
[1.061s] -- Up-to-date: /home/eid/ws_gazebo/install/serial_motor_demo_msgs/share/serial_motor_demo_msgs/local_setup.zsh
[1.061s] -- Up-to-date: /home/eid/ws_gazebo/install/serial_motor_demo_msgs/share/serial_motor_demo_msgs/local_setup.dsv
[1.061s] -- Installing: /home/eid/ws_gazebo/install/serial_motor_demo_msgs/share/serial_motor_demo_msgs/package.dsv
[1.062s] -- Up-to-date: /home/eid/ws_gazebo/install/serial_motor_demo_msgs/share/ament_index/resource_index/packages/serial_motor_demo_msgs
[1.062s] -- Up-to-date: /home/eid/ws_gazebo/install/serial_motor_demo_msgs/share/serial_motor_demo_msgs/cmake/export_serial_motor_demo_msgs__rosidl_generator_cExport.cmake
[1.062s] -- Up-to-date: /home/eid/ws_gazebo/install/serial_motor_demo_msgs/share/serial_motor_demo_msgs/cmake/export_serial_motor_demo_msgs__rosidl_generator_cExport-noconfig.cmake
[1.062s] -- Up-to-date: /home/eid/ws_gazebo/install/serial_motor_demo_msgs/share/serial_motor_demo_msgs/cmake/export_serial_motor_demo_msgs__rosidl_typesupport_fastrtps_cExport.cmake
[1.063s] -- Up-to-date: /home/eid/ws_gazebo/install/serial_motor_demo_msgs/share/serial_motor_demo_msgs/cmake/export_serial_motor_demo_msgs__rosidl_typesupport_fastrtps_cExport-noconfig.cmake
[1.063s] -- Up-to-date: /home/eid/ws_gazebo/install/serial_motor_demo_msgs/share/serial_motor_demo_msgs/cmake/serial_motor_demo_msgs__rosidl_typesupport_introspection_cExport.cmake
[1.063s] -- Up-to-date: /home/eid/ws_gazebo/install/serial_motor_demo_msgs/share/serial_motor_demo_msgs/cmake/serial_motor_demo_msgs__rosidl_typesupport_introspection_cExport-noconfig.cmake
[1.063s] -- Up-to-date: /home/eid/ws_gazebo/install/serial_motor_demo_msgs/share/serial_motor_demo_msgs/cmake/serial_motor_demo_msgs__rosidl_typesupport_cExport.cmake
[1.064s] -- Up-to-date: /home/eid/ws_gazebo/install/serial_motor_demo_msgs/share/serial_motor_demo_msgs/cmake/serial_motor_demo_msgs__rosidl_typesupport_cExport-noconfig.cmake
[1.064s] -- Up-to-date: /home/eid/ws_gazebo/install/serial_motor_demo_msgs/share/serial_motor_demo_msgs/cmake/export_serial_motor_demo_msgs__rosidl_generator_cppExport.cmake
[1.064s] -- Up-to-date: /home/eid/ws_gazebo/install/serial_motor_demo_msgs/share/serial_motor_demo_msgs/cmake/export_serial_motor_demo_msgs__rosidl_typesupport_fastrtps_cppExport.cmake
[1.064s] -- Up-to-date: /home/eid/ws_gazebo/install/serial_motor_demo_msgs/share/serial_motor_demo_msgs/cmake/export_serial_motor_demo_msgs__rosidl_typesupport_fastrtps_cppExport-noconfig.cmake
[1.065s] -- Up-to-date: /home/eid/ws_gazebo/install/serial_motor_demo_msgs/share/serial_motor_demo_msgs/cmake/serial_motor_demo_msgs__rosidl_typesupport_introspection_cppExport.cmake
[1.065s] -- Up-to-date: /home/eid/ws_gazebo/install/serial_motor_demo_msgs/share/serial_motor_demo_msgs/cmake/serial_motor_demo_msgs__rosidl_typesupport_introspection_cppExport-noconfig.cmake
[1.065s] -- Up-to-date: /home/eid/ws_gazebo/install/serial_motor_demo_msgs/share/serial_motor_demo_msgs/cmake/serial_motor_demo_msgs__rosidl_typesupport_cppExport.cmake
[1.066s] -- Up-to-date: /home/eid/ws_gazebo/install/serial_motor_demo_msgs/share/serial_motor_demo_msgs/cmake/serial_motor_demo_msgs__rosidl_typesupport_cppExport-noconfig.cmake
[1.066s] -- Up-to-date: /home/eid/ws_gazebo/install/serial_motor_demo_msgs/share/serial_motor_demo_msgs/cmake/export_serial_motor_demo_msgs__rosidl_generator_pyExport.cmake
[1.066s] -- Up-to-date: /home/eid/ws_gazebo/install/serial_motor_demo_msgs/share/serial_motor_demo_msgs/cmake/export_serial_motor_demo_msgs__rosidl_generator_pyExport-noconfig.cmake
[1.066s] -- Up-to-date: /home/eid/ws_gazebo/install/serial_motor_demo_msgs/share/serial_motor_demo_msgs/cmake/rosidl_cmake-extras.cmake
[1.066s] -- Up-to-date: /home/eid/ws_gazebo/install/serial_motor_demo_msgs/share/serial_motor_demo_msgs/cmake/ament_cmake_export_include_directories-extras.cmake
[1.067s] -- Up-to-date: /home/eid/ws_gazebo/install/serial_motor_demo_msgs/share/serial_motor_demo_msgs/cmake/ament_cmake_export_libraries-extras.cmake
[1.067s] -- Up-to-date: /home/eid/ws_gazebo/install/serial_motor_demo_msgs/share/serial_motor_demo_msgs/cmake/ament_cmake_export_targets-extras.cmake
[1.067s] -- Up-to-date: /home/eid/ws_gazebo/install/serial_motor_demo_msgs/share/serial_motor_demo_msgs/cmake/rosidl_cmake_export_typesupport_targets-extras.cmake
[1.067s] -- Up-to-date: /home/eid/ws_gazebo/install/serial_motor_demo_msgs/share/serial_motor_demo_msgs/cmake/ament_cmake_export_dependencies-extras.cmake
[1.068s] -- Up-to-date: /home/eid/ws_gazebo/install/serial_motor_demo_msgs/share/serial_motor_demo_msgs/cmake/rosidl_cmake_export_typesupport_libraries-extras.cmake
[1.068s] -- Up-to-date: /home/eid/ws_gazebo/install/serial_motor_demo_msgs/share/serial_motor_demo_msgs/cmake/serial_motor_demo_msgsConfig.cmake
[1.068s] -- Up-to-date: /home/eid/ws_gazebo/install/serial_motor_demo_msgs/share/serial_motor_demo_msgs/cmake/serial_motor_demo_msgsConfig-version.cmake
[1.068s] -- Up-to-date: /home/eid/ws_gazebo/install/serial_motor_demo_msgs/share/serial_motor_demo_msgs/package.xml
[1.114s] Invoked command in '/home/eid/ws_gazebo/build/serial_motor_demo_msgs' returned '0': CMAKE_PREFIX_PATH=${CMAKE_PREFIX_PATH}:/home/eid/colcon_ws/install/move_robot:/opt/ros/humble /usr/bin/cmake --install /home/eid/ws_gazebo/build/serial_motor_demo_msgs
