[0.117s] Invoking command in '/home/eid/ws_gazebo/src/build/serial': CMAKE_PREFIX_PATH=${CMAKE_PREFIX_PATH}:/home/eid/ws_gazebo/src/install/serial_motor_demo:/home/eid/ws_gazebo/install/serial_motor_demo:/home/eid/ws_gazebo/install/my_first_pkg:/home/eid/colcon_ws/install/move_robot:/opt/ros/humble /usr/bin/cmake --build /home/eid/ws_gazebo/src/build/serial -- -j8 -l8
[0.198s] [ 14%] Built target gtest_main
[0.199s] [ 42%] Built target serial
[0.219s] [ 57%] Built target gtest
[0.250s] [ 71%] Built target serial_example
[0.273s] [ 85%] Built target serial-test
[0.274s] [100%] Built target serial-test-timer
[0.374s] Invoked command in '/home/eid/ws_gazebo/src/build/serial' returned '0': CMAKE_PREFIX_PATH=${CMAKE_PREFIX_PATH}:/home/eid/ws_gazebo/src/install/serial_motor_demo:/home/eid/ws_gazebo/install/serial_motor_demo:/home/eid/ws_gazebo/install/my_first_pkg:/home/eid/colcon_ws/install/move_robot:/opt/ros/humble /usr/bin/cmake --build /home/eid/ws_gazebo/src/build/serial -- -j8 -l8
[0.561s] Invoking command in '/home/eid/ws_gazebo/src/build/serial': CMAKE_PREFIX_PATH=${CMAKE_PREFIX_PATH}:/home/eid/ws_gazebo/src/install/serial_motor_demo:/home/eid/ws_gazebo/install/serial_motor_demo:/home/eid/ws_gazebo/install/my_first_pkg:/home/eid/colcon_ws/install/move_robot:/opt/ros/humble /usr/bin/cmake --install /home/eid/ws_gazebo/src/build/serial
[0.662s] -- Install configuration: ""
[0.662s] -- Execute custom install script
[0.662s] -- Up-to-date symlink: /home/eid/ws_gazebo/src/install/serial/lib/libserial.a
[0.663s] -- Up-to-date symlink: /home/eid/ws_gazebo/src/install/serial/include/serial/serial.h
[0.663s] -- Up-to-date symlink: /home/eid/ws_gazebo/src/install/serial/include/serial/v8stdint.h
[0.663s] -- Up-to-date symlink: /home/eid/ws_gazebo/src/install/serial/share/serial/environment/library_path.sh
[0.663s] -- Up-to-date symlink: /home/eid/ws_gazebo/src/install/serial/share/serial/environment/library_path.dsv
[0.663s] -- Up-to-date symlink: /home/eid/ws_gazebo/src/install/serial/share/ament_index/resource_index/package_run_dependencies/serial
[0.663s] -- Up-to-date symlink: /home/eid/ws_gazebo/src/install/serial/share/ament_index/resource_index/parent_prefix_path/serial
[0.664s] -- Up-to-date symlink: /home/eid/ws_gazebo/src/install/serial/share/serial/environment/ament_prefix_path.sh
[0.664s] -- Up-to-date symlink: /home/eid/ws_gazebo/src/install/serial/share/serial/environment/ament_prefix_path.dsv
[0.664s] -- Up-to-date symlink: /home/eid/ws_gazebo/src/install/serial/share/serial/environment/path.sh
[0.664s] -- Up-to-date symlink: /home/eid/ws_gazebo/src/install/serial/share/serial/environment/path.dsv
[0.664s] -- Up-to-date symlink: /home/eid/ws_gazebo/src/install/serial/share/serial/local_setup.bash
[0.664s] -- Up-to-date symlink: /home/eid/ws_gazebo/src/install/serial/share/serial/local_setup.sh
[0.665s] -- Up-to-date symlink: /home/eid/ws_gazebo/src/install/serial/share/serial/local_setup.zsh
[0.665s] -- Up-to-date symlink: /home/eid/ws_gazebo/src/install/serial/share/serial/local_setup.dsv
[0.665s] -- Symlinking: /home/eid/ws_gazebo/src/install/serial/share/serial/package.dsv
[0.666s] -- Up-to-date symlink: /home/eid/ws_gazebo/src/install/serial/share/ament_index/resource_index/packages/serial
[0.666s] -- Up-to-date symlink: /home/eid/ws_gazebo/src/install/serial/share/serial/cmake/ament_cmake_export_include_directories-extras.cmake
[0.666s] -- Up-to-date symlink: /home/eid/ws_gazebo/src/install/serial/share/serial/cmake/ament_cmake_export_libraries-extras.cmake
[0.667s] -- Up-to-date symlink: /home/eid/ws_gazebo/src/install/serial/share/serial/cmake/serialConfig.cmake
[0.667s] -- Up-to-date symlink: /home/eid/ws_gazebo/src/install/serial/share/serial/cmake/serialConfig-version.cmake
[0.667s] -- Up-to-date symlink: /home/eid/ws_gazebo/src/install/serial/share/serial/package.xml
[0.765s] Invoked command in '/home/eid/ws_gazebo/src/build/serial' returned '0': CMAKE_PREFIX_PATH=${CMAKE_PREFIX_PATH}:/home/eid/ws_gazebo/src/install/serial_motor_demo:/home/eid/ws_gazebo/install/serial_motor_demo:/home/eid/ws_gazebo/install/my_first_pkg:/home/eid/colcon_ws/install/move_robot:/opt/ros/humble /usr/bin/cmake --install /home/eid/ws_gazebo/src/build/serial
