[0.084s] Invoking command in '/home/eid/ws_gazebo/build/serial': CMAKE_PREFIX_PATH=${CMAKE_PREFIX_PATH}:/home/eid/colcon_ws/install/move_robot:/opt/ros/humble /usr/bin/cmake /home/eid/ws_gazebo/src/serial -DCMAKE_INSTALL_PREFIX=/home/eid/ws_gazebo/install/serial
[0.099s] -- Found ament_cmake: 1.3.8 (/opt/ros/humble/share/ament_cmake/cmake)
[0.275s] -- Override CMake install command with custom implementation using symlinks instead of copying resources
[0.283s] -- Found ament_cmake_gtest: 1.3.8 (/opt/ros/humble/share/ament_cmake_gtest/cmake)
[0.288s] -- Found gtest sources under '/opt/ros/humble/src/gtest_vendor': C++ tests using 'Google Test' will be built
[0.376s] -- Configuring done
[0.394s] -- Generating done
[0.397s] -- Build files have been written to: /home/eid/ws_gazebo/build/serial
[0.402s] Invoked command in '/home/eid/ws_gazebo/build/serial' returned '0': CMAKE_PREFIX_PATH=${CMAKE_PREFIX_PATH}:/home/eid/colcon_ws/install/move_robot:/opt/ros/humble /usr/bin/cmake /home/eid/ws_gazebo/src/serial -DCMAKE_INSTALL_PREFIX=/home/eid/ws_gazebo/install/serial
[0.404s] Invoking command in '/home/eid/ws_gazebo/build/serial': CMAKE_PREFIX_PATH=${CMAKE_PREFIX_PATH}:/home/eid/colcon_ws/install/move_robot:/opt/ros/humble /usr/bin/cmake --build /home/eid/ws_gazebo/build/serial -- -j8 -l8
[0.448s] [35m[1mConsolidate compiler generated dependencies of target gtest_main[0m
[0.448s] [35m[1mConsolidate compiler generated dependencies of target gtest[0m
[0.448s] [35m[1mConsolidate compiler generated dependencies of target serial[0m
[0.466s] [ 14%] Built target gtest_main
[0.466s] [ 28%] Built target gtest
[0.467s] [ 57%] Built target serial
[0.476s] [35m[1mConsolidate compiler generated dependencies of target serial-test-timer[0m
[0.478s] [35m[1mConsolidate compiler generated dependencies of target serial_example[0m
[0.479s] [35m[1mConsolidate compiler generated dependencies of target serial-test[0m
[0.489s] [ 71%] Built target serial-test-timer
[0.494s] [ 85%] Built target serial_example
[0.500s] [100%] Built target serial-test
[0.531s] Invoked command in '/home/eid/ws_gazebo/build/serial' returned '0': CMAKE_PREFIX_PATH=${CMAKE_PREFIX_PATH}:/home/eid/colcon_ws/install/move_robot:/opt/ros/humble /usr/bin/cmake --build /home/eid/ws_gazebo/build/serial -- -j8 -l8
[0.670s] Invoking command in '/home/eid/ws_gazebo/build/serial': CMAKE_PREFIX_PATH=${CMAKE_PREFIX_PATH}:/home/eid/colcon_ws/install/move_robot:/opt/ros/humble /usr/bin/cmake --install /home/eid/ws_gazebo/build/serial
[0.676s] -- Install configuration: ""
[0.676s] -- Execute custom install script
[0.677s] -- Up-to-date symlink: /home/eid/ws_gazebo/install/serial/lib/libserial.a
[0.677s] -- Up-to-date symlink: /home/eid/ws_gazebo/install/serial/include/serial/serial.h
[0.677s] -- Up-to-date symlink: /home/eid/ws_gazebo/install/serial/include/serial/v8stdint.h
[0.678s] -- Up-to-date symlink: /home/eid/ws_gazebo/install/serial/share/serial/environment/library_path.sh
[0.678s] -- Up-to-date symlink: /home/eid/ws_gazebo/install/serial/share/serial/environment/library_path.dsv
[0.678s] -- Up-to-date symlink: /home/eid/ws_gazebo/install/serial/share/ament_index/resource_index/package_run_dependencies/serial
[0.679s] -- Up-to-date symlink: /home/eid/ws_gazebo/install/serial/share/ament_index/resource_index/parent_prefix_path/serial
[0.679s] -- Up-to-date symlink: /home/eid/ws_gazebo/install/serial/share/serial/environment/ament_prefix_path.sh
[0.679s] -- Up-to-date symlink: /home/eid/ws_gazebo/install/serial/share/serial/environment/ament_prefix_path.dsv
[0.679s] -- Up-to-date symlink: /home/eid/ws_gazebo/install/serial/share/serial/environment/path.sh
[0.679s] -- Up-to-date symlink: /home/eid/ws_gazebo/install/serial/share/serial/environment/path.dsv
[0.680s] -- Up-to-date symlink: /home/eid/ws_gazebo/install/serial/share/serial/local_setup.bash
[0.680s] -- Up-to-date symlink: /home/eid/ws_gazebo/install/serial/share/serial/local_setup.sh
[0.680s] -- Up-to-date symlink: /home/eid/ws_gazebo/install/serial/share/serial/local_setup.zsh
[0.680s] -- Up-to-date symlink: /home/eid/ws_gazebo/install/serial/share/serial/local_setup.dsv
[0.681s] -- Symlinking: /home/eid/ws_gazebo/install/serial/share/serial/package.dsv
[0.689s] -- Up-to-date symlink: /home/eid/ws_gazebo/install/serial/share/ament_index/resource_index/packages/serial
[0.689s] -- Up-to-date symlink: /home/eid/ws_gazebo/install/serial/share/serial/cmake/ament_cmake_export_include_directories-extras.cmake
[0.690s] -- Up-to-date symlink: /home/eid/ws_gazebo/install/serial/share/serial/cmake/ament_cmake_export_libraries-extras.cmake
[0.690s] -- Up-to-date symlink: /home/eid/ws_gazebo/install/serial/share/serial/cmake/serialConfig.cmake
[0.690s] -- Up-to-date symlink: /home/eid/ws_gazebo/install/serial/share/serial/cmake/serialConfig-version.cmake
[0.691s] -- Up-to-date symlink: /home/eid/ws_gazebo/install/serial/share/serial/package.xml
[0.752s] Invoked command in '/home/eid/ws_gazebo/build/serial' returned '0': CMAKE_PREFIX_PATH=${CMAKE_PREFIX_PATH}:/home/eid/colcon_ws/install/move_robot:/opt/ros/humble /usr/bin/cmake --install /home/eid/ws_gazebo/build/serial
