[0.107s] Invoking command in '/home/eid/ws_gazebo/src/build/serial': CMAKE_PREFIX_PATH=${CMAKE_PREFIX_PATH}:/home/eid/ws_gazebo/src/install/serial_motor_demo:/home/eid/ws_gazebo/install/serial_motor_demo:/home/eid/ws_gazebo/install/my_first_pkg:/home/eid/colcon_ws/install/move_robot:/opt/ros/humble /usr/bin/cmake --build /home/eid/ws_gazebo/src/build/serial -- -j8 -l8
[0.180s] [ 14%] Built target gtest
[0.193s] [ 28%] Built target gtest_main
[0.194s] [ 57%] Built target serial
[0.221s] [ 71%] Built target serial_example
[0.235s] [100%] Built target serial-test-timer
[0.235s] [100%] Built target serial-test
[0.251s] Invoked command in '/home/eid/ws_gazebo/src/build/serial' returned '0': CMAKE_PREFIX_PATH=${CMAKE_PREFIX_PATH}:/home/eid/ws_gazebo/src/install/serial_motor_demo:/home/eid/ws_gazebo/install/serial_motor_demo:/home/eid/ws_gazebo/install/my_first_pkg:/home/eid/colcon_ws/install/move_robot:/opt/ros/humble /usr/bin/cmake --build /home/eid/ws_gazebo/src/build/serial -- -j8 -l8
[0.334s] Invoking command in '/home/eid/ws_gazebo/src/build/serial': CMAKE_PREFIX_PATH=${CMAKE_PREFIX_PATH}:/home/eid/ws_gazebo/src/install/serial_motor_demo:/home/eid/ws_gazebo/install/serial_motor_demo:/home/eid/ws_gazebo/install/my_first_pkg:/home/eid/colcon_ws/install/move_robot:/opt/ros/humble /usr/bin/cmake --install /home/eid/ws_gazebo/src/build/serial
[0.342s] -- Install configuration: ""
[0.343s] -- Execute custom install script
[0.343s] -- Up-to-date symlink: /home/eid/ws_gazebo/src/install/serial/lib/libserial.a
[0.344s] -- Up-to-date symlink: /home/eid/ws_gazebo/src/install/serial/include/serial/serial.h
[0.344s] -- Up-to-date symlink: /home/eid/ws_gazebo/src/install/serial/include/serial/v8stdint.h
[0.344s] -- Up-to-date symlink: /home/eid/ws_gazebo/src/install/serial/share/serial/environment/library_path.sh
[0.344s] -- Up-to-date symlink: /home/eid/ws_gazebo/src/install/serial/share/serial/environment/library_path.dsv
[0.345s] -- Up-to-date symlink: /home/eid/ws_gazebo/src/install/serial/share/ament_index/resource_index/package_run_dependencies/serial
[0.345s] -- Up-to-date symlink: /home/eid/ws_gazebo/src/install/serial/share/ament_index/resource_index/parent_prefix_path/serial
[0.345s] -- Up-to-date symlink: /home/eid/ws_gazebo/src/install/serial/share/serial/environment/ament_prefix_path.sh
[0.345s] -- Up-to-date symlink: /home/eid/ws_gazebo/src/install/serial/share/serial/environment/ament_prefix_path.dsv
[0.346s] -- Up-to-date symlink: /home/eid/ws_gazebo/src/install/serial/share/serial/environment/path.sh
[0.346s] -- Up-to-date symlink: /home/eid/ws_gazebo/src/install/serial/share/serial/environment/path.dsv
[0.346s] -- Up-to-date symlink: /home/eid/ws_gazebo/src/install/serial/share/serial/local_setup.bash
[0.347s] -- Up-to-date symlink: /home/eid/ws_gazebo/src/install/serial/share/serial/local_setup.sh
[0.347s] -- Up-to-date symlink: /home/eid/ws_gazebo/src/install/serial/share/serial/local_setup.zsh
[0.347s] -- Up-to-date symlink: /home/eid/ws_gazebo/src/install/serial/share/serial/local_setup.dsv
[0.347s] -- Symlinking: /home/eid/ws_gazebo/src/install/serial/share/serial/package.dsv
[0.355s] -- Up-to-date symlink: /home/eid/ws_gazebo/src/install/serial/share/ament_index/resource_index/packages/serial
[0.355s] -- Up-to-date symlink: /home/eid/ws_gazebo/src/install/serial/share/serial/cmake/ament_cmake_export_include_directories-extras.cmake
[0.356s] -- Up-to-date symlink: /home/eid/ws_gazebo/src/install/serial/share/serial/cmake/ament_cmake_export_libraries-extras.cmake
[0.356s] -- Up-to-date symlink: /home/eid/ws_gazebo/src/install/serial/share/serial/cmake/serialConfig.cmake
[0.356s] -- Up-to-date symlink: /home/eid/ws_gazebo/src/install/serial/share/serial/cmake/serialConfig-version.cmake
[0.356s] -- Up-to-date symlink: /home/eid/ws_gazebo/src/install/serial/share/serial/package.xml
[0.643s] Invoked command in '/home/eid/ws_gazebo/src/build/serial' returned '0': CMAKE_PREFIX_PATH=${CMAKE_PREFIX_PATH}:/home/eid/ws_gazebo/src/install/serial_motor_demo:/home/eid/ws_gazebo/install/serial_motor_demo:/home/eid/ws_gazebo/install/my_first_pkg:/home/eid/colcon_ws/install/move_robot:/opt/ros/humble /usr/bin/cmake --install /home/eid/ws_gazebo/src/build/serial
