[0.112s] Invoking command in '/home/eid/ws_gazebo/build/nixbot': CMAKE_PREFIX_PATH=${CMAKE_PREFIX_PATH}:/home/eid/colcon_ws/install/move_robot:/opt/ros/humble /usr/bin/cmake --build /home/eid/ws_gazebo/build/nixbot -- -j8 -l8
[0.153s] Invoked command in '/home/eid/ws_gazebo/build/nixbot' returned '0': CMAKE_PREFIX_PATH=${CMAKE_PREFIX_PATH}:/home/eid/colcon_ws/install/move_robot:/opt/ros/humble /usr/bin/cmake --build /home/eid/ws_gazebo/build/nixbot -- -j8 -l8
[0.193s] Invoking command in '/home/eid/ws_gazebo/build/nixbot': CMAKE_PREFIX_PATH=${CMAKE_PREFIX_PATH}:/home/eid/colcon_ws/install/move_robot:/opt/ros/humble /usr/bin/cmake --install /home/eid/ws_gazebo/build/nixbot
[0.201s] -- Install configuration: ""
[0.201s] -- Execute custom install script
[0.202s] -- Up-to-date symlink: /home/eid/ws_gazebo/install/nixbot/share/nixbot//launch/display.launch.py
[0.202s] -- Up-to-date symlink: /home/eid/ws_gazebo/install/nixbot/share/nixbot//launch/gazebo_model.launch.py
[0.202s] -- Up-to-date symlink: /home/eid/ws_gazebo/install/nixbot/share/nixbot//model/rob.urdf
[0.203s] -- Up-to-date symlink: /home/eid/ws_gazebo/install/nixbot/share/nixbot//rviz/config.rviz
[0.203s] -- Up-to-date symlink: /home/eid/ws_gazebo/install/nixbot/share/ament_index/resource_index/package_run_dependencies/nixbot
[0.203s] -- Up-to-date symlink: /home/eid/ws_gazebo/install/nixbot/share/ament_index/resource_index/parent_prefix_path/nixbot
[0.203s] -- Up-to-date symlink: /home/eid/ws_gazebo/install/nixbot/share/nixbot/environment/ament_prefix_path.sh
[0.203s] -- Up-to-date symlink: /home/eid/ws_gazebo/install/nixbot/share/nixbot/environment/ament_prefix_path.dsv
[0.204s] -- Up-to-date symlink: /home/eid/ws_gazebo/install/nixbot/share/nixbot/environment/path.sh
[0.204s] -- Up-to-date symlink: /home/eid/ws_gazebo/install/nixbot/share/nixbot/environment/path.dsv
[0.204s] -- Up-to-date symlink: /home/eid/ws_gazebo/install/nixbot/share/nixbot/local_setup.bash
[0.204s] -- Up-to-date symlink: /home/eid/ws_gazebo/install/nixbot/share/nixbot/local_setup.sh
[0.205s] -- Up-to-date symlink: /home/eid/ws_gazebo/install/nixbot/share/nixbot/local_setup.zsh
[0.205s] -- Up-to-date symlink: /home/eid/ws_gazebo/install/nixbot/share/nixbot/local_setup.dsv
[0.205s] -- Symlinking: /home/eid/ws_gazebo/install/nixbot/share/nixbot/package.dsv
[0.218s] -- Up-to-date symlink: /home/eid/ws_gazebo/install/nixbot/share/ament_index/resource_index/packages/nixbot
[0.219s] -- Up-to-date symlink: /home/eid/ws_gazebo/install/nixbot/share/nixbot/cmake/nixbotConfig.cmake
[0.219s] -- Up-to-date symlink: /home/eid/ws_gazebo/install/nixbot/share/nixbot/cmake/nixbotConfig-version.cmake
[0.219s] -- Up-to-date symlink: /home/eid/ws_gazebo/install/nixbot/share/nixbot/package.xml
[0.222s] Invoked command in '/home/eid/ws_gazebo/build/nixbot' returned '0': CMAKE_PREFIX_PATH=${CMAKE_PREFIX_PATH}:/home/eid/colcon_ws/install/move_robot:/opt/ros/humble /usr/bin/cmake --install /home/eid/ws_gazebo/build/nixbot
