[0.147s] Invoking command in '/home/eid/ws_gazebo/src/build/serial': CMAKE_PREFIX_PATH=${CMAKE_PREFIX_PATH}:/home/eid/colcon_ws/install/move_robot:/opt/ros/humble /usr/bin/cmake /home/eid/ws_gazebo/src/serial -DAMENT_CMAKE_SYMLINK_INSTALL=1 -DCMAKE_INSTALL_PREFIX=/home/eid/ws_gazebo/src/install/serial
[0.267s] -- The C compiler identification is GNU 11.4.0
[0.358s] -- The CXX compiler identification is GNU 11.4.0
[0.368s] -- Detecting C compiler ABI info
[0.463s] -- Detecting C compiler ABI info - done
[0.475s] -- Check for working C compiler: /usr/bin/cc - skipped
[0.475s] -- Detecting C compile features
[0.476s] -- Detecting C compile features - done
[0.482s] -- Detecting CXX compiler ABI info
[0.598s] -- Detecting CXX compiler ABI info - done
[0.613s] -- Check for working CXX compiler: /usr/bin/c++ - skipped
[0.613s] -- Detecting CXX compile features
[0.614s] -- Detecting CXX compile features - done
[0.619s] -- Found ament_cmake: 1.3.8 (/opt/ros/humble/share/ament_cmake/cmake)
[0.883s] -- Found Python3: /usr/bin/python3 (found version "3.10.12") found components: Interpreter 
[1.027s] -- Override CMake install command with custom implementation using symlinks instead of copying resources
[1.081s] -- Found ament_cmake_gtest: 1.3.8 (/opt/ros/humble/share/ament_cmake_gtest/cmake)
[1.109s] -- Found Boost: /usr/lib/x86_64-linux-gnu/cmake/Boost-1.74.0/BoostConfig.cmake (found version "1.74.0")  
[1.118s] -- Found gtest sources under '/opt/ros/humble/src/gtest_vendor': C++ tests using 'Google Test' will be built
[1.123s] -- Looking for pthread.h
[1.225s] -- Looking for pthread.h - found
[1.225s] -- Performing Test CMAKE_HAVE_LIBC_PTHREAD
[1.312s] -- Performing Test CMAKE_HAVE_LIBC_PTHREAD - Success
[1.313s] -- Found Threads: TRUE  
[1.406s] -- Configuring done
[1.425s] -- Generating done
[1.427s] -- Build files have been written to: /home/eid/ws_gazebo/src/build/serial
