[0.091s] Invoking command in '/home/eid/ws_gazebo/build/nixbot': CMAKE_PREFIX_PATH=${CMAKE_PREFIX_PATH}:/home/eid/colcon_ws/install/move_robot:/opt/ros/humble /usr/bin/cmake /home/eid/ws_gazebo/src/nixbot -DCMAKE_INSTALL_PREFIX=/home/eid/ws_gazebo/install/nixbot
[0.103s] -- Found ament_cmake: 1.3.8 (/opt/ros/humble/share/ament_cmake/cmake)
[0.268s] -- Override CMake install command with custom implementation using symlinks instead of copying resources
[0.279s] -- Found ament_lint_auto: 0.12.10 (/opt/ros/humble/share/ament_lint_auto/cmake)
[0.393s] -- Added test 'flake8' to check Python code syntax and style conventions
[0.394s] -- Added test 'lint_cmake' to check CMake code style
[0.395s] -- Added test 'pep257' to check Python code against some of the docstring style conventions in PEP 257
[0.396s] -- Added test 'xmllint' to check XML markup files
[0.397s] -- Configuring done
[0.402s] -- Generating done
[0.404s] -- Build files have been written to: /home/eid/ws_gazebo/build/nixbot
[0.408s] Invoked command in '/home/eid/ws_gazebo/build/nixbot' returned '0': CMAKE_PREFIX_PATH=${CMAKE_PREFIX_PATH}:/home/eid/colcon_ws/install/move_robot:/opt/ros/humble /usr/bin/cmake /home/eid/ws_gazebo/src/nixbot -DCMAKE_INSTALL_PREFIX=/home/eid/ws_gazebo/install/nixbot
[0.409s] Invoking command in '/home/eid/ws_gazebo/build/nixbot': CMAKE_PREFIX_PATH=${CMAKE_PREFIX_PATH}:/home/eid/colcon_ws/install/move_robot:/opt/ros/humble /usr/bin/cmake --build /home/eid/ws_gazebo/build/nixbot -- -j8 -l8
[0.455s] Invoked command in '/home/eid/ws_gazebo/build/nixbot' returned '0': CMAKE_PREFIX_PATH=${CMAKE_PREFIX_PATH}:/home/eid/colcon_ws/install/move_robot:/opt/ros/humble /usr/bin/cmake --build /home/eid/ws_gazebo/build/nixbot -- -j8 -l8
[0.490s] Invoking command in '/home/eid/ws_gazebo/build/nixbot': CMAKE_PREFIX_PATH=${CMAKE_PREFIX_PATH}:/home/eid/colcon_ws/install/move_robot:/opt/ros/humble /usr/bin/cmake --install /home/eid/ws_gazebo/build/nixbot
[0.498s] -- Install configuration: ""
[0.499s] -- Execute custom install script
[0.499s] -- Up-to-date symlink: /home/eid/ws_gazebo/install/nixbot/share/nixbot//launch/display.launch.py
[0.499s] -- Up-to-date symlink: /home/eid/ws_gazebo/install/nixbot/share/nixbot//launch/gazebo_model.launch.py
[0.500s] -- Up-to-date symlink: /home/eid/ws_gazebo/install/nixbot/share/nixbot//model/rob.urdf
[0.500s] -- Up-to-date symlink: /home/eid/ws_gazebo/install/nixbot/share/nixbot//rviz/config.rviz
[0.500s] -- Up-to-date symlink: /home/eid/ws_gazebo/install/nixbot/share/ament_index/resource_index/package_run_dependencies/nixbot
[0.500s] -- Up-to-date symlink: /home/eid/ws_gazebo/install/nixbot/share/ament_index/resource_index/parent_prefix_path/nixbot
[0.501s] -- Up-to-date symlink: /home/eid/ws_gazebo/install/nixbot/share/nixbot/environment/ament_prefix_path.sh
[0.501s] -- Up-to-date symlink: /home/eid/ws_gazebo/install/nixbot/share/nixbot/environment/ament_prefix_path.dsv
[0.501s] -- Up-to-date symlink: /home/eid/ws_gazebo/install/nixbot/share/nixbot/environment/path.sh
[0.501s] -- Up-to-date symlink: /home/eid/ws_gazebo/install/nixbot/share/nixbot/environment/path.dsv
[0.501s] -- Up-to-date symlink: /home/eid/ws_gazebo/install/nixbot/share/nixbot/local_setup.bash
[0.501s] -- Up-to-date symlink: /home/eid/ws_gazebo/install/nixbot/share/nixbot/local_setup.sh
[0.501s] -- Up-to-date symlink: /home/eid/ws_gazebo/install/nixbot/share/nixbot/local_setup.zsh
[0.502s] -- Up-to-date symlink: /home/eid/ws_gazebo/install/nixbot/share/nixbot/local_setup.dsv
[0.502s] -- Symlinking: /home/eid/ws_gazebo/install/nixbot/share/nixbot/package.dsv
[0.513s] -- Up-to-date symlink: /home/eid/ws_gazebo/install/nixbot/share/ament_index/resource_index/packages/nixbot
[0.513s] -- Up-to-date symlink: /home/eid/ws_gazebo/install/nixbot/share/nixbot/cmake/nixbotConfig.cmake
[0.514s] -- Up-to-date symlink: /home/eid/ws_gazebo/install/nixbot/share/nixbot/cmake/nixbotConfig-version.cmake
[0.514s] -- Up-to-date symlink: /home/eid/ws_gazebo/install/nixbot/share/nixbot/package.xml
[0.516s] Invoked command in '/home/eid/ws_gazebo/build/nixbot' returned '0': CMAKE_PREFIX_PATH=${CMAKE_PREFIX_PATH}:/home/eid/colcon_ws/install/move_robot:/opt/ros/humble /usr/bin/cmake --install /home/eid/ws_gazebo/build/nixbot
