[1.100s] DEBUG:colcon:Command line arguments: ['/usr/bin/colcon', 'build']
[1.100s] DEBUG:colcon:Parsed command line arguments: Namespace(log_base=None, log_level=None, verb_name='build', build_base='build', install_base='install', merge_install=False, symlink_install=False, test_result_base=None, continue_on_error=False, executor='parallel', parallel_workers=8, event_handlers=None, ignore_user_meta=False, metas=['./colcon.meta'], base_paths=['.'], packages_ignore=None, packages_ignore_regex=None, paths=None, packages_up_to=None, packages_up_to_regex=None, packages_above=None, packages_above_and_dependencies=None, packages_above_depth=None, packages_select_by_dep=None, packages_skip_by_dep=None, packages_skip_up_to=None, packages_select_build_failed=False, packages_skip_build_finished=False, packages_select_test_failures=False, packages_skip_test_passed=False, packages_select=None, packages_skip=None, packages_select_regex=None, packages_skip_regex=None, packages_start=None, packages_end=None, allow_overriding=[], cmake_args=None, cmake_target=None, cmake_target_skip_unavailable=False, cmake_clean_cache=False, cmake_clean_first=False, cmake_force_configure=False, ament_cmake_args=None, catkin_cmake_args=None, catkin_skip_building_tests=False, verb_parser=<colcon_defaults.argument_parser.defaults.DefaultArgumentsDecorator object at 0x7f4150cedf30>, verb_extension=<colcon_core.verb.build.BuildVerb object at 0x7f4151333970>, main=<bound method BuildVerb.main of <colcon_core.verb.build.BuildVerb object at 0x7f4151333970>>)
[1.155s] Level 1:colcon.colcon_core.package_discovery:discover_packages(colcon_meta) check parameters
[1.156s] Level 1:colcon.colcon_core.package_discovery:discover_packages(recursive) check parameters
[1.156s] Level 1:colcon.colcon_core.package_discovery:discover_packages(ignore) check parameters
[1.156s] Level 1:colcon.colcon_core.package_discovery:discover_packages(path) check parameters
[1.156s] Level 1:colcon.colcon_core.package_discovery:discover_packages(colcon_meta) discover
[1.156s] Level 1:colcon.colcon_core.package_discovery:discover_packages(recursive) discover
[1.156s] INFO:colcon.colcon_core.package_discovery:Crawling recursively for packages in '/home/eid/ws_gazebo/src'
[1.156s] Level 1:colcon.colcon_core.package_identification:_identify(.) by extensions ['ignore', 'ignore_ament_install']
[1.156s] Level 1:colcon.colcon_core.package_identification:_identify(.) by extension 'ignore'
[1.156s] Level 1:colcon.colcon_core.package_identification:_identify(.) by extension 'ignore_ament_install'
[1.156s] Level 1:colcon.colcon_core.package_identification:_identify(.) by extensions ['colcon_pkg']
[1.156s] Level 1:colcon.colcon_core.package_identification:_identify(.) by extension 'colcon_pkg'
[1.156s] Level 1:colcon.colcon_core.package_identification:_identify(.) by extensions ['colcon_meta']
[1.156s] Level 1:colcon.colcon_core.package_identification:_identify(.) by extension 'colcon_meta'
[1.156s] Level 1:colcon.colcon_core.package_identification:_identify(.) by extensions ['ros']
[1.156s] Level 1:colcon.colcon_core.package_identification:_identify(.) by extension 'ros'
[1.172s] Level 1:colcon.colcon_core.package_identification:_identify(.) by extensions ['cmake', 'python']
[1.172s] Level 1:colcon.colcon_core.package_identification:_identify(.) by extension 'cmake'
[1.172s] Level 1:colcon.colcon_core.package_identification:_identify(.) by extension 'python'
[1.172s] Level 1:colcon.colcon_core.package_identification:_identify(.) by extensions ['python_setup_py']
[1.172s] Level 1:colcon.colcon_core.package_identification:_identify(.) by extension 'python_setup_py'
[1.172s] Level 1:colcon.colcon_core.package_identification:_identify(build) by extensions ['ignore', 'ignore_ament_install']
[1.172s] Level 1:colcon.colcon_core.package_identification:_identify(build) by extension 'ignore'
[1.172s] Level 1:colcon.colcon_core.package_identification:_identify(build) ignored
[1.172s] Level 1:colcon.colcon_core.package_identification:_identify(diffdrive_arduino) by extensions ['ignore', 'ignore_ament_install']
[1.172s] Level 1:colcon.colcon_core.package_identification:_identify(diffdrive_arduino) by extension 'ignore'
[1.172s] Level 1:colcon.colcon_core.package_identification:_identify(diffdrive_arduino) by extension 'ignore_ament_install'
[1.172s] Level 1:colcon.colcon_core.package_identification:_identify(diffdrive_arduino) by extensions ['colcon_pkg']
[1.172s] Level 1:colcon.colcon_core.package_identification:_identify(diffdrive_arduino) by extension 'colcon_pkg'
[1.172s] Level 1:colcon.colcon_core.package_identification:_identify(diffdrive_arduino) by extensions ['colcon_meta']
[1.172s] Level 1:colcon.colcon_core.package_identification:_identify(diffdrive_arduino) by extension 'colcon_meta'
[1.172s] Level 1:colcon.colcon_core.package_identification:_identify(diffdrive_arduino) by extensions ['ros']
[1.172s] Level 1:colcon.colcon_core.package_identification:_identify(diffdrive_arduino) by extension 'ros'
[1.176s] DEBUG:colcon.colcon_core.package_identification:Package 'diffdrive_arduino' with type 'ros.ament_cmake' and name 'diffdrive_arduino'
[1.176s] Level 1:colcon.colcon_core.package_identification:_identify(install) by extensions ['ignore', 'ignore_ament_install']
[1.176s] Level 1:colcon.colcon_core.package_identification:_identify(install) by extension 'ignore'
[1.176s] Level 1:colcon.colcon_core.package_identification:_identify(install) ignored
[1.176s] Level 1:colcon.colcon_core.package_identification:_identify(log) by extensions ['ignore', 'ignore_ament_install']
[1.176s] Level 1:colcon.colcon_core.package_identification:_identify(log) by extension 'ignore'
[1.176s] Level 1:colcon.colcon_core.package_identification:_identify(log) ignored
[1.176s] Level 1:colcon.colcon_core.package_identification:_identify(my_first_pkg) by extensions ['ignore', 'ignore_ament_install']
[1.176s] Level 1:colcon.colcon_core.package_identification:_identify(my_first_pkg) by extension 'ignore'
[1.176s] Level 1:colcon.colcon_core.package_identification:_identify(my_first_pkg) by extension 'ignore_ament_install'
[1.176s] Level 1:colcon.colcon_core.package_identification:_identify(my_first_pkg) by extensions ['colcon_pkg']
[1.176s] Level 1:colcon.colcon_core.package_identification:_identify(my_first_pkg) by extension 'colcon_pkg'
[1.176s] Level 1:colcon.colcon_core.package_identification:_identify(my_first_pkg) by extensions ['colcon_meta']
[1.176s] Level 1:colcon.colcon_core.package_identification:_identify(my_first_pkg) by extension 'colcon_meta'
[1.176s] Level 1:colcon.colcon_core.package_identification:_identify(my_first_pkg) by extensions ['ros']
[1.176s] Level 1:colcon.colcon_core.package_identification:_identify(my_first_pkg) by extension 'ros'
[1.177s] DEBUG:colcon.colcon_core.package_identification:Package 'my_first_pkg' with type 'ros.ament_cmake' and name 'my_first_pkg'
[1.177s] Level 1:colcon.colcon_core.package_identification:_identify(nixbot) by extensions ['ignore', 'ignore_ament_install']
[1.177s] Level 1:colcon.colcon_core.package_identification:_identify(nixbot) by extension 'ignore'
[1.177s] Level 1:colcon.colcon_core.package_identification:_identify(nixbot) by extension 'ignore_ament_install'
[1.177s] Level 1:colcon.colcon_core.package_identification:_identify(nixbot) by extensions ['colcon_pkg']
[1.177s] Level 1:colcon.colcon_core.package_identification:_identify(nixbot) by extension 'colcon_pkg'
[1.177s] Level 1:colcon.colcon_core.package_identification:_identify(nixbot) by extensions ['colcon_meta']
[1.177s] Level 1:colcon.colcon_core.package_identification:_identify(nixbot) by extension 'colcon_meta'
[1.177s] Level 1:colcon.colcon_core.package_identification:_identify(nixbot) by extensions ['ros']
[1.177s] Level 1:colcon.colcon_core.package_identification:_identify(nixbot) by extension 'ros'
[1.178s] DEBUG:colcon.colcon_core.package_identification:Package 'nixbot' with type 'ros.ament_cmake' and name 'nixbot'
[1.178s] Level 1:colcon.colcon_core.package_identification:_identify(serial) by extensions ['ignore', 'ignore_ament_install']
[1.178s] Level 1:colcon.colcon_core.package_identification:_identify(serial) by extension 'ignore'
[1.178s] Level 1:colcon.colcon_core.package_identification:_identify(serial) by extension 'ignore_ament_install'
[1.178s] Level 1:colcon.colcon_core.package_identification:_identify(serial) by extensions ['colcon_pkg']
[1.178s] Level 1:colcon.colcon_core.package_identification:_identify(serial) by extension 'colcon_pkg'
[1.179s] Level 1:colcon.colcon_core.package_identification:_identify(serial) by extensions ['colcon_meta']
[1.179s] Level 1:colcon.colcon_core.package_identification:_identify(serial) by extension 'colcon_meta'
[1.179s] Level 1:colcon.colcon_core.package_identification:_identify(serial) by extensions ['ros']
[1.179s] Level 1:colcon.colcon_core.package_identification:_identify(serial) by extension 'ros'
[1.179s] DEBUG:colcon.colcon_core.package_identification:Package 'serial' with type 'ros.ament_cmake' and name 'serial'
[1.179s] Level 1:colcon.colcon_core.package_identification:_identify(serial_motor_demo) by extensions ['ignore', 'ignore_ament_install']
[1.179s] Level 1:colcon.colcon_core.package_identification:_identify(serial_motor_demo) by extension 'ignore'
[1.179s] Level 1:colcon.colcon_core.package_identification:_identify(serial_motor_demo) by extension 'ignore_ament_install'
[1.179s] Level 1:colcon.colcon_core.package_identification:_identify(serial_motor_demo) by extensions ['colcon_pkg']
[1.179s] Level 1:colcon.colcon_core.package_identification:_identify(serial_motor_demo) by extension 'colcon_pkg'
[1.179s] Level 1:colcon.colcon_core.package_identification:_identify(serial_motor_demo) by extensions ['colcon_meta']
[1.179s] Level 1:colcon.colcon_core.package_identification:_identify(serial_motor_demo) by extension 'colcon_meta'
[1.179s] Level 1:colcon.colcon_core.package_identification:_identify(serial_motor_demo) by extensions ['ros']
[1.179s] Level 1:colcon.colcon_core.package_identification:_identify(serial_motor_demo) by extension 'ros'
[1.180s] Level 1:colcon.colcon_core.package_identification:_identify(serial_motor_demo) by extensions ['cmake', 'python']
[1.180s] Level 1:colcon.colcon_core.package_identification:_identify(serial_motor_demo) by extension 'cmake'
[1.180s] Level 1:colcon.colcon_core.package_identification:_identify(serial_motor_demo) by extension 'python'
[1.180s] Level 1:colcon.colcon_core.package_identification:_identify(serial_motor_demo) by extensions ['python_setup_py']
[1.180s] Level 1:colcon.colcon_core.package_identification:_identify(serial_motor_demo) by extension 'python_setup_py'
[1.180s] Level 1:colcon.colcon_core.package_identification:_identify(serial_motor_demo/serial_motor_demo) by extensions ['ignore', 'ignore_ament_install']
[1.180s] Level 1:colcon.colcon_core.package_identification:_identify(serial_motor_demo/serial_motor_demo) by extension 'ignore'
[1.180s] Level 1:colcon.colcon_core.package_identification:_identify(serial_motor_demo/serial_motor_demo) by extension 'ignore_ament_install'
[1.180s] Level 1:colcon.colcon_core.package_identification:_identify(serial_motor_demo/serial_motor_demo) by extensions ['colcon_pkg']
[1.180s] Level 1:colcon.colcon_core.package_identification:_identify(serial_motor_demo/serial_motor_demo) by extension 'colcon_pkg'
[1.180s] Level 1:colcon.colcon_core.package_identification:_identify(serial_motor_demo/serial_motor_demo) by extensions ['colcon_meta']
[1.180s] Level 1:colcon.colcon_core.package_identification:_identify(serial_motor_demo/serial_motor_demo) by extension 'colcon_meta'
[1.180s] Level 1:colcon.colcon_core.package_identification:_identify(serial_motor_demo/serial_motor_demo) by extensions ['ros']
[1.180s] Level 1:colcon.colcon_core.package_identification:_identify(serial_motor_demo/serial_motor_demo) by extension 'ros'
[1.181s] DEBUG:colcon.colcon_core.package_identification:Package 'serial_motor_demo/serial_motor_demo' with type 'ros.ament_python' and name 'serial_motor_demo'
[1.181s] Level 1:colcon.colcon_core.package_identification:_identify(serial_motor_demo/serial_motor_demo_msgs) by extensions ['ignore', 'ignore_ament_install']
[1.181s] Level 1:colcon.colcon_core.package_identification:_identify(serial_motor_demo/serial_motor_demo_msgs) by extension 'ignore'
[1.181s] Level 1:colcon.colcon_core.package_identification:_identify(serial_motor_demo/serial_motor_demo_msgs) by extension 'ignore_ament_install'
[1.181s] Level 1:colcon.colcon_core.package_identification:_identify(serial_motor_demo/serial_motor_demo_msgs) by extensions ['colcon_pkg']
[1.181s] Level 1:colcon.colcon_core.package_identification:_identify(serial_motor_demo/serial_motor_demo_msgs) by extension 'colcon_pkg'
[1.181s] Level 1:colcon.colcon_core.package_identification:_identify(serial_motor_demo/serial_motor_demo_msgs) by extensions ['colcon_meta']
[1.181s] Level 1:colcon.colcon_core.package_identification:_identify(serial_motor_demo/serial_motor_demo_msgs) by extension 'colcon_meta'
[1.181s] Level 1:colcon.colcon_core.package_identification:_identify(serial_motor_demo/serial_motor_demo_msgs) by extensions ['ros']
[1.181s] Level 1:colcon.colcon_core.package_identification:_identify(serial_motor_demo/serial_motor_demo_msgs) by extension 'ros'
[1.182s] DEBUG:colcon.colcon_core.package_identification:Package 'serial_motor_demo/serial_motor_demo_msgs' with type 'ros.ament_cmake' and name 'serial_motor_demo_msgs'
[1.182s] Level 1:colcon.colcon_core.package_discovery:discover_packages(recursive) using defaults
[1.182s] Level 1:colcon.colcon_core.package_discovery:discover_packages(ignore) discover
[1.182s] Level 1:colcon.colcon_core.package_discovery:discover_packages(ignore) using defaults
[1.182s] Level 1:colcon.colcon_core.package_discovery:discover_packages(path) discover
[1.182s] Level 1:colcon.colcon_core.package_discovery:discover_packages(path) using defaults
[1.277s] Level 1:colcon.colcon_core.package_discovery:discover_packages(prefix_path) check parameters
[1.277s] Level 1:colcon.colcon_core.package_discovery:discover_packages(prefix_path) discover
[1.293s] WARNING:colcon.colcon_core.prefix_path.colcon:The path '/home/eid/colcon_ws/install' in the environment variable COLCON_PREFIX_PATH doesn't exist
[1.293s] WARNING:colcon.colcon_ros.prefix_path.ament:The path '/home/eid/colcon_ws/install/move_robot' in the environment variable AMENT_PREFIX_PATH doesn't exist
[1.293s] WARNING:colcon.colcon_ros.prefix_path.ament:The path '/home/eid/colcon_ws/install/reach_wall_action' in the environment variable AMENT_PREFIX_PATH doesn't exist
[1.294s] WARNING:colcon.colcon_ros.prefix_path.ament:The path '/home/eid/colcon_ws/install/my_own_package' in the environment variable AMENT_PREFIX_PATH doesn't exist
[1.294s] WARNING:colcon.colcon_ros.prefix_path.catkin:The path '/home/eid/colcon_ws/install/reach_wall_action' in the environment variable CMAKE_PREFIX_PATH doesn't exist
[1.294s] WARNING:colcon.colcon_ros.prefix_path.catkin:The path '/home/eid/colcon_ws/install/my_own_package' in the environment variable CMAKE_PREFIX_PATH doesn't exist
[1.310s] DEBUG:colcon.colcon_installed_package_information.package_discovery:Found 6 installed packages in /home/eid/ws_gazebo/src/install
[1.327s] DEBUG:colcon.colcon_installed_package_information.package_discovery:Found 7 installed packages in /home/eid/ws_gazebo/install
[1.345s] DEBUG:colcon.colcon_installed_package_information.package_discovery:Found 379 installed packages in /opt/ros/humble
[1.359s] Level 1:colcon.colcon_core.package_discovery:discover_packages(prefix_path) using defaults
[1.468s] Level 5:colcon.colcon_core.verb:set package 'diffdrive_arduino' build argument 'cmake_args' from command line to 'None'
[1.468s] Level 5:colcon.colcon_core.verb:set package 'diffdrive_arduino' build argument 'cmake_target' from command line to 'None'
[1.468s] Level 5:colcon.colcon_core.verb:set package 'diffdrive_arduino' build argument 'cmake_target_skip_unavailable' from command line to 'False'
[1.468s] Level 5:colcon.colcon_core.verb:set package 'diffdrive_arduino' build argument 'cmake_clean_cache' from command line to 'False'
[1.468s] Level 5:colcon.colcon_core.verb:set package 'diffdrive_arduino' build argument 'cmake_clean_first' from command line to 'False'
[1.468s] Level 5:colcon.colcon_core.verb:set package 'diffdrive_arduino' build argument 'cmake_force_configure' from command line to 'False'
[1.468s] Level 5:colcon.colcon_core.verb:set package 'diffdrive_arduino' build argument 'ament_cmake_args' from command line to 'None'
[1.468s] Level 5:colcon.colcon_core.verb:set package 'diffdrive_arduino' build argument 'catkin_cmake_args' from command line to 'None'
[1.468s] Level 5:colcon.colcon_core.verb:set package 'diffdrive_arduino' build argument 'catkin_skip_building_tests' from command line to 'False'
[1.468s] DEBUG:colcon.colcon_core.verb:Building package 'diffdrive_arduino' with the following arguments: {'ament_cmake_args': None, 'build_base': '/home/eid/ws_gazebo/src/build/diffdrive_arduino', 'catkin_cmake_args': None, 'catkin_skip_building_tests': False, 'cmake_args': None, 'cmake_clean_cache': False, 'cmake_clean_first': False, 'cmake_force_configure': False, 'cmake_target': None, 'cmake_target_skip_unavailable': False, 'install_base': '/home/eid/ws_gazebo/src/install/diffdrive_arduino', 'merge_install': False, 'path': '/home/eid/ws_gazebo/src/diffdrive_arduino', 'symlink_install': False, 'test_result_base': None}
[1.483s] Level 5:colcon.colcon_core.verb:set package 'my_first_pkg' build argument 'cmake_args' from command line to 'None'
[1.483s] Level 5:colcon.colcon_core.verb:set package 'my_first_pkg' build argument 'cmake_target' from command line to 'None'
[1.484s] Level 5:colcon.colcon_core.verb:set package 'my_first_pkg' build argument 'cmake_target_skip_unavailable' from command line to 'False'
[1.484s] Level 5:colcon.colcon_core.verb:set package 'my_first_pkg' build argument 'cmake_clean_cache' from command line to 'False'
[1.484s] Level 5:colcon.colcon_core.verb:set package 'my_first_pkg' build argument 'cmake_clean_first' from command line to 'False'
[1.484s] Level 5:colcon.colcon_core.verb:set package 'my_first_pkg' build argument 'cmake_force_configure' from command line to 'False'
[1.484s] Level 5:colcon.colcon_core.verb:set package 'my_first_pkg' build argument 'ament_cmake_args' from command line to 'None'
[1.484s] Level 5:colcon.colcon_core.verb:set package 'my_first_pkg' build argument 'catkin_cmake_args' from command line to 'None'
[1.484s] Level 5:colcon.colcon_core.verb:set package 'my_first_pkg' build argument 'catkin_skip_building_tests' from command line to 'False'
[1.484s] DEBUG:colcon.colcon_core.verb:Building package 'my_first_pkg' with the following arguments: {'ament_cmake_args': None, 'build_base': '/home/eid/ws_gazebo/src/build/my_first_pkg', 'catkin_cmake_args': None, 'catkin_skip_building_tests': False, 'cmake_args': None, 'cmake_clean_cache': False, 'cmake_clean_first': False, 'cmake_force_configure': False, 'cmake_target': None, 'cmake_target_skip_unavailable': False, 'install_base': '/home/eid/ws_gazebo/src/install/my_first_pkg', 'merge_install': False, 'path': '/home/eid/ws_gazebo/src/my_first_pkg', 'symlink_install': False, 'test_result_base': None}
[1.500s] Level 5:colcon.colcon_core.verb:set package 'nixbot' build argument 'cmake_args' from command line to 'None'
[1.500s] Level 5:colcon.colcon_core.verb:set package 'nixbot' build argument 'cmake_target' from command line to 'None'
[1.500s] Level 5:colcon.colcon_core.verb:set package 'nixbot' build argument 'cmake_target_skip_unavailable' from command line to 'False'
[1.500s] Level 5:colcon.colcon_core.verb:set package 'nixbot' build argument 'cmake_clean_cache' from command line to 'False'
[1.500s] Level 5:colcon.colcon_core.verb:set package 'nixbot' build argument 'cmake_clean_first' from command line to 'False'
[1.500s] Level 5:colcon.colcon_core.verb:set package 'nixbot' build argument 'cmake_force_configure' from command line to 'False'
[1.500s] Level 5:colcon.colcon_core.verb:set package 'nixbot' build argument 'ament_cmake_args' from command line to 'None'
[1.500s] Level 5:colcon.colcon_core.verb:set package 'nixbot' build argument 'catkin_cmake_args' from command line to 'None'
[1.500s] Level 5:colcon.colcon_core.verb:set package 'nixbot' build argument 'catkin_skip_building_tests' from command line to 'False'
[1.500s] DEBUG:colcon.colcon_core.verb:Building package 'nixbot' with the following arguments: {'ament_cmake_args': None, 'build_base': '/home/eid/ws_gazebo/src/build/nixbot', 'catkin_cmake_args': None, 'catkin_skip_building_tests': False, 'cmake_args': None, 'cmake_clean_cache': False, 'cmake_clean_first': False, 'cmake_force_configure': False, 'cmake_target': None, 'cmake_target_skip_unavailable': False, 'install_base': '/home/eid/ws_gazebo/src/install/nixbot', 'merge_install': False, 'path': '/home/eid/ws_gazebo/src/nixbot', 'symlink_install': False, 'test_result_base': None}
[1.519s] Level 5:colcon.colcon_core.verb:set package 'serial' build argument 'cmake_args' from command line to 'None'
[1.519s] Level 5:colcon.colcon_core.verb:set package 'serial' build argument 'cmake_target' from command line to 'None'
[1.519s] Level 5:colcon.colcon_core.verb:set package 'serial' build argument 'cmake_target_skip_unavailable' from command line to 'False'
[1.519s] Level 5:colcon.colcon_core.verb:set package 'serial' build argument 'cmake_clean_cache' from command line to 'False'
[1.519s] Level 5:colcon.colcon_core.verb:set package 'serial' build argument 'cmake_clean_first' from command line to 'False'
[1.520s] Level 5:colcon.colcon_core.verb:set package 'serial' build argument 'cmake_force_configure' from command line to 'False'
[1.520s] Level 5:colcon.colcon_core.verb:set package 'serial' build argument 'ament_cmake_args' from command line to 'None'
[1.520s] Level 5:colcon.colcon_core.verb:set package 'serial' build argument 'catkin_cmake_args' from command line to 'None'
[1.520s] Level 5:colcon.colcon_core.verb:set package 'serial' build argument 'catkin_skip_building_tests' from command line to 'False'
[1.520s] DEBUG:colcon.colcon_core.verb:Building package 'serial' with the following arguments: {'ament_cmake_args': None, 'build_base': '/home/eid/ws_gazebo/src/build/serial', 'catkin_cmake_args': None, 'catkin_skip_building_tests': False, 'cmake_args': None, 'cmake_clean_cache': False, 'cmake_clean_first': False, 'cmake_force_configure': False, 'cmake_target': None, 'cmake_target_skip_unavailable': False, 'install_base': '/home/eid/ws_gazebo/src/install/serial', 'merge_install': False, 'path': '/home/eid/ws_gazebo/src/serial', 'symlink_install': False, 'test_result_base': None}
[1.539s] Level 5:colcon.colcon_core.verb:set package 'serial_motor_demo_msgs' build argument 'cmake_args' from command line to 'None'
[1.539s] Level 5:colcon.colcon_core.verb:set package 'serial_motor_demo_msgs' build argument 'cmake_target' from command line to 'None'
[1.539s] Level 5:colcon.colcon_core.verb:set package 'serial_motor_demo_msgs' build argument 'cmake_target_skip_unavailable' from command line to 'False'
[1.539s] Level 5:colcon.colcon_core.verb:set package 'serial_motor_demo_msgs' build argument 'cmake_clean_cache' from command line to 'False'
[1.539s] Level 5:colcon.colcon_core.verb:set package 'serial_motor_demo_msgs' build argument 'cmake_clean_first' from command line to 'False'
[1.539s] Level 5:colcon.colcon_core.verb:set package 'serial_motor_demo_msgs' build argument 'cmake_force_configure' from command line to 'False'
[1.539s] Level 5:colcon.colcon_core.verb:set package 'serial_motor_demo_msgs' build argument 'ament_cmake_args' from command line to 'None'
[1.539s] Level 5:colcon.colcon_core.verb:set package 'serial_motor_demo_msgs' build argument 'catkin_cmake_args' from command line to 'None'
[1.539s] Level 5:colcon.colcon_core.verb:set package 'serial_motor_demo_msgs' build argument 'catkin_skip_building_tests' from command line to 'False'
[1.539s] DEBUG:colcon.colcon_core.verb:Building package 'serial_motor_demo_msgs' with the following arguments: {'ament_cmake_args': None, 'build_base': '/home/eid/ws_gazebo/src/build/serial_motor_demo_msgs', 'catkin_cmake_args': None, 'catkin_skip_building_tests': False, 'cmake_args': None, 'cmake_clean_cache': False, 'cmake_clean_first': False, 'cmake_force_configure': False, 'cmake_target': None, 'cmake_target_skip_unavailable': False, 'install_base': '/home/eid/ws_gazebo/src/install/serial_motor_demo_msgs', 'merge_install': False, 'path': '/home/eid/ws_gazebo/src/serial_motor_demo/serial_motor_demo_msgs', 'symlink_install': False, 'test_result_base': None}
[1.556s] Level 5:colcon.colcon_core.verb:set package 'serial_motor_demo' build argument 'cmake_args' from command line to 'None'
[1.556s] Level 5:colcon.colcon_core.verb:set package 'serial_motor_demo' build argument 'cmake_target' from command line to 'None'
[1.556s] Level 5:colcon.colcon_core.verb:set package 'serial_motor_demo' build argument 'cmake_target_skip_unavailable' from command line to 'False'
[1.556s] Level 5:colcon.colcon_core.verb:set package 'serial_motor_demo' build argument 'cmake_clean_cache' from command line to 'False'
[1.556s] Level 5:colcon.colcon_core.verb:set package 'serial_motor_demo' build argument 'cmake_clean_first' from command line to 'False'
[1.556s] Level 5:colcon.colcon_core.verb:set package 'serial_motor_demo' build argument 'cmake_force_configure' from command line to 'False'
[1.556s] Level 5:colcon.colcon_core.verb:set package 'serial_motor_demo' build argument 'ament_cmake_args' from command line to 'None'
[1.556s] Level 5:colcon.colcon_core.verb:set package 'serial_motor_demo' build argument 'catkin_cmake_args' from command line to 'None'
[1.556s] Level 5:colcon.colcon_core.verb:set package 'serial_motor_demo' build argument 'catkin_skip_building_tests' from command line to 'False'
[1.556s] DEBUG:colcon.colcon_core.verb:Building package 'serial_motor_demo' with the following arguments: {'ament_cmake_args': None, 'build_base': '/home/eid/ws_gazebo/src/build/serial_motor_demo', 'catkin_cmake_args': None, 'catkin_skip_building_tests': False, 'cmake_args': None, 'cmake_clean_cache': False, 'cmake_clean_first': False, 'cmake_force_configure': False, 'cmake_target': None, 'cmake_target_skip_unavailable': False, 'install_base': '/home/eid/ws_gazebo/src/install/serial_motor_demo', 'merge_install': False, 'path': '/home/eid/ws_gazebo/src/serial_motor_demo/serial_motor_demo', 'symlink_install': False, 'test_result_base': None}
[1.572s] INFO:colcon.colcon_core.executor:Executing jobs using 'parallel' executor
[1.588s] DEBUG:colcon.colcon_parallel_executor.executor.parallel:run_until_complete
[1.589s] INFO:colcon.colcon_ros.task.ament_cmake.build:Building ROS package in '/home/eid/ws_gazebo/src/serial_motor_demo/serial_motor_demo_msgs' with build type 'ament_cmake'
[1.589s] INFO:colcon.colcon_cmake.task.cmake.build:Building CMake package in '/home/eid/ws_gazebo/src/serial_motor_demo/serial_motor_demo_msgs'
[1.609s] INFO:colcon.colcon_core.plugin_system:Skipping extension 'colcon_core.shell.bat': Not used on non-Windows systems
[1.609s] INFO:colcon.colcon_core.shell:Skip shell extension 'powershell' for command environment: Not usable outside of PowerShell
[1.609s] DEBUG:colcon.colcon_core.shell:Skip shell extension 'dsv' for command environment
[1.680s] INFO:colcon.colcon_ros.task.ament_cmake.build:Building ROS package in '/home/eid/ws_gazebo/src/diffdrive_arduino' with build type 'ament_cmake'
[1.680s] INFO:colcon.colcon_cmake.task.cmake.build:Building CMake package in '/home/eid/ws_gazebo/src/diffdrive_arduino'
[1.697s] INFO:colcon.colcon_core.shell:Skip shell extension 'powershell' for command environment: Not usable outside of PowerShell
[1.697s] DEBUG:colcon.colcon_core.shell:Skip shell extension 'dsv' for command environment
[1.775s] INFO:colcon.colcon_ros.task.ament_cmake.build:Building ROS package in '/home/eid/ws_gazebo/src/my_first_pkg' with build type 'ament_cmake'
[1.775s] INFO:colcon.colcon_cmake.task.cmake.build:Building CMake package in '/home/eid/ws_gazebo/src/my_first_pkg'
[1.794s] INFO:colcon.colcon_core.shell:Skip shell extension 'powershell' for command environment: Not usable outside of PowerShell
[1.794s] DEBUG:colcon.colcon_core.shell:Skip shell extension 'dsv' for command environment
[1.867s] INFO:colcon.colcon_ros.task.ament_cmake.build:Building ROS package in '/home/eid/ws_gazebo/src/nixbot' with build type 'ament_cmake'
[1.868s] INFO:colcon.colcon_cmake.task.cmake.build:Building CMake package in '/home/eid/ws_gazebo/src/nixbot'
[1.885s] INFO:colcon.colcon_core.shell:Skip shell extension 'powershell' for command environment: Not usable outside of PowerShell
[1.885s] DEBUG:colcon.colcon_core.shell:Skip shell extension 'dsv' for command environment
[1.959s] INFO:colcon.colcon_ros.task.ament_cmake.build:Building ROS package in '/home/eid/ws_gazebo/src/serial' with build type 'ament_cmake'
[1.959s] INFO:colcon.colcon_cmake.task.cmake.build:Building CMake package in '/home/eid/ws_gazebo/src/serial'
[1.977s] INFO:colcon.colcon_core.shell:Skip shell extension 'powershell' for command environment: Not usable outside of PowerShell
[1.977s] DEBUG:colcon.colcon_core.shell:Skip shell extension 'dsv' for command environment
[2.066s] DEBUG:colcon.colcon_core.event_handler.log_command:Invoking command in '/home/eid/ws_gazebo/src/build/serial_motor_demo_msgs': CMAKE_PREFIX_PATH=${CMAKE_PREFIX_PATH}:/home/eid/ws_gazebo/src/install/serial_motor_demo:/home/eid/ws_gazebo/install/serial_motor_demo:/home/eid/ws_gazebo/install/my_first_pkg:/home/eid/colcon_ws/install/move_robot:/opt/ros/humble /usr/bin/cmake --build /home/eid/ws_gazebo/src/build/serial_motor_demo_msgs -- -j8 -l8
[2.069s] DEBUG:colcon.colcon_core.event_handler.log_command:Invoking command in '/home/eid/ws_gazebo/src/build/diffdrive_arduino': CMAKE_PREFIX_PATH=${CMAKE_PREFIX_PATH}:/home/eid/ws_gazebo/src/install/serial_motor_demo:/home/eid/ws_gazebo/install/serial_motor_demo:/home/eid/ws_gazebo/install/my_first_pkg:/home/eid/colcon_ws/install/move_robot:/opt/ros/humble /usr/bin/cmake --build /home/eid/ws_gazebo/src/build/diffdrive_arduino -- -j8 -l8
[2.073s] DEBUG:colcon.colcon_core.event_handler.log_command:Invoking command in '/home/eid/ws_gazebo/src/build/my_first_pkg': CMAKE_PREFIX_PATH=${CMAKE_PREFIX_PATH}:/home/eid/ws_gazebo/src/install/serial_motor_demo:/home/eid/ws_gazebo/install/serial_motor_demo:/home/eid/ws_gazebo/install/my_first_pkg:/home/eid/colcon_ws/install/move_robot:/opt/ros/humble /usr/bin/cmake --build /home/eid/ws_gazebo/src/build/my_first_pkg -- -j8 -l8
[2.078s] DEBUG:colcon.colcon_core.event_handler.log_command:Invoking command in '/home/eid/ws_gazebo/src/build/nixbot': CMAKE_PREFIX_PATH=${CMAKE_PREFIX_PATH}:/home/eid/ws_gazebo/src/install/serial_motor_demo:/home/eid/ws_gazebo/install/serial_motor_demo:/home/eid/ws_gazebo/install/my_first_pkg:/home/eid/colcon_ws/install/move_robot:/opt/ros/humble /usr/bin/cmake --build /home/eid/ws_gazebo/src/build/nixbot -- -j8 -l8
[2.084s] DEBUG:colcon.colcon_core.event_handler.log_command:Invoking command in '/home/eid/ws_gazebo/src/build/serial': CMAKE_PREFIX_PATH=${CMAKE_PREFIX_PATH}:/home/eid/ws_gazebo/src/install/serial_motor_demo:/home/eid/ws_gazebo/install/serial_motor_demo:/home/eid/ws_gazebo/install/my_first_pkg:/home/eid/colcon_ws/install/move_robot:/opt/ros/humble /usr/bin/cmake --build /home/eid/ws_gazebo/src/build/serial -- -j8 -l8
[2.156s] DEBUG:colcon.colcon_core.event_handler.log_command:Invoked command in '/home/eid/ws_gazebo/src/build/nixbot' returned '0': CMAKE_PREFIX_PATH=${CMAKE_PREFIX_PATH}:/home/eid/ws_gazebo/src/install/serial_motor_demo:/home/eid/ws_gazebo/install/serial_motor_demo:/home/eid/ws_gazebo/install/my_first_pkg:/home/eid/colcon_ws/install/move_robot:/opt/ros/humble /usr/bin/cmake --build /home/eid/ws_gazebo/src/build/nixbot -- -j8 -l8
[2.167s] DEBUG:colcon.colcon_core.event_handler.log_command:Invoked command in '/home/eid/ws_gazebo/src/build/my_first_pkg' returned '0': CMAKE_PREFIX_PATH=${CMAKE_PREFIX_PATH}:/home/eid/ws_gazebo/src/install/serial_motor_demo:/home/eid/ws_gazebo/install/serial_motor_demo:/home/eid/ws_gazebo/install/my_first_pkg:/home/eid/colcon_ws/install/move_robot:/opt/ros/humble /usr/bin/cmake --build /home/eid/ws_gazebo/src/build/my_first_pkg -- -j8 -l8
[2.186s] DEBUG:colcon.colcon_core.event_handler.log_command:Invoked command in '/home/eid/ws_gazebo/src/build/diffdrive_arduino' returned '0': CMAKE_PREFIX_PATH=${CMAKE_PREFIX_PATH}:/home/eid/ws_gazebo/src/install/serial_motor_demo:/home/eid/ws_gazebo/install/serial_motor_demo:/home/eid/ws_gazebo/install/my_first_pkg:/home/eid/colcon_ws/install/move_robot:/opt/ros/humble /usr/bin/cmake --build /home/eid/ws_gazebo/src/build/diffdrive_arduino -- -j8 -l8
[2.243s] DEBUG:colcon.colcon_core.event_handler.log_command:Invoking command in '/home/eid/ws_gazebo/src/build/nixbot': CMAKE_PREFIX_PATH=${CMAKE_PREFIX_PATH}:/home/eid/ws_gazebo/src/install/serial_motor_demo:/home/eid/ws_gazebo/install/serial_motor_demo:/home/eid/ws_gazebo/install/my_first_pkg:/home/eid/colcon_ws/install/move_robot:/opt/ros/humble /usr/bin/cmake --install /home/eid/ws_gazebo/src/build/nixbot
[2.247s] DEBUG:colcon.colcon_core.event_handler.log_command:Invoking command in '/home/eid/ws_gazebo/src/build/my_first_pkg': CMAKE_PREFIX_PATH=${CMAKE_PREFIX_PATH}:/home/eid/ws_gazebo/src/install/serial_motor_demo:/home/eid/ws_gazebo/install/serial_motor_demo:/home/eid/ws_gazebo/install/my_first_pkg:/home/eid/colcon_ws/install/move_robot:/opt/ros/humble /usr/bin/cmake --install /home/eid/ws_gazebo/src/build/my_first_pkg
[2.250s] DEBUG:colcon.colcon_core.event_handler.log_command:Invoking command in '/home/eid/ws_gazebo/src/build/diffdrive_arduino': CMAKE_PREFIX_PATH=${CMAKE_PREFIX_PATH}:/home/eid/ws_gazebo/src/install/serial_motor_demo:/home/eid/ws_gazebo/install/serial_motor_demo:/home/eid/ws_gazebo/install/my_first_pkg:/home/eid/colcon_ws/install/move_robot:/opt/ros/humble /usr/bin/cmake --install /home/eid/ws_gazebo/src/build/diffdrive_arduino
[2.265s] DEBUG:colcon.colcon_core.event_handler.log_command:Invoked command in '/home/eid/ws_gazebo/src/build/serial' returned '0': CMAKE_PREFIX_PATH=${CMAKE_PREFIX_PATH}:/home/eid/ws_gazebo/src/install/serial_motor_demo:/home/eid/ws_gazebo/install/serial_motor_demo:/home/eid/ws_gazebo/install/my_first_pkg:/home/eid/colcon_ws/install/move_robot:/opt/ros/humble /usr/bin/cmake --build /home/eid/ws_gazebo/src/build/serial -- -j8 -l8
[2.276s] Level 1:colcon.colcon_core.environment:create_environment_scripts_only(my_first_pkg)
[2.279s] DEBUG:colcon.colcon_core.event_handler.log_command:Invoked command in '/home/eid/ws_gazebo/src/build/my_first_pkg' returned '0': CMAKE_PREFIX_PATH=${CMAKE_PREFIX_PATH}:/home/eid/ws_gazebo/src/install/serial_motor_demo:/home/eid/ws_gazebo/install/serial_motor_demo:/home/eid/ws_gazebo/install/my_first_pkg:/home/eid/colcon_ws/install/move_robot:/opt/ros/humble /usr/bin/cmake --install /home/eid/ws_gazebo/src/build/my_first_pkg
[2.306s] Level 1:colcon.colcon_core.environment:checking '/home/eid/ws_gazebo/src/install/my_first_pkg' for CMake module files
[2.307s] Level 1:colcon.colcon_core.environment:checking '/home/eid/ws_gazebo/src/install/my_first_pkg' for CMake config files
[2.307s] Level 1:colcon.colcon_core.shell:create_environment_hook('my_first_pkg', 'cmake_prefix_path')
[2.334s] INFO:colcon.colcon_core.shell:Creating environment hook '/home/eid/ws_gazebo/src/install/my_first_pkg/share/my_first_pkg/hook/cmake_prefix_path.ps1'
[2.335s] INFO:colcon.colcon_core.shell:Creating environment descriptor '/home/eid/ws_gazebo/src/install/my_first_pkg/share/my_first_pkg/hook/cmake_prefix_path.dsv'
[2.336s] INFO:colcon.colcon_core.shell:Creating environment hook '/home/eid/ws_gazebo/src/install/my_first_pkg/share/my_first_pkg/hook/cmake_prefix_path.sh'
[2.337s] Level 1:colcon.colcon_core.environment:checking '/home/eid/ws_gazebo/src/install/my_first_pkg/lib'
[2.337s] Level 1:colcon.colcon_core.environment:checking '/home/eid/ws_gazebo/src/install/my_first_pkg/bin'
[2.337s] Level 1:colcon.colcon_core.environment:checking '/home/eid/ws_gazebo/src/install/my_first_pkg/lib/pkgconfig/my_first_pkg.pc'
[2.337s] Level 1:colcon.colcon_core.environment:checking '/home/eid/ws_gazebo/src/install/my_first_pkg/lib/python3.10/site-packages'
[2.337s] Level 1:colcon.colcon_core.environment:checking '/home/eid/ws_gazebo/src/install/my_first_pkg/bin'
[2.359s] INFO:colcon.colcon_core.shell:Creating package script '/home/eid/ws_gazebo/src/install/my_first_pkg/share/my_first_pkg/package.ps1'
[2.360s] INFO:colcon.colcon_core.shell:Creating package descriptor '/home/eid/ws_gazebo/src/install/my_first_pkg/share/my_first_pkg/package.dsv'
[2.360s] INFO:colcon.colcon_core.shell:Creating package script '/home/eid/ws_gazebo/src/install/my_first_pkg/share/my_first_pkg/package.sh'
[2.361s] INFO:colcon.colcon_core.shell:Creating package script '/home/eid/ws_gazebo/src/install/my_first_pkg/share/my_first_pkg/package.bash'
[2.361s] INFO:colcon.colcon_core.shell:Creating package script '/home/eid/ws_gazebo/src/install/my_first_pkg/share/my_first_pkg/package.zsh'
[2.362s] Level 1:colcon.colcon_core.environment:create_file_with_runtime_dependencies(/home/eid/ws_gazebo/src/install/my_first_pkg/share/colcon-core/packages/my_first_pkg)
[2.364s] Level 1:colcon.colcon_core.environment:create_environment_scripts_only(nixbot)
[2.365s] DEBUG:colcon.colcon_core.event_handler.log_command:Invoked command in '/home/eid/ws_gazebo/src/build/nixbot' returned '0': CMAKE_PREFIX_PATH=${CMAKE_PREFIX_PATH}:/home/eid/ws_gazebo/src/install/serial_motor_demo:/home/eid/ws_gazebo/install/serial_motor_demo:/home/eid/ws_gazebo/install/my_first_pkg:/home/eid/colcon_ws/install/move_robot:/opt/ros/humble /usr/bin/cmake --install /home/eid/ws_gazebo/src/build/nixbot
[2.381s] Level 1:colcon.colcon_core.environment:checking '/home/eid/ws_gazebo/src/install/nixbot' for CMake module files
[2.382s] Level 1:colcon.colcon_core.environment:checking '/home/eid/ws_gazebo/src/install/nixbot' for CMake config files
[2.382s] Level 1:colcon.colcon_core.shell:create_environment_hook('nixbot', 'cmake_prefix_path')
[2.404s] INFO:colcon.colcon_core.shell:Creating environment hook '/home/eid/ws_gazebo/src/install/nixbot/share/nixbot/hook/cmake_prefix_path.ps1'
[2.404s] INFO:colcon.colcon_core.shell:Creating environment descriptor '/home/eid/ws_gazebo/src/install/nixbot/share/nixbot/hook/cmake_prefix_path.dsv'
[2.405s] INFO:colcon.colcon_core.shell:Creating environment hook '/home/eid/ws_gazebo/src/install/nixbot/share/nixbot/hook/cmake_prefix_path.sh'
[2.405s] Level 1:colcon.colcon_core.environment:checking '/home/eid/ws_gazebo/src/install/nixbot/bin'
[2.405s] Level 1:colcon.colcon_core.environment:checking '/home/eid/ws_gazebo/src/install/nixbot/lib/pkgconfig/nixbot.pc'
[2.406s] Level 1:colcon.colcon_core.environment:checking '/home/eid/ws_gazebo/src/install/nixbot/lib/python3.10/site-packages'
[2.406s] Level 1:colcon.colcon_core.environment:checking '/home/eid/ws_gazebo/src/install/nixbot/bin'
[2.425s] INFO:colcon.colcon_core.shell:Creating package script '/home/eid/ws_gazebo/src/install/nixbot/share/nixbot/package.ps1'
[2.426s] INFO:colcon.colcon_core.shell:Creating package descriptor '/home/eid/ws_gazebo/src/install/nixbot/share/nixbot/package.dsv'
[2.426s] INFO:colcon.colcon_core.shell:Creating package script '/home/eid/ws_gazebo/src/install/nixbot/share/nixbot/package.sh'
[2.427s] INFO:colcon.colcon_core.shell:Creating package script '/home/eid/ws_gazebo/src/install/nixbot/share/nixbot/package.bash'
[2.427s] INFO:colcon.colcon_core.shell:Creating package script '/home/eid/ws_gazebo/src/install/nixbot/share/nixbot/package.zsh'
[2.427s] Level 1:colcon.colcon_core.environment:create_file_with_runtime_dependencies(/home/eid/ws_gazebo/src/install/nixbot/share/colcon-core/packages/nixbot)
[2.430s] DEBUG:colcon.colcon_core.event_handler.log_command:Invoking command in '/home/eid/ws_gazebo/src/build/serial': CMAKE_PREFIX_PATH=${CMAKE_PREFIX_PATH}:/home/eid/ws_gazebo/src/install/serial_motor_demo:/home/eid/ws_gazebo/install/serial_motor_demo:/home/eid/ws_gazebo/install/my_first_pkg:/home/eid/colcon_ws/install/move_robot:/opt/ros/humble /usr/bin/cmake --install /home/eid/ws_gazebo/src/build/serial
[2.430s] Level 1:colcon.colcon_core.environment:create_environment_scripts_only(diffdrive_arduino)
[2.431s] DEBUG:colcon.colcon_core.event_handler.log_command:Invoked command in '/home/eid/ws_gazebo/src/build/diffdrive_arduino' returned '0': CMAKE_PREFIX_PATH=${CMAKE_PREFIX_PATH}:/home/eid/ws_gazebo/src/install/serial_motor_demo:/home/eid/ws_gazebo/install/serial_motor_demo:/home/eid/ws_gazebo/install/my_first_pkg:/home/eid/colcon_ws/install/move_robot:/opt/ros/humble /usr/bin/cmake --install /home/eid/ws_gazebo/src/build/diffdrive_arduino
[2.452s] Level 1:colcon.colcon_core.environment:checking '/home/eid/ws_gazebo/src/install/diffdrive_arduino' for CMake module files
[2.452s] Level 1:colcon.colcon_core.environment:checking '/home/eid/ws_gazebo/src/install/diffdrive_arduino' for CMake config files
[2.453s] Level 1:colcon.colcon_core.shell:create_environment_hook('diffdrive_arduino', 'cmake_prefix_path')
[2.471s] INFO:colcon.colcon_core.shell:Creating environment hook '/home/eid/ws_gazebo/src/install/diffdrive_arduino/share/diffdrive_arduino/hook/cmake_prefix_path.ps1'
[2.471s] INFO:colcon.colcon_core.shell:Creating environment descriptor '/home/eid/ws_gazebo/src/install/diffdrive_arduino/share/diffdrive_arduino/hook/cmake_prefix_path.dsv'
[2.472s] INFO:colcon.colcon_core.shell:Creating environment hook '/home/eid/ws_gazebo/src/install/diffdrive_arduino/share/diffdrive_arduino/hook/cmake_prefix_path.sh'
[2.472s] Level 1:colcon.colcon_core.environment:checking '/home/eid/ws_gazebo/src/install/diffdrive_arduino/lib'
[2.472s] Level 1:colcon.colcon_core.shell:create_environment_hook('diffdrive_arduino', 'ld_library_path_lib')
[2.488s] INFO:colcon.colcon_core.shell:Creating environment hook '/home/eid/ws_gazebo/src/install/diffdrive_arduino/share/diffdrive_arduino/hook/ld_library_path_lib.ps1'
[2.488s] INFO:colcon.colcon_core.shell:Creating environment descriptor '/home/eid/ws_gazebo/src/install/diffdrive_arduino/share/diffdrive_arduino/hook/ld_library_path_lib.dsv'
[2.489s] INFO:colcon.colcon_core.shell:Creating environment hook '/home/eid/ws_gazebo/src/install/diffdrive_arduino/share/diffdrive_arduino/hook/ld_library_path_lib.sh'
[2.489s] Level 1:colcon.colcon_core.environment:checking '/home/eid/ws_gazebo/src/install/diffdrive_arduino/bin'
[2.489s] Level 1:colcon.colcon_core.environment:checking '/home/eid/ws_gazebo/src/install/diffdrive_arduino/lib/pkgconfig/diffdrive_arduino.pc'
[2.489s] Level 1:colcon.colcon_core.environment:checking '/home/eid/ws_gazebo/src/install/diffdrive_arduino/lib/python3.10/site-packages'
[2.490s] Level 1:colcon.colcon_core.environment:checking '/home/eid/ws_gazebo/src/install/diffdrive_arduino/bin'
[2.516s] INFO:colcon.colcon_core.shell:Creating package script '/home/eid/ws_gazebo/src/install/diffdrive_arduino/share/diffdrive_arduino/package.ps1'
[2.518s] INFO:colcon.colcon_core.shell:Creating package descriptor '/home/eid/ws_gazebo/src/install/diffdrive_arduino/share/diffdrive_arduino/package.dsv'
[2.521s] INFO:colcon.colcon_core.shell:Creating package script '/home/eid/ws_gazebo/src/install/diffdrive_arduino/share/diffdrive_arduino/package.sh'
[2.523s] INFO:colcon.colcon_core.shell:Creating package script '/home/eid/ws_gazebo/src/install/diffdrive_arduino/share/diffdrive_arduino/package.bash'
[2.524s] INFO:colcon.colcon_core.shell:Creating package script '/home/eid/ws_gazebo/src/install/diffdrive_arduino/share/diffdrive_arduino/package.zsh'
[2.525s] Level 1:colcon.colcon_core.environment:create_file_with_runtime_dependencies(/home/eid/ws_gazebo/src/install/diffdrive_arduino/share/colcon-core/packages/diffdrive_arduino)
[2.557s] Level 1:colcon.colcon_core.environment:create_environment_scripts_only(my_first_pkg)
[2.579s] Level 1:colcon.colcon_core.environment:checking '/home/eid/ws_gazebo/src/install/my_first_pkg' for CMake module files
[2.579s] Level 1:colcon.colcon_core.environment:checking '/home/eid/ws_gazebo/src/install/my_first_pkg' for CMake config files
[2.579s] Level 1:colcon.colcon_core.shell:create_environment_hook('my_first_pkg', 'cmake_prefix_path')
[2.598s] INFO:colcon.colcon_core.shell:Creating environment hook '/home/eid/ws_gazebo/src/install/my_first_pkg/share/my_first_pkg/hook/cmake_prefix_path.ps1'
[2.598s] INFO:colcon.colcon_core.shell:Creating environment descriptor '/home/eid/ws_gazebo/src/install/my_first_pkg/share/my_first_pkg/hook/cmake_prefix_path.dsv'
[2.599s] INFO:colcon.colcon_core.shell:Creating environment hook '/home/eid/ws_gazebo/src/install/my_first_pkg/share/my_first_pkg/hook/cmake_prefix_path.sh'
[2.599s] Level 1:colcon.colcon_core.environment:checking '/home/eid/ws_gazebo/src/install/my_first_pkg/lib'
[2.599s] Level 1:colcon.colcon_core.environment:checking '/home/eid/ws_gazebo/src/install/my_first_pkg/bin'
[2.599s] Level 1:colcon.colcon_core.environment:checking '/home/eid/ws_gazebo/src/install/my_first_pkg/lib/pkgconfig/my_first_pkg.pc'
[2.599s] Level 1:colcon.colcon_core.environment:checking '/home/eid/ws_gazebo/src/install/my_first_pkg/lib/python3.10/site-packages'
[2.600s] Level 1:colcon.colcon_core.environment:checking '/home/eid/ws_gazebo/src/install/my_first_pkg/bin'
[2.617s] INFO:colcon.colcon_core.shell:Creating package script '/home/eid/ws_gazebo/src/install/my_first_pkg/share/my_first_pkg/package.ps1'
[2.618s] INFO:colcon.colcon_core.shell:Creating package descriptor '/home/eid/ws_gazebo/src/install/my_first_pkg/share/my_first_pkg/package.dsv'
[2.619s] INFO:colcon.colcon_core.shell:Creating package script '/home/eid/ws_gazebo/src/install/my_first_pkg/share/my_first_pkg/package.sh'
[2.619s] INFO:colcon.colcon_core.shell:Creating package script '/home/eid/ws_gazebo/src/install/my_first_pkg/share/my_first_pkg/package.bash'
[2.620s] INFO:colcon.colcon_core.shell:Creating package script '/home/eid/ws_gazebo/src/install/my_first_pkg/share/my_first_pkg/package.zsh'
[2.620s] Level 1:colcon.colcon_core.environment:create_file_with_runtime_dependencies(/home/eid/ws_gazebo/src/install/my_first_pkg/share/colcon-core/packages/my_first_pkg)
[2.621s] Level 1:colcon.colcon_core.environment:create_environment_scripts_only(serial)
[2.622s] DEBUG:colcon.colcon_core.event_handler.log_command:Invoked command in '/home/eid/ws_gazebo/src/build/serial' returned '0': CMAKE_PREFIX_PATH=${CMAKE_PREFIX_PATH}:/home/eid/ws_gazebo/src/install/serial_motor_demo:/home/eid/ws_gazebo/install/serial_motor_demo:/home/eid/ws_gazebo/install/my_first_pkg:/home/eid/colcon_ws/install/move_robot:/opt/ros/humble /usr/bin/cmake --install /home/eid/ws_gazebo/src/build/serial
[2.639s] Level 1:colcon.colcon_core.environment:checking '/home/eid/ws_gazebo/src/install/serial' for CMake module files
[2.639s] Level 1:colcon.colcon_core.environment:checking '/home/eid/ws_gazebo/src/install/serial' for CMake config files
[2.640s] Level 1:colcon.colcon_core.shell:create_environment_hook('serial', 'cmake_prefix_path')
[2.674s] INFO:colcon.colcon_core.shell:Creating environment hook '/home/eid/ws_gazebo/src/install/serial/share/serial/hook/cmake_prefix_path.ps1'
[2.675s] INFO:colcon.colcon_core.shell:Creating environment descriptor '/home/eid/ws_gazebo/src/install/serial/share/serial/hook/cmake_prefix_path.dsv'
[2.675s] INFO:colcon.colcon_core.shell:Creating environment hook '/home/eid/ws_gazebo/src/install/serial/share/serial/hook/cmake_prefix_path.sh'
[2.675s] Level 1:colcon.colcon_core.environment:checking '/home/eid/ws_gazebo/src/install/serial/lib'
[2.676s] Level 1:colcon.colcon_core.environment:checking '/home/eid/ws_gazebo/src/install/serial/bin'
[2.676s] Level 1:colcon.colcon_core.environment:checking '/home/eid/ws_gazebo/src/install/serial/lib/pkgconfig/serial.pc'
[2.676s] Level 1:colcon.colcon_core.environment:checking '/home/eid/ws_gazebo/src/install/serial/lib/python3.10/site-packages'
[2.676s] Level 1:colcon.colcon_core.environment:checking '/home/eid/ws_gazebo/src/install/serial/bin'
[2.696s] INFO:colcon.colcon_core.shell:Creating package script '/home/eid/ws_gazebo/src/install/serial/share/serial/package.ps1'
[2.696s] INFO:colcon.colcon_core.shell:Creating package descriptor '/home/eid/ws_gazebo/src/install/serial/share/serial/package.dsv'
[2.697s] INFO:colcon.colcon_core.shell:Creating package script '/home/eid/ws_gazebo/src/install/serial/share/serial/package.sh'
[2.697s] INFO:colcon.colcon_core.shell:Creating package script '/home/eid/ws_gazebo/src/install/serial/share/serial/package.bash'
[2.697s] INFO:colcon.colcon_core.shell:Creating package script '/home/eid/ws_gazebo/src/install/serial/share/serial/package.zsh'
[2.697s] Level 1:colcon.colcon_core.environment:create_file_with_runtime_dependencies(/home/eid/ws_gazebo/src/install/serial/share/colcon-core/packages/serial)
[2.726s] Level 1:colcon.colcon_core.environment:create_environment_scripts_only(nixbot)
[2.748s] Level 1:colcon.colcon_core.environment:checking '/home/eid/ws_gazebo/src/install/nixbot' for CMake module files
[2.749s] Level 1:colcon.colcon_core.environment:checking '/home/eid/ws_gazebo/src/install/nixbot' for CMake config files
[2.749s] Level 1:colcon.colcon_core.shell:create_environment_hook('nixbot', 'cmake_prefix_path')
[2.768s] INFO:colcon.colcon_core.shell:Creating environment hook '/home/eid/ws_gazebo/src/install/nixbot/share/nixbot/hook/cmake_prefix_path.ps1'
[2.768s] INFO:colcon.colcon_core.shell:Creating environment descriptor '/home/eid/ws_gazebo/src/install/nixbot/share/nixbot/hook/cmake_prefix_path.dsv'
[2.769s] INFO:colcon.colcon_core.shell:Creating environment hook '/home/eid/ws_gazebo/src/install/nixbot/share/nixbot/hook/cmake_prefix_path.sh'
[2.769s] Level 1:colcon.colcon_core.environment:checking '/home/eid/ws_gazebo/src/install/nixbot/bin'
[2.769s] Level 1:colcon.colcon_core.environment:checking '/home/eid/ws_gazebo/src/install/nixbot/lib/pkgconfig/nixbot.pc'
[2.769s] Level 1:colcon.colcon_core.environment:checking '/home/eid/ws_gazebo/src/install/nixbot/lib/python3.10/site-packages'
[2.770s] Level 1:colcon.colcon_core.environment:checking '/home/eid/ws_gazebo/src/install/nixbot/bin'
[2.787s] INFO:colcon.colcon_core.shell:Creating package script '/home/eid/ws_gazebo/src/install/nixbot/share/nixbot/package.ps1'
[2.787s] INFO:colcon.colcon_core.shell:Creating package descriptor '/home/eid/ws_gazebo/src/install/nixbot/share/nixbot/package.dsv'
[2.788s] INFO:colcon.colcon_core.shell:Creating package script '/home/eid/ws_gazebo/src/install/nixbot/share/nixbot/package.sh'
[2.788s] INFO:colcon.colcon_core.shell:Creating package script '/home/eid/ws_gazebo/src/install/nixbot/share/nixbot/package.bash'
[2.788s] INFO:colcon.colcon_core.shell:Creating package script '/home/eid/ws_gazebo/src/install/nixbot/share/nixbot/package.zsh'
[2.789s] Level 1:colcon.colcon_core.environment:create_file_with_runtime_dependencies(/home/eid/ws_gazebo/src/install/nixbot/share/colcon-core/packages/nixbot)
[2.790s] DEBUG:colcon.colcon_core.event_handler.log_command:Invoked command in '/home/eid/ws_gazebo/src/build/serial_motor_demo_msgs' returned '0': CMAKE_PREFIX_PATH=${CMAKE_PREFIX_PATH}:/home/eid/ws_gazebo/src/install/serial_motor_demo:/home/eid/ws_gazebo/install/serial_motor_demo:/home/eid/ws_gazebo/install/my_first_pkg:/home/eid/colcon_ws/install/move_robot:/opt/ros/humble /usr/bin/cmake --build /home/eid/ws_gazebo/src/build/serial_motor_demo_msgs -- -j8 -l8
[2.812s] Level 1:colcon.colcon_core.environment:create_environment_scripts_only(diffdrive_arduino)
[2.835s] Level 1:colcon.colcon_core.environment:checking '/home/eid/ws_gazebo/src/install/diffdrive_arduino' for CMake module files
[2.836s] Level 1:colcon.colcon_core.environment:checking '/home/eid/ws_gazebo/src/install/diffdrive_arduino' for CMake config files
[2.836s] Level 1:colcon.colcon_core.shell:create_environment_hook('diffdrive_arduino', 'cmake_prefix_path')
[2.857s] INFO:colcon.colcon_core.shell:Creating environment hook '/home/eid/ws_gazebo/src/install/diffdrive_arduino/share/diffdrive_arduino/hook/cmake_prefix_path.ps1'
[2.858s] INFO:colcon.colcon_core.shell:Creating environment descriptor '/home/eid/ws_gazebo/src/install/diffdrive_arduino/share/diffdrive_arduino/hook/cmake_prefix_path.dsv'
[2.858s] INFO:colcon.colcon_core.shell:Creating environment hook '/home/eid/ws_gazebo/src/install/diffdrive_arduino/share/diffdrive_arduino/hook/cmake_prefix_path.sh'
[2.859s] Level 1:colcon.colcon_core.environment:checking '/home/eid/ws_gazebo/src/install/diffdrive_arduino/lib'
[2.859s] Level 1:colcon.colcon_core.shell:create_environment_hook('diffdrive_arduino', 'ld_library_path_lib')
[2.876s] INFO:colcon.colcon_core.shell:Creating environment hook '/home/eid/ws_gazebo/src/install/diffdrive_arduino/share/diffdrive_arduino/hook/ld_library_path_lib.ps1'
[2.877s] INFO:colcon.colcon_core.shell:Creating environment descriptor '/home/eid/ws_gazebo/src/install/diffdrive_arduino/share/diffdrive_arduino/hook/ld_library_path_lib.dsv'
[2.877s] INFO:colcon.colcon_core.shell:Creating environment hook '/home/eid/ws_gazebo/src/install/diffdrive_arduino/share/diffdrive_arduino/hook/ld_library_path_lib.sh'
[2.877s] Level 1:colcon.colcon_core.environment:checking '/home/eid/ws_gazebo/src/install/diffdrive_arduino/bin'
[2.878s] Level 1:colcon.colcon_core.environment:checking '/home/eid/ws_gazebo/src/install/diffdrive_arduino/lib/pkgconfig/diffdrive_arduino.pc'
[2.878s] Level 1:colcon.colcon_core.environment:checking '/home/eid/ws_gazebo/src/install/diffdrive_arduino/lib/python3.10/site-packages'
[2.878s] Level 1:colcon.colcon_core.environment:checking '/home/eid/ws_gazebo/src/install/diffdrive_arduino/bin'
[2.896s] INFO:colcon.colcon_core.shell:Creating package script '/home/eid/ws_gazebo/src/install/diffdrive_arduino/share/diffdrive_arduino/package.ps1'
[2.897s] INFO:colcon.colcon_core.shell:Creating package descriptor '/home/eid/ws_gazebo/src/install/diffdrive_arduino/share/diffdrive_arduino/package.dsv'
[2.897s] INFO:colcon.colcon_core.shell:Creating package script '/home/eid/ws_gazebo/src/install/diffdrive_arduino/share/diffdrive_arduino/package.sh'
[2.898s] INFO:colcon.colcon_core.shell:Creating package script '/home/eid/ws_gazebo/src/install/diffdrive_arduino/share/diffdrive_arduino/package.bash'
[2.898s] INFO:colcon.colcon_core.shell:Creating package script '/home/eid/ws_gazebo/src/install/diffdrive_arduino/share/diffdrive_arduino/package.zsh'
[2.898s] Level 1:colcon.colcon_core.environment:create_file_with_runtime_dependencies(/home/eid/ws_gazebo/src/install/diffdrive_arduino/share/colcon-core/packages/diffdrive_arduino)
[2.919s] Level 1:colcon.colcon_core.environment:create_environment_scripts_only(serial)
[2.942s] Level 1:colcon.colcon_core.environment:checking '/home/eid/ws_gazebo/src/install/serial' for CMake module files
[2.942s] Level 1:colcon.colcon_core.environment:checking '/home/eid/ws_gazebo/src/install/serial' for CMake config files
[2.942s] Level 1:colcon.colcon_core.shell:create_environment_hook('serial', 'cmake_prefix_path')
[2.960s] INFO:colcon.colcon_core.shell:Creating environment hook '/home/eid/ws_gazebo/src/install/serial/share/serial/hook/cmake_prefix_path.ps1'
[2.961s] INFO:colcon.colcon_core.shell:Creating environment descriptor '/home/eid/ws_gazebo/src/install/serial/share/serial/hook/cmake_prefix_path.dsv'
[2.961s] INFO:colcon.colcon_core.shell:Creating environment hook '/home/eid/ws_gazebo/src/install/serial/share/serial/hook/cmake_prefix_path.sh'
[2.962s] Level 1:colcon.colcon_core.environment:checking '/home/eid/ws_gazebo/src/install/serial/lib'
[2.962s] Level 1:colcon.colcon_core.environment:checking '/home/eid/ws_gazebo/src/install/serial/bin'
[2.962s] Level 1:colcon.colcon_core.environment:checking '/home/eid/ws_gazebo/src/install/serial/lib/pkgconfig/serial.pc'
[2.962s] Level 1:colcon.colcon_core.environment:checking '/home/eid/ws_gazebo/src/install/serial/lib/python3.10/site-packages'
[2.962s] Level 1:colcon.colcon_core.environment:checking '/home/eid/ws_gazebo/src/install/serial/bin'
[2.978s] INFO:colcon.colcon_core.shell:Creating package script '/home/eid/ws_gazebo/src/install/serial/share/serial/package.ps1'
[2.979s] INFO:colcon.colcon_core.shell:Creating package descriptor '/home/eid/ws_gazebo/src/install/serial/share/serial/package.dsv'
[2.979s] INFO:colcon.colcon_core.shell:Creating package script '/home/eid/ws_gazebo/src/install/serial/share/serial/package.sh'
[2.979s] INFO:colcon.colcon_core.shell:Creating package script '/home/eid/ws_gazebo/src/install/serial/share/serial/package.bash'
[2.980s] INFO:colcon.colcon_core.shell:Creating package script '/home/eid/ws_gazebo/src/install/serial/share/serial/package.zsh'
[2.980s] Level 1:colcon.colcon_core.environment:create_file_with_runtime_dependencies(/home/eid/ws_gazebo/src/install/serial/share/colcon-core/packages/serial)
[2.983s] DEBUG:colcon.colcon_core.event_handler.log_command:Invoking command in '/home/eid/ws_gazebo/src/build/serial_motor_demo_msgs': CMAKE_PREFIX_PATH=${CMAKE_PREFIX_PATH}:/home/eid/ws_gazebo/src/install/serial_motor_demo:/home/eid/ws_gazebo/install/serial_motor_demo:/home/eid/ws_gazebo/install/my_first_pkg:/home/eid/colcon_ws/install/move_robot:/opt/ros/humble /usr/bin/cmake --install /home/eid/ws_gazebo/src/build/serial_motor_demo_msgs
[3.069s] Level 1:colcon.colcon_core.environment:create_environment_scripts_only(serial_motor_demo_msgs)
[3.070s] DEBUG:colcon.colcon_core.event_handler.log_command:Invoked command in '/home/eid/ws_gazebo/src/build/serial_motor_demo_msgs' returned '0': CMAKE_PREFIX_PATH=${CMAKE_PREFIX_PATH}:/home/eid/ws_gazebo/src/install/serial_motor_demo:/home/eid/ws_gazebo/install/serial_motor_demo:/home/eid/ws_gazebo/install/my_first_pkg:/home/eid/colcon_ws/install/move_robot:/opt/ros/humble /usr/bin/cmake --install /home/eid/ws_gazebo/src/build/serial_motor_demo_msgs
[3.086s] Level 1:colcon.colcon_core.environment:checking '/home/eid/ws_gazebo/src/install/serial_motor_demo_msgs' for CMake module files
[3.087s] Level 1:colcon.colcon_core.environment:checking '/home/eid/ws_gazebo/src/install/serial_motor_demo_msgs' for CMake config files
[3.088s] Level 1:colcon.colcon_core.shell:create_environment_hook('serial_motor_demo_msgs', 'cmake_prefix_path')
[3.106s] INFO:colcon.colcon_core.shell:Creating environment hook '/home/eid/ws_gazebo/src/install/serial_motor_demo_msgs/share/serial_motor_demo_msgs/hook/cmake_prefix_path.ps1'
[3.106s] INFO:colcon.colcon_core.shell:Creating environment descriptor '/home/eid/ws_gazebo/src/install/serial_motor_demo_msgs/share/serial_motor_demo_msgs/hook/cmake_prefix_path.dsv'
[3.107s] INFO:colcon.colcon_core.shell:Creating environment hook '/home/eid/ws_gazebo/src/install/serial_motor_demo_msgs/share/serial_motor_demo_msgs/hook/cmake_prefix_path.sh'
[3.107s] Level 1:colcon.colcon_core.environment:checking '/home/eid/ws_gazebo/src/install/serial_motor_demo_msgs/lib'
[3.107s] Level 1:colcon.colcon_core.shell:create_environment_hook('serial_motor_demo_msgs', 'ld_library_path_lib')
[3.126s] INFO:colcon.colcon_core.shell:Creating environment hook '/home/eid/ws_gazebo/src/install/serial_motor_demo_msgs/share/serial_motor_demo_msgs/hook/ld_library_path_lib.ps1'
[3.126s] INFO:colcon.colcon_core.shell:Creating environment descriptor '/home/eid/ws_gazebo/src/install/serial_motor_demo_msgs/share/serial_motor_demo_msgs/hook/ld_library_path_lib.dsv'
[3.127s] INFO:colcon.colcon_core.shell:Creating environment hook '/home/eid/ws_gazebo/src/install/serial_motor_demo_msgs/share/serial_motor_demo_msgs/hook/ld_library_path_lib.sh'
[3.127s] Level 1:colcon.colcon_core.environment:checking '/home/eid/ws_gazebo/src/install/serial_motor_demo_msgs/bin'
[3.127s] Level 1:colcon.colcon_core.environment:checking '/home/eid/ws_gazebo/src/install/serial_motor_demo_msgs/lib/pkgconfig/serial_motor_demo_msgs.pc'
[3.127s] Level 1:colcon.colcon_core.environment:checking '/home/eid/ws_gazebo/src/install/serial_motor_demo_msgs/lib/python3.10/site-packages'
[3.128s] Level 1:colcon.colcon_core.environment:checking '/home/eid/ws_gazebo/src/install/serial_motor_demo_msgs/bin'
[3.145s] INFO:colcon.colcon_core.shell:Creating package script '/home/eid/ws_gazebo/src/install/serial_motor_demo_msgs/share/serial_motor_demo_msgs/package.ps1'
[3.146s] INFO:colcon.colcon_core.shell:Creating package descriptor '/home/eid/ws_gazebo/src/install/serial_motor_demo_msgs/share/serial_motor_demo_msgs/package.dsv'
[3.146s] INFO:colcon.colcon_core.shell:Creating package script '/home/eid/ws_gazebo/src/install/serial_motor_demo_msgs/share/serial_motor_demo_msgs/package.sh'
[3.147s] INFO:colcon.colcon_core.shell:Creating package script '/home/eid/ws_gazebo/src/install/serial_motor_demo_msgs/share/serial_motor_demo_msgs/package.bash'
[3.147s] INFO:colcon.colcon_core.shell:Creating package script '/home/eid/ws_gazebo/src/install/serial_motor_demo_msgs/share/serial_motor_demo_msgs/package.zsh'
[3.147s] Level 1:colcon.colcon_core.environment:create_file_with_runtime_dependencies(/home/eid/ws_gazebo/src/install/serial_motor_demo_msgs/share/colcon-core/packages/serial_motor_demo_msgs)
[3.275s] Level 1:colcon.colcon_core.environment:create_environment_scripts_only(serial_motor_demo_msgs)
[3.296s] Level 1:colcon.colcon_core.environment:checking '/home/eid/ws_gazebo/src/install/serial_motor_demo_msgs' for CMake module files
[3.297s] Level 1:colcon.colcon_core.environment:checking '/home/eid/ws_gazebo/src/install/serial_motor_demo_msgs' for CMake config files
[3.298s] Level 1:colcon.colcon_core.shell:create_environment_hook('serial_motor_demo_msgs', 'cmake_prefix_path')
[3.318s] INFO:colcon.colcon_core.shell:Creating environment hook '/home/eid/ws_gazebo/src/install/serial_motor_demo_msgs/share/serial_motor_demo_msgs/hook/cmake_prefix_path.ps1'
[3.319s] INFO:colcon.colcon_core.shell:Creating environment descriptor '/home/eid/ws_gazebo/src/install/serial_motor_demo_msgs/share/serial_motor_demo_msgs/hook/cmake_prefix_path.dsv'
[3.319s] INFO:colcon.colcon_core.shell:Creating environment hook '/home/eid/ws_gazebo/src/install/serial_motor_demo_msgs/share/serial_motor_demo_msgs/hook/cmake_prefix_path.sh'
[3.319s] Level 1:colcon.colcon_core.environment:checking '/home/eid/ws_gazebo/src/install/serial_motor_demo_msgs/lib'
[3.319s] Level 1:colcon.colcon_core.shell:create_environment_hook('serial_motor_demo_msgs', 'ld_library_path_lib')
[3.339s] INFO:colcon.colcon_core.shell:Creating environment hook '/home/eid/ws_gazebo/src/install/serial_motor_demo_msgs/share/serial_motor_demo_msgs/hook/ld_library_path_lib.ps1'
[3.339s] INFO:colcon.colcon_core.shell:Creating environment descriptor '/home/eid/ws_gazebo/src/install/serial_motor_demo_msgs/share/serial_motor_demo_msgs/hook/ld_library_path_lib.dsv'
[3.339s] INFO:colcon.colcon_core.shell:Creating environment hook '/home/eid/ws_gazebo/src/install/serial_motor_demo_msgs/share/serial_motor_demo_msgs/hook/ld_library_path_lib.sh'
[3.340s] Level 1:colcon.colcon_core.environment:checking '/home/eid/ws_gazebo/src/install/serial_motor_demo_msgs/bin'
[3.340s] Level 1:colcon.colcon_core.environment:checking '/home/eid/ws_gazebo/src/install/serial_motor_demo_msgs/lib/pkgconfig/serial_motor_demo_msgs.pc'
[3.340s] Level 1:colcon.colcon_core.environment:checking '/home/eid/ws_gazebo/src/install/serial_motor_demo_msgs/lib/python3.10/site-packages'
[3.340s] Level 1:colcon.colcon_core.environment:checking '/home/eid/ws_gazebo/src/install/serial_motor_demo_msgs/bin'
[3.359s] INFO:colcon.colcon_core.shell:Creating package script '/home/eid/ws_gazebo/src/install/serial_motor_demo_msgs/share/serial_motor_demo_msgs/package.ps1'
[3.359s] INFO:colcon.colcon_core.shell:Creating package descriptor '/home/eid/ws_gazebo/src/install/serial_motor_demo_msgs/share/serial_motor_demo_msgs/package.dsv'
[3.360s] INFO:colcon.colcon_core.shell:Creating package script '/home/eid/ws_gazebo/src/install/serial_motor_demo_msgs/share/serial_motor_demo_msgs/package.sh'
[3.360s] INFO:colcon.colcon_core.shell:Creating package script '/home/eid/ws_gazebo/src/install/serial_motor_demo_msgs/share/serial_motor_demo_msgs/package.bash'
[3.360s] INFO:colcon.colcon_core.shell:Creating package script '/home/eid/ws_gazebo/src/install/serial_motor_demo_msgs/share/serial_motor_demo_msgs/package.zsh'
[3.361s] Level 1:colcon.colcon_core.environment:create_file_with_runtime_dependencies(/home/eid/ws_gazebo/src/install/serial_motor_demo_msgs/share/colcon-core/packages/serial_motor_demo_msgs)
[3.361s] INFO:colcon.colcon_ros.task.ament_python.build:Building ROS package in '/home/eid/ws_gazebo/src/serial_motor_demo/serial_motor_demo' with build type 'ament_python'
[3.361s] Level 1:colcon.colcon_core.shell:create_environment_hook('serial_motor_demo', 'ament_prefix_path')
[3.381s] INFO:colcon.colcon_core.shell:Creating environment hook '/home/eid/ws_gazebo/src/install/serial_motor_demo/share/serial_motor_demo/hook/ament_prefix_path.ps1'
[3.382s] INFO:colcon.colcon_core.shell:Creating environment descriptor '/home/eid/ws_gazebo/src/install/serial_motor_demo/share/serial_motor_demo/hook/ament_prefix_path.dsv'
[3.382s] INFO:colcon.colcon_core.shell:Creating environment hook '/home/eid/ws_gazebo/src/install/serial_motor_demo/share/serial_motor_demo/hook/ament_prefix_path.sh'
[3.400s] INFO:colcon.colcon_core.shell:Skip shell extension 'powershell' for command environment: Not usable outside of PowerShell
[3.400s] DEBUG:colcon.colcon_core.shell:Skip shell extension 'dsv' for command environment
[3.753s] INFO:colcon.colcon_core.task.python.build:Building Python package in '/home/eid/ws_gazebo/src/serial_motor_demo/serial_motor_demo'
[3.773s] INFO:colcon.colcon_core.shell:Skip shell extension 'powershell' for command environment: Not usable outside of PowerShell
[3.773s] DEBUG:colcon.colcon_core.shell:Skip shell extension 'dsv' for command environment
[4.225s] DEBUG:colcon.colcon_core.event_handler.log_command:Invoking command in '/home/eid/ws_gazebo/src/serial_motor_demo/serial_motor_demo': PYTHONPATH=/home/eid/ws_gazebo/src/build/serial_motor_demo/prefix_override:/home/eid/ws_gazebo/src/install/serial_motor_demo/lib/python3.10/site-packages:${PYTHONPATH} /usr/bin/python3 setup.py egg_info --egg-base ../../build/serial_motor_demo build --build-base /home/eid/ws_gazebo/src/build/serial_motor_demo/build install --record /home/eid/ws_gazebo/src/build/serial_motor_demo/install.log --install-scripts $base/lib/serial_motor_demo --single-version-externally-managed
[4.544s] DEBUG:colcon.colcon_core.event_handler.log_command:Invoked command in '/home/eid/ws_gazebo/src/serial_motor_demo/serial_motor_demo' returned '0': PYTHONPATH=/home/eid/ws_gazebo/src/build/serial_motor_demo/prefix_override:/home/eid/ws_gazebo/src/install/serial_motor_demo/lib/python3.10/site-packages:${PYTHONPATH} /usr/bin/python3 setup.py egg_info --egg-base ../../build/serial_motor_demo build --build-base /home/eid/ws_gazebo/src/build/serial_motor_demo/build install --record /home/eid/ws_gazebo/src/build/serial_motor_demo/install.log --install-scripts $base/lib/serial_motor_demo --single-version-externally-managed
[4.564s] Level 1:colcon.colcon_core.environment:checking '/home/eid/ws_gazebo/src/install/serial_motor_demo' for CMake module files
[4.564s] Level 1:colcon.colcon_core.environment:checking '/home/eid/ws_gazebo/src/install/serial_motor_demo' for CMake config files
[4.565s] Level 1:colcon.colcon_core.environment:checking '/home/eid/ws_gazebo/src/install/serial_motor_demo/lib'
[4.565s] Level 1:colcon.colcon_core.environment:checking '/home/eid/ws_gazebo/src/install/serial_motor_demo/bin'
[4.565s] Level 1:colcon.colcon_core.environment:checking '/home/eid/ws_gazebo/src/install/serial_motor_demo/lib/pkgconfig/serial_motor_demo.pc'
[4.565s] Level 1:colcon.colcon_core.environment:checking '/home/eid/ws_gazebo/src/install/serial_motor_demo/lib/python3.10/site-packages'
[4.565s] Level 1:colcon.colcon_core.shell:create_environment_hook('serial_motor_demo', 'pythonpath')
[4.582s] INFO:colcon.colcon_core.shell:Creating environment hook '/home/eid/ws_gazebo/src/install/serial_motor_demo/share/serial_motor_demo/hook/pythonpath.ps1'
[4.583s] INFO:colcon.colcon_core.shell:Creating environment descriptor '/home/eid/ws_gazebo/src/install/serial_motor_demo/share/serial_motor_demo/hook/pythonpath.dsv'
[4.583s] INFO:colcon.colcon_core.shell:Creating environment hook '/home/eid/ws_gazebo/src/install/serial_motor_demo/share/serial_motor_demo/hook/pythonpath.sh'
[4.583s] Level 1:colcon.colcon_core.environment:checking '/home/eid/ws_gazebo/src/install/serial_motor_demo/bin'
[4.583s] Level 1:colcon.colcon_core.environment:create_environment_scripts_only(serial_motor_demo)
[4.600s] INFO:colcon.colcon_core.shell:Creating package script '/home/eid/ws_gazebo/src/install/serial_motor_demo/share/serial_motor_demo/package.ps1'
[4.601s] INFO:colcon.colcon_core.shell:Creating package descriptor '/home/eid/ws_gazebo/src/install/serial_motor_demo/share/serial_motor_demo/package.dsv'
[4.601s] INFO:colcon.colcon_core.shell:Creating package script '/home/eid/ws_gazebo/src/install/serial_motor_demo/share/serial_motor_demo/package.sh'
[4.602s] INFO:colcon.colcon_core.shell:Creating package script '/home/eid/ws_gazebo/src/install/serial_motor_demo/share/serial_motor_demo/package.bash'
[4.602s] INFO:colcon.colcon_core.shell:Creating package script '/home/eid/ws_gazebo/src/install/serial_motor_demo/share/serial_motor_demo/package.zsh'
[4.602s] Level 1:colcon.colcon_core.environment:create_file_with_runtime_dependencies(/home/eid/ws_gazebo/src/install/serial_motor_demo/share/colcon-core/packages/serial_motor_demo)
[4.603s] DEBUG:colcon.colcon_parallel_executor.executor.parallel:closing loop
[4.603s] DEBUG:colcon.colcon_parallel_executor.executor.parallel:loop closed
[4.603s] DEBUG:colcon.colcon_parallel_executor.executor.parallel:run_until_complete finished with '0'
[4.603s] DEBUG:colcon.colcon_core.event_reactor:joining thread
[4.627s] INFO:colcon.colcon_core.plugin_system:Skipping extension 'colcon_notification.desktop_notification.terminal_notifier': Not used on non-Darwin systems
[4.627s] INFO:colcon.colcon_core.plugin_system:Skipping extension 'colcon_notification.desktop_notification.win32': Not used on non-Windows systems
[4.627s] INFO:colcon.colcon_notification.desktop_notification:Sending desktop notification using 'notify2'
[4.638s] DEBUG:colcon.colcon_core.event_reactor:joined thread
[4.657s] INFO:colcon.colcon_core.shell:Creating prefix script '/home/eid/ws_gazebo/src/install/local_setup.ps1'
[4.658s] INFO:colcon.colcon_core.shell:Creating prefix util module '/home/eid/ws_gazebo/src/install/_local_setup_util_ps1.py'
[4.660s] INFO:colcon.colcon_core.shell:Creating prefix chain script '/home/eid/ws_gazebo/src/install/setup.ps1'
[4.684s] INFO:colcon.colcon_core.shell:Creating prefix script '/home/eid/ws_gazebo/src/install/local_setup.sh'
[4.684s] INFO:colcon.colcon_core.shell:Creating prefix util module '/home/eid/ws_gazebo/src/install/_local_setup_util_sh.py'
[4.685s] INFO:colcon.colcon_core.shell:Creating prefix chain script '/home/eid/ws_gazebo/src/install/setup.sh'
[4.709s] INFO:colcon.colcon_core.shell:Creating prefix script '/home/eid/ws_gazebo/src/install/local_setup.bash'
[4.710s] INFO:colcon.colcon_core.shell:Creating prefix chain script '/home/eid/ws_gazebo/src/install/setup.bash'
[4.734s] INFO:colcon.colcon_core.shell:Creating prefix script '/home/eid/ws_gazebo/src/install/local_setup.zsh'
[4.735s] INFO:colcon.colcon_core.shell:Creating prefix chain script '/home/eid/ws_gazebo/src/install/setup.zsh'
