[0.100s] Invoking command in '/home/eid/ws_gazebo/build/serial': CMAKE_PREFIX_PATH=${CMAKE_PREFIX_PATH}:/home/eid/ws_gazebo/install/serial_motor_demo:/home/eid/colcon_ws/install/move_robot:/opt/ros/humble /usr/bin/cmake --build /home/eid/ws_gazebo/build/serial -- -j8 -l8
[0.164s] [ 14%] Built target gtest_main
[0.165s] [ 42%] Built target serial
[0.174s] [ 57%] Built target gtest
[0.202s] [ 71%] Built target serial_example
[0.221s] [100%] Built target serial-test-timer
[0.221s] [100%] Built target serial-test
[0.237s] Invoked command in '/home/eid/ws_gazebo/build/serial' returned '0': CMAKE_PREFIX_PATH=${CMAKE_PREFIX_PATH}:/home/eid/ws_gazebo/install/serial_motor_demo:/home/eid/colcon_ws/install/move_robot:/opt/ros/humble /usr/bin/cmake --build /home/eid/ws_gazebo/build/serial -- -j8 -l8
[0.313s] Invoking command in '/home/eid/ws_gazebo/build/serial': CMAKE_PREFIX_PATH=${CMAKE_PREFIX_PATH}:/home/eid/ws_gazebo/install/serial_motor_demo:/home/eid/colcon_ws/install/move_robot:/opt/ros/humble /usr/bin/cmake --install /home/eid/ws_gazebo/build/serial
[0.448s] -- Install configuration: ""
[0.450s] -- Up-to-date: /home/eid/ws_gazebo/install/serial/lib/libserial.a
[0.451s] -- Up-to-date: /home/eid/ws_gazebo/install/serial/include/serial/serial.h
[0.451s] -- Up-to-date: /home/eid/ws_gazebo/install/serial/include/serial/v8stdint.h
[0.452s] -- Up-to-date: /home/eid/ws_gazebo/install/serial/share/serial/environment/library_path.sh
[0.452s] -- Up-to-date: /home/eid/ws_gazebo/install/serial/share/serial/environment/library_path.dsv
[0.453s] -- Up-to-date: /home/eid/ws_gazebo/install/serial/share/ament_index/resource_index/package_run_dependencies/serial
[0.453s] -- Up-to-date: /home/eid/ws_gazebo/install/serial/share/ament_index/resource_index/parent_prefix_path/serial
[0.454s] -- Up-to-date: /home/eid/ws_gazebo/install/serial/share/serial/environment/ament_prefix_path.sh
[0.454s] -- Up-to-date: /home/eid/ws_gazebo/install/serial/share/serial/environment/ament_prefix_path.dsv
[0.455s] -- Up-to-date: /home/eid/ws_gazebo/install/serial/share/serial/environment/path.sh
[0.455s] -- Up-to-date: /home/eid/ws_gazebo/install/serial/share/serial/environment/path.dsv
[0.456s] -- Up-to-date: /home/eid/ws_gazebo/install/serial/share/serial/local_setup.bash
[0.457s] -- Up-to-date: /home/eid/ws_gazebo/install/serial/share/serial/local_setup.sh
[0.457s] -- Up-to-date: /home/eid/ws_gazebo/install/serial/share/serial/local_setup.zsh
[0.458s] -- Up-to-date: /home/eid/ws_gazebo/install/serial/share/serial/local_setup.dsv
[0.458s] -- Installing: /home/eid/ws_gazebo/install/serial/share/serial/package.dsv
[0.459s] -- Up-to-date: /home/eid/ws_gazebo/install/serial/share/ament_index/resource_index/packages/serial
[0.459s] -- Up-to-date: /home/eid/ws_gazebo/install/serial/share/serial/cmake/ament_cmake_export_include_directories-extras.cmake
[0.460s] -- Up-to-date: /home/eid/ws_gazebo/install/serial/share/serial/cmake/ament_cmake_export_libraries-extras.cmake
[0.461s] -- Up-to-date: /home/eid/ws_gazebo/install/serial/share/serial/cmake/serialConfig.cmake
[0.463s] -- Up-to-date: /home/eid/ws_gazebo/install/serial/share/serial/cmake/serialConfig-version.cmake
[0.464s] -- Up-to-date: /home/eid/ws_gazebo/install/serial/share/serial/package.xml
[0.607s] Invoked command in '/home/eid/ws_gazebo/build/serial' returned '0': CMAKE_PREFIX_PATH=${CMAKE_PREFIX_PATH}:/home/eid/ws_gazebo/install/serial_motor_demo:/home/eid/colcon_ws/install/move_robot:/opt/ros/humble /usr/bin/cmake --install /home/eid/ws_gazebo/build/serial
