[0.102s] Invoking command in '/home/eid/ws_gazebo/build/nixbot': CMAKE_PREFIX_PATH=${CMAKE_PREFIX_PATH}:/home/eid/colcon_ws/install/move_robot:/opt/ros/humble /usr/bin/cmake --build /home/eid/ws_gazebo/build/nixbot -- -j8 -l8
[0.143s] Invoked command in '/home/eid/ws_gazebo/build/nixbot' returned '0': CMAKE_PREFIX_PATH=${CMAKE_PREFIX_PATH}:/home/eid/colcon_ws/install/move_robot:/opt/ros/humble /usr/bin/cmake --build /home/eid/ws_gazebo/build/nixbot -- -j8 -l8
[0.181s] Invoking command in '/home/eid/ws_gazebo/build/nixbot': CMAKE_PREFIX_PATH=${CMAKE_PREFIX_PATH}:/home/eid/colcon_ws/install/move_robot:/opt/ros/humble /usr/bin/cmake --install /home/eid/ws_gazebo/build/nixbot
[0.190s] -- Install configuration: ""
[0.190s] -- Execute custom install script
[0.190s] -- Up-to-date symlink: /home/eid/ws_gazebo/install/nixbot/share/nixbot//launch/display.launch.py
[0.191s] -- Up-to-date symlink: /home/eid/ws_gazebo/install/nixbot/share/nixbot//launch/frames_2024-03-03_21.54.33.gv
[0.191s] -- Up-to-date symlink: /home/eid/ws_gazebo/install/nixbot/share/nixbot//launch/frames_2024-03-03_21.54.33.pdf
[0.191s] -- Up-to-date symlink: /home/eid/ws_gazebo/install/nixbot/share/nixbot//launch/frames_2024-03-03_21.55.09.gv
[0.191s] -- Up-to-date symlink: /home/eid/ws_gazebo/install/nixbot/share/nixbot//launch/frames_2024-03-03_21.55.09.pdf
[0.191s] -- Up-to-date symlink: /home/eid/ws_gazebo/install/nixbot/share/nixbot//launch/gazebo_model.launch.py
[0.191s] -- Up-to-date symlink: /home/eid/ws_gazebo/install/nixbot/share/nixbot//launch/mapping.launch.py
[0.192s] -- Up-to-date symlink: /home/eid/ws_gazebo/install/nixbot/share/nixbot//launch/rviz.launch.py
[0.192s] -- Up-to-date symlink: /home/eid/ws_gazebo/install/nixbot/share/nixbot//model/rob.urdf
[0.192s] -- Up-to-date symlink: /home/eid/ws_gazebo/install/nixbot/share/nixbot//rviz/config.rviz
[0.193s] -- Up-to-date symlink: /home/eid/ws_gazebo/install/nixbot/share/ament_index/resource_index/package_run_dependencies/nixbot
[0.193s] -- Up-to-date symlink: /home/eid/ws_gazebo/install/nixbot/share/ament_index/resource_index/parent_prefix_path/nixbot
[0.193s] -- Up-to-date symlink: /home/eid/ws_gazebo/install/nixbot/share/nixbot/environment/ament_prefix_path.sh
[0.194s] -- Up-to-date symlink: /home/eid/ws_gazebo/install/nixbot/share/nixbot/environment/ament_prefix_path.dsv
[0.194s] -- Up-to-date symlink: /home/eid/ws_gazebo/install/nixbot/share/nixbot/environment/path.sh
[0.194s] -- Up-to-date symlink: /home/eid/ws_gazebo/install/nixbot/share/nixbot/environment/path.dsv
[0.194s] -- Up-to-date symlink: /home/eid/ws_gazebo/install/nixbot/share/nixbot/local_setup.bash
[0.195s] -- Up-to-date symlink: /home/eid/ws_gazebo/install/nixbot/share/nixbot/local_setup.sh
[0.195s] -- Up-to-date symlink: /home/eid/ws_gazebo/install/nixbot/share/nixbot/local_setup.zsh
[0.195s] -- Up-to-date symlink: /home/eid/ws_gazebo/install/nixbot/share/nixbot/local_setup.dsv
[0.196s] -- Symlinking: /home/eid/ws_gazebo/install/nixbot/share/nixbot/package.dsv
[0.205s] -- Up-to-date symlink: /home/eid/ws_gazebo/install/nixbot/share/ament_index/resource_index/packages/nixbot
[0.205s] -- Up-to-date symlink: /home/eid/ws_gazebo/install/nixbot/share/nixbot/cmake/nixbotConfig.cmake
[0.205s] -- Up-to-date symlink: /home/eid/ws_gazebo/install/nixbot/share/nixbot/cmake/nixbotConfig-version.cmake
[0.205s] -- Up-to-date symlink: /home/eid/ws_gazebo/install/nixbot/share/nixbot/package.xml
[0.209s] Invoked command in '/home/eid/ws_gazebo/build/nixbot' returned '0': CMAKE_PREFIX_PATH=${CMAKE_PREFIX_PATH}:/home/eid/colcon_ws/install/move_robot:/opt/ros/humble /usr/bin/cmake --install /home/eid/ws_gazebo/build/nixbot
